<?xml version="1.0" encoding="UTF-8"?>
<testng-results skipped="0" failed="15" total="20" passed="5">
  <reporter-output>
  </reporter-output>
  <suite name="Batch_1" duration-ms="4230633" started-at="2021-03-22T00:27:16Z" finished-at="2021-03-22T01:37:47Z">
    <groups>
    </groups>
    <test name="Default test" duration-ms="4230633" started-at="2021-03-22T00:27:16Z" finished-at="2021-03-22T01:37:47Z">
      <class name="testcases.APP_GUI">
        <test-method status="PASS" signature="beforeClass()[pri:0, instance:testcases.APP_GUI@1810399e]" name="beforeClass" is-config="true" duration-ms="69168" started-at="2021-03-21T20:27:16Z" finished-at="2021-03-21T20:28:25Z">
          <reporter-output>
          </reporter-output>
        </test-method> <!-- beforeClass -->
        <test-method status="PASS" signature="beforeMethod()[pri:0, instance:testcases.APP_GUI@1810399e]" name="beforeMethod" is-config="true" duration-ms="12604" started-at="2021-03-21T20:28:25Z" finished-at="2021-03-21T20:28:38Z">
          <reporter-output>
          </reporter-output>
        </test-method> <!-- beforeMethod -->
        <test-method status="PASS" signature="APP_GUI_01_app_Menu_bar()[pri:0, instance:testcases.APP_GUI@1810399e]" name="APP_GUI_01_app_Menu_bar" duration-ms="43923" started-at="2021-03-21T20:28:38Z" finished-at="2021-03-21T20:29:22Z">
          <reporter-output>
          </reporter-output>
        </test-method> <!-- APP_GUI_01_app_Menu_bar -->
        <test-method status="PASS" signature="afterMethod()[pri:0, instance:testcases.APP_GUI@1810399e]" name="afterMethod" is-config="true" duration-ms="0" started-at="2021-03-21T20:29:22Z" finished-at="2021-03-21T20:29:22Z">
          <reporter-output>
          </reporter-output>
        </test-method> <!-- afterMethod -->
        <test-method status="PASS" signature="beforeMethod()[pri:0, instance:testcases.APP_GUI@1810399e]" name="beforeMethod" is-config="true" duration-ms="12223" started-at="2021-03-21T20:29:22Z" finished-at="2021-03-21T20:29:34Z">
          <reporter-output>
          </reporter-output>
        </test-method> <!-- beforeMethod -->
        <test-method status="FAIL" signature="APP_GUI_02_app_list()[pri:0, instance:testcases.APP_GUI@1810399e]" name="APP_GUI_02_app_list" duration-ms="149948" started-at="2021-03-21T20:29:34Z" finished-at="2021-03-21T20:32:04Z">
          <exception class="java.lang.AssertionError">
            <message>
              <![CDATA[The following asserts failed:
	@@line_start [242] line_end; expected [NotFound] but found [Displayed]gui_start  gui_end,
	@@line_start [243] line_end; expected [NotFound] but found [Displayed]gui_start  gui_end,
	@@line_start [271] line_end;gui_start org.openqa.selenium.ElementNotVisibleException: element not interactable
  (Session info: chrome=88.0.4324.96)
  (Driver info: chromedriver=88.0.4324.96 (68dba2d8a0b149a1d3afac56fa74648032bcf46b-refs/branch-heads/4324@{#1784}),platform=Windows NT 6.1.7601 SP1 x86_64) (WARNING: The server did not provide any stacktrace information)
Command duration or timeout: 5.05 seconds
Build info: version: '2.53.0', revision: '35ae25b', time: '2016-03-15 16:57:40'
System info: host: 'FTR3COF93BK8A76', ip: '192.168.0.201', os.name: 'Windows 7', os.arch: 'amd64', os.version: '6.1', java.version: '1.8.0_144'
Driver info: org.openqa.selenium.chrome.ChromeDriver
Capabilities [{mobileEmulationEnabled=false, timeouts={implicit=0, pageLoad=300000, script=30000}, hasTouchScreen=false, platform=XP, acceptSslCerts=false, goog:chromeOptions={debuggerAddress=localhost:49965}, acceptInsecureCerts=false, webStorageEnabled=true, browserName=chrome, takesScreenshot=true, javascriptEnabled=true, setWindowRect=true, webauthn:extension:largeBlob=true, unexpectedAlertBehaviour=ignore, applicationCacheEnabled=false, rotatable=false, networkConnectionEnabled=false, chrome={chromedriverVersion=88.0.4324.96 (68dba2d8a0b149a1d3afac56fa74648032bcf46b-refs/branch-heads/4324@{#1784}), userDataDir=C:\Users\yulei\AppData\Local\Temp\scoped_dir5008_1704462879}, takesHeapSnapshot=true, pageLoadStrategy=normal, strictFileInteractability=false, databaseEnabled=false, handlesAlerts=true, version=88.0.4324.96, browserConnectionEnabled=false, proxy={}, nativeEvents=true, locationContextEnabled=true, cssSelectorsEnabled=true, webauthn:virtualAuthenticators=true}]
Session ID: 30869fe267650f4957abe3c235a667b5 gui_end]]>
            </message>
            <full-stacktrace>
              <![CDATA[java.lang.AssertionError: The following asserts failed:
	@@line_start [242] line_end; expected [NotFound] but found [Displayed]gui_start  gui_end,
	@@line_start [243] line_end; expected [NotFound] but found [Displayed]gui_start  gui_end,
	@@line_start [271] line_end;gui_start org.openqa.selenium.ElementNotVisibleException: element not interactable
  (Session info: chrome=88.0.4324.96)
  (Driver info: chromedriver=88.0.4324.96 (68dba2d8a0b149a1d3afac56fa74648032bcf46b-refs/branch-heads/4324@{#1784}),platform=Windows NT 6.1.7601 SP1 x86_64) (WARNING: The server did not provide any stacktrace information)
Command duration or timeout: 5.05 seconds
Build info: version: '2.53.0', revision: '35ae25b', time: '2016-03-15 16:57:40'
System info: host: 'FTR3COF93BK8A76', ip: '192.168.0.201', os.name: 'Windows 7', os.arch: 'amd64', os.version: '6.1', java.version: '1.8.0_144'
Driver info: org.openqa.selenium.chrome.ChromeDriver
Capabilities [{mobileEmulationEnabled=false, timeouts={implicit=0, pageLoad=300000, script=30000}, hasTouchScreen=false, platform=XP, acceptSslCerts=false, goog:chromeOptions={debuggerAddress=localhost:49965}, acceptInsecureCerts=false, webStorageEnabled=true, browserName=chrome, takesScreenshot=true, javascriptEnabled=true, setWindowRect=true, webauthn:extension:largeBlob=true, unexpectedAlertBehaviour=ignore, applicationCacheEnabled=false, rotatable=false, networkConnectionEnabled=false, chrome={chromedriverVersion=88.0.4324.96 (68dba2d8a0b149a1d3afac56fa74648032bcf46b-refs/branch-heads/4324@{#1784}), userDataDir=C:\Users\yulei\AppData\Local\Temp\scoped_dir5008_1704462879}, takesHeapSnapshot=true, pageLoadStrategy=normal, strictFileInteractability=false, databaseEnabled=false, handlesAlerts=true, version=88.0.4324.96, browserConnectionEnabled=false, proxy={}, nativeEvents=true, locationContextEnabled=true, cssSelectorsEnabled=true, webauthn:virtualAuthenticators=true}]
Session ID: 30869fe267650f4957abe3c235a667b5 gui_end
	at org.testng.asserts.SoftAssert.assertAll(SoftAssert.java:43)
	at testcases.APP_GUI.APP_GUI_02_app_list(APP_GUI.java:360)
	at sun.reflect.NativeMethodAccessorImpl.invoke0(Native Method)
	at sun.reflect.NativeMethodAccessorImpl.invoke(NativeMethodAccessorImpl.java:62)
	at sun.reflect.DelegatingMethodAccessorImpl.invoke(DelegatingMethodAccessorImpl.java:43)
	at java.lang.reflect.Method.invoke(Method.java:498)
	at org.testng.internal.MethodInvocationHelper.invokeMethod(MethodInvocationHelper.java:85)
	at org.testng.internal.Invoker.invokeMethod(Invoker.java:639)
	at org.testng.internal.Invoker.invokeTestMethod(Invoker.java:816)
	at org.testng.internal.Invoker.invokeTestMethods(Invoker.java:1124)
	at org.testng.internal.TestMethodWorker.invokeTestMethods(TestMethodWorker.java:125)
	at org.testng.internal.TestMethodWorker.run(TestMethodWorker.java:108)
	at java.util.concurrent.ThreadPoolExecutor.runWorker(ThreadPoolExecutor.java:1149)
	at java.util.concurrent.ThreadPoolExecutor$Worker.run(ThreadPoolExecutor.java:624)
	at java.lang.Thread.run(Thread.java:748)
]]>
            </full-stacktrace>
          </exception> <!-- java.lang.AssertionError -->
          <reporter-output>
          </reporter-output>
        </test-method> <!-- APP_GUI_02_app_list -->
        <test-method status="PASS" signature="afterMethod()[pri:0, instance:testcases.APP_GUI@1810399e]" name="afterMethod" is-config="true" duration-ms="1" started-at="2021-03-21T20:32:04Z" finished-at="2021-03-21T20:32:04Z">
          <reporter-output>
          </reporter-output>
        </test-method> <!-- afterMethod -->
        <test-method status="PASS" signature="beforeMethod()[pri:0, instance:testcases.APP_GUI@1810399e]" name="beforeMethod" is-config="true" duration-ms="12229" started-at="2021-03-21T20:32:04Z" finished-at="2021-03-21T20:32:16Z">
          <reporter-output>
          </reporter-output>
        </test-method> <!-- beforeMethod -->
        <test-method status="FAIL" signature="APP_GUI_02a_app_list_fold_app_tree()[pri:0, instance:testcases.APP_GUI@1810399e]" name="APP_GUI_02a_app_list_fold_app_tree" duration-ms="104069" started-at="2021-03-21T20:32:16Z" finished-at="2021-03-21T20:34:00Z">
          <exception class="java.lang.AssertionError">
            <message>
              <![CDATA[The following asserts failed:
	@@line_start [404] line_end;gui_start org.openqa.selenium.WebDriverException: element click intercepted: Element <span...id="ellipsisAppIcon" style="text-align: center; font-weight: normal; position:fixed;padding-top:1.5px;font-size: 14px; color: rgb(158, 158, 158);" class="ico-more3"> </span> is not clickable at point (117, 17). Other element would receive the click: <div style="opacity: 0;" class="modal-overlay"></div>
  (Session info: chrome=88.0.4324.96)
  (Driver info: chromedriver=88.0.4324.96 (68dba2d8a0b149a1d3afac56fa74648032bcf46b-refs/branch-heads/4324@{#1784}),platform=Windows NT 6.1.7601 SP1 x86_64) (WARNING: The server did not provide any stacktrace information)
Command duration or timeout: 1.07 seconds
Build info: version: '2.53.0', revision: '35ae25b', time: '2016-03-15 16:57:40'
System info: host: 'FTR3COF93BK8A76', ip: '192.168.0.201', os.name: 'Windows 7', os.arch: 'amd64', os.version: '6.1', java.version: '1.8.0_144'
Driver info: org.openqa.selenium.chrome.ChromeDriver
Capabilities [{mobileEmulationEnabled=false, timeouts={implicit=0, pageLoad=300000, script=30000}, hasTouchScreen=false, platform=XP, acceptSslCerts=false, goog:chromeOptions={debuggerAddress=localhost:49965}, acceptInsecureCerts=false, webStorageEnabled=true, browserName=chrome, takesScreenshot=true, javascriptEnabled=true, setWindowRect=true, webauthn:extension:largeBlob=true, unexpectedAlertBehaviour=ignore, applicationCacheEnabled=false, rotatable=false, networkConnectionEnabled=false, chrome={chromedriverVersion=88.0.4324.96 (68dba2d8a0b149a1d3afac56fa74648032bcf46b-refs/branch-heads/4324@{#1784}), userDataDir=C:\Users\yulei\AppData\Local\Temp\scoped_dir5008_1704462879}, takesHeapSnapshot=true, pageLoadStrategy=normal, strictFileInteractability=false, databaseEnabled=false, handlesAlerts=true, version=88.0.4324.96, browserConnectionEnabled=false, proxy={}, nativeEvents=true, locationContextEnabled=true, cssSelectorsEnabled=true, webauthn:virtualAuthenticators=true}]
Session ID: 30869fe267650f4957abe3c235a667b5 gui_end]]>
            </message>
            <full-stacktrace>
              <![CDATA[java.lang.AssertionError: The following asserts failed:
	@@line_start [404] line_end;gui_start org.openqa.selenium.WebDriverException: element click intercepted: Element <span...id="ellipsisAppIcon" style="text-align: center; font-weight: normal; position:fixed;padding-top:1.5px;font-size: 14px; color: rgb(158, 158, 158);" class="ico-more3"> </span> is not clickable at point (117, 17). Other element would receive the click: <div style="opacity: 0;" class="modal-overlay"></div>
  (Session info: chrome=88.0.4324.96)
  (Driver info: chromedriver=88.0.4324.96 (68dba2d8a0b149a1d3afac56fa74648032bcf46b-refs/branch-heads/4324@{#1784}),platform=Windows NT 6.1.7601 SP1 x86_64) (WARNING: The server did not provide any stacktrace information)
Command duration or timeout: 1.07 seconds
Build info: version: '2.53.0', revision: '35ae25b', time: '2016-03-15 16:57:40'
System info: host: 'FTR3COF93BK8A76', ip: '192.168.0.201', os.name: 'Windows 7', os.arch: 'amd64', os.version: '6.1', java.version: '1.8.0_144'
Driver info: org.openqa.selenium.chrome.ChromeDriver
Capabilities [{mobileEmulationEnabled=false, timeouts={implicit=0, pageLoad=300000, script=30000}, hasTouchScreen=false, platform=XP, acceptSslCerts=false, goog:chromeOptions={debuggerAddress=localhost:49965}, acceptInsecureCerts=false, webStorageEnabled=true, browserName=chrome, takesScreenshot=true, javascriptEnabled=true, setWindowRect=true, webauthn:extension:largeBlob=true, unexpectedAlertBehaviour=ignore, applicationCacheEnabled=false, rotatable=false, networkConnectionEnabled=false, chrome={chromedriverVersion=88.0.4324.96 (68dba2d8a0b149a1d3afac56fa74648032bcf46b-refs/branch-heads/4324@{#1784}), userDataDir=C:\Users\yulei\AppData\Local\Temp\scoped_dir5008_1704462879}, takesHeapSnapshot=true, pageLoadStrategy=normal, strictFileInteractability=false, databaseEnabled=false, handlesAlerts=true, version=88.0.4324.96, browserConnectionEnabled=false, proxy={}, nativeEvents=true, locationContextEnabled=true, cssSelectorsEnabled=true, webauthn:virtualAuthenticators=true}]
Session ID: 30869fe267650f4957abe3c235a667b5 gui_end
	at org.testng.asserts.SoftAssert.assertAll(SoftAssert.java:43)
	at testcases.APP_GUI.APP_GUI_02a_app_list_fold_app_tree(APP_GUI.java:481)
	at sun.reflect.NativeMethodAccessorImpl.invoke0(Native Method)
	at sun.reflect.NativeMethodAccessorImpl.invoke(NativeMethodAccessorImpl.java:62)
	at sun.reflect.DelegatingMethodAccessorImpl.invoke(DelegatingMethodAccessorImpl.java:43)
	at java.lang.reflect.Method.invoke(Method.java:498)
	at org.testng.internal.MethodInvocationHelper.invokeMethod(MethodInvocationHelper.java:85)
	at org.testng.internal.Invoker.invokeMethod(Invoker.java:639)
	at org.testng.internal.Invoker.invokeTestMethod(Invoker.java:816)
	at org.testng.internal.Invoker.invokeTestMethods(Invoker.java:1124)
	at org.testng.internal.TestMethodWorker.invokeTestMethods(TestMethodWorker.java:125)
	at org.testng.internal.TestMethodWorker.run(TestMethodWorker.java:108)
	at java.util.concurrent.ThreadPoolExecutor.runWorker(ThreadPoolExecutor.java:1149)
	at java.util.concurrent.ThreadPoolExecutor$Worker.run(ThreadPoolExecutor.java:624)
	at java.lang.Thread.run(Thread.java:748)
]]>
            </full-stacktrace>
          </exception> <!-- java.lang.AssertionError -->
          <reporter-output>
          </reporter-output>
        </test-method> <!-- APP_GUI_02a_app_list_fold_app_tree -->
        <test-method status="PASS" signature="afterMethod()[pri:0, instance:testcases.APP_GUI@1810399e]" name="afterMethod" is-config="true" duration-ms="0" started-at="2021-03-21T20:34:00Z" finished-at="2021-03-21T20:34:00Z">
          <reporter-output>
          </reporter-output>
        </test-method> <!-- afterMethod -->
        <test-method status="PASS" signature="beforeMethod()[pri:0, instance:testcases.APP_GUI@1810399e]" name="beforeMethod" is-config="true" duration-ms="12197" started-at="2021-03-21T20:34:00Z" finished-at="2021-03-21T20:34:13Z">
          <reporter-output>
          </reporter-output>
        </test-method> <!-- beforeMethod -->
        <test-method status="FAIL" signature="APP_GUI_04_Data_Information()[pri:0, instance:testcases.APP_GUI@1810399e]" name="APP_GUI_04_Data_Information" duration-ms="89943" started-at="2021-03-21T20:34:13Z" finished-at="2021-03-21T20:35:42Z">
          <exception class="java.lang.AssertionError">
            <message>
              <![CDATA[The following asserts failed:
	@@line_start [731] line_end;gui_start org.openqa.selenium.NoSuchElementException: no such element: Unable to locate element: {"method":"xpath","selector":".//li[-1]"}
  (Session info: chrome=88.0.4324.96)
  (Driver info: chromedriver=88.0.4324.96 (68dba2d8a0b149a1d3afac56fa74648032bcf46b-refs/branch-heads/4324@{#1784}),platform=Windows NT 6.1.7601 SP1 x86_64) (WARNING: The server did not provide any stacktrace information)
Command duration or timeout: 5.05 seconds
For documentation on this error, please visit: http://seleniumhq.org/exceptions/no_such_element.html
Build info: version: '2.53.0', revision: '35ae25b', time: '2016-03-15 16:57:40'
System info: host: 'FTR3COF93BK8A76', ip: '192.168.0.201', os.name: 'Windows 7', os.arch: 'amd64', os.version: '6.1', java.version: '1.8.0_144'
Driver info: org.openqa.selenium.chrome.ChromeDriver
Capabilities [{mobileEmulationEnabled=false, timeouts={implicit=0, pageLoad=300000, script=30000}, hasTouchScreen=false, platform=XP, acceptSslCerts=false, goog:chromeOptions={debuggerAddress=localhost:49965}, acceptInsecureCerts=false, webStorageEnabled=true, browserName=chrome, takesScreenshot=true, javascriptEnabled=true, setWindowRect=true, webauthn:extension:largeBlob=true, unexpectedAlertBehaviour=ignore, applicationCacheEnabled=false, rotatable=false, networkConnectionEnabled=false, chrome={chromedriverVersion=88.0.4324.96 (68dba2d8a0b149a1d3afac56fa74648032bcf46b-refs/branch-heads/4324@{#1784}), userDataDir=C:\Users\yulei\AppData\Local\Temp\scoped_dir5008_1704462879}, takesHeapSnapshot=true, pageLoadStrategy=normal, strictFileInteractability=false, databaseEnabled=false, handlesAlerts=true, version=88.0.4324.96, browserConnectionEnabled=false, proxy={}, nativeEvents=true, locationContextEnabled=true, cssSelectorsEnabled=true, webauthn:virtualAuthenticators=true}]
Session ID: 30869fe267650f4957abe3c235a667b5
*** Element info: {Using=xpath, value=.//li[-1]} gui_end]]>
            </message>
            <full-stacktrace>
              <![CDATA[java.lang.AssertionError: The following asserts failed:
	@@line_start [731] line_end;gui_start org.openqa.selenium.NoSuchElementException: no such element: Unable to locate element: {"method":"xpath","selector":".//li[-1]"}
  (Session info: chrome=88.0.4324.96)
  (Driver info: chromedriver=88.0.4324.96 (68dba2d8a0b149a1d3afac56fa74648032bcf46b-refs/branch-heads/4324@{#1784}),platform=Windows NT 6.1.7601 SP1 x86_64) (WARNING: The server did not provide any stacktrace information)
Command duration or timeout: 5.05 seconds
For documentation on this error, please visit: http://seleniumhq.org/exceptions/no_such_element.html
Build info: version: '2.53.0', revision: '35ae25b', time: '2016-03-15 16:57:40'
System info: host: 'FTR3COF93BK8A76', ip: '192.168.0.201', os.name: 'Windows 7', os.arch: 'amd64', os.version: '6.1', java.version: '1.8.0_144'
Driver info: org.openqa.selenium.chrome.ChromeDriver
Capabilities [{mobileEmulationEnabled=false, timeouts={implicit=0, pageLoad=300000, script=30000}, hasTouchScreen=false, platform=XP, acceptSslCerts=false, goog:chromeOptions={debuggerAddress=localhost:49965}, acceptInsecureCerts=false, webStorageEnabled=true, browserName=chrome, takesScreenshot=true, javascriptEnabled=true, setWindowRect=true, webauthn:extension:largeBlob=true, unexpectedAlertBehaviour=ignore, applicationCacheEnabled=false, rotatable=false, networkConnectionEnabled=false, chrome={chromedriverVersion=88.0.4324.96 (68dba2d8a0b149a1d3afac56fa74648032bcf46b-refs/branch-heads/4324@{#1784}), userDataDir=C:\Users\yulei\AppData\Local\Temp\scoped_dir5008_1704462879}, takesHeapSnapshot=true, pageLoadStrategy=normal, strictFileInteractability=false, databaseEnabled=false, handlesAlerts=true, version=88.0.4324.96, browserConnectionEnabled=false, proxy={}, nativeEvents=true, locationContextEnabled=true, cssSelectorsEnabled=true, webauthn:virtualAuthenticators=true}]
Session ID: 30869fe267650f4957abe3c235a667b5
*** Element info: {Using=xpath, value=.//li[-1]} gui_end
	at org.testng.asserts.SoftAssert.assertAll(SoftAssert.java:43)
	at testcases.APP_GUI.APP_GUI_04_Data_Information(APP_GUI.java:772)
	at sun.reflect.NativeMethodAccessorImpl.invoke0(Native Method)
	at sun.reflect.NativeMethodAccessorImpl.invoke(NativeMethodAccessorImpl.java:62)
	at sun.reflect.DelegatingMethodAccessorImpl.invoke(DelegatingMethodAccessorImpl.java:43)
	at java.lang.reflect.Method.invoke(Method.java:498)
	at org.testng.internal.MethodInvocationHelper.invokeMethod(MethodInvocationHelper.java:85)
	at org.testng.internal.Invoker.invokeMethod(Invoker.java:639)
	at org.testng.internal.Invoker.invokeTestMethod(Invoker.java:816)
	at org.testng.internal.Invoker.invokeTestMethods(Invoker.java:1124)
	at org.testng.internal.TestMethodWorker.invokeTestMethods(TestMethodWorker.java:125)
	at org.testng.internal.TestMethodWorker.run(TestMethodWorker.java:108)
	at java.util.concurrent.ThreadPoolExecutor.runWorker(ThreadPoolExecutor.java:1149)
	at java.util.concurrent.ThreadPoolExecutor$Worker.run(ThreadPoolExecutor.java:624)
	at java.lang.Thread.run(Thread.java:748)
]]>
            </full-stacktrace>
          </exception> <!-- java.lang.AssertionError -->
          <reporter-output>
          </reporter-output>
        </test-method> <!-- APP_GUI_04_Data_Information -->
        <test-method status="PASS" signature="afterMethod()[pri:0, instance:testcases.APP_GUI@1810399e]" name="afterMethod" is-config="true" duration-ms="0" started-at="2021-03-21T20:35:42Z" finished-at="2021-03-21T20:35:42Z">
          <reporter-output>
          </reporter-output>
        </test-method> <!-- afterMethod -->
        <test-method status="PASS" signature="beforeMethod()[pri:0, instance:testcases.APP_GUI@1810399e]" name="beforeMethod" is-config="true" duration-ms="12149" started-at="2021-03-21T20:35:42Z" finished-at="2021-03-21T20:35:55Z">
          <reporter-output>
          </reporter-output>
        </test-method> <!-- beforeMethod -->
        <test-method status="FAIL" signature="APP_GUI_05_Data_Menu_list()[pri:0, instance:testcases.APP_GUI@1810399e]" name="APP_GUI_05_Data_Menu_list" duration-ms="256637" started-at="2021-03-21T20:35:55Z" finished-at="2021-03-21T20:40:11Z">
          <exception class="java.lang.AssertionError">
            <message>
              <![CDATA[The following asserts failed:
	@@line_start [857] line_end; expected [Not found] but found [trained spreadsheet doc [uitest_cyberobject_com_cn/ui_app_test/Data/UI_Data_test_file.xlsx]]gui_start  gui_end]]>
            </message>
            <full-stacktrace>
              <![CDATA[java.lang.AssertionError: The following asserts failed:
	@@line_start [857] line_end; expected [Not found] but found [trained spreadsheet doc [uitest_cyberobject_com_cn/ui_app_test/Data/UI_Data_test_file.xlsx]]gui_start  gui_end
	at org.testng.asserts.SoftAssert.assertAll(SoftAssert.java:43)
	at testcases.APP_GUI.APP_GUI_05_Data_Menu_list(APP_GUI.java:974)
	at sun.reflect.NativeMethodAccessorImpl.invoke0(Native Method)
	at sun.reflect.NativeMethodAccessorImpl.invoke(NativeMethodAccessorImpl.java:62)
	at sun.reflect.DelegatingMethodAccessorImpl.invoke(DelegatingMethodAccessorImpl.java:43)
	at java.lang.reflect.Method.invoke(Method.java:498)
	at org.testng.internal.MethodInvocationHelper.invokeMethod(MethodInvocationHelper.java:85)
	at org.testng.internal.Invoker.invokeMethod(Invoker.java:639)
	at org.testng.internal.Invoker.invokeTestMethod(Invoker.java:816)
	at org.testng.internal.Invoker.invokeTestMethods(Invoker.java:1124)
	at org.testng.internal.TestMethodWorker.invokeTestMethods(TestMethodWorker.java:125)
	at org.testng.internal.TestMethodWorker.run(TestMethodWorker.java:108)
	at java.util.concurrent.ThreadPoolExecutor.runWorker(ThreadPoolExecutor.java:1149)
	at java.util.concurrent.ThreadPoolExecutor$Worker.run(ThreadPoolExecutor.java:624)
	at java.lang.Thread.run(Thread.java:748)
]]>
            </full-stacktrace>
          </exception> <!-- java.lang.AssertionError -->
          <reporter-output>
          </reporter-output>
        </test-method> <!-- APP_GUI_05_Data_Menu_list -->
        <test-method status="PASS" signature="afterMethod()[pri:0, instance:testcases.APP_GUI@1810399e]" name="afterMethod" is-config="true" duration-ms="0" started-at="2021-03-21T20:40:11Z" finished-at="2021-03-21T20:40:11Z">
          <reporter-output>
          </reporter-output>
        </test-method> <!-- afterMethod -->
        <test-method status="PASS" signature="beforeMethod()[pri:0, instance:testcases.APP_GUI@1810399e]" name="beforeMethod" is-config="true" duration-ms="12186" started-at="2021-03-21T20:40:11Z" finished-at="2021-03-21T20:40:23Z">
          <reporter-output>
          </reporter-output>
        </test-method> <!-- beforeMethod -->
        <test-method status="FAIL" signature="APP_GUI_06_Data_folder_Information()[pri:0, instance:testcases.APP_GUI@1810399e]" name="APP_GUI_06_Data_folder_Information" duration-ms="94779" started-at="2021-03-21T20:40:23Z" finished-at="2021-03-21T20:41:58Z">
          <exception class="java.lang.AssertionError">
            <message>
              <![CDATA[The following asserts failed:
	@@line_start [1009] line_end;gui_start org.openqa.selenium.NoSuchElementException: no such element: Unable to locate element: {"method":"xpath","selector":".//li[-1]"}
  (Session info: chrome=88.0.4324.96)
  (Driver info: chromedriver=88.0.4324.96 (68dba2d8a0b149a1d3afac56fa74648032bcf46b-refs/branch-heads/4324@{#1784}),platform=Windows NT 6.1.7601 SP1 x86_64) (WARNING: The server did not provide any stacktrace information)
Command duration or timeout: 5.02 seconds
For documentation on this error, please visit: http://seleniumhq.org/exceptions/no_such_element.html
Build info: version: '2.53.0', revision: '35ae25b', time: '2016-03-15 16:57:40'
System info: host: 'FTR3COF93BK8A76', ip: '192.168.0.201', os.name: 'Windows 7', os.arch: 'amd64', os.version: '6.1', java.version: '1.8.0_144'
Driver info: org.openqa.selenium.chrome.ChromeDriver
Capabilities [{mobileEmulationEnabled=false, timeouts={implicit=0, pageLoad=300000, script=30000}, hasTouchScreen=false, platform=XP, acceptSslCerts=false, goog:chromeOptions={debuggerAddress=localhost:49965}, acceptInsecureCerts=false, webStorageEnabled=true, browserName=chrome, takesScreenshot=true, javascriptEnabled=true, setWindowRect=true, webauthn:extension:largeBlob=true, unexpectedAlertBehaviour=ignore, applicationCacheEnabled=false, rotatable=false, networkConnectionEnabled=false, chrome={chromedriverVersion=88.0.4324.96 (68dba2d8a0b149a1d3afac56fa74648032bcf46b-refs/branch-heads/4324@{#1784}), userDataDir=C:\Users\yulei\AppData\Local\Temp\scoped_dir5008_1704462879}, takesHeapSnapshot=true, pageLoadStrategy=normal, strictFileInteractability=false, databaseEnabled=false, handlesAlerts=true, version=88.0.4324.96, browserConnectionEnabled=false, proxy={}, nativeEvents=true, locationContextEnabled=true, cssSelectorsEnabled=true, webauthn:virtualAuthenticators=true}]
Session ID: 30869fe267650f4957abe3c235a667b5
*** Element info: {Using=xpath, value=.//li[-1]} gui_end]]>
            </message>
            <full-stacktrace>
              <![CDATA[java.lang.AssertionError: The following asserts failed:
	@@line_start [1009] line_end;gui_start org.openqa.selenium.NoSuchElementException: no such element: Unable to locate element: {"method":"xpath","selector":".//li[-1]"}
  (Session info: chrome=88.0.4324.96)
  (Driver info: chromedriver=88.0.4324.96 (68dba2d8a0b149a1d3afac56fa74648032bcf46b-refs/branch-heads/4324@{#1784}),platform=Windows NT 6.1.7601 SP1 x86_64) (WARNING: The server did not provide any stacktrace information)
Command duration or timeout: 5.02 seconds
For documentation on this error, please visit: http://seleniumhq.org/exceptions/no_such_element.html
Build info: version: '2.53.0', revision: '35ae25b', time: '2016-03-15 16:57:40'
System info: host: 'FTR3COF93BK8A76', ip: '192.168.0.201', os.name: 'Windows 7', os.arch: 'amd64', os.version: '6.1', java.version: '1.8.0_144'
Driver info: org.openqa.selenium.chrome.ChromeDriver
Capabilities [{mobileEmulationEnabled=false, timeouts={implicit=0, pageLoad=300000, script=30000}, hasTouchScreen=false, platform=XP, acceptSslCerts=false, goog:chromeOptions={debuggerAddress=localhost:49965}, acceptInsecureCerts=false, webStorageEnabled=true, browserName=chrome, takesScreenshot=true, javascriptEnabled=true, setWindowRect=true, webauthn:extension:largeBlob=true, unexpectedAlertBehaviour=ignore, applicationCacheEnabled=false, rotatable=false, networkConnectionEnabled=false, chrome={chromedriverVersion=88.0.4324.96 (68dba2d8a0b149a1d3afac56fa74648032bcf46b-refs/branch-heads/4324@{#1784}), userDataDir=C:\Users\yulei\AppData\Local\Temp\scoped_dir5008_1704462879}, takesHeapSnapshot=true, pageLoadStrategy=normal, strictFileInteractability=false, databaseEnabled=false, handlesAlerts=true, version=88.0.4324.96, browserConnectionEnabled=false, proxy={}, nativeEvents=true, locationContextEnabled=true, cssSelectorsEnabled=true, webauthn:virtualAuthenticators=true}]
Session ID: 30869fe267650f4957abe3c235a667b5
*** Element info: {Using=xpath, value=.//li[-1]} gui_end
	at org.testng.asserts.SoftAssert.assertAll(SoftAssert.java:43)
	at testcases.APP_GUI.APP_GUI_06_Data_folder_Information(APP_GUI.java:1068)
	at sun.reflect.NativeMethodAccessorImpl.invoke0(Native Method)
	at sun.reflect.NativeMethodAccessorImpl.invoke(NativeMethodAccessorImpl.java:62)
	at sun.reflect.DelegatingMethodAccessorImpl.invoke(DelegatingMethodAccessorImpl.java:43)
	at java.lang.reflect.Method.invoke(Method.java:498)
	at org.testng.internal.MethodInvocationHelper.invokeMethod(MethodInvocationHelper.java:85)
	at org.testng.internal.Invoker.invokeMethod(Invoker.java:639)
	at org.testng.internal.Invoker.invokeTestMethod(Invoker.java:816)
	at org.testng.internal.Invoker.invokeTestMethods(Invoker.java:1124)
	at org.testng.internal.TestMethodWorker.invokeTestMethods(TestMethodWorker.java:125)
	at org.testng.internal.TestMethodWorker.run(TestMethodWorker.java:108)
	at java.util.concurrent.ThreadPoolExecutor.runWorker(ThreadPoolExecutor.java:1149)
	at java.util.concurrent.ThreadPoolExecutor$Worker.run(ThreadPoolExecutor.java:624)
	at java.lang.Thread.run(Thread.java:748)
]]>
            </full-stacktrace>
          </exception> <!-- java.lang.AssertionError -->
          <reporter-output>
          </reporter-output>
        </test-method> <!-- APP_GUI_06_Data_folder_Information -->
        <test-method status="PASS" signature="afterMethod()[pri:0, instance:testcases.APP_GUI@1810399e]" name="afterMethod" is-config="true" duration-ms="0" started-at="2021-03-21T20:41:58Z" finished-at="2021-03-21T20:41:58Z">
          <reporter-output>
          </reporter-output>
        </test-method> <!-- afterMethod -->
        <test-method status="PASS" signature="beforeMethod()[pri:0, instance:testcases.APP_GUI@1810399e]" name="beforeMethod" is-config="true" duration-ms="12166" started-at="2021-03-21T20:41:58Z" finished-at="2021-03-21T20:42:10Z">
          <reporter-output>
          </reporter-output>
        </test-method> <!-- beforeMethod -->
        <test-method status="FAIL" signature="APP_GUI_07_Data_folder_Menu_list()[pri:0, instance:testcases.APP_GUI@1810399e]" name="APP_GUI_07_Data_folder_Menu_list" duration-ms="526984" started-at="2021-03-21T20:42:10Z" finished-at="2021-03-21T20:50:57Z">
          <exception class="java.lang.AssertionError">
            <message>
              <![CDATA[The following asserts failed:
	@@line_start [1148] line_end; expected [Not found] but found [Training uitest_cyberobject_com_cn/ui_app_test/data/UI_Data_folder_01/UI_Data_file_employee.xlsx success]gui_start  gui_end,
	@@line_start [1150] line_end; expected [Not found] but found [trained spreadsheet doc [uitest_cyberobject_com_cn/ui_app_test/Data/UI_Data_folder_01/UI_Data_file_employee.xlsx]]gui_start  gui_end,
	@@line_start [1323] line_end;gui_start org.openqa.selenium.NoSuchElementException: no such element: Unable to locate element: {"method":"xpath","selector":"//div[starts-with(@class,'servicesItem sdbr menu-item')]//span[text()='New Diagram']"}
  (Session info: chrome=88.0.4324.96)
  (Driver info: chromedriver=88.0.4324.96 (68dba2d8a0b149a1d3afac56fa74648032bcf46b-refs/branch-heads/4324@{#1784}),platform=Windows NT 6.1.7601 SP1 x86_64) (WARNING: The server did not provide any stacktrace information)
Command duration or timeout: 5.01 seconds
For documentation on this error, please visit: http://seleniumhq.org/exceptions/no_such_element.html
Build info: version: '2.53.0', revision: '35ae25b', time: '2016-03-15 16:57:40'
System info: host: 'FTR3COF93BK8A76', ip: '192.168.0.201', os.name: 'Windows 7', os.arch: 'amd64', os.version: '6.1', java.version: '1.8.0_144'
Driver info: org.openqa.selenium.chrome.ChromeDriver
Capabilities [{mobileEmulationEnabled=false, timeouts={implicit=0, pageLoad=300000, script=30000}, hasTouchScreen=false, platform=XP, acceptSslCerts=false, goog:chromeOptions={debuggerAddress=localhost:49965}, acceptInsecureCerts=false, webStorageEnabled=true, browserName=chrome, takesScreenshot=true, javascriptEnabled=true, setWindowRect=true, webauthn:extension:largeBlob=true, unexpectedAlertBehaviour=ignore, applicationCacheEnabled=false, rotatable=false, networkConnectionEnabled=false, chrome={chromedriverVersion=88.0.4324.96 (68dba2d8a0b149a1d3afac56fa74648032bcf46b-refs/branch-heads/4324@{#1784}), userDataDir=C:\Users\yulei\AppData\Local\Temp\scoped_dir5008_1704462879}, takesHeapSnapshot=true, pageLoadStrategy=normal, strictFileInteractability=false, databaseEnabled=false, handlesAlerts=true, version=88.0.4324.96, browserConnectionEnabled=false, proxy={}, nativeEvents=true, locationContextEnabled=true, cssSelectorsEnabled=true, webauthn:virtualAuthenticators=true}]
Session ID: 30869fe267650f4957abe3c235a667b5
*** Element info: {Using=xpath, value=//div[starts-with(@class,'servicesItem sdbr menu-item')]//span[text()='New Diagram']} gui_end]]>
            </message>
            <full-stacktrace>
              <![CDATA[java.lang.AssertionError: The following asserts failed:
	@@line_start [1148] line_end; expected [Not found] but found [Training uitest_cyberobject_com_cn/ui_app_test/data/UI_Data_folder_01/UI_Data_file_employee.xlsx success]gui_start  gui_end,
	@@line_start [1150] line_end; expected [Not found] but found [trained spreadsheet doc [uitest_cyberobject_com_cn/ui_app_test/Data/UI_Data_folder_01/UI_Data_file_employee.xlsx]]gui_start  gui_end,
	@@line_start [1323] line_end;gui_start org.openqa.selenium.NoSuchElementException: no such element: Unable to locate element: {"method":"xpath","selector":"//div[starts-with(@class,'servicesItem sdbr menu-item')]//span[text()='New Diagram']"}
  (Session info: chrome=88.0.4324.96)
  (Driver info: chromedriver=88.0.4324.96 (68dba2d8a0b149a1d3afac56fa74648032bcf46b-refs/branch-heads/4324@{#1784}),platform=Windows NT 6.1.7601 SP1 x86_64) (WARNING: The server did not provide any stacktrace information)
Command duration or timeout: 5.01 seconds
For documentation on this error, please visit: http://seleniumhq.org/exceptions/no_such_element.html
Build info: version: '2.53.0', revision: '35ae25b', time: '2016-03-15 16:57:40'
System info: host: 'FTR3COF93BK8A76', ip: '192.168.0.201', os.name: 'Windows 7', os.arch: 'amd64', os.version: '6.1', java.version: '1.8.0_144'
Driver info: org.openqa.selenium.chrome.ChromeDriver
Capabilities [{mobileEmulationEnabled=false, timeouts={implicit=0, pageLoad=300000, script=30000}, hasTouchScreen=false, platform=XP, acceptSslCerts=false, goog:chromeOptions={debuggerAddress=localhost:49965}, acceptInsecureCerts=false, webStorageEnabled=true, browserName=chrome, takesScreenshot=true, javascriptEnabled=true, setWindowRect=true, webauthn:extension:largeBlob=true, unexpectedAlertBehaviour=ignore, applicationCacheEnabled=false, rotatable=false, networkConnectionEnabled=false, chrome={chromedriverVersion=88.0.4324.96 (68dba2d8a0b149a1d3afac56fa74648032bcf46b-refs/branch-heads/4324@{#1784}), userDataDir=C:\Users\yulei\AppData\Local\Temp\scoped_dir5008_1704462879}, takesHeapSnapshot=true, pageLoadStrategy=normal, strictFileInteractability=false, databaseEnabled=false, handlesAlerts=true, version=88.0.4324.96, browserConnectionEnabled=false, proxy={}, nativeEvents=true, locationContextEnabled=true, cssSelectorsEnabled=true, webauthn:virtualAuthenticators=true}]
Session ID: 30869fe267650f4957abe3c235a667b5
*** Element info: {Using=xpath, value=//div[starts-with(@class,'servicesItem sdbr menu-item')]//span[text()='New Diagram']} gui_end
	at org.testng.asserts.SoftAssert.assertAll(SoftAssert.java:43)
	at testcases.APP_GUI.APP_GUI_07_Data_folder_Menu_list(APP_GUI.java:1520)
	at sun.reflect.NativeMethodAccessorImpl.invoke0(Native Method)
	at sun.reflect.NativeMethodAccessorImpl.invoke(NativeMethodAccessorImpl.java:62)
	at sun.reflect.DelegatingMethodAccessorImpl.invoke(DelegatingMethodAccessorImpl.java:43)
	at java.lang.reflect.Method.invoke(Method.java:498)
	at org.testng.internal.MethodInvocationHelper.invokeMethod(MethodInvocationHelper.java:85)
	at org.testng.internal.Invoker.invokeMethod(Invoker.java:639)
	at org.testng.internal.Invoker.invokeTestMethod(Invoker.java:816)
	at org.testng.internal.Invoker.invokeTestMethods(Invoker.java:1124)
	at org.testng.internal.TestMethodWorker.invokeTestMethods(TestMethodWorker.java:125)
	at org.testng.internal.TestMethodWorker.run(TestMethodWorker.java:108)
	at java.util.concurrent.ThreadPoolExecutor.runWorker(ThreadPoolExecutor.java:1149)
	at java.util.concurrent.ThreadPoolExecutor$Worker.run(ThreadPoolExecutor.java:624)
	at java.lang.Thread.run(Thread.java:748)
]]>
            </full-stacktrace>
          </exception> <!-- java.lang.AssertionError -->
          <reporter-output>
          </reporter-output>
        </test-method> <!-- APP_GUI_07_Data_folder_Menu_list -->
        <test-method status="PASS" signature="afterMethod()[pri:0, instance:testcases.APP_GUI@1810399e]" name="afterMethod" is-config="true" duration-ms="1" started-at="2021-03-21T20:50:57Z" finished-at="2021-03-21T20:50:57Z">
          <reporter-output>
          </reporter-output>
        </test-method> <!-- afterMethod -->
        <test-method status="PASS" signature="beforeMethod()[pri:0, instance:testcases.APP_GUI@1810399e]" name="beforeMethod" is-config="true" duration-ms="12145" started-at="2021-03-21T20:50:57Z" finished-at="2021-03-21T20:51:10Z">
          <reporter-output>
          </reporter-output>
        </test-method> <!-- beforeMethod -->
        <test-method status="FAIL" signature="APP_GUI_08_app_Menu_bar()[pri:0, instance:testcases.APP_GUI@1810399e]" name="APP_GUI_08_app_Menu_bar" duration-ms="89766" started-at="2021-03-21T20:51:10Z" finished-at="2021-03-21T20:52:39Z">
          <exception class="java.lang.AssertionError">
            <message>
              <![CDATA[The following asserts failed:
	@@line_start [1540] line_end;gui_start java.lang.NullPointerException gui_end]]>
            </message>
            <full-stacktrace>
              <![CDATA[java.lang.AssertionError: The following asserts failed:
	@@line_start [1540] line_end;gui_start java.lang.NullPointerException gui_end
	at org.testng.asserts.SoftAssert.assertAll(SoftAssert.java:43)
	at testcases.APP_GUI.APP_GUI_08_app_Menu_bar(APP_GUI.java:1698)
	at sun.reflect.NativeMethodAccessorImpl.invoke0(Native Method)
	at sun.reflect.NativeMethodAccessorImpl.invoke(NativeMethodAccessorImpl.java:62)
	at sun.reflect.DelegatingMethodAccessorImpl.invoke(DelegatingMethodAccessorImpl.java:43)
	at java.lang.reflect.Method.invoke(Method.java:498)
	at org.testng.internal.MethodInvocationHelper.invokeMethod(MethodInvocationHelper.java:85)
	at org.testng.internal.Invoker.invokeMethod(Invoker.java:639)
	at org.testng.internal.Invoker.invokeTestMethod(Invoker.java:816)
	at org.testng.internal.Invoker.invokeTestMethods(Invoker.java:1124)
	at org.testng.internal.TestMethodWorker.invokeTestMethods(TestMethodWorker.java:125)
	at org.testng.internal.TestMethodWorker.run(TestMethodWorker.java:108)
	at java.util.concurrent.ThreadPoolExecutor.runWorker(ThreadPoolExecutor.java:1149)
	at java.util.concurrent.ThreadPoolExecutor$Worker.run(ThreadPoolExecutor.java:624)
	at java.lang.Thread.run(Thread.java:748)
]]>
            </full-stacktrace>
          </exception> <!-- java.lang.AssertionError -->
          <reporter-output>
          </reporter-output>
        </test-method> <!-- APP_GUI_08_app_Menu_bar -->
        <test-method status="PASS" signature="afterMethod()[pri:0, instance:testcases.APP_GUI@1810399e]" name="afterMethod" is-config="true" duration-ms="0" started-at="2021-03-21T20:52:39Z" finished-at="2021-03-21T20:52:39Z">
          <reporter-output>
          </reporter-output>
        </test-method> <!-- afterMethod -->
        <test-method status="PASS" signature="beforeMethod()[pri:0, instance:testcases.APP_GUI@1810399e]" name="beforeMethod" is-config="true" duration-ms="12162" started-at="2021-03-21T20:52:39Z" finished-at="2021-03-21T20:52:51Z">
          <reporter-output>
          </reporter-output>
        </test-method> <!-- beforeMethod -->
        <test-method status="FAIL" signature="APP_GUI_09A_Data_file_Database_Menu_list()[pri:0, instance:testcases.APP_GUI@1810399e]" name="APP_GUI_09A_Data_file_Database_Menu_list" duration-ms="76204" started-at="2021-03-21T20:52:51Z" finished-at="2021-03-21T20:54:08Z">
          <exception class="java.lang.AssertionError">
            <message>
              <![CDATA[The following asserts failed:
	@@line_start [1981] line_end;gui_start org.openqa.selenium.NoSuchElementException: no such element: Unable to locate element: {"method":"xpath","selector":"//div[starts-with(@class,'servicesItem sdbr menu-item')]//span[text()='New Diagram']"}
  (Session info: chrome=88.0.4324.96)
  (Driver info: chromedriver=88.0.4324.96 (68dba2d8a0b149a1d3afac56fa74648032bcf46b-refs/branch-heads/4324@{#1784}),platform=Windows NT 6.1.7601 SP1 x86_64) (WARNING: The server did not provide any stacktrace information)
Command duration or timeout: 5.02 seconds
For documentation on this error, please visit: http://seleniumhq.org/exceptions/no_such_element.html
Build info: version: '2.53.0', revision: '35ae25b', time: '2016-03-15 16:57:40'
System info: host: 'FTR3COF93BK8A76', ip: '192.168.0.201', os.name: 'Windows 7', os.arch: 'amd64', os.version: '6.1', java.version: '1.8.0_144'
Driver info: org.openqa.selenium.chrome.ChromeDriver
Capabilities [{mobileEmulationEnabled=false, timeouts={implicit=0, pageLoad=300000, script=30000}, hasTouchScreen=false, platform=XP, acceptSslCerts=false, goog:chromeOptions={debuggerAddress=localhost:49965}, acceptInsecureCerts=false, webStorageEnabled=true, browserName=chrome, takesScreenshot=true, javascriptEnabled=true, setWindowRect=true, webauthn:extension:largeBlob=true, unexpectedAlertBehaviour=ignore, applicationCacheEnabled=false, rotatable=false, networkConnectionEnabled=false, chrome={chromedriverVersion=88.0.4324.96 (68dba2d8a0b149a1d3afac56fa74648032bcf46b-refs/branch-heads/4324@{#1784}), userDataDir=C:\Users\yulei\AppData\Local\Temp\scoped_dir5008_1704462879}, takesHeapSnapshot=true, pageLoadStrategy=normal, strictFileInteractability=false, databaseEnabled=false, handlesAlerts=true, version=88.0.4324.96, browserConnectionEnabled=false, proxy={}, nativeEvents=true, locationContextEnabled=true, cssSelectorsEnabled=true, webauthn:virtualAuthenticators=true}]
Session ID: 30869fe267650f4957abe3c235a667b5
*** Element info: {Using=xpath, value=//div[starts-with(@class,'servicesItem sdbr menu-item')]//span[text()='New Diagram']} gui_end]]>
            </message>
            <full-stacktrace>
              <![CDATA[java.lang.AssertionError: The following asserts failed:
	@@line_start [1981] line_end;gui_start org.openqa.selenium.NoSuchElementException: no such element: Unable to locate element: {"method":"xpath","selector":"//div[starts-with(@class,'servicesItem sdbr menu-item')]//span[text()='New Diagram']"}
  (Session info: chrome=88.0.4324.96)
  (Driver info: chromedriver=88.0.4324.96 (68dba2d8a0b149a1d3afac56fa74648032bcf46b-refs/branch-heads/4324@{#1784}),platform=Windows NT 6.1.7601 SP1 x86_64) (WARNING: The server did not provide any stacktrace information)
Command duration or timeout: 5.02 seconds
For documentation on this error, please visit: http://seleniumhq.org/exceptions/no_such_element.html
Build info: version: '2.53.0', revision: '35ae25b', time: '2016-03-15 16:57:40'
System info: host: 'FTR3COF93BK8A76', ip: '192.168.0.201', os.name: 'Windows 7', os.arch: 'amd64', os.version: '6.1', java.version: '1.8.0_144'
Driver info: org.openqa.selenium.chrome.ChromeDriver
Capabilities [{mobileEmulationEnabled=false, timeouts={implicit=0, pageLoad=300000, script=30000}, hasTouchScreen=false, platform=XP, acceptSslCerts=false, goog:chromeOptions={debuggerAddress=localhost:49965}, acceptInsecureCerts=false, webStorageEnabled=true, browserName=chrome, takesScreenshot=true, javascriptEnabled=true, setWindowRect=true, webauthn:extension:largeBlob=true, unexpectedAlertBehaviour=ignore, applicationCacheEnabled=false, rotatable=false, networkConnectionEnabled=false, chrome={chromedriverVersion=88.0.4324.96 (68dba2d8a0b149a1d3afac56fa74648032bcf46b-refs/branch-heads/4324@{#1784}), userDataDir=C:\Users\yulei\AppData\Local\Temp\scoped_dir5008_1704462879}, takesHeapSnapshot=true, pageLoadStrategy=normal, strictFileInteractability=false, databaseEnabled=false, handlesAlerts=true, version=88.0.4324.96, browserConnectionEnabled=false, proxy={}, nativeEvents=true, locationContextEnabled=true, cssSelectorsEnabled=true, webauthn:virtualAuthenticators=true}]
Session ID: 30869fe267650f4957abe3c235a667b5
*** Element info: {Using=xpath, value=//div[starts-with(@class,'servicesItem sdbr menu-item')]//span[text()='New Diagram']} gui_end
	at org.testng.asserts.SoftAssert.assertAll(SoftAssert.java:43)
	at testcases.APP_GUI.APP_GUI_09A_Data_file_Database_Menu_list(APP_GUI.java:2143)
	at sun.reflect.NativeMethodAccessorImpl.invoke0(Native Method)
	at sun.reflect.NativeMethodAccessorImpl.invoke(NativeMethodAccessorImpl.java:62)
	at sun.reflect.DelegatingMethodAccessorImpl.invoke(DelegatingMethodAccessorImpl.java:43)
	at java.lang.reflect.Method.invoke(Method.java:498)
	at org.testng.internal.MethodInvocationHelper.invokeMethod(MethodInvocationHelper.java:85)
	at org.testng.internal.Invoker.invokeMethod(Invoker.java:639)
	at org.testng.internal.Invoker.invokeTestMethod(Invoker.java:816)
	at org.testng.internal.Invoker.invokeTestMethods(Invoker.java:1124)
	at org.testng.internal.TestMethodWorker.invokeTestMethods(TestMethodWorker.java:125)
	at org.testng.internal.TestMethodWorker.run(TestMethodWorker.java:108)
	at java.util.concurrent.ThreadPoolExecutor.runWorker(ThreadPoolExecutor.java:1149)
	at java.util.concurrent.ThreadPoolExecutor$Worker.run(ThreadPoolExecutor.java:624)
	at java.lang.Thread.run(Thread.java:748)
]]>
            </full-stacktrace>
          </exception> <!-- java.lang.AssertionError -->
          <reporter-output>
          </reporter-output>
        </test-method> <!-- APP_GUI_09A_Data_file_Database_Menu_list -->
        <test-method status="PASS" signature="beforeMethod()[pri:0, instance:testcases.APP_GUI@1810399e]" name="beforeMethod" is-config="true" duration-ms="12175" started-at="2021-03-21T20:54:08Z" finished-at="2021-03-21T20:54:20Z">
          <reporter-output>
          </reporter-output>
        </test-method> <!-- beforeMethod -->
        <test-method status="PASS" signature="afterMethod()[pri:0, instance:testcases.APP_GUI@1810399e]" name="afterMethod" is-config="true" duration-ms="0" started-at="2021-03-21T20:54:08Z" finished-at="2021-03-21T20:54:08Z">
          <reporter-output>
          </reporter-output>
        </test-method> <!-- afterMethod -->
        <test-method status="FAIL" signature="APP_GUI_09B_Data_file_Sheet_Menu_list()[pri:0, instance:testcases.APP_GUI@1810399e]" name="APP_GUI_09B_Data_file_Sheet_Menu_list" duration-ms="148131" started-at="2021-03-21T20:54:20Z" finished-at="2021-03-21T20:56:48Z">
          <exception class="java.lang.AssertionError">
            <message>
              <![CDATA[The following asserts failed:
	@@line_start [2186] line_end;gui_start java.lang.NullPointerException gui_end]]>
            </message>
            <full-stacktrace>
              <![CDATA[java.lang.AssertionError: The following asserts failed:
	@@line_start [2186] line_end;gui_start java.lang.NullPointerException gui_end
	at org.testng.asserts.SoftAssert.assertAll(SoftAssert.java:43)
	at testcases.APP_GUI.APP_GUI_09B_Data_file_Sheet_Menu_list(APP_GUI.java:2268)
	at sun.reflect.NativeMethodAccessorImpl.invoke0(Native Method)
	at sun.reflect.NativeMethodAccessorImpl.invoke(NativeMethodAccessorImpl.java:62)
	at sun.reflect.DelegatingMethodAccessorImpl.invoke(DelegatingMethodAccessorImpl.java:43)
	at java.lang.reflect.Method.invoke(Method.java:498)
	at org.testng.internal.MethodInvocationHelper.invokeMethod(MethodInvocationHelper.java:85)
	at org.testng.internal.Invoker.invokeMethod(Invoker.java:639)
	at org.testng.internal.Invoker.invokeTestMethod(Invoker.java:816)
	at org.testng.internal.Invoker.invokeTestMethods(Invoker.java:1124)
	at org.testng.internal.TestMethodWorker.invokeTestMethods(TestMethodWorker.java:125)
	at org.testng.internal.TestMethodWorker.run(TestMethodWorker.java:108)
	at java.util.concurrent.ThreadPoolExecutor.runWorker(ThreadPoolExecutor.java:1149)
	at java.util.concurrent.ThreadPoolExecutor$Worker.run(ThreadPoolExecutor.java:624)
	at java.lang.Thread.run(Thread.java:748)
]]>
            </full-stacktrace>
          </exception> <!-- java.lang.AssertionError -->
          <reporter-output>
          </reporter-output>
        </test-method> <!-- APP_GUI_09B_Data_file_Sheet_Menu_list -->
        <test-method status="PASS" signature="afterMethod()[pri:0, instance:testcases.APP_GUI@1810399e]" name="afterMethod" is-config="true" duration-ms="0" started-at="2021-03-21T20:56:48Z" finished-at="2021-03-21T20:56:48Z">
          <reporter-output>
          </reporter-output>
        </test-method> <!-- afterMethod -->
        <test-method status="PASS" signature="beforeMethod()[pri:0, instance:testcases.APP_GUI@1810399e]" name="beforeMethod" is-config="true" duration-ms="12202" started-at="2021-03-21T20:56:48Z" finished-at="2021-03-21T20:57:00Z">
          <reporter-output>
          </reporter-output>
        </test-method> <!-- beforeMethod -->
        <test-method status="PASS" signature="APP_GUI_09C_Data_file_HTTP_Services_Menu_list()[pri:0, instance:testcases.APP_GUI@1810399e]" name="APP_GUI_09C_Data_file_HTTP_Services_Menu_list" duration-ms="117942" started-at="2021-03-21T20:57:00Z" finished-at="2021-03-21T20:58:58Z">
          <reporter-output>
          </reporter-output>
        </test-method> <!-- APP_GUI_09C_Data_file_HTTP_Services_Menu_list -->
        <test-method status="PASS" signature="beforeMethod()[pri:0, instance:testcases.APP_GUI@1810399e]" name="beforeMethod" is-config="true" duration-ms="12295" started-at="2021-03-21T20:58:58Z" finished-at="2021-03-21T20:59:10Z">
          <reporter-output>
          </reporter-output>
        </test-method> <!-- beforeMethod -->
        <test-method status="PASS" signature="afterMethod()[pri:0, instance:testcases.APP_GUI@1810399e]" name="afterMethod" is-config="true" duration-ms="0" started-at="2021-03-21T20:58:58Z" finished-at="2021-03-21T20:58:58Z">
          <reporter-output>
          </reporter-output>
        </test-method> <!-- afterMethod -->
        <test-method status="FAIL" signature="APP_GUI_09_Data_file_Spreadsheet_Menu_list()[pri:0, instance:testcases.APP_GUI@1810399e]" name="APP_GUI_09_Data_file_Spreadsheet_Menu_list" duration-ms="464507" started-at="2021-03-21T20:59:10Z" finished-at="2021-03-21T21:06:55Z">
          <exception class="java.lang.AssertionError">
            <message>
              <![CDATA[The following asserts failed:
	@@line_start [1740] line_end; expected [Not found] but found [Training uitest_cyberobject_com_cn/ui_app_test/data/UI_Data_folder_02/UI_Data_file_termdef.xlsx]gui_start  gui_end,
	@@line_start [1742] line_end; expected [Not found] but found [trained spreadsheet doc [uitest_cyberobject_com_cn/ui_app_test/Data/UI_Data_folder_02/UI_Data_file_termdef.xlsx]]gui_start  gui_end,
	@@line_start [1750] line_end; expected [icon_unlock_excel] but found [tree-icon tree-file icon_excel]gui_start [[[[[[[[[[[[ChromeDriver: chrome on XP (30869fe267650f4957abe3c235a667b5)] -> xpath: //ul[@id='fileTree']/li]] -> xpath: ./ul/li]] -> xpath: ./ul/li]] -> xpath: ./ul/li]] -> xpath: ./div]] -> xpath: .//descendant::span[5]] gui_end]]>
            </message>
            <full-stacktrace>
              <![CDATA[java.lang.AssertionError: The following asserts failed:
	@@line_start [1740] line_end; expected [Not found] but found [Training uitest_cyberobject_com_cn/ui_app_test/data/UI_Data_folder_02/UI_Data_file_termdef.xlsx]gui_start  gui_end,
	@@line_start [1742] line_end; expected [Not found] but found [trained spreadsheet doc [uitest_cyberobject_com_cn/ui_app_test/Data/UI_Data_folder_02/UI_Data_file_termdef.xlsx]]gui_start  gui_end,
	@@line_start [1750] line_end; expected [icon_unlock_excel] but found [tree-icon tree-file icon_excel]gui_start [[[[[[[[[[[[ChromeDriver: chrome on XP (30869fe267650f4957abe3c235a667b5)] -> xpath: //ul[@id='fileTree']/li]] -> xpath: ./ul/li]] -> xpath: ./ul/li]] -> xpath: ./ul/li]] -> xpath: ./div]] -> xpath: .//descendant::span[5]] gui_end
	at org.testng.asserts.SoftAssert.assertAll(SoftAssert.java:43)
	at testcases.APP_GUI.APP_GUI_09_Data_file_Spreadsheet_Menu_list(APP_GUI.java:1971)
	at sun.reflect.NativeMethodAccessorImpl.invoke0(Native Method)
	at sun.reflect.NativeMethodAccessorImpl.invoke(NativeMethodAccessorImpl.java:62)
	at sun.reflect.DelegatingMethodAccessorImpl.invoke(DelegatingMethodAccessorImpl.java:43)
	at java.lang.reflect.Method.invoke(Method.java:498)
	at org.testng.internal.MethodInvocationHelper.invokeMethod(MethodInvocationHelper.java:85)
	at org.testng.internal.Invoker.invokeMethod(Invoker.java:639)
	at org.testng.internal.Invoker.invokeTestMethod(Invoker.java:816)
	at org.testng.internal.Invoker.invokeTestMethods(Invoker.java:1124)
	at org.testng.internal.TestMethodWorker.invokeTestMethods(TestMethodWorker.java:125)
	at org.testng.internal.TestMethodWorker.run(TestMethodWorker.java:108)
	at java.util.concurrent.ThreadPoolExecutor.runWorker(ThreadPoolExecutor.java:1149)
	at java.util.concurrent.ThreadPoolExecutor$Worker.run(ThreadPoolExecutor.java:624)
	at java.lang.Thread.run(Thread.java:748)
]]>
            </full-stacktrace>
          </exception> <!-- java.lang.AssertionError -->
          <reporter-output>
          </reporter-output>
        </test-method> <!-- APP_GUI_09_Data_file_Spreadsheet_Menu_list -->
        <test-method status="PASS" signature="beforeMethod()[pri:0, instance:testcases.APP_GUI@1810399e]" name="beforeMethod" is-config="true" duration-ms="12254" started-at="2021-03-21T21:06:55Z" finished-at="2021-03-21T21:07:07Z">
          <reporter-output>
          </reporter-output>
        </test-method> <!-- beforeMethod -->
        <test-method status="PASS" signature="afterMethod()[pri:0, instance:testcases.APP_GUI@1810399e]" name="afterMethod" is-config="true" duration-ms="0" started-at="2021-03-21T21:06:55Z" finished-at="2021-03-21T21:06:55Z">
          <reporter-output>
          </reporter-output>
        </test-method> <!-- afterMethod -->
        <test-method status="PASS" signature="APP_GUI_10_Document_Information()[pri:0, instance:testcases.APP_GUI@1810399e]" name="APP_GUI_10_Document_Information" duration-ms="90042" started-at="2021-03-21T21:07:07Z" finished-at="2021-03-21T21:08:37Z">
          <reporter-output>
          </reporter-output>
        </test-method> <!-- APP_GUI_10_Document_Information -->
        <test-method status="PASS" signature="beforeMethod()[pri:0, instance:testcases.APP_GUI@1810399e]" name="beforeMethod" is-config="true" duration-ms="12185" started-at="2021-03-21T21:08:37Z" finished-at="2021-03-21T21:08:49Z">
          <reporter-output>
          </reporter-output>
        </test-method> <!-- beforeMethod -->
        <test-method status="PASS" signature="afterMethod()[pri:0, instance:testcases.APP_GUI@1810399e]" name="afterMethod" is-config="true" duration-ms="0" started-at="2021-03-21T21:08:37Z" finished-at="2021-03-21T21:08:37Z">
          <reporter-output>
          </reporter-output>
        </test-method> <!-- afterMethod -->
        <test-method status="FAIL" signature="APP_GUI_11_Document_Menu_list()[pri:0, instance:testcases.APP_GUI@1810399e]" name="APP_GUI_11_Document_Menu_list" duration-ms="251221" started-at="2021-03-21T21:08:49Z" finished-at="2021-03-21T21:13:01Z">
          <exception class="java.lang.AssertionError">
            <message>
              <![CDATA[The following asserts failed:
	@@line_start [62] line_end; expected [] but found [MouseRightClick failed!]gui_start  gui_end,
	@@line_start [2440] line_end; expected [Not found] but found [Start training doc UI_Doc_folder_01/UI_Doc_file_JumpFlowOne.rex]gui_start  gui_end]]>
            </message>
            <full-stacktrace>
              <![CDATA[java.lang.AssertionError: The following asserts failed:
	@@line_start [62] line_end; expected [] but found [MouseRightClick failed!]gui_start  gui_end,
	@@line_start [2440] line_end; expected [Not found] but found [Start training doc UI_Doc_folder_01/UI_Doc_file_JumpFlowOne.rex]gui_start  gui_end
	at org.testng.asserts.SoftAssert.assertAll(SoftAssert.java:43)
	at testcases.APP_GUI.APP_GUI_11_Document_Menu_list(APP_GUI.java:2572)
	at sun.reflect.NativeMethodAccessorImpl.invoke0(Native Method)
	at sun.reflect.NativeMethodAccessorImpl.invoke(NativeMethodAccessorImpl.java:62)
	at sun.reflect.DelegatingMethodAccessorImpl.invoke(DelegatingMethodAccessorImpl.java:43)
	at java.lang.reflect.Method.invoke(Method.java:498)
	at org.testng.internal.MethodInvocationHelper.invokeMethod(MethodInvocationHelper.java:85)
	at org.testng.internal.Invoker.invokeMethod(Invoker.java:639)
	at org.testng.internal.Invoker.invokeTestMethod(Invoker.java:816)
	at org.testng.internal.Invoker.invokeTestMethods(Invoker.java:1124)
	at org.testng.internal.TestMethodWorker.invokeTestMethods(TestMethodWorker.java:125)
	at org.testng.internal.TestMethodWorker.run(TestMethodWorker.java:108)
	at java.util.concurrent.ThreadPoolExecutor.runWorker(ThreadPoolExecutor.java:1149)
	at java.util.concurrent.ThreadPoolExecutor$Worker.run(ThreadPoolExecutor.java:624)
	at java.lang.Thread.run(Thread.java:748)
]]>
            </full-stacktrace>
          </exception> <!-- java.lang.AssertionError -->
          <reporter-output>
          </reporter-output>
        </test-method> <!-- APP_GUI_11_Document_Menu_list -->
        <test-method status="PASS" signature="afterMethod()[pri:0, instance:testcases.APP_GUI@1810399e]" name="afterMethod" is-config="true" duration-ms="2" started-at="2021-03-21T21:13:01Z" finished-at="2021-03-21T21:13:01Z">
          <reporter-output>
          </reporter-output>
        </test-method> <!-- afterMethod -->
        <test-method status="PASS" signature="beforeMethod()[pri:0, instance:testcases.APP_GUI@1810399e]" name="beforeMethod" is-config="true" duration-ms="12188" started-at="2021-03-21T21:13:01Z" finished-at="2021-03-21T21:13:13Z">
          <reporter-output>
          </reporter-output>
        </test-method> <!-- beforeMethod -->
        <test-method status="PASS" signature="APP_GUI_12_Document_folder_Information()[pri:0, instance:testcases.APP_GUI@1810399e]" name="APP_GUI_12_Document_folder_Information" duration-ms="87393" started-at="2021-03-21T21:13:13Z" finished-at="2021-03-21T21:14:40Z">
          <reporter-output>
          </reporter-output>
        </test-method> <!-- APP_GUI_12_Document_folder_Information -->
        <test-method status="PASS" signature="beforeMethod()[pri:0, instance:testcases.APP_GUI@1810399e]" name="beforeMethod" is-config="true" duration-ms="12252" started-at="2021-03-21T21:14:40Z" finished-at="2021-03-21T21:14:52Z">
          <reporter-output>
          </reporter-output>
        </test-method> <!-- beforeMethod -->
        <test-method status="PASS" signature="afterMethod()[pri:0, instance:testcases.APP_GUI@1810399e]" name="afterMethod" is-config="true" duration-ms="0" started-at="2021-03-21T21:14:40Z" finished-at="2021-03-21T21:14:40Z">
          <reporter-output>
          </reporter-output>
        </test-method> <!-- afterMethod -->
        <test-method status="FAIL" signature="APP_GUI_13_Document_folder_Menu_list()[pri:0, instance:testcases.APP_GUI@1810399e]" name="APP_GUI_13_Document_folder_Menu_list" duration-ms="648492" started-at="2021-03-21T21:14:52Z" finished-at="2021-03-21T21:25:41Z">
          <exception class="java.lang.AssertionError">
            <message>
              <![CDATA[The following asserts failed:
	@@line_start [62] line_end; expected [] but found [MouseRightClick failed!]gui_start  gui_end,
	@@line_start [2649] line_end; expected [Not found] but found [Start training doc UI_Doc_folder_01/UI_Doc_file_JumpFlowOne.rex]gui_start  gui_end,
	@@line_start [2652] line_end; expected [Not found] but found [Start training doc UI_Doc_folder_01/UI_Doc_file_JumpFlowOne.rex]gui_start  gui_end,
	@@line_start [2732] line_end; expected [Not found] but found [The destination folder is a subfolder of the source folder, folder uitest_cyberobject_com_cn/ui_app_test/Document/UI_Doc_folder_01]gui_start  gui_end,
	@@line_start [2839] line_end;gui_start java.lang.NullPointerException gui_end]]>
            </message>
            <full-stacktrace>
              <![CDATA[java.lang.AssertionError: The following asserts failed:
	@@line_start [62] line_end; expected [] but found [MouseRightClick failed!]gui_start  gui_end,
	@@line_start [2649] line_end; expected [Not found] but found [Start training doc UI_Doc_folder_01/UI_Doc_file_JumpFlowOne.rex]gui_start  gui_end,
	@@line_start [2652] line_end; expected [Not found] but found [Start training doc UI_Doc_folder_01/UI_Doc_file_JumpFlowOne.rex]gui_start  gui_end,
	@@line_start [2732] line_end; expected [Not found] but found [The destination folder is a subfolder of the source folder, folder uitest_cyberobject_com_cn/ui_app_test/Document/UI_Doc_folder_01]gui_start  gui_end,
	@@line_start [2839] line_end;gui_start java.lang.NullPointerException gui_end
	at org.testng.asserts.SoftAssert.assertAll(SoftAssert.java:43)
	at testcases.APP_GUI.APP_GUI_13_Document_folder_Menu_list(APP_GUI.java:2969)
	at sun.reflect.NativeMethodAccessorImpl.invoke0(Native Method)
	at sun.reflect.NativeMethodAccessorImpl.invoke(NativeMethodAccessorImpl.java:62)
	at sun.reflect.DelegatingMethodAccessorImpl.invoke(DelegatingMethodAccessorImpl.java:43)
	at java.lang.reflect.Method.invoke(Method.java:498)
	at org.testng.internal.MethodInvocationHelper.invokeMethod(MethodInvocationHelper.java:85)
	at org.testng.internal.Invoker.invokeMethod(Invoker.java:639)
	at org.testng.internal.Invoker.invokeTestMethod(Invoker.java:816)
	at org.testng.internal.Invoker.invokeTestMethods(Invoker.java:1124)
	at org.testng.internal.TestMethodWorker.invokeTestMethods(TestMethodWorker.java:125)
	at org.testng.internal.TestMethodWorker.run(TestMethodWorker.java:108)
	at java.util.concurrent.ThreadPoolExecutor.runWorker(ThreadPoolExecutor.java:1149)
	at java.util.concurrent.ThreadPoolExecutor$Worker.run(ThreadPoolExecutor.java:624)
	at java.lang.Thread.run(Thread.java:748)
]]>
            </full-stacktrace>
          </exception> <!-- java.lang.AssertionError -->
          <reporter-output>
          </reporter-output>
        </test-method> <!-- APP_GUI_13_Document_folder_Menu_list -->
        <test-method status="PASS" signature="afterMethod()[pri:0, instance:testcases.APP_GUI@1810399e]" name="afterMethod" is-config="true" duration-ms="1" started-at="2021-03-21T21:25:41Z" finished-at="2021-03-21T21:25:41Z">
          <reporter-output>
          </reporter-output>
        </test-method> <!-- afterMethod -->
        <test-method status="PASS" signature="beforeMethod()[pri:0, instance:testcases.APP_GUI@1810399e]" name="beforeMethod" is-config="true" duration-ms="12211" started-at="2021-03-21T21:25:41Z" finished-at="2021-03-21T21:25:53Z">
          <reporter-output>
          </reporter-output>
        </test-method> <!-- beforeMethod -->
        <test-method status="PASS" signature="APP_GUI_14_Document_file_Information()[pri:0, instance:testcases.APP_GUI@1810399e]" name="APP_GUI_14_Document_file_Information" duration-ms="66645" started-at="2021-03-21T21:25:53Z" finished-at="2021-03-21T21:27:00Z">
          <reporter-output>
          </reporter-output>
        </test-method> <!-- APP_GUI_14_Document_file_Information -->
        <test-method status="PASS" signature="beforeMethod()[pri:0, instance:testcases.APP_GUI@1810399e]" name="beforeMethod" is-config="true" duration-ms="12248" started-at="2021-03-21T21:27:00Z" finished-at="2021-03-21T21:27:12Z">
          <reporter-output>
          </reporter-output>
        </test-method> <!-- beforeMethod -->
        <test-method status="PASS" signature="afterMethod()[pri:0, instance:testcases.APP_GUI@1810399e]" name="afterMethod" is-config="true" duration-ms="0" started-at="2021-03-21T21:27:00Z" finished-at="2021-03-21T21:27:00Z">
          <reporter-output>
          </reporter-output>
        </test-method> <!-- afterMethod -->
        <test-method status="FAIL" signature="APP_GUI_15_Document_file_Menu_list()[pri:0, instance:testcases.APP_GUI@1810399e]" name="APP_GUI_15_Document_file_Menu_list" duration-ms="302376" started-at="2021-03-21T21:27:12Z" finished-at="2021-03-21T21:32:14Z">
          <exception class="java.lang.AssertionError">
            <message>
              <![CDATA[The following asserts failed:
	@@line_start [3123] line_end; expected [Not found] but found [Start training UI_Doc_file_testrex.rex]gui_start  gui_end]]>
            </message>
            <full-stacktrace>
              <![CDATA[java.lang.AssertionError: The following asserts failed:
	@@line_start [3123] line_end; expected [Not found] but found [Start training UI_Doc_file_testrex.rex]gui_start  gui_end
	at org.testng.asserts.SoftAssert.assertAll(SoftAssert.java:43)
	at testcases.APP_GUI.APP_GUI_15_Document_file_Menu_list(APP_GUI.java:3340)
	at sun.reflect.NativeMethodAccessorImpl.invoke0(Native Method)
	at sun.reflect.NativeMethodAccessorImpl.invoke(NativeMethodAccessorImpl.java:62)
	at sun.reflect.DelegatingMethodAccessorImpl.invoke(DelegatingMethodAccessorImpl.java:43)
	at java.lang.reflect.Method.invoke(Method.java:498)
	at org.testng.internal.MethodInvocationHelper.invokeMethod(MethodInvocationHelper.java:85)
	at org.testng.internal.Invoker.invokeMethod(Invoker.java:639)
	at org.testng.internal.Invoker.invokeTestMethod(Invoker.java:816)
	at org.testng.internal.Invoker.invokeTestMethods(Invoker.java:1124)
	at org.testng.internal.TestMethodWorker.invokeTestMethods(TestMethodWorker.java:125)
	at org.testng.internal.TestMethodWorker.run(TestMethodWorker.java:108)
	at java.util.concurrent.ThreadPoolExecutor.runWorker(ThreadPoolExecutor.java:1149)
	at java.util.concurrent.ThreadPoolExecutor$Worker.run(ThreadPoolExecutor.java:624)
	at java.lang.Thread.run(Thread.java:748)
]]>
            </full-stacktrace>
          </exception> <!-- java.lang.AssertionError -->
          <reporter-output>
          </reporter-output>
        </test-method> <!-- APP_GUI_15_Document_file_Menu_list -->
        <test-method status="PASS" signature="afterMethod()[pri:0, instance:testcases.APP_GUI@1810399e]" name="afterMethod" is-config="true" duration-ms="0" started-at="2021-03-21T21:32:14Z" finished-at="2021-03-21T21:32:14Z">
          <reporter-output>
          </reporter-output>
        </test-method> <!-- afterMethod -->
        <test-method status="PASS" signature="beforeMethod()[pri:0, instance:testcases.APP_GUI@1810399e]" name="beforeMethod" is-config="true" duration-ms="12208" started-at="2021-03-21T21:32:14Z" finished-at="2021-03-21T21:32:27Z">
          <reporter-output>
          </reporter-output>
        </test-method> <!-- beforeMethod -->
        <test-method status="FAIL" signature="APP_GUI_20_Channel_Information()[pri:0, instance:testcases.APP_GUI@1810399e]" name="APP_GUI_20_Channel_Information" duration-ms="257675" started-at="2021-03-21T21:32:27Z" finished-at="2021-03-21T21:36:44Z">
          <exception class="java.lang.AssertionError">
            <message>
              <![CDATA[The following asserts failed:
	@@line_start [3868] line_end; expected [Displayed] but found [NotFound]gui_start By.xpath: //div[@class='text-center ng-binding'][text()='Amazon Alexa Voice']/parent::div/preceding-sibling::img gui_end,
	@@line_start [3869] line_end; expected [Displayed] but found [NotFound]gui_start By.xpath: //div[@class='text-center ng-binding'][text()='Amazon Alexa Voice'] gui_end,
	@@line_start [3870] line_end; expected [Displayed] but found [NotFound]gui_start By.xpath: //div[@class='text-center ng-binding'][text()='Amazon Alexa Voice']/parent::div//label gui_end,
	@@line_start [3868] line_end; expected [Displayed] but found [NotFound]gui_start By.xpath: //div[@class='text-center ng-binding'][text()='Facebook Messenger']/parent::div/preceding-sibling::img gui_end,
	@@line_start [3869] line_end; expected [Displayed] but found [NotFound]gui_start By.xpath: //div[@class='text-center ng-binding'][text()='Facebook Messenger'] gui_end,
	@@line_start [3870] line_end; expected [Displayed] but found [NotFound]gui_start By.xpath: //div[@class='text-center ng-binding'][text()='Facebook Messenger']/parent::div//label gui_end,
	@@line_start [3868] line_end; expected [Displayed] but found [NotFound]gui_start By.xpath: //div[@class='text-center ng-binding'][text()='iOS']/parent::div/preceding-sibling::img gui_end,
	@@line_start [3869] line_end; expected [Displayed] but found [NotFound]gui_start By.xpath: //div[@class='text-center ng-binding'][text()='iOS'] gui_end,
	@@line_start [3870] line_end; expected [Displayed] but found [NotFound]gui_start By.xpath: //div[@class='text-center ng-binding'][text()='iOS']/parent::div//label gui_end,
	@@line_start [3868] line_end; expected [Displayed] but found [NotFound]gui_start By.xpath: //div[@class='text-center ng-binding'][text()='Mattermost']/parent::div/preceding-sibling::img gui_end,
	@@line_start [3869] line_end; expected [Displayed] but found [NotFound]gui_start By.xpath: //div[@class='text-center ng-binding'][text()='Mattermost'] gui_end,
	@@line_start [3870] line_end; expected [Displayed] but found [NotFound]gui_start By.xpath: //div[@class='text-center ng-binding'][text()='Mattermost']/parent::div//label gui_end,
	@@line_start [3868] line_end; expected [Displayed] but found [NotFound]gui_start By.xpath: //div[@class='text-center ng-binding'][text()='Microsoft Skype']/parent::div/preceding-sibling::img gui_end,
	@@line_start [3869] line_end; expected [Displayed] but found [NotFound]gui_start By.xpath: //div[@class='text-center ng-binding'][text()='Microsoft Skype'] gui_end,
	@@line_start [3870] line_end; expected [Displayed] but found [NotFound]gui_start By.xpath: //div[@class='text-center ng-binding'][text()='Microsoft Skype']/parent::div//label gui_end,
	@@line_start [3868] line_end; expected [Displayed] but found [NotFound]gui_start By.xpath: //div[@class='text-center ng-binding'][text()='Tropo SMS']/parent::div/preceding-sibling::img gui_end,
	@@line_start [3869] line_end; expected [Displayed] but found [NotFound]gui_start By.xpath: //div[@class='text-center ng-binding'][text()='Tropo SMS'] gui_end,
	@@line_start [3870] line_end; expected [Displayed] but found [NotFound]gui_start By.xpath: //div[@class='text-center ng-binding'][text()='Tropo SMS']/parent::div//label gui_end,
	@@line_start [3868] line_end; expected [Displayed] but found [NotFound]gui_start By.xpath: //div[@class='text-center ng-binding'][text()='Tropo Voice']/parent::div/preceding-sibling::img gui_end,
	@@line_start [3869] line_end; expected [Displayed] but found [NotFound]gui_start By.xpath: //div[@class='text-center ng-binding'][text()='Tropo Voice'] gui_end,
	@@line_start [3870] line_end; expected [Displayed] but found [NotFound]gui_start By.xpath: //div[@class='text-center ng-binding'][text()='Tropo Voice']/parent::div//label gui_end,
	@@line_start [3889] line_end;gui_start org.openqa.selenium.NoSuchElementException: no such element: Unable to locate element: {"method":"xpath","selector":"//div[@class='text-center ng-binding'][text()='iOS']/parent::div//label"}
  (Session info: chrome=88.0.4324.96)
  (Driver info: chromedriver=88.0.4324.96 (68dba2d8a0b149a1d3afac56fa74648032bcf46b-refs/branch-heads/4324@{#1784}),platform=Windows NT 6.1.7601 SP1 x86_64) (WARNING: The server did not provide any stacktrace information)
Command duration or timeout: 5.05 seconds
For documentation on this error, please visit: http://seleniumhq.org/exceptions/no_such_element.html
Build info: version: '2.53.0', revision: '35ae25b', time: '2016-03-15 16:57:40'
System info: host: 'FTR3COF93BK8A76', ip: '192.168.0.201', os.name: 'Windows 7', os.arch: 'amd64', os.version: '6.1', java.version: '1.8.0_144'
Driver info: org.openqa.selenium.chrome.ChromeDriver
Capabilities [{mobileEmulationEnabled=false, timeouts={implicit=0, pageLoad=300000, script=30000}, hasTouchScreen=false, platform=XP, acceptSslCerts=false, goog:chromeOptions={debuggerAddress=localhost:49965}, acceptInsecureCerts=false, webStorageEnabled=true, browserName=chrome, takesScreenshot=true, javascriptEnabled=true, setWindowRect=true, webauthn:extension:largeBlob=true, unexpectedAlertBehaviour=ignore, applicationCacheEnabled=false, rotatable=false, networkConnectionEnabled=false, chrome={chromedriverVersion=88.0.4324.96 (68dba2d8a0b149a1d3afac56fa74648032bcf46b-refs/branch-heads/4324@{#1784}), userDataDir=C:\Users\yulei\AppData\Local\Temp\scoped_dir5008_1704462879}, takesHeapSnapshot=true, pageLoadStrategy=normal, strictFileInteractability=false, databaseEnabled=false, handlesAlerts=true, version=88.0.4324.96, browserConnectionEnabled=false, proxy={}, nativeEvents=true, locationContextEnabled=true, cssSelectorsEnabled=true, webauthn:virtualAuthenticators=true}]
Session ID: 30869fe267650f4957abe3c235a667b5
*** Element info: {Using=xpath, value=//div[@class='text-center ng-binding'][text()='iOS']/parent::div//label} gui_end]]>
            </message>
            <full-stacktrace>
              <![CDATA[java.lang.AssertionError: The following asserts failed:
	@@line_start [3868] line_end; expected [Displayed] but found [NotFound]gui_start By.xpath: //div[@class='text-center ng-binding'][text()='Amazon Alexa Voice']/parent::div/preceding-sibling::img gui_end,
	@@line_start [3869] line_end; expected [Displayed] but found [NotFound]gui_start By.xpath: //div[@class='text-center ng-binding'][text()='Amazon Alexa Voice'] gui_end,
	@@line_start [3870] line_end; expected [Displayed] but found [NotFound]gui_start By.xpath: //div[@class='text-center ng-binding'][text()='Amazon Alexa Voice']/parent::div//label gui_end,
	@@line_start [3868] line_end; expected [Displayed] but found [NotFound]gui_start By.xpath: //div[@class='text-center ng-binding'][text()='Facebook Messenger']/parent::div/preceding-sibling::img gui_end,
	@@line_start [3869] line_end; expected [Displayed] but found [NotFound]gui_start By.xpath: //div[@class='text-center ng-binding'][text()='Facebook Messenger'] gui_end,
	@@line_start [3870] line_end; expected [Displayed] but found [NotFound]gui_start By.xpath: //div[@class='text-center ng-binding'][text()='Facebook Messenger']/parent::div//label gui_end,
	@@line_start [3868] line_end; expected [Displayed] but found [NotFound]gui_start By.xpath: //div[@class='text-center ng-binding'][text()='iOS']/parent::div/preceding-sibling::img gui_end,
	@@line_start [3869] line_end; expected [Displayed] but found [NotFound]gui_start By.xpath: //div[@class='text-center ng-binding'][text()='iOS'] gui_end,
	@@line_start [3870] line_end; expected [Displayed] but found [NotFound]gui_start By.xpath: //div[@class='text-center ng-binding'][text()='iOS']/parent::div//label gui_end,
	@@line_start [3868] line_end; expected [Displayed] but found [NotFound]gui_start By.xpath: //div[@class='text-center ng-binding'][text()='Mattermost']/parent::div/preceding-sibling::img gui_end,
	@@line_start [3869] line_end; expected [Displayed] but found [NotFound]gui_start By.xpath: //div[@class='text-center ng-binding'][text()='Mattermost'] gui_end,
	@@line_start [3870] line_end; expected [Displayed] but found [NotFound]gui_start By.xpath: //div[@class='text-center ng-binding'][text()='Mattermost']/parent::div//label gui_end,
	@@line_start [3868] line_end; expected [Displayed] but found [NotFound]gui_start By.xpath: //div[@class='text-center ng-binding'][text()='Microsoft Skype']/parent::div/preceding-sibling::img gui_end,
	@@line_start [3869] line_end; expected [Displayed] but found [NotFound]gui_start By.xpath: //div[@class='text-center ng-binding'][text()='Microsoft Skype'] gui_end,
	@@line_start [3870] line_end; expected [Displayed] but found [NotFound]gui_start By.xpath: //div[@class='text-center ng-binding'][text()='Microsoft Skype']/parent::div//label gui_end,
	@@line_start [3868] line_end; expected [Displayed] but found [NotFound]gui_start By.xpath: //div[@class='text-center ng-binding'][text()='Tropo SMS']/parent::div/preceding-sibling::img gui_end,
	@@line_start [3869] line_end; expected [Displayed] but found [NotFound]gui_start By.xpath: //div[@class='text-center ng-binding'][text()='Tropo SMS'] gui_end,
	@@line_start [3870] line_end; expected [Displayed] but found [NotFound]gui_start By.xpath: //div[@class='text-center ng-binding'][text()='Tropo SMS']/parent::div//label gui_end,
	@@line_start [3868] line_end; expected [Displayed] but found [NotFound]gui_start By.xpath: //div[@class='text-center ng-binding'][text()='Tropo Voice']/parent::div/preceding-sibling::img gui_end,
	@@line_start [3869] line_end; expected [Displayed] but found [NotFound]gui_start By.xpath: //div[@class='text-center ng-binding'][text()='Tropo Voice'] gui_end,
	@@line_start [3870] line_end; expected [Displayed] but found [NotFound]gui_start By.xpath: //div[@class='text-center ng-binding'][text()='Tropo Voice']/parent::div//label gui_end,
	@@line_start [3889] line_end;gui_start org.openqa.selenium.NoSuchElementException: no such element: Unable to locate element: {"method":"xpath","selector":"//div[@class='text-center ng-binding'][text()='iOS']/parent::div//label"}
  (Session info: chrome=88.0.4324.96)
  (Driver info: chromedriver=88.0.4324.96 (68dba2d8a0b149a1d3afac56fa74648032bcf46b-refs/branch-heads/4324@{#1784}),platform=Windows NT 6.1.7601 SP1 x86_64) (WARNING: The server did not provide any stacktrace information)
Command duration or timeout: 5.05 seconds
For documentation on this error, please visit: http://seleniumhq.org/exceptions/no_such_element.html
Build info: version: '2.53.0', revision: '35ae25b', time: '2016-03-15 16:57:40'
System info: host: 'FTR3COF93BK8A76', ip: '192.168.0.201', os.name: 'Windows 7', os.arch: 'amd64', os.version: '6.1', java.version: '1.8.0_144'
Driver info: org.openqa.selenium.chrome.ChromeDriver
Capabilities [{mobileEmulationEnabled=false, timeouts={implicit=0, pageLoad=300000, script=30000}, hasTouchScreen=false, platform=XP, acceptSslCerts=false, goog:chromeOptions={debuggerAddress=localhost:49965}, acceptInsecureCerts=false, webStorageEnabled=true, browserName=chrome, takesScreenshot=true, javascriptEnabled=true, setWindowRect=true, webauthn:extension:largeBlob=true, unexpectedAlertBehaviour=ignore, applicationCacheEnabled=false, rotatable=false, networkConnectionEnabled=false, chrome={chromedriverVersion=88.0.4324.96 (68dba2d8a0b149a1d3afac56fa74648032bcf46b-refs/branch-heads/4324@{#1784}), userDataDir=C:\Users\yulei\AppData\Local\Temp\scoped_dir5008_1704462879}, takesHeapSnapshot=true, pageLoadStrategy=normal, strictFileInteractability=false, databaseEnabled=false, handlesAlerts=true, version=88.0.4324.96, browserConnectionEnabled=false, proxy={}, nativeEvents=true, locationContextEnabled=true, cssSelectorsEnabled=true, webauthn:virtualAuthenticators=true}]
Session ID: 30869fe267650f4957abe3c235a667b5
*** Element info: {Using=xpath, value=//div[@class='text-center ng-binding'][text()='iOS']/parent::div//label} gui_end
	at org.testng.asserts.SoftAssert.assertAll(SoftAssert.java:43)
	at testcases.APP_GUI.APP_GUI_20_Channel_Information(APP_GUI.java:3915)
	at sun.reflect.NativeMethodAccessorImpl.invoke0(Native Method)
	at sun.reflect.NativeMethodAccessorImpl.invoke(NativeMethodAccessorImpl.java:62)
	at sun.reflect.DelegatingMethodAccessorImpl.invoke(DelegatingMethodAccessorImpl.java:43)
	at java.lang.reflect.Method.invoke(Method.java:498)
	at org.testng.internal.MethodInvocationHelper.invokeMethod(MethodInvocationHelper.java:85)
	at org.testng.internal.Invoker.invokeMethod(Invoker.java:639)
	at org.testng.internal.Invoker.invokeTestMethod(Invoker.java:816)
	at org.testng.internal.Invoker.invokeTestMethods(Invoker.java:1124)
	at org.testng.internal.TestMethodWorker.invokeTestMethods(TestMethodWorker.java:125)
	at org.testng.internal.TestMethodWorker.run(TestMethodWorker.java:108)
	at java.util.concurrent.ThreadPoolExecutor.runWorker(ThreadPoolExecutor.java:1149)
	at java.util.concurrent.ThreadPoolExecutor$Worker.run(ThreadPoolExecutor.java:624)
	at java.lang.Thread.run(Thread.java:748)
]]>
            </full-stacktrace>
          </exception> <!-- java.lang.AssertionError -->
          <reporter-output>
          </reporter-output>
        </test-method> <!-- APP_GUI_20_Channel_Information -->
        <test-method status="PASS" signature="beforeMethod()[pri:0, instance:testcases.APP_GUI@1810399e]" name="beforeMethod" is-config="true" duration-ms="12189" started-at="2021-03-21T21:36:44Z" finished-at="2021-03-21T21:36:57Z">
          <reporter-output>
          </reporter-output>
        </test-method> <!-- beforeMethod -->
        <test-method status="PASS" signature="afterMethod()[pri:0, instance:testcases.APP_GUI@1810399e]" name="afterMethod" is-config="true" duration-ms="0" started-at="2021-03-21T21:36:44Z" finished-at="2021-03-21T21:36:44Z">
          <reporter-output>
          </reporter-output>
        </test-method> <!-- afterMethod -->
        <test-method status="FAIL" signature="APP_GUI_21_Mattermost_Test()[pri:0, instance:testcases.APP_GUI@1810399e]" name="APP_GUI_21_Mattermost_Test" duration-ms="50098" started-at="2021-03-21T21:36:57Z" finished-at="2021-03-21T21:37:47Z">
          <exception class="java.lang.AssertionError">
            <message>
              <![CDATA[The following asserts failed:
	@@line_start [3935] line_end; expected [UI_app_testLogic is start.
Are you 18?
1. Yes
2. No] but found [A glass of wine
] expected [true] but found [false],
	@@line_start [3939] line_end; expected [UI_app_testLogic is start.
Of course, will be soon.] but found [Yes!
] expected [true] but found [false]]]>
            </message>
            <full-stacktrace>
              <![CDATA[java.lang.AssertionError: The following asserts failed:
	@@line_start [3935] line_end; expected [UI_app_testLogic is start.
Are you 18?
1. Yes
2. No] but found [A glass of wine
] expected [true] but found [false],
	@@line_start [3939] line_end; expected [UI_app_testLogic is start.
Of course, will be soon.] but found [Yes!
] expected [true] but found [false]
	at org.testng.asserts.SoftAssert.assertAll(SoftAssert.java:43)
	at testcases.APP_GUI.APP_GUI_21_Mattermost_Test(APP_GUI.java:3954)
	at sun.reflect.NativeMethodAccessorImpl.invoke0(Native Method)
	at sun.reflect.NativeMethodAccessorImpl.invoke(NativeMethodAccessorImpl.java:62)
	at sun.reflect.DelegatingMethodAccessorImpl.invoke(DelegatingMethodAccessorImpl.java:43)
	at java.lang.reflect.Method.invoke(Method.java:498)
	at org.testng.internal.MethodInvocationHelper.invokeMethod(MethodInvocationHelper.java:85)
	at org.testng.internal.Invoker.invokeMethod(Invoker.java:639)
	at org.testng.internal.Invoker.invokeTestMethod(Invoker.java:816)
	at org.testng.internal.Invoker.invokeTestMethods(Invoker.java:1124)
	at org.testng.internal.TestMethodWorker.invokeTestMethods(TestMethodWorker.java:125)
	at org.testng.internal.TestMethodWorker.run(TestMethodWorker.java:108)
	at java.util.concurrent.ThreadPoolExecutor.runWorker(ThreadPoolExecutor.java:1149)
	at java.util.concurrent.ThreadPoolExecutor$Worker.run(ThreadPoolExecutor.java:624)
	at java.lang.Thread.run(Thread.java:748)
]]>
            </full-stacktrace>
          </exception> <!-- java.lang.AssertionError -->
          <reporter-output>
          </reporter-output>
        </test-method> <!-- APP_GUI_21_Mattermost_Test -->
        <test-method status="PASS" signature="afterClass()[pri:0, instance:testcases.APP_GUI@1810399e]" name="afterClass" is-config="true" duration-ms="0" started-at="2021-03-21T21:37:47Z" finished-at="2021-03-21T21:37:47Z">
          <reporter-output>
          </reporter-output>
        </test-method> <!-- afterClass -->
        <test-method status="PASS" signature="afterMethod()[pri:0, instance:testcases.APP_GUI@1810399e]" name="afterMethod" is-config="true" duration-ms="0" started-at="2021-03-21T21:37:47Z" finished-at="2021-03-21T21:37:47Z">
          <reporter-output>
          </reporter-output>
        </test-method> <!-- afterMethod -->
      </class> <!-- testcases.APP_GUI -->
    </test> <!-- Default test -->
  </suite> <!-- Batch_1 -->
</testng-results>
