<html>
<head>
<title>TestNG:  Default test</title>
<link href="../testng.css" rel="stylesheet" type="text/css" />
<link href="../my-testng.css" rel="stylesheet" type="text/css" />

<style type="text/css">
.log { display: none;} 
.stack-trace { display: none;} 
</style>
<script type="text/javascript">
<!--
function flip(e) {
  current = e.style.display;
  if (current == 'block') {
    e.style.display = 'none';
    return 0;
  }
  else {
    e.style.display = 'block';
    return 1;
  }
}

function toggleBox(szDivId, elem, msg1, msg2)
{
  var res = -1;  if (document.getElementById) {
    res = flip(document.getElementById(szDivId));
  }
  else if (document.all) {
    // this is the way old msie versions work
    res = flip(document.all[szDivId]);
  }
  if(elem) {
    if(res == 0) elem.innerHTML = msg1; else elem.innerHTML = msg2;
  }

}

function toggleAllBoxes() {
  if (document.getElementsByTagName) {
    d = document.getElementsByTagName('div');
    for (i = 0; i < d.length; i++) {
      if (d[i].className == 'log') {
        flip(d[i]);
      }
    }
  }
}

// -->
</script>

</head>
<body>
<h2 align='center'>Default test</h2><table border='1' align="center">
<tr>
<td>Tests passed/Failed/Skipped:</td><td>3/22/0</td>
</tr><tr>
<td>Started on:</td><td>Sun Mar 14 22:45:22 EDT 2021</td>
</tr>
<tr><td>Total time:</td><td>6056 seconds (6056233 ms)</td>
</tr><tr>
<td>Included groups:</td><td></td>
</tr><tr>
<td>Excluded groups:</td><td></td>
</tr>
</table><p/>
<small><i>(Hover the method name to see the test class name)</i></small><p/>
<table width='100%' border='1' class='invocation-failed'>
<tr><td colspan='4' align='center'><b>FAILED TESTS</b></td></tr>
<tr><td><b>Test method</b></td>
<td width="30%"><b>Exception</b></td>
<td width="10%"><b>Time (seconds)</b></td>
<td><b>Instance</b></td>
</tr>
<tr>
<td title='testcases.UI_Data_file_termdef.IntelliSense_01_Term_Filter_Rex()'><b>IntelliSense_01_Term_Filter_Rex</b><br>Test class: testcases.UI_Data_file_termdef</td>
<td><div><pre>java.lang.AssertionError: The following asserts failed:
	@@line_start [183] line_end; expected [Displayed] but found [NoSuchElement]gui_start element is null gui_end,
	@@line_start [195] line_end; expected [NotFound] but found [Displayed]gui_start  gui_end,
	@@line_start [198] line_end; expected [Use] but found [UseD]gui_start [[[[ChromeDriver: chrome on XP (485db96a1b4b4487df048d16dfb6439c)] -&gt; xpath: //ul[@id=&apos;AutoCompleteMenu&apos;]/li//strong]] -&gt; xpath: .//span[@style=&apos;color:red;&apos;]] gui_end,
	@@line_start [199] line_end; expected [Displayed] but found [NoSuchElement]gui_start element is null gui_end,
	@@line_start [200] line_end; expected [use] but found [user]gui_start [[[[ChromeDriver: chrome on XP (485db96a1b4b4487df048d16dfb6439c)] -&gt; xpath: //ul[@id=&apos;AutoCompleteMenu&apos;]/li//strong]] -&gt; xpath: .//span[@style=&apos;color:red;&apos;]] gui_end,
	@@line_start [204] line_end; expected [NotFound] but found [Displayed]gui_start  gui_end,
	@@line_start [205] line_end; expected [NotFound] but found [Displayed]gui_start  gui_end,
	@@line_start [206] line_end; expected [NotFound] but found [Displayed]gui_start  gui_end,
	@@line_start [207] line_end; expected [NotFound] but found [Displayed]gui_start  gui_end,
	@@line_start [208] line_end;gui_start java.lang.NullPointerException gui_end
	at org.testng.asserts.SoftAssert.assertAll(SoftAssert.java:43)
	at testcases.UI_Data_file_termdef.IntelliSense_01_Term_Filter_Rex(UI_Data_file_termdef.java:269)
	at sun.reflect.NativeMethodAccessorImpl.invoke0(Native Method)
	at sun.reflect.NativeMethodAccessorImpl.invoke(NativeMethodAccessorImpl.java:62)
	at sun.reflect.DelegatingMethodAccessorImpl.invoke(DelegatingMethodAccessorImpl.java:43)
	at java.lang.reflect.Method.invoke(Method.java:498)
	at org.testng.internal.MethodInvocationHelper.invokeMethod(MethodInvocationHelper.java:85)
	at org.testng.internal.Invoker.invokeMethod(Invoker.java:639)
	at org.testng.internal.Invoker.invokeTestMethod(Invoker.java:816)
	at org.testng.internal.Invoker.invokeTestMethods(Invoker.java:1124)
	at org.testng.internal.TestMethodWorker.invokeTestMethods(TestMethodWorker.java:125)
	at org.testng.internal.TestMethodWorker.run(TestMethodWorker.java:108)
	at java.util.concurrent.ThreadPoolExecutor.runWorker(ThreadPoolExecutor.java:1149)
	at java.util.concurrent.ThreadPoolExecutor$Worker.run(ThreadPoolExecutor.java:624)
	at java.lang.Thread.run(Thread.java:748)
</pre></div><a href='#' onClick='toggleBox("stack-trace1516086493", this, "Click to show all stack frames", "Click to hide stack frames")'>Click to show all stack frames</a>
<div class='stack-trace' id='stack-trace1516086493'><pre>java.lang.AssertionError: The following asserts failed:
	@@line_start [183] line_end; expected [Displayed] but found [NoSuchElement]gui_start element is null gui_end,
	@@line_start [195] line_end; expected [NotFound] but found [Displayed]gui_start  gui_end,
	@@line_start [198] line_end; expected [Use] but found [UseD]gui_start [[[[ChromeDriver: chrome on XP (485db96a1b4b4487df048d16dfb6439c)] -&gt; xpath: //ul[@id=&apos;AutoCompleteMenu&apos;]/li//strong]] -&gt; xpath: .//span[@style=&apos;color:red;&apos;]] gui_end,
	@@line_start [199] line_end; expected [Displayed] but found [NoSuchElement]gui_start element is null gui_end,
	@@line_start [200] line_end; expected [use] but found [user]gui_start [[[[ChromeDriver: chrome on XP (485db96a1b4b4487df048d16dfb6439c)] -&gt; xpath: //ul[@id=&apos;AutoCompleteMenu&apos;]/li//strong]] -&gt; xpath: .//span[@style=&apos;color:red;&apos;]] gui_end,
	@@line_start [204] line_end; expected [NotFound] but found [Displayed]gui_start  gui_end,
	@@line_start [205] line_end; expected [NotFound] but found [Displayed]gui_start  gui_end,
	@@line_start [206] line_end; expected [NotFound] but found [Displayed]gui_start  gui_end,
	@@line_start [207] line_end; expected [NotFound] but found [Displayed]gui_start  gui_end,
	@@line_start [208] line_end;gui_start java.lang.NullPointerException gui_end
	at org.testng.asserts.SoftAssert.assertAll(SoftAssert.java:43)
	at testcases.UI_Data_file_termdef.IntelliSense_01_Term_Filter_Rex(UI_Data_file_termdef.java:269)
	at sun.reflect.NativeMethodAccessorImpl.invoke0(Native Method)
	at sun.reflect.NativeMethodAccessorImpl.invoke(NativeMethodAccessorImpl.java:62)
	at sun.reflect.DelegatingMethodAccessorImpl.invoke(DelegatingMethodAccessorImpl.java:43)
	at java.lang.reflect.Method.invoke(Method.java:498)
	at org.testng.internal.MethodInvocationHelper.invokeMethod(MethodInvocationHelper.java:85)
	at org.testng.internal.Invoker.invokeMethod(Invoker.java:639)
	at org.testng.internal.Invoker.invokeTestMethod(Invoker.java:816)
	at org.testng.internal.Invoker.invokeTestMethods(Invoker.java:1124)
	at org.testng.internal.TestMethodWorker.invokeTestMethods(TestMethodWorker.java:125)
	at org.testng.internal.TestMethodWorker.run(TestMethodWorker.java:108)
	at java.util.concurrent.ThreadPoolExecutor.runWorker(ThreadPoolExecutor.java:1149)
	at java.util.concurrent.ThreadPoolExecutor$Worker.run(ThreadPoolExecutor.java:624)
	at java.lang.Thread.run(Thread.java:748)
</pre></div></td>
<td>256</td>
<td>testcases.UI_Data_file_termdef@2ef5e5e3</td></tr>
<tr>
<td title='testcases.UI_Data_file_termdef.IntelliSense_02_Term_Oprations_Rex()'><b>IntelliSense_02_Term_Oprations_Rex</b><br>Test class: testcases.UI_Data_file_termdef</td>
<td><div><pre>java.lang.AssertionError: The following asserts failed:
	@@line_start [322] line_end; expected [Displayed] but found [NotFound]gui_start [[ChromeDriver: chrome on XP (485db96a1b4b4487df048d16dfb6439c)] -&gt; xpath: //ul[@id=&apos;AutoCompleteMenu&apos;]/li//strong] gui_end,
	@@line_start [323] line_end; expected [Displayed] but found [NotFound]gui_start [[ChromeDriver: chrome on XP (485db96a1b4b4487df048d16dfb6439c)] -&gt; xpath: //ul[@id=&apos;AutoCompleteMenu&apos;]/li//strong] gui_end,
	@@line_start [324] line_end; expected [Displayed] but found [NotFound]gui_start [[ChromeDriver: chrome on XP (485db96a1b4b4487df048d16dfb6439c)] -&gt; xpath: //ul[@id=&apos;AutoCompleteMenu&apos;]/li//strong] gui_end,
	@@line_start [325] line_end; expected [Displayed] but found [NotFound]gui_start [[ChromeDriver: chrome on XP (485db96a1b4b4487df048d16dfb6439c)] -&gt; xpath: //ul[@id=&apos;AutoCompleteMenu&apos;]/li//strong] gui_end,
	@@line_start [333] line_end; expected [Great&lt;Northern Mariana Islands&gt;] but found [Great&lt;North]gui_start [[ChromeDriver: chrome on XP (485db96a1b4b4487df048d16dfb6439c)] -&gt; xpath: //*[@id=&apos;rexDiv&apos;]/div[4]/*[local-name()=&apos;svg&apos;]/*[local-name()=&apos;g&apos;]/*[local-name()=&apos;g&apos;][2]/*[local-name()=&apos;g&apos; and contains(@transform,&apos;translate&apos;) and @locationindex=&apos;2&apos;]/following-sibling::*[local-name()=&apos;g&apos;]//div[contains(@xmlns,&apos;http&apos;)]] gui_end,
	@@line_start [347] line_end;gui_start org.openqa.selenium.NoSuchElementException: no such element: Unable to locate element: {&quot;method&quot;:&quot;xpath&quot;,&quot;selector&quot;:&quot;//*[@id=&apos;rexDiv&apos;]/div[4]/*[local-name()=&apos;svg&apos;]/*[local-name()=&apos;g&apos;]/*[local-name()=&apos;g&apos;][2]/*[local-name()=&apos;g&apos; and contains(@transform,&apos;translate&apos;) and @locationindex=&apos;2&apos;]/following-sibling::*[local-name()=&apos;g&apos;]//div//span[@style=&apos;color: green&apos;]&quot;}
  (Session info: chrome=88.0.4324.96)
  (Driver info: chromedriver=88.0.4324.96 (68dba2d8a0b149a1d3afac56fa74648032bcf46b-refs/branch-heads/4324@{#1784}),platform=Windows NT 6.1.7601 SP1 x86_64) (WARNING: The server did not provide any stacktrace information)
Command duration or timeout: 9.06 seconds
For documentation on this error, please visit: http://seleniumhq.org/exceptions/no_such_element.html
Build info: version: &apos;2.53.0&apos;, revision: &apos;35ae25b&apos;, time: &apos;2016-03-15 16:57:40&apos;
System info: host: &apos;FTR3COF93BK8A76&apos;, ip: &apos;192.168.0.201&apos;, os.name: &apos;Windows 7&apos;, os.arch: &apos;amd64&apos;, os.version: &apos;6.1&apos;, java.version: &apos;1.8.0_144&apos;
Driver info: org.openqa.selenium.chrome.ChromeDriver
Capabilities [{mobileEmulationEnabled=false, timeouts={implicit=0, pageLoad=300000, script=30000}, hasTouchScreen=false, platform=XP, acceptSslCerts=false, goog:chromeOptions={debuggerAddress=localhost:60127}, acceptInsecureCerts=false, webStorageEnabled=true, browserName=chrome, takesScreenshot=true, javascriptEnabled=true, setWindowRect=true, webauthn:extension:largeBlob=true, unexpectedAlertBehaviour=ignore, applicationCacheEnabled=false, rotatable=false, networkConnectionEnabled=false, chrome={chromedriverVersion=88.0.4324.96 (68dba2d8a0b149a1d3afac56fa74648032bcf46b-refs/branch-heads/4324@{#1784}), userDataDir=C:\Users\yulei\AppData\Local\Temp\scoped_dir9612_595983487}, takesHeapSnapshot=true, pageLoadStrategy=normal, strictFileInteractability=false, databaseEnabled=false, handlesAlerts=true, version=88.0.4324.96, browserConnectionEnabled=false, proxy={}, nativeEvents=true, locationContextEnabled=true, cssSelectorsEnabled=true, webauthn:virtualAuthenticators=true}]
Session ID: 485db96a1b4b4487df048d16dfb6439c
*** Element info: {Using=xpath, value=//*[@id=&apos;rexDiv&apos;]/div[4]/*[local-name()=&apos;svg&apos;]/*[local-name()=&apos;g&apos;]/*[local-name()=&apos;g&apos;][2]/*[local-name()=&apos;g&apos; and contains(@transform,&apos;translate&apos;) and @locationindex=&apos;2&apos;]/following-sibling::*[local-name()=&apos;g&apos;]//div//span[@style=&apos;color: green&apos;]} gui_end
	at org.testng.asserts.SoftAssert.assertAll(SoftAssert.java:43)
	at testcases.UI_Data_file_termdef.IntelliSense_02_Term_Oprations_Rex(UI_Data_file_termdef.java:364)
	at sun.reflect.NativeMethodAccessorImpl.invoke0(Native Method)
	at sun.reflect.NativeMethodAccessorImpl.invoke(NativeMethodAccessorImpl.java:62)
	at sun.reflect.DelegatingMethodAccessorImpl.invoke(DelegatingMethodAccessorImpl.java:43)
	at java.lang.reflect.Method.invoke(Method.java:498)
	at org.testng.internal.MethodInvocationHelper.invokeMethod(MethodInvocationHelper.java:85)
	at org.testng.internal.Invoker.invokeMethod(Invoker.java:639)
	at org.testng.internal.Invoker.invokeTestMethod(Invoker.java:816)
	at org.testng.internal.Invoker.invokeTestMethods(Invoker.java:1124)
	at org.testng.internal.TestMethodWorker.invokeTestMethods(TestMethodWorker.java:125)
	at org.testng.internal.TestMethodWorker.run(TestMethodWorker.java:108)
	at java.util.concurrent.ThreadPoolExecutor.runWorker(ThreadPoolExecutor.java:1149)
	at java.util.concurrent.ThreadPoolExecutor$Worker.run(ThreadPoolExecutor.java:624)
	at java.lang.Thread.run(Thread.java:748)
</pre></div><a href='#' onClick='toggleBox("stack-trace763397906", this, "Click to show all stack frames", "Click to hide stack frames")'>Click to show all stack frames</a>
<div class='stack-trace' id='stack-trace763397906'><pre>java.lang.AssertionError: The following asserts failed:
	@@line_start [322] line_end; expected [Displayed] but found [NotFound]gui_start [[ChromeDriver: chrome on XP (485db96a1b4b4487df048d16dfb6439c)] -&gt; xpath: //ul[@id=&apos;AutoCompleteMenu&apos;]/li//strong] gui_end,
	@@line_start [323] line_end; expected [Displayed] but found [NotFound]gui_start [[ChromeDriver: chrome on XP (485db96a1b4b4487df048d16dfb6439c)] -&gt; xpath: //ul[@id=&apos;AutoCompleteMenu&apos;]/li//strong] gui_end,
	@@line_start [324] line_end; expected [Displayed] but found [NotFound]gui_start [[ChromeDriver: chrome on XP (485db96a1b4b4487df048d16dfb6439c)] -&gt; xpath: //ul[@id=&apos;AutoCompleteMenu&apos;]/li//strong] gui_end,
	@@line_start [325] line_end; expected [Displayed] but found [NotFound]gui_start [[ChromeDriver: chrome on XP (485db96a1b4b4487df048d16dfb6439c)] -&gt; xpath: //ul[@id=&apos;AutoCompleteMenu&apos;]/li//strong] gui_end,
	@@line_start [333] line_end; expected [Great&lt;Northern Mariana Islands&gt;] but found [Great&lt;North]gui_start [[ChromeDriver: chrome on XP (485db96a1b4b4487df048d16dfb6439c)] -&gt; xpath: //*[@id=&apos;rexDiv&apos;]/div[4]/*[local-name()=&apos;svg&apos;]/*[local-name()=&apos;g&apos;]/*[local-name()=&apos;g&apos;][2]/*[local-name()=&apos;g&apos; and contains(@transform,&apos;translate&apos;) and @locationindex=&apos;2&apos;]/following-sibling::*[local-name()=&apos;g&apos;]//div[contains(@xmlns,&apos;http&apos;)]] gui_end,
	@@line_start [347] line_end;gui_start org.openqa.selenium.NoSuchElementException: no such element: Unable to locate element: {&quot;method&quot;:&quot;xpath&quot;,&quot;selector&quot;:&quot;//*[@id=&apos;rexDiv&apos;]/div[4]/*[local-name()=&apos;svg&apos;]/*[local-name()=&apos;g&apos;]/*[local-name()=&apos;g&apos;][2]/*[local-name()=&apos;g&apos; and contains(@transform,&apos;translate&apos;) and @locationindex=&apos;2&apos;]/following-sibling::*[local-name()=&apos;g&apos;]//div//span[@style=&apos;color: green&apos;]&quot;}
  (Session info: chrome=88.0.4324.96)
  (Driver info: chromedriver=88.0.4324.96 (68dba2d8a0b149a1d3afac56fa74648032bcf46b-refs/branch-heads/4324@{#1784}),platform=Windows NT 6.1.7601 SP1 x86_64) (WARNING: The server did not provide any stacktrace information)
Command duration or timeout: 9.06 seconds
For documentation on this error, please visit: http://seleniumhq.org/exceptions/no_such_element.html
Build info: version: &apos;2.53.0&apos;, revision: &apos;35ae25b&apos;, time: &apos;2016-03-15 16:57:40&apos;
System info: host: &apos;FTR3COF93BK8A76&apos;, ip: &apos;192.168.0.201&apos;, os.name: &apos;Windows 7&apos;, os.arch: &apos;amd64&apos;, os.version: &apos;6.1&apos;, java.version: &apos;1.8.0_144&apos;
Driver info: org.openqa.selenium.chrome.ChromeDriver
Capabilities [{mobileEmulationEnabled=false, timeouts={implicit=0, pageLoad=300000, script=30000}, hasTouchScreen=false, platform=XP, acceptSslCerts=false, goog:chromeOptions={debuggerAddress=localhost:60127}, acceptInsecureCerts=false, webStorageEnabled=true, browserName=chrome, takesScreenshot=true, javascriptEnabled=true, setWindowRect=true, webauthn:extension:largeBlob=true, unexpectedAlertBehaviour=ignore, applicationCacheEnabled=false, rotatable=false, networkConnectionEnabled=false, chrome={chromedriverVersion=88.0.4324.96 (68dba2d8a0b149a1d3afac56fa74648032bcf46b-refs/branch-heads/4324@{#1784}), userDataDir=C:\Users\yulei\AppData\Local\Temp\scoped_dir9612_595983487}, takesHeapSnapshot=true, pageLoadStrategy=normal, strictFileInteractability=false, databaseEnabled=false, handlesAlerts=true, version=88.0.4324.96, browserConnectionEnabled=false, proxy={}, nativeEvents=true, locationContextEnabled=true, cssSelectorsEnabled=true, webauthn:virtualAuthenticators=true}]
Session ID: 485db96a1b4b4487df048d16dfb6439c
*** Element info: {Using=xpath, value=//*[@id=&apos;rexDiv&apos;]/div[4]/*[local-name()=&apos;svg&apos;]/*[local-name()=&apos;g&apos;]/*[local-name()=&apos;g&apos;][2]/*[local-name()=&apos;g&apos; and contains(@transform,&apos;translate&apos;) and @locationindex=&apos;2&apos;]/following-sibling::*[local-name()=&apos;g&apos;]//div//span[@style=&apos;color: green&apos;]} gui_end
	at org.testng.asserts.SoftAssert.assertAll(SoftAssert.java:43)
	at testcases.UI_Data_file_termdef.IntelliSense_02_Term_Oprations_Rex(UI_Data_file_termdef.java:364)
	at sun.reflect.NativeMethodAccessorImpl.invoke0(Native Method)
	at sun.reflect.NativeMethodAccessorImpl.invoke(NativeMethodAccessorImpl.java:62)
	at sun.reflect.DelegatingMethodAccessorImpl.invoke(DelegatingMethodAccessorImpl.java:43)
	at java.lang.reflect.Method.invoke(Method.java:498)
	at org.testng.internal.MethodInvocationHelper.invokeMethod(MethodInvocationHelper.java:85)
	at org.testng.internal.Invoker.invokeMethod(Invoker.java:639)
	at org.testng.internal.Invoker.invokeTestMethod(Invoker.java:816)
	at org.testng.internal.Invoker.invokeTestMethods(Invoker.java:1124)
	at org.testng.internal.TestMethodWorker.invokeTestMethods(TestMethodWorker.java:125)
	at org.testng.internal.TestMethodWorker.run(TestMethodWorker.java:108)
	at java.util.concurrent.ThreadPoolExecutor.runWorker(ThreadPoolExecutor.java:1149)
	at java.util.concurrent.ThreadPoolExecutor$Worker.run(ThreadPoolExecutor.java:624)
	at java.lang.Thread.run(Thread.java:748)
</pre></div></td>
<td>234</td>
<td>testcases.UI_Data_file_termdef@2ef5e5e3</td></tr>
<tr>
<td title='testcases.UI_Data_file_termdef.IntelliSense_03_Term_Triggers_Rex()'><b>IntelliSense_03_Term_Triggers_Rex</b><br>Test class: testcases.UI_Data_file_termdef</td>
<td><div><pre>java.lang.AssertionError: The following asserts failed:
	@@line_start [414] line_end; expected [NotFound] but found [Displayed]gui_start By.xpath: //ul[@id=&apos;AutoCompleteMenu&apos; and contains(@style,&apos;display: block&apos;)] gui_end
	at org.testng.asserts.SoftAssert.assertAll(SoftAssert.java:43)
	at testcases.UI_Data_file_termdef.IntelliSense_03_Term_Triggers_Rex(UI_Data_file_termdef.java:485)
	at sun.reflect.NativeMethodAccessorImpl.invoke0(Native Method)
	at sun.reflect.NativeMethodAccessorImpl.invoke(NativeMethodAccessorImpl.java:62)
	at sun.reflect.DelegatingMethodAccessorImpl.invoke(DelegatingMethodAccessorImpl.java:43)
	at java.lang.reflect.Method.invoke(Method.java:498)
	at org.testng.internal.MethodInvocationHelper.invokeMethod(MethodInvocationHelper.java:85)
	at org.testng.internal.Invoker.invokeMethod(Invoker.java:639)
	at org.testng.internal.Invoker.invokeTestMethod(Invoker.java:816)
	at org.testng.internal.Invoker.invokeTestMethods(Invoker.java:1124)
	at org.testng.internal.TestMethodWorker.invokeTestMethods(TestMethodWorker.java:125)
	at org.testng.internal.TestMethodWorker.run(TestMethodWorker.java:108)
	at java.util.concurrent.ThreadPoolExecutor.runWorker(ThreadPoolExecutor.java:1149)
	at java.util.concurrent.ThreadPoolExecutor$Worker.run(ThreadPoolExecutor.java:624)
	at java.lang.Thread.run(Thread.java:748)
</pre></div><a href='#' onClick='toggleBox("stack-trace1669747496", this, "Click to show all stack frames", "Click to hide stack frames")'>Click to show all stack frames</a>
<div class='stack-trace' id='stack-trace1669747496'><pre>java.lang.AssertionError: The following asserts failed:
	@@line_start [414] line_end; expected [NotFound] but found [Displayed]gui_start By.xpath: //ul[@id=&apos;AutoCompleteMenu&apos; and contains(@style,&apos;display: block&apos;)] gui_end
	at org.testng.asserts.SoftAssert.assertAll(SoftAssert.java:43)
	at testcases.UI_Data_file_termdef.IntelliSense_03_Term_Triggers_Rex(UI_Data_file_termdef.java:485)
	at sun.reflect.NativeMethodAccessorImpl.invoke0(Native Method)
	at sun.reflect.NativeMethodAccessorImpl.invoke(NativeMethodAccessorImpl.java:62)
	at sun.reflect.DelegatingMethodAccessorImpl.invoke(DelegatingMethodAccessorImpl.java:43)
	at java.lang.reflect.Method.invoke(Method.java:498)
	at org.testng.internal.MethodInvocationHelper.invokeMethod(MethodInvocationHelper.java:85)
	at org.testng.internal.Invoker.invokeMethod(Invoker.java:639)
	at org.testng.internal.Invoker.invokeTestMethod(Invoker.java:816)
	at org.testng.internal.Invoker.invokeTestMethods(Invoker.java:1124)
	at org.testng.internal.TestMethodWorker.invokeTestMethods(TestMethodWorker.java:125)
	at org.testng.internal.TestMethodWorker.run(TestMethodWorker.java:108)
	at java.util.concurrent.ThreadPoolExecutor.runWorker(ThreadPoolExecutor.java:1149)
	at java.util.concurrent.ThreadPoolExecutor$Worker.run(ThreadPoolExecutor.java:624)
	at java.lang.Thread.run(Thread.java:748)
</pre></div></td>
<td>211</td>
<td>testcases.UI_Data_file_termdef@2ef5e5e3</td></tr>
<tr>
<td title='testcases.UI_Data_file_termdef.IntelliSense_04_Term_Orange_Rex()'><b>IntelliSense_04_Term_Orange_Rex</b><br>Test class: testcases.UI_Data_file_termdef</td>
<td><div><pre>java.lang.AssertionError: The following asserts failed:
	@@line_start [513] line_end; expected [Displayed] but found [NoSuchElement]gui_start element is null gui_end,
	@@line_start [514] line_end; expected [Displayed] but found [NoSuchElement]gui_start element is null gui_end,
	@@line_start [535] line_end;gui_start java.lang.NullPointerException gui_end
	at org.testng.asserts.SoftAssert.assertAll(SoftAssert.java:43)
	at testcases.UI_Data_file_termdef.IntelliSense_04_Term_Orange_Rex(UI_Data_file_termdef.java:640)
	at sun.reflect.NativeMethodAccessorImpl.invoke0(Native Method)
	at sun.reflect.NativeMethodAccessorImpl.invoke(NativeMethodAccessorImpl.java:62)
	at sun.reflect.DelegatingMethodAccessorImpl.invoke(DelegatingMethodAccessorImpl.java:43)
	at java.lang.reflect.Method.invoke(Method.java:498)
	at org.testng.internal.MethodInvocationHelper.invokeMethod(MethodInvocationHelper.java:85)
	at org.testng.internal.Invoker.invokeMethod(Invoker.java:639)
	at org.testng.internal.Invoker.invokeTestMethod(Invoker.java:816)
	at org.testng.internal.Invoker.invokeTestMethods(Invoker.java:1124)
	at org.testng.internal.TestMethodWorker.invokeTestMethods(TestMethodWorker.java:125)
	at org.testng.internal.TestMethodWorker.run(TestMethodWorker.java:108)
	at java.util.concurrent.ThreadPoolExecutor.runWorker(ThreadPoolExecutor.java:1149)
	at java.util.concurrent.ThreadPoolExecutor$Worker.run(ThreadPoolExecutor.java:624)
	at java.lang.Thread.run(Thread.java:748)
</pre></div><a href='#' onClick='toggleBox("stack-trace1131922091", this, "Click to show all stack frames", "Click to hide stack frames")'>Click to show all stack frames</a>
<div class='stack-trace' id='stack-trace1131922091'><pre>java.lang.AssertionError: The following asserts failed:
	@@line_start [513] line_end; expected [Displayed] but found [NoSuchElement]gui_start element is null gui_end,
	@@line_start [514] line_end; expected [Displayed] but found [NoSuchElement]gui_start element is null gui_end,
	@@line_start [535] line_end;gui_start java.lang.NullPointerException gui_end
	at org.testng.asserts.SoftAssert.assertAll(SoftAssert.java:43)
	at testcases.UI_Data_file_termdef.IntelliSense_04_Term_Orange_Rex(UI_Data_file_termdef.java:640)
	at sun.reflect.NativeMethodAccessorImpl.invoke0(Native Method)
	at sun.reflect.NativeMethodAccessorImpl.invoke(NativeMethodAccessorImpl.java:62)
	at sun.reflect.DelegatingMethodAccessorImpl.invoke(DelegatingMethodAccessorImpl.java:43)
	at java.lang.reflect.Method.invoke(Method.java:498)
	at org.testng.internal.MethodInvocationHelper.invokeMethod(MethodInvocationHelper.java:85)
	at org.testng.internal.Invoker.invokeMethod(Invoker.java:639)
	at org.testng.internal.Invoker.invokeTestMethod(Invoker.java:816)
	at org.testng.internal.Invoker.invokeTestMethods(Invoker.java:1124)
	at org.testng.internal.TestMethodWorker.invokeTestMethods(TestMethodWorker.java:125)
	at org.testng.internal.TestMethodWorker.run(TestMethodWorker.java:108)
	at java.util.concurrent.ThreadPoolExecutor.runWorker(ThreadPoolExecutor.java:1149)
	at java.util.concurrent.ThreadPoolExecutor$Worker.run(ThreadPoolExecutor.java:624)
	at java.lang.Thread.run(Thread.java:748)
</pre></div></td>
<td>214</td>
<td>testcases.UI_Data_file_termdef@2ef5e5e3</td></tr>
<tr>
<td title='testcases.UI_Data_file_termdef.IntelliSense_06_Term_Highlight_SingleMulti_use_Rex()'><b>IntelliSense_06_Term_Highlight_SingleMulti_use_Rex</b><br>Test class: testcases.UI_Data_file_termdef</td>
<td><div><pre>java.lang.AssertionError: The following asserts failed:
	@@line_start [786] line_end; expected [NotFound] but found [Displayed]gui_start  gui_end
	at org.testng.asserts.SoftAssert.assertAll(SoftAssert.java:43)
	at testcases.UI_Data_file_termdef.IntelliSense_06_Term_Highlight_SingleMulti_use_Rex(UI_Data_file_termdef.java:806)
	at sun.reflect.NativeMethodAccessorImpl.invoke0(Native Method)
	at sun.reflect.NativeMethodAccessorImpl.invoke(NativeMethodAccessorImpl.java:62)
	at sun.reflect.DelegatingMethodAccessorImpl.invoke(DelegatingMethodAccessorImpl.java:43)
	at java.lang.reflect.Method.invoke(Method.java:498)
	at org.testng.internal.MethodInvocationHelper.invokeMethod(MethodInvocationHelper.java:85)
	at org.testng.internal.Invoker.invokeMethod(Invoker.java:639)
	at org.testng.internal.Invoker.invokeTestMethod(Invoker.java:816)
	at org.testng.internal.Invoker.invokeTestMethods(Invoker.java:1124)
	at org.testng.internal.TestMethodWorker.invokeTestMethods(TestMethodWorker.java:125)
	at org.testng.internal.TestMethodWorker.run(TestMethodWorker.java:108)
	at java.util.concurrent.ThreadPoolExecutor.runWorker(ThreadPoolExecutor.java:1149)
	at java.util.concurrent.ThreadPoolExecutor$Worker.run(ThreadPoolExecutor.java:624)
	at java.lang.Thread.run(Thread.java:748)
</pre></div><a href='#' onClick='toggleBox("stack-trace339072341", this, "Click to show all stack frames", "Click to hide stack frames")'>Click to show all stack frames</a>
<div class='stack-trace' id='stack-trace339072341'><pre>java.lang.AssertionError: The following asserts failed:
	@@line_start [786] line_end; expected [NotFound] but found [Displayed]gui_start  gui_end
	at org.testng.asserts.SoftAssert.assertAll(SoftAssert.java:43)
	at testcases.UI_Data_file_termdef.IntelliSense_06_Term_Highlight_SingleMulti_use_Rex(UI_Data_file_termdef.java:806)
	at sun.reflect.NativeMethodAccessorImpl.invoke0(Native Method)
	at sun.reflect.NativeMethodAccessorImpl.invoke(NativeMethodAccessorImpl.java:62)
	at sun.reflect.DelegatingMethodAccessorImpl.invoke(DelegatingMethodAccessorImpl.java:43)
	at java.lang.reflect.Method.invoke(Method.java:498)
	at org.testng.internal.MethodInvocationHelper.invokeMethod(MethodInvocationHelper.java:85)
	at org.testng.internal.Invoker.invokeMethod(Invoker.java:639)
	at org.testng.internal.Invoker.invokeTestMethod(Invoker.java:816)
	at org.testng.internal.Invoker.invokeTestMethods(Invoker.java:1124)
	at org.testng.internal.TestMethodWorker.invokeTestMethods(TestMethodWorker.java:125)
	at org.testng.internal.TestMethodWorker.run(TestMethodWorker.java:108)
	at java.util.concurrent.ThreadPoolExecutor.runWorker(ThreadPoolExecutor.java:1149)
	at java.util.concurrent.ThreadPoolExecutor$Worker.run(ThreadPoolExecutor.java:624)
	at java.lang.Thread.run(Thread.java:748)
</pre></div></td>
<td>98</td>
<td>testcases.UI_Data_file_termdef@2ef5e5e3</td></tr>
<tr>
<td title='testcases.UI_Data_file_termdef.IntelliSense_07_Term_Highlight_EditEffects_Rex()'><b>IntelliSense_07_Term_Highlight_EditEffects_Rex</b><br>Test class: testcases.UI_Data_file_termdef</td>
<td><div><pre>java.lang.AssertionError: The following asserts failed:
	@@line_start [843] line_end; expected [NotFound] but found [Displayed]gui_start  gui_end,
	@@line_start [844] line_end; expected [NotFound] but found [Displayed]gui_start  gui_end,
	@@line_start [845] line_end; expected [NotFound] but found [Displayed]gui_start  gui_end,
	@@line_start [846] line_end; expected [NotFound] but found [Displayed]gui_start  gui_end
	at org.testng.asserts.SoftAssert.assertAll(SoftAssert.java:43)
	at testcases.UI_Data_file_termdef.IntelliSense_07_Term_Highlight_EditEffects_Rex(UI_Data_file_termdef.java:948)
	at sun.reflect.NativeMethodAccessorImpl.invoke0(Native Method)
	at sun.reflect.NativeMethodAccessorImpl.invoke(NativeMethodAccessorImpl.java:62)
	at sun.reflect.DelegatingMethodAccessorImpl.invoke(DelegatingMethodAccessorImpl.java:43)
	at java.lang.reflect.Method.invoke(Method.java:498)
	at org.testng.internal.MethodInvocationHelper.invokeMethod(MethodInvocationHelper.java:85)
	at org.testng.internal.Invoker.invokeMethod(Invoker.java:639)
	at org.testng.internal.Invoker.invokeTestMethod(Invoker.java:816)
	at org.testng.internal.Invoker.invokeTestMethods(Invoker.java:1124)
	at org.testng.internal.TestMethodWorker.invokeTestMethods(TestMethodWorker.java:125)
	at org.testng.internal.TestMethodWorker.run(TestMethodWorker.java:108)
	at java.util.concurrent.ThreadPoolExecutor.runWorker(ThreadPoolExecutor.java:1149)
	at java.util.concurrent.ThreadPoolExecutor$Worker.run(ThreadPoolExecutor.java:624)
	at java.lang.Thread.run(Thread.java:748)
</pre></div><a href='#' onClick='toggleBox("stack-trace1336153592", this, "Click to show all stack frames", "Click to hide stack frames")'>Click to show all stack frames</a>
<div class='stack-trace' id='stack-trace1336153592'><pre>java.lang.AssertionError: The following asserts failed:
	@@line_start [843] line_end; expected [NotFound] but found [Displayed]gui_start  gui_end,
	@@line_start [844] line_end; expected [NotFound] but found [Displayed]gui_start  gui_end,
	@@line_start [845] line_end; expected [NotFound] but found [Displayed]gui_start  gui_end,
	@@line_start [846] line_end; expected [NotFound] but found [Displayed]gui_start  gui_end
	at org.testng.asserts.SoftAssert.assertAll(SoftAssert.java:43)
	at testcases.UI_Data_file_termdef.IntelliSense_07_Term_Highlight_EditEffects_Rex(UI_Data_file_termdef.java:948)
	at sun.reflect.NativeMethodAccessorImpl.invoke0(Native Method)
	at sun.reflect.NativeMethodAccessorImpl.invoke(NativeMethodAccessorImpl.java:62)
	at sun.reflect.DelegatingMethodAccessorImpl.invoke(DelegatingMethodAccessorImpl.java:43)
	at java.lang.reflect.Method.invoke(Method.java:498)
	at org.testng.internal.MethodInvocationHelper.invokeMethod(MethodInvocationHelper.java:85)
	at org.testng.internal.Invoker.invokeMethod(Invoker.java:639)
	at org.testng.internal.Invoker.invokeTestMethod(Invoker.java:816)
	at org.testng.internal.Invoker.invokeTestMethods(Invoker.java:1124)
	at org.testng.internal.TestMethodWorker.invokeTestMethods(TestMethodWorker.java:125)
	at org.testng.internal.TestMethodWorker.run(TestMethodWorker.java:108)
	at java.util.concurrent.ThreadPoolExecutor.runWorker(ThreadPoolExecutor.java:1149)
	at java.util.concurrent.ThreadPoolExecutor$Worker.run(ThreadPoolExecutor.java:624)
	at java.lang.Thread.run(Thread.java:748)
</pre></div></td>
<td>152</td>
<td>testcases.UI_Data_file_termdef@2ef5e5e3</td></tr>
<tr>
<td title='testcases.UI_Data_file_termdef.IntelliSense_08_Term_Replace_Rex()'><b>IntelliSense_08_Term_Replace_Rex</b><br>Test class: testcases.UI_Data_file_termdef</td>
<td><div><pre>java.lang.AssertionError: The following asserts failed:
	@@line_start [1119] line_end; expected [NotFound] but found [Displayed]gui_start  gui_end,
	@@line_start [1120] line_end; expected [NotFound] but found [Displayed]gui_start  gui_end,
	@@line_start [1152] line_end; expected [NotFound] but found [Displayed]gui_start  gui_end,
	@@line_start [1153] line_end; expected [NotFound] but found [Displayed]gui_start  gui_end
	at org.testng.asserts.SoftAssert.assertAll(SoftAssert.java:43)
	at testcases.UI_Data_file_termdef.IntelliSense_08_Term_Replace_Rex(UI_Data_file_termdef.java:1165)
	at sun.reflect.NativeMethodAccessorImpl.invoke0(Native Method)
	at sun.reflect.NativeMethodAccessorImpl.invoke(NativeMethodAccessorImpl.java:62)
	at sun.reflect.DelegatingMethodAccessorImpl.invoke(DelegatingMethodAccessorImpl.java:43)
	at java.lang.reflect.Method.invoke(Method.java:498)
	at org.testng.internal.MethodInvocationHelper.invokeMethod(MethodInvocationHelper.java:85)
	at org.testng.internal.Invoker.invokeMethod(Invoker.java:639)
	at org.testng.internal.Invoker.invokeTestMethod(Invoker.java:816)
	at org.testng.internal.Invoker.invokeTestMethods(Invoker.java:1124)
	at org.testng.internal.TestMethodWorker.invokeTestMethods(TestMethodWorker.java:125)
	at org.testng.internal.TestMethodWorker.run(TestMethodWorker.java:108)
	at java.util.concurrent.ThreadPoolExecutor.runWorker(ThreadPoolExecutor.java:1149)
	at java.util.concurrent.ThreadPoolExecutor$Worker.run(ThreadPoolExecutor.java:624)
	at java.lang.Thread.run(Thread.java:748)
</pre></div><a href='#' onClick='toggleBox("stack-trace1303816995", this, "Click to show all stack frames", "Click to hide stack frames")'>Click to show all stack frames</a>
<div class='stack-trace' id='stack-trace1303816995'><pre>java.lang.AssertionError: The following asserts failed:
	@@line_start [1119] line_end; expected [NotFound] but found [Displayed]gui_start  gui_end,
	@@line_start [1120] line_end; expected [NotFound] but found [Displayed]gui_start  gui_end,
	@@line_start [1152] line_end; expected [NotFound] but found [Displayed]gui_start  gui_end,
	@@line_start [1153] line_end; expected [NotFound] but found [Displayed]gui_start  gui_end
	at org.testng.asserts.SoftAssert.assertAll(SoftAssert.java:43)
	at testcases.UI_Data_file_termdef.IntelliSense_08_Term_Replace_Rex(UI_Data_file_termdef.java:1165)
	at sun.reflect.NativeMethodAccessorImpl.invoke0(Native Method)
	at sun.reflect.NativeMethodAccessorImpl.invoke(NativeMethodAccessorImpl.java:62)
	at sun.reflect.DelegatingMethodAccessorImpl.invoke(DelegatingMethodAccessorImpl.java:43)
	at java.lang.reflect.Method.invoke(Method.java:498)
	at org.testng.internal.MethodInvocationHelper.invokeMethod(MethodInvocationHelper.java:85)
	at org.testng.internal.Invoker.invokeMethod(Invoker.java:639)
	at org.testng.internal.Invoker.invokeTestMethod(Invoker.java:816)
	at org.testng.internal.Invoker.invokeTestMethods(Invoker.java:1124)
	at org.testng.internal.TestMethodWorker.invokeTestMethods(TestMethodWorker.java:125)
	at org.testng.internal.TestMethodWorker.run(TestMethodWorker.java:108)
	at java.util.concurrent.ThreadPoolExecutor.runWorker(ThreadPoolExecutor.java:1149)
	at java.util.concurrent.ThreadPoolExecutor$Worker.run(ThreadPoolExecutor.java:624)
	at java.lang.Thread.run(Thread.java:748)
</pre></div></td>
<td>107</td>
<td>testcases.UI_Data_file_termdef@2ef5e5e3</td></tr>
<tr>
<td title='testcases.UI_Data_file_termdef.IntelliSense_09_Term_Nest_Rex()'><b>IntelliSense_09_Term_Nest_Rex</b><br>Test class: testcases.UI_Data_file_termdef</td>
<td><div><pre>java.lang.AssertionError: The following asserts failed:
	@@line_start [1188] line_end; expected [NotFound] but found [Displayed]gui_start  gui_end,
	@@line_start [1189] line_end; expected [NotFound] but found [Displayed]gui_start  gui_end,
	@@line_start [1191] line_end; expected [NotFound] but found [Displayed]gui_start  gui_end,
	@@line_start [1193] line_end; expected [NotFound] but found [Displayed]gui_start  gui_end,
	@@line_start [1196] line_end;gui_start java.lang.NullPointerException gui_end
	at org.testng.asserts.SoftAssert.assertAll(SoftAssert.java:43)
	at testcases.UI_Data_file_termdef.IntelliSense_09_Term_Nest_Rex(UI_Data_file_termdef.java:1297)
	at sun.reflect.NativeMethodAccessorImpl.invoke0(Native Method)
	at sun.reflect.NativeMethodAccessorImpl.invoke(NativeMethodAccessorImpl.java:62)
	at sun.reflect.DelegatingMethodAccessorImpl.invoke(DelegatingMethodAccessorImpl.java:43)
	at java.lang.reflect.Method.invoke(Method.java:498)
	at org.testng.internal.MethodInvocationHelper.invokeMethod(MethodInvocationHelper.java:85)
	at org.testng.internal.Invoker.invokeMethod(Invoker.java:639)
	at org.testng.internal.Invoker.invokeTestMethod(Invoker.java:816)
	at org.testng.internal.Invoker.invokeTestMethods(Invoker.java:1124)
	at org.testng.internal.TestMethodWorker.invokeTestMethods(TestMethodWorker.java:125)
	at org.testng.internal.TestMethodWorker.run(TestMethodWorker.java:108)
	at java.util.concurrent.ThreadPoolExecutor.runWorker(ThreadPoolExecutor.java:1149)
	at java.util.concurrent.ThreadPoolExecutor$Worker.run(ThreadPoolExecutor.java:624)
	at java.lang.Thread.run(Thread.java:748)
</pre></div><a href='#' onClick='toggleBox("stack-trace418078064", this, "Click to show all stack frames", "Click to hide stack frames")'>Click to show all stack frames</a>
<div class='stack-trace' id='stack-trace418078064'><pre>java.lang.AssertionError: The following asserts failed:
	@@line_start [1188] line_end; expected [NotFound] but found [Displayed]gui_start  gui_end,
	@@line_start [1189] line_end; expected [NotFound] but found [Displayed]gui_start  gui_end,
	@@line_start [1191] line_end; expected [NotFound] but found [Displayed]gui_start  gui_end,
	@@line_start [1193] line_end; expected [NotFound] but found [Displayed]gui_start  gui_end,
	@@line_start [1196] line_end;gui_start java.lang.NullPointerException gui_end
	at org.testng.asserts.SoftAssert.assertAll(SoftAssert.java:43)
	at testcases.UI_Data_file_termdef.IntelliSense_09_Term_Nest_Rex(UI_Data_file_termdef.java:1297)
	at sun.reflect.NativeMethodAccessorImpl.invoke0(Native Method)
	at sun.reflect.NativeMethodAccessorImpl.invoke(NativeMethodAccessorImpl.java:62)
	at sun.reflect.DelegatingMethodAccessorImpl.invoke(DelegatingMethodAccessorImpl.java:43)
	at java.lang.reflect.Method.invoke(Method.java:498)
	at org.testng.internal.MethodInvocationHelper.invokeMethod(MethodInvocationHelper.java:85)
	at org.testng.internal.Invoker.invokeMethod(Invoker.java:639)
	at org.testng.internal.Invoker.invokeTestMethod(Invoker.java:816)
	at org.testng.internal.Invoker.invokeTestMethods(Invoker.java:1124)
	at org.testng.internal.TestMethodWorker.invokeTestMethods(TestMethodWorker.java:125)
	at org.testng.internal.TestMethodWorker.run(TestMethodWorker.java:108)
	at java.util.concurrent.ThreadPoolExecutor.runWorker(ThreadPoolExecutor.java:1149)
	at java.util.concurrent.ThreadPoolExecutor$Worker.run(ThreadPoolExecutor.java:624)
	at java.lang.Thread.run(Thread.java:748)
</pre></div></td>
<td>238</td>
<td>testcases.UI_Data_file_termdef@2ef5e5e3</td></tr>
<tr>
<td title='testcases.UI_Data_file_termdef.IntelliSense_10_Term_Filter_Ucx()'><b>IntelliSense_10_Term_Filter_Ucx</b><br>Test class: testcases.UI_Data_file_termdef</td>
<td><div><pre>java.lang.AssertionError: The following asserts failed:
	@@line_start [1325] line_end; expected [NotFound] but found [Displayed]gui_start  gui_end,
	@@line_start [1327] line_end; expected [NotFound] but found [Displayed]gui_start  gui_end,
	@@line_start [1337] line_end; expected [NotFound] but found [Displayed]gui_start  gui_end,
	@@line_start [1338] line_end; expected [NotFound] but found [Displayed]gui_start  gui_end,
	@@line_start [1344] line_end; expected [NotFound] but found [Displayed]gui_start  gui_end,
	@@line_start [1349] line_end; expected [Displayed] but found [NoSuchElement]gui_start element is null gui_end,
	@@line_start [1350] line_end; expected [Displayed] but found [NoSuchElement]gui_start element is null gui_end,
	@@line_start [1351] line_end; expected [Displayed] but found [NoSuchElement]gui_start element is null gui_end,
	@@line_start [1352] line_end; expected [Displayed] but found [NoSuchElement]gui_start element is null gui_end,
	@@line_start [1353] line_end; expected [Displayed] but found [NoSuchElement]gui_start element is null gui_end,
	@@line_start [1354] line_end; expected [Displayed] but found [NoSuchElement]gui_start element is null gui_end,
	@@line_start [1359] line_end; expected [NotFound] but found [Displayed]gui_start  gui_end,
	@@line_start [1364] line_end; expected [Displayed] but found [NoSuchElement]gui_start element is null gui_end,
	@@line_start [1365] line_end; expected [Displayed] but found [NoSuchElement]gui_start element is null gui_end,
	@@line_start [1366] line_end; expected [Displayed] but found [NoSuchElement]gui_start element is null gui_end,
	@@line_start [1367] line_end; expected [Displayed] but found [NoSuchElement]gui_start element is null gui_end,
	@@line_start [1368] line_end; expected [Displayed] but found [NoSuchElement]gui_start element is null gui_end,
	@@line_start [1369] line_end; expected [Displayed] but found [NoSuchElement]gui_start element is null gui_end,
	@@line_start [1370] line_end; expected [Displayed] but found [NoSuchElement]gui_start element is null gui_end,
	@@line_start [1371] line_end; expected [Displayed] but found [NoSuchElement]gui_start element is null gui_end,
	@@line_start [1379] line_end; expected [Displayed] but found [NoSuchElement]gui_start element is null gui_end,
	@@line_start [1380] line_end; expected [Displayed] but found [NoSuchElement]gui_start element is null gui_end,
	@@line_start [1381] line_end; expected [Displayed] but found [NoSuchElement]gui_start element is null gui_end,
	@@line_start [1382] line_end; expected [Displayed] but found [NoSuchElement]gui_start element is null gui_end,
	@@line_start [1383] line_end; expected [Displayed] but found [NoSuchElement]gui_start element is null gui_end,
	@@line_start [1384] line_end; expected [Displayed] but found [NoSuchElement]gui_start element is null gui_end,
	@@line_start [1390] line_end; expected [Displayed] but found [NoSuchElement]gui_start element is null gui_end,
	@@line_start [1391] line_end; expected [Displayed] but found [NoSuchElement]gui_start element is null gui_end,
	@@line_start [1392] line_end; expected [Displayed] but found [NoSuchElement]gui_start element is null gui_end,
	@@line_start [1393] line_end; expected [Displayed] but found [NoSuchElement]gui_start element is null gui_end
	at org.testng.asserts.SoftAssert.assertAll(SoftAssert.java:43)
	at testcases.UI_Data_file_termdef.IntelliSense_10_Term_Filter_Ucx(UI_Data_file_termdef.java:1409)
	at sun.reflect.NativeMethodAccessorImpl.invoke0(Native Method)
	at sun.reflect.NativeMethodAccessorImpl.invoke(NativeMethodAccessorImpl.java:62)
	at sun.reflect.DelegatingMethodAccessorImpl.invoke(DelegatingMethodAccessorImpl.java:43)
	at java.lang.reflect.Method.invoke(Method.java:498)
	at org.testng.internal.MethodInvocationHelper.invokeMethod(MethodInvocationHelper.java:85)
	at org.testng.internal.Invoker.invokeMethod(Invoker.java:639)
	at org.testng.internal.Invoker.invokeTestMethod(Invoker.java:816)
	at org.testng.internal.Invoker.invokeTestMethods(Invoker.java:1124)
	at org.testng.internal.TestMethodWorker.invokeTestMethods(TestMethodWorker.java:125)
	at org.testng.internal.TestMethodWorker.run(TestMethodWorker.java:108)
	at java.util.concurrent.ThreadPoolExecutor.runWorker(ThreadPoolExecutor.java:1149)
	at java.util.concurrent.ThreadPoolExecutor$Worker.run(ThreadPoolExecutor.java:624)
	at java.lang.Thread.run(Thread.java:748)
</pre></div><a href='#' onClick='toggleBox("stack-trace61389337", this, "Click to show all stack frames", "Click to hide stack frames")'>Click to show all stack frames</a>
<div class='stack-trace' id='stack-trace61389337'><pre>java.lang.AssertionError: The following asserts failed:
	@@line_start [1325] line_end; expected [NotFound] but found [Displayed]gui_start  gui_end,
	@@line_start [1327] line_end; expected [NotFound] but found [Displayed]gui_start  gui_end,
	@@line_start [1337] line_end; expected [NotFound] but found [Displayed]gui_start  gui_end,
	@@line_start [1338] line_end; expected [NotFound] but found [Displayed]gui_start  gui_end,
	@@line_start [1344] line_end; expected [NotFound] but found [Displayed]gui_start  gui_end,
	@@line_start [1349] line_end; expected [Displayed] but found [NoSuchElement]gui_start element is null gui_end,
	@@line_start [1350] line_end; expected [Displayed] but found [NoSuchElement]gui_start element is null gui_end,
	@@line_start [1351] line_end; expected [Displayed] but found [NoSuchElement]gui_start element is null gui_end,
	@@line_start [1352] line_end; expected [Displayed] but found [NoSuchElement]gui_start element is null gui_end,
	@@line_start [1353] line_end; expected [Displayed] but found [NoSuchElement]gui_start element is null gui_end,
	@@line_start [1354] line_end; expected [Displayed] but found [NoSuchElement]gui_start element is null gui_end,
	@@line_start [1359] line_end; expected [NotFound] but found [Displayed]gui_start  gui_end,
	@@line_start [1364] line_end; expected [Displayed] but found [NoSuchElement]gui_start element is null gui_end,
	@@line_start [1365] line_end; expected [Displayed] but found [NoSuchElement]gui_start element is null gui_end,
	@@line_start [1366] line_end; expected [Displayed] but found [NoSuchElement]gui_start element is null gui_end,
	@@line_start [1367] line_end; expected [Displayed] but found [NoSuchElement]gui_start element is null gui_end,
	@@line_start [1368] line_end; expected [Displayed] but found [NoSuchElement]gui_start element is null gui_end,
	@@line_start [1369] line_end; expected [Displayed] but found [NoSuchElement]gui_start element is null gui_end,
	@@line_start [1370] line_end; expected [Displayed] but found [NoSuchElement]gui_start element is null gui_end,
	@@line_start [1371] line_end; expected [Displayed] but found [NoSuchElement]gui_start element is null gui_end,
	@@line_start [1379] line_end; expected [Displayed] but found [NoSuchElement]gui_start element is null gui_end,
	@@line_start [1380] line_end; expected [Displayed] but found [NoSuchElement]gui_start element is null gui_end,
	@@line_start [1381] line_end; expected [Displayed] but found [NoSuchElement]gui_start element is null gui_end,
	@@line_start [1382] line_end; expected [Displayed] but found [NoSuchElement]gui_start element is null gui_end,
	@@line_start [1383] line_end; expected [Displayed] but found [NoSuchElement]gui_start element is null gui_end,
	@@line_start [1384] line_end; expected [Displayed] but found [NoSuchElement]gui_start element is null gui_end,
	@@line_start [1390] line_end; expected [Displayed] but found [NoSuchElement]gui_start element is null gui_end,
	@@line_start [1391] line_end; expected [Displayed] but found [NoSuchElement]gui_start element is null gui_end,
	@@line_start [1392] line_end; expected [Displayed] but found [NoSuchElement]gui_start element is null gui_end,
	@@line_start [1393] line_end; expected [Displayed] but found [NoSuchElement]gui_start element is null gui_end
	at org.testng.asserts.SoftAssert.assertAll(SoftAssert.java:43)
	at testcases.UI_Data_file_termdef.IntelliSense_10_Term_Filter_Ucx(UI_Data_file_termdef.java:1409)
	at sun.reflect.NativeMethodAccessorImpl.invoke0(Native Method)
	at sun.reflect.NativeMethodAccessorImpl.invoke(NativeMethodAccessorImpl.java:62)
	at sun.reflect.DelegatingMethodAccessorImpl.invoke(DelegatingMethodAccessorImpl.java:43)
	at java.lang.reflect.Method.invoke(Method.java:498)
	at org.testng.internal.MethodInvocationHelper.invokeMethod(MethodInvocationHelper.java:85)
	at org.testng.internal.Invoker.invokeMethod(Invoker.java:639)
	at org.testng.internal.Invoker.invokeTestMethod(Invoker.java:816)
	at org.testng.internal.Invoker.invokeTestMethods(Invoker.java:1124)
	at org.testng.internal.TestMethodWorker.invokeTestMethods(TestMethodWorker.java:125)
	at org.testng.internal.TestMethodWorker.run(TestMethodWorker.java:108)
	at java.util.concurrent.ThreadPoolExecutor.runWorker(ThreadPoolExecutor.java:1149)
	at java.util.concurrent.ThreadPoolExecutor$Worker.run(ThreadPoolExecutor.java:624)
	at java.lang.Thread.run(Thread.java:748)
</pre></div></td>
<td>414</td>
<td>testcases.UI_Data_file_termdef@2ef5e5e3</td></tr>
<tr>
<td title='testcases.UI_Data_file_termdef.IntelliSense_12_Term_Triggers_Ucx()'><b>IntelliSense_12_Term_Triggers_Ucx</b><br>Test class: testcases.UI_Data_file_termdef</td>
<td><div><pre>java.lang.AssertionError: The following asserts failed:
	@@line_start [1561] line_end; expected [NotFound] but found [Displayed]gui_start By.xpath: //ul[@id=&apos;AutoCompleteMenu&apos; and contains(@style,&apos;display: block&apos;)] gui_end
	at org.testng.asserts.SoftAssert.assertAll(SoftAssert.java:43)
	at testcases.UI_Data_file_termdef.IntelliSense_12_Term_Triggers_Ucx(UI_Data_file_termdef.java:1650)
	at sun.reflect.NativeMethodAccessorImpl.invoke0(Native Method)
	at sun.reflect.NativeMethodAccessorImpl.invoke(NativeMethodAccessorImpl.java:62)
	at sun.reflect.DelegatingMethodAccessorImpl.invoke(DelegatingMethodAccessorImpl.java:43)
	at java.lang.reflect.Method.invoke(Method.java:498)
	at org.testng.internal.MethodInvocationHelper.invokeMethod(MethodInvocationHelper.java:85)
	at org.testng.internal.Invoker.invokeMethod(Invoker.java:639)
	at org.testng.internal.Invoker.invokeTestMethod(Invoker.java:816)
	at org.testng.internal.Invoker.invokeTestMethods(Invoker.java:1124)
	at org.testng.internal.TestMethodWorker.invokeTestMethods(TestMethodWorker.java:125)
	at org.testng.internal.TestMethodWorker.run(TestMethodWorker.java:108)
	at java.util.concurrent.ThreadPoolExecutor.runWorker(ThreadPoolExecutor.java:1149)
	at java.util.concurrent.ThreadPoolExecutor$Worker.run(ThreadPoolExecutor.java:624)
	at java.lang.Thread.run(Thread.java:748)
</pre></div><a href='#' onClick='toggleBox("stack-trace1420252900", this, "Click to show all stack frames", "Click to hide stack frames")'>Click to show all stack frames</a>
<div class='stack-trace' id='stack-trace1420252900'><pre>java.lang.AssertionError: The following asserts failed:
	@@line_start [1561] line_end; expected [NotFound] but found [Displayed]gui_start By.xpath: //ul[@id=&apos;AutoCompleteMenu&apos; and contains(@style,&apos;display: block&apos;)] gui_end
	at org.testng.asserts.SoftAssert.assertAll(SoftAssert.java:43)
	at testcases.UI_Data_file_termdef.IntelliSense_12_Term_Triggers_Ucx(UI_Data_file_termdef.java:1650)
	at sun.reflect.NativeMethodAccessorImpl.invoke0(Native Method)
	at sun.reflect.NativeMethodAccessorImpl.invoke(NativeMethodAccessorImpl.java:62)
	at sun.reflect.DelegatingMethodAccessorImpl.invoke(DelegatingMethodAccessorImpl.java:43)
	at java.lang.reflect.Method.invoke(Method.java:498)
	at org.testng.internal.MethodInvocationHelper.invokeMethod(MethodInvocationHelper.java:85)
	at org.testng.internal.Invoker.invokeMethod(Invoker.java:639)
	at org.testng.internal.Invoker.invokeTestMethod(Invoker.java:816)
	at org.testng.internal.Invoker.invokeTestMethods(Invoker.java:1124)
	at org.testng.internal.TestMethodWorker.invokeTestMethods(TestMethodWorker.java:125)
	at org.testng.internal.TestMethodWorker.run(TestMethodWorker.java:108)
	at java.util.concurrent.ThreadPoolExecutor.runWorker(ThreadPoolExecutor.java:1149)
	at java.util.concurrent.ThreadPoolExecutor$Worker.run(ThreadPoolExecutor.java:624)
	at java.lang.Thread.run(Thread.java:748)
</pre></div></td>
<td>124</td>
<td>testcases.UI_Data_file_termdef@2ef5e5e3</td></tr>
<tr>
<td title='testcases.UI_Data_file_termdef.IntelliSense_13_Term_Orange_Ucx()'><b>IntelliSense_13_Term_Orange_Ucx</b><br>Test class: testcases.UI_Data_file_termdef</td>
<td><div><pre>java.lang.AssertionError: The following asserts failed:
	@@line_start [1669] line_end; expected [NotFound] but found [Displayed]gui_start  gui_end,
	@@line_start [1670] line_end; expected [NotFound] but found [Displayed]gui_start  gui_end,
	@@line_start [1684] line_end;gui_start java.lang.NullPointerException gui_end
	at org.testng.asserts.SoftAssert.assertAll(SoftAssert.java:43)
	at testcases.UI_Data_file_termdef.IntelliSense_13_Term_Orange_Ucx(UI_Data_file_termdef.java:1749)
	at sun.reflect.NativeMethodAccessorImpl.invoke0(Native Method)
	at sun.reflect.NativeMethodAccessorImpl.invoke(NativeMethodAccessorImpl.java:62)
	at sun.reflect.DelegatingMethodAccessorImpl.invoke(DelegatingMethodAccessorImpl.java:43)
	at java.lang.reflect.Method.invoke(Method.java:498)
	at org.testng.internal.MethodInvocationHelper.invokeMethod(MethodInvocationHelper.java:85)
	at org.testng.internal.Invoker.invokeMethod(Invoker.java:639)
	at org.testng.internal.Invoker.invokeTestMethod(Invoker.java:816)
	at org.testng.internal.Invoker.invokeTestMethods(Invoker.java:1124)
	at org.testng.internal.TestMethodWorker.invokeTestMethods(TestMethodWorker.java:125)
	at org.testng.internal.TestMethodWorker.run(TestMethodWorker.java:108)
	at java.util.concurrent.ThreadPoolExecutor.runWorker(ThreadPoolExecutor.java:1149)
	at java.util.concurrent.ThreadPoolExecutor$Worker.run(ThreadPoolExecutor.java:624)
	at java.lang.Thread.run(Thread.java:748)
</pre></div><a href='#' onClick='toggleBox("stack-trace2073015585", this, "Click to show all stack frames", "Click to hide stack frames")'>Click to show all stack frames</a>
<div class='stack-trace' id='stack-trace2073015585'><pre>java.lang.AssertionError: The following asserts failed:
	@@line_start [1669] line_end; expected [NotFound] but found [Displayed]gui_start  gui_end,
	@@line_start [1670] line_end; expected [NotFound] but found [Displayed]gui_start  gui_end,
	@@line_start [1684] line_end;gui_start java.lang.NullPointerException gui_end
	at org.testng.asserts.SoftAssert.assertAll(SoftAssert.java:43)
	at testcases.UI_Data_file_termdef.IntelliSense_13_Term_Orange_Ucx(UI_Data_file_termdef.java:1749)
	at sun.reflect.NativeMethodAccessorImpl.invoke0(Native Method)
	at sun.reflect.NativeMethodAccessorImpl.invoke(NativeMethodAccessorImpl.java:62)
	at sun.reflect.DelegatingMethodAccessorImpl.invoke(DelegatingMethodAccessorImpl.java:43)
	at java.lang.reflect.Method.invoke(Method.java:498)
	at org.testng.internal.MethodInvocationHelper.invokeMethod(MethodInvocationHelper.java:85)
	at org.testng.internal.Invoker.invokeMethod(Invoker.java:639)
	at org.testng.internal.Invoker.invokeTestMethod(Invoker.java:816)
	at org.testng.internal.Invoker.invokeTestMethods(Invoker.java:1124)
	at org.testng.internal.TestMethodWorker.invokeTestMethods(TestMethodWorker.java:125)
	at org.testng.internal.TestMethodWorker.run(TestMethodWorker.java:108)
	at java.util.concurrent.ThreadPoolExecutor.runWorker(ThreadPoolExecutor.java:1149)
	at java.util.concurrent.ThreadPoolExecutor$Worker.run(ThreadPoolExecutor.java:624)
	at java.lang.Thread.run(Thread.java:748)
</pre></div></td>
<td>170</td>
<td>testcases.UI_Data_file_termdef@2ef5e5e3</td></tr>
<tr>
<td title='testcases.UI_Data_file_termdef.IntelliSense_14_Term_Highlight_Realtime_Ucx()'><b>IntelliSense_14_Term_Highlight_Realtime_Ucx</b><br>Test class: testcases.UI_Data_file_termdef</td>
<td><div><pre>java.lang.AssertionError: The following asserts failed:
	@@line_start [1784] line_end; expected [Not found] but found [Training cyberobject/uitest_cyberobject_com_cn/intellisensetest/data/IntelliSense/termhighlight_domain.xlsx success !]gui_start  gui_end,
	@@line_start [1791] line_end; expected [rgba(0, 128, 0, 1)] but found [rgba(255, 0, 0, 1)],
	@@line_start [1792] line_end; expected [rgba(255, 165, 0, 1)] but found [rgba(0, 128, 0, 1)],
	@@line_start [1827] line_end; expected [rgba(0, 128, 0, 1)] but found [rgba(255, 0, 0, 1)],
	@@line_start [1828] line_end; expected [rgba(255, 165, 0, 1)] but found [rgba(0, 128, 0, 1)],
	@@line_start [1835] line_end; expected [rgba(0, 128, 0, 1)] but found [rgba(255, 0, 0, 1)],
	@@line_start [1836] line_end; expected [rgba(255, 165, 0, 1)] but found [rgba(0, 128, 0, 1)],
	@@line_start [1856] line_end; expected [rgba(0, 128, 0, 1)] but found [rgba(255, 0, 0, 1)],
	@@line_start [1857] line_end; expected [rgba(255, 165, 0, 1)] but found [rgba(0, 128, 0, 1)],
	@@line_start [1864] line_end; expected [rgba(0, 128, 0, 1)] but found [rgba(255, 0, 0, 1)],
	@@line_start [1865] line_end; expected [rgba(255, 165, 0, 1)] but found [rgba(0, 128, 0, 1)],
	@@line_start [1871] line_end; expected [rgba(0, 128, 0, 1)] but found [rgba(255, 0, 0, 1)],
	@@line_start [1872] line_end; expected [rgba(255, 165, 0, 1)] but found [rgba(0, 128, 0, 1)]
	at org.testng.asserts.SoftAssert.assertAll(SoftAssert.java:43)
	at testcases.UI_Data_file_termdef.IntelliSense_14_Term_Highlight_Realtime_Ucx(UI_Data_file_termdef.java:1889)
	at sun.reflect.NativeMethodAccessorImpl.invoke0(Native Method)
	at sun.reflect.NativeMethodAccessorImpl.invoke(NativeMethodAccessorImpl.java:62)
	at sun.reflect.DelegatingMethodAccessorImpl.invoke(DelegatingMethodAccessorImpl.java:43)
	at java.lang.reflect.Method.invoke(Method.java:498)
	at org.testng.internal.MethodInvocationHelper.invokeMethod(MethodInvocationHelper.java:85)
	at org.testng.internal.Invoker.invokeMethod(Invoker.java:639)
	at org.testng.internal.Invoker.invokeTestMethod(Invoker.java:816)
	at org.testng.internal.Invoker.invokeTestMethods(Invoker.java:1124)
	at org.testng.internal.TestMethodWorker.invokeTestMethods(TestMethodWorker.java:125)
	at org.testng.internal.TestMethodWorker.run(TestMethodWorker.java:108)
	at java.util.concurrent.ThreadPoolExecutor.runWorker(ThreadPoolExecutor.java:1149)
	at java.util.concurrent.ThreadPoolExecutor$Worker.run(ThreadPoolExecutor.java:624)
	at java.lang.Thread.run(Thread.java:748)
</pre></div><a href='#' onClick='toggleBox("stack-trace1194098625", this, "Click to show all stack frames", "Click to hide stack frames")'>Click to show all stack frames</a>
<div class='stack-trace' id='stack-trace1194098625'><pre>java.lang.AssertionError: The following asserts failed:
	@@line_start [1784] line_end; expected [Not found] but found [Training cyberobject/uitest_cyberobject_com_cn/intellisensetest/data/IntelliSense/termhighlight_domain.xlsx success !]gui_start  gui_end,
	@@line_start [1791] line_end; expected [rgba(0, 128, 0, 1)] but found [rgba(255, 0, 0, 1)],
	@@line_start [1792] line_end; expected [rgba(255, 165, 0, 1)] but found [rgba(0, 128, 0, 1)],
	@@line_start [1827] line_end; expected [rgba(0, 128, 0, 1)] but found [rgba(255, 0, 0, 1)],
	@@line_start [1828] line_end; expected [rgba(255, 165, 0, 1)] but found [rgba(0, 128, 0, 1)],
	@@line_start [1835] line_end; expected [rgba(0, 128, 0, 1)] but found [rgba(255, 0, 0, 1)],
	@@line_start [1836] line_end; expected [rgba(255, 165, 0, 1)] but found [rgba(0, 128, 0, 1)],
	@@line_start [1856] line_end; expected [rgba(0, 128, 0, 1)] but found [rgba(255, 0, 0, 1)],
	@@line_start [1857] line_end; expected [rgba(255, 165, 0, 1)] but found [rgba(0, 128, 0, 1)],
	@@line_start [1864] line_end; expected [rgba(0, 128, 0, 1)] but found [rgba(255, 0, 0, 1)],
	@@line_start [1865] line_end; expected [rgba(255, 165, 0, 1)] but found [rgba(0, 128, 0, 1)],
	@@line_start [1871] line_end; expected [rgba(0, 128, 0, 1)] but found [rgba(255, 0, 0, 1)],
	@@line_start [1872] line_end; expected [rgba(255, 165, 0, 1)] but found [rgba(0, 128, 0, 1)]
	at org.testng.asserts.SoftAssert.assertAll(SoftAssert.java:43)
	at testcases.UI_Data_file_termdef.IntelliSense_14_Term_Highlight_Realtime_Ucx(UI_Data_file_termdef.java:1889)
	at sun.reflect.NativeMethodAccessorImpl.invoke0(Native Method)
	at sun.reflect.NativeMethodAccessorImpl.invoke(NativeMethodAccessorImpl.java:62)
	at sun.reflect.DelegatingMethodAccessorImpl.invoke(DelegatingMethodAccessorImpl.java:43)
	at java.lang.reflect.Method.invoke(Method.java:498)
	at org.testng.internal.MethodInvocationHelper.invokeMethod(MethodInvocationHelper.java:85)
	at org.testng.internal.Invoker.invokeMethod(Invoker.java:639)
	at org.testng.internal.Invoker.invokeTestMethod(Invoker.java:816)
	at org.testng.internal.Invoker.invokeTestMethods(Invoker.java:1124)
	at org.testng.internal.TestMethodWorker.invokeTestMethods(TestMethodWorker.java:125)
	at org.testng.internal.TestMethodWorker.run(TestMethodWorker.java:108)
	at java.util.concurrent.ThreadPoolExecutor.runWorker(ThreadPoolExecutor.java:1149)
	at java.util.concurrent.ThreadPoolExecutor$Worker.run(ThreadPoolExecutor.java:624)
	at java.lang.Thread.run(Thread.java:748)
</pre></div></td>
<td>667</td>
<td>testcases.UI_Data_file_termdef@2ef5e5e3</td></tr>
<tr>
<td title='testcases.UI_Data_file_termdef.IntelliSense_15_Term_Highlight_Single_Multi_use_Ucx()'><b>IntelliSense_15_Term_Highlight_Single_Multi_use_Ucx</b><br>Test class: testcases.UI_Data_file_termdef</td>
<td><div><pre>java.lang.AssertionError: The following asserts failed:
	@@line_start [1938] line_end; expected [rgba(0, 0, 0, 1)] but found [rgba(255, 0, 0, 1)]
	at org.testng.asserts.SoftAssert.assertAll(SoftAssert.java:43)
	at testcases.UI_Data_file_termdef.IntelliSense_15_Term_Highlight_Single_Multi_use_Ucx(UI_Data_file_termdef.java:1962)
	at sun.reflect.NativeMethodAccessorImpl.invoke0(Native Method)
	at sun.reflect.NativeMethodAccessorImpl.invoke(NativeMethodAccessorImpl.java:62)
	at sun.reflect.DelegatingMethodAccessorImpl.invoke(DelegatingMethodAccessorImpl.java:43)
	at java.lang.reflect.Method.invoke(Method.java:498)
	at org.testng.internal.MethodInvocationHelper.invokeMethod(MethodInvocationHelper.java:85)
	at org.testng.internal.Invoker.invokeMethod(Invoker.java:639)
	at org.testng.internal.Invoker.invokeTestMethod(Invoker.java:816)
	at org.testng.internal.Invoker.invokeTestMethods(Invoker.java:1124)
	at org.testng.internal.TestMethodWorker.invokeTestMethods(TestMethodWorker.java:125)
	at org.testng.internal.TestMethodWorker.run(TestMethodWorker.java:108)
	at java.util.concurrent.ThreadPoolExecutor.runWorker(ThreadPoolExecutor.java:1149)
	at java.util.concurrent.ThreadPoolExecutor$Worker.run(ThreadPoolExecutor.java:624)
	at java.lang.Thread.run(Thread.java:748)
</pre></div><a href='#' onClick='toggleBox("stack-trace1152119471", this, "Click to show all stack frames", "Click to hide stack frames")'>Click to show all stack frames</a>
<div class='stack-trace' id='stack-trace1152119471'><pre>java.lang.AssertionError: The following asserts failed:
	@@line_start [1938] line_end; expected [rgba(0, 0, 0, 1)] but found [rgba(255, 0, 0, 1)]
	at org.testng.asserts.SoftAssert.assertAll(SoftAssert.java:43)
	at testcases.UI_Data_file_termdef.IntelliSense_15_Term_Highlight_Single_Multi_use_Ucx(UI_Data_file_termdef.java:1962)
	at sun.reflect.NativeMethodAccessorImpl.invoke0(Native Method)
	at sun.reflect.NativeMethodAccessorImpl.invoke(NativeMethodAccessorImpl.java:62)
	at sun.reflect.DelegatingMethodAccessorImpl.invoke(DelegatingMethodAccessorImpl.java:43)
	at java.lang.reflect.Method.invoke(Method.java:498)
	at org.testng.internal.MethodInvocationHelper.invokeMethod(MethodInvocationHelper.java:85)
	at org.testng.internal.Invoker.invokeMethod(Invoker.java:639)
	at org.testng.internal.Invoker.invokeTestMethod(Invoker.java:816)
	at org.testng.internal.Invoker.invokeTestMethods(Invoker.java:1124)
	at org.testng.internal.TestMethodWorker.invokeTestMethods(TestMethodWorker.java:125)
	at org.testng.internal.TestMethodWorker.run(TestMethodWorker.java:108)
	at java.util.concurrent.ThreadPoolExecutor.runWorker(ThreadPoolExecutor.java:1149)
	at java.util.concurrent.ThreadPoolExecutor$Worker.run(ThreadPoolExecutor.java:624)
	at java.lang.Thread.run(Thread.java:748)
</pre></div></td>
<td>133</td>
<td>testcases.UI_Data_file_termdef@2ef5e5e3</td></tr>
<tr>
<td title='testcases.UI_Data_file_termdef.IntelliSense_17_Term_Replace_Ucx()'><b>IntelliSense_17_Term_Replace_Ucx</b><br>Test class: testcases.UI_Data_file_termdef</td>
<td><div><pre>java.lang.AssertionError: The following asserts failed:
	@@line_start [2125] line_end;gui_start java.lang.NullPointerException gui_end
	at org.testng.asserts.SoftAssert.assertAll(SoftAssert.java:43)
	at testcases.UI_Data_file_termdef.IntelliSense_17_Term_Replace_Ucx(UI_Data_file_termdef.java:2210)
	at sun.reflect.NativeMethodAccessorImpl.invoke0(Native Method)
	at sun.reflect.NativeMethodAccessorImpl.invoke(NativeMethodAccessorImpl.java:62)
	at sun.reflect.DelegatingMethodAccessorImpl.invoke(DelegatingMethodAccessorImpl.java:43)
	at java.lang.reflect.Method.invoke(Method.java:498)
	at org.testng.internal.MethodInvocationHelper.invokeMethod(MethodInvocationHelper.java:85)
	at org.testng.internal.Invoker.invokeMethod(Invoker.java:639)
	at org.testng.internal.Invoker.invokeTestMethod(Invoker.java:816)
	at org.testng.internal.Invoker.invokeTestMethods(Invoker.java:1124)
	at org.testng.internal.TestMethodWorker.invokeTestMethods(TestMethodWorker.java:125)
	at org.testng.internal.TestMethodWorker.run(TestMethodWorker.java:108)
	at java.util.concurrent.ThreadPoolExecutor.runWorker(ThreadPoolExecutor.java:1149)
	at java.util.concurrent.ThreadPoolExecutor$Worker.run(ThreadPoolExecutor.java:624)
	at java.lang.Thread.run(Thread.java:748)
</pre></div><a href='#' onClick='toggleBox("stack-trace1909481936", this, "Click to show all stack frames", "Click to hide stack frames")'>Click to show all stack frames</a>
<div class='stack-trace' id='stack-trace1909481936'><pre>java.lang.AssertionError: The following asserts failed:
	@@line_start [2125] line_end;gui_start java.lang.NullPointerException gui_end
	at org.testng.asserts.SoftAssert.assertAll(SoftAssert.java:43)
	at testcases.UI_Data_file_termdef.IntelliSense_17_Term_Replace_Ucx(UI_Data_file_termdef.java:2210)
	at sun.reflect.NativeMethodAccessorImpl.invoke0(Native Method)
	at sun.reflect.NativeMethodAccessorImpl.invoke(NativeMethodAccessorImpl.java:62)
	at sun.reflect.DelegatingMethodAccessorImpl.invoke(DelegatingMethodAccessorImpl.java:43)
	at java.lang.reflect.Method.invoke(Method.java:498)
	at org.testng.internal.MethodInvocationHelper.invokeMethod(MethodInvocationHelper.java:85)
	at org.testng.internal.Invoker.invokeMethod(Invoker.java:639)
	at org.testng.internal.Invoker.invokeTestMethod(Invoker.java:816)
	at org.testng.internal.Invoker.invokeTestMethods(Invoker.java:1124)
	at org.testng.internal.TestMethodWorker.invokeTestMethods(TestMethodWorker.java:125)
	at org.testng.internal.TestMethodWorker.run(TestMethodWorker.java:108)
	at java.util.concurrent.ThreadPoolExecutor.runWorker(ThreadPoolExecutor.java:1149)
	at java.util.concurrent.ThreadPoolExecutor$Worker.run(ThreadPoolExecutor.java:624)
	at java.lang.Thread.run(Thread.java:748)
</pre></div></td>
<td>237</td>
<td>testcases.UI_Data_file_termdef@2ef5e5e3</td></tr>
<tr>
<td title='testcases.UI_Data_file_termdef.IntelliSense_18_Term_Nest_Ucx()'><b>IntelliSense_18_Term_Nest_Ucx</b><br>Test class: testcases.UI_Data_file_termdef</td>
<td><div><pre>java.lang.AssertionError: The following asserts failed:
	@@line_start [2240] line_end;gui_start java.lang.NullPointerException gui_end
	at org.testng.asserts.SoftAssert.assertAll(SoftAssert.java:43)
	at testcases.UI_Data_file_termdef.IntelliSense_18_Term_Nest_Ucx(UI_Data_file_termdef.java:2298)
	at sun.reflect.NativeMethodAccessorImpl.invoke0(Native Method)
	at sun.reflect.NativeMethodAccessorImpl.invoke(NativeMethodAccessorImpl.java:62)
	at sun.reflect.DelegatingMethodAccessorImpl.invoke(DelegatingMethodAccessorImpl.java:43)
	at java.lang.reflect.Method.invoke(Method.java:498)
	at org.testng.internal.MethodInvocationHelper.invokeMethod(MethodInvocationHelper.java:85)
	at org.testng.internal.Invoker.invokeMethod(Invoker.java:639)
	at org.testng.internal.Invoker.invokeTestMethod(Invoker.java:816)
	at org.testng.internal.Invoker.invokeTestMethods(Invoker.java:1124)
	at org.testng.internal.TestMethodWorker.invokeTestMethods(TestMethodWorker.java:125)
	at org.testng.internal.TestMethodWorker.run(TestMethodWorker.java:108)
	at java.util.concurrent.ThreadPoolExecutor.runWorker(ThreadPoolExecutor.java:1149)
	at java.util.concurrent.ThreadPoolExecutor$Worker.run(ThreadPoolExecutor.java:624)
	at java.lang.Thread.run(Thread.java:748)
</pre></div><a href='#' onClick='toggleBox("stack-trace312605418", this, "Click to show all stack frames", "Click to hide stack frames")'>Click to show all stack frames</a>
<div class='stack-trace' id='stack-trace312605418'><pre>java.lang.AssertionError: The following asserts failed:
	@@line_start [2240] line_end;gui_start java.lang.NullPointerException gui_end
	at org.testng.asserts.SoftAssert.assertAll(SoftAssert.java:43)
	at testcases.UI_Data_file_termdef.IntelliSense_18_Term_Nest_Ucx(UI_Data_file_termdef.java:2298)
	at sun.reflect.NativeMethodAccessorImpl.invoke0(Native Method)
	at sun.reflect.NativeMethodAccessorImpl.invoke(NativeMethodAccessorImpl.java:62)
	at sun.reflect.DelegatingMethodAccessorImpl.invoke(DelegatingMethodAccessorImpl.java:43)
	at java.lang.reflect.Method.invoke(Method.java:498)
	at org.testng.internal.MethodInvocationHelper.invokeMethod(MethodInvocationHelper.java:85)
	at org.testng.internal.Invoker.invokeMethod(Invoker.java:639)
	at org.testng.internal.Invoker.invokeTestMethod(Invoker.java:816)
	at org.testng.internal.Invoker.invokeTestMethods(Invoker.java:1124)
	at org.testng.internal.TestMethodWorker.invokeTestMethods(TestMethodWorker.java:125)
	at org.testng.internal.TestMethodWorker.run(TestMethodWorker.java:108)
	at java.util.concurrent.ThreadPoolExecutor.runWorker(ThreadPoolExecutor.java:1149)
	at java.util.concurrent.ThreadPoolExecutor$Worker.run(ThreadPoolExecutor.java:624)
	at java.lang.Thread.run(Thread.java:748)
</pre></div></td>
<td>222</td>
<td>testcases.UI_Data_file_termdef@2ef5e5e3</td></tr>
<tr>
<td title='testcases.UI_Data_file_termdef.IntelliSense_32_Term_TopLevelTerm_TableTerm()'><b>IntelliSense_32_Term_TopLevelTerm_TableTerm</b><br>Test class: testcases.UI_Data_file_termdef</td>
<td><div><pre>java.lang.AssertionError: The following asserts failed:
	@@line_start [2358] line_end; expected [NotFound] but found [Displayed]gui_start By.xpath: //ul[@id=&apos;AutoCompleteMenu&apos; and contains(@style,&apos;display: block&apos;)] gui_end,
	@@line_start [2363] line_end; expected [NotFound] but found [Displayed]gui_start  gui_end,
	@@line_start [2371] line_end; expected [NotFound] but found [Displayed]gui_start  gui_end,
	@@line_start [2372] line_end; expected [NotFound] but found [Displayed]gui_start  gui_end,
	@@line_start [2373] line_end; expected [NotFound] but found [Displayed]gui_start  gui_end,
	@@line_start [2382] line_end; expected [NotFound] but found [Displayed]gui_start By.xpath: //ul[@id=&apos;AutoCompleteMenu&apos; and contains(@style,&apos;display: block&apos;)] gui_end,
	@@line_start [2393] line_end; expected [NotFound] but found [Displayed]gui_start  gui_end,
	@@line_start [2394] line_end; expected [NotFound] but found [Displayed]gui_start  gui_end,
	@@line_start [2417] line_end; expected [NotFound] but found [Displayed]gui_start  gui_end,
	@@line_start [2426] line_end; expected [NotFound] but found [Displayed]gui_start  gui_end,
	@@line_start [2427] line_end;gui_start java.lang.NullPointerException gui_end
	at org.testng.asserts.SoftAssert.assertAll(SoftAssert.java:43)
	at testcases.UI_Data_file_termdef.IntelliSense_32_Term_TopLevelTerm_TableTerm(UI_Data_file_termdef.java:2452)
	at sun.reflect.NativeMethodAccessorImpl.invoke0(Native Method)
	at sun.reflect.NativeMethodAccessorImpl.invoke(NativeMethodAccessorImpl.java:62)
	at sun.reflect.DelegatingMethodAccessorImpl.invoke(DelegatingMethodAccessorImpl.java:43)
	at java.lang.reflect.Method.invoke(Method.java:498)
	at org.testng.internal.MethodInvocationHelper.invokeMethod(MethodInvocationHelper.java:85)
	at org.testng.internal.Invoker.invokeMethod(Invoker.java:639)
	at org.testng.internal.Invoker.invokeTestMethod(Invoker.java:816)
	at org.testng.internal.Invoker.invokeTestMethods(Invoker.java:1124)
	at org.testng.internal.TestMethodWorker.invokeTestMethods(TestMethodWorker.java:125)
	at org.testng.internal.TestMethodWorker.run(TestMethodWorker.java:108)
	at java.util.concurrent.ThreadPoolExecutor.runWorker(ThreadPoolExecutor.java:1149)
	at java.util.concurrent.ThreadPoolExecutor$Worker.run(ThreadPoolExecutor.java:624)
	at java.lang.Thread.run(Thread.java:748)
</pre></div><a href='#' onClick='toggleBox("stack-trace677604554", this, "Click to show all stack frames", "Click to hide stack frames")'>Click to show all stack frames</a>
<div class='stack-trace' id='stack-trace677604554'><pre>java.lang.AssertionError: The following asserts failed:
	@@line_start [2358] line_end; expected [NotFound] but found [Displayed]gui_start By.xpath: //ul[@id=&apos;AutoCompleteMenu&apos; and contains(@style,&apos;display: block&apos;)] gui_end,
	@@line_start [2363] line_end; expected [NotFound] but found [Displayed]gui_start  gui_end,
	@@line_start [2371] line_end; expected [NotFound] but found [Displayed]gui_start  gui_end,
	@@line_start [2372] line_end; expected [NotFound] but found [Displayed]gui_start  gui_end,
	@@line_start [2373] line_end; expected [NotFound] but found [Displayed]gui_start  gui_end,
	@@line_start [2382] line_end; expected [NotFound] but found [Displayed]gui_start By.xpath: //ul[@id=&apos;AutoCompleteMenu&apos; and contains(@style,&apos;display: block&apos;)] gui_end,
	@@line_start [2393] line_end; expected [NotFound] but found [Displayed]gui_start  gui_end,
	@@line_start [2394] line_end; expected [NotFound] but found [Displayed]gui_start  gui_end,
	@@line_start [2417] line_end; expected [NotFound] but found [Displayed]gui_start  gui_end,
	@@line_start [2426] line_end; expected [NotFound] but found [Displayed]gui_start  gui_end,
	@@line_start [2427] line_end;gui_start java.lang.NullPointerException gui_end
	at org.testng.asserts.SoftAssert.assertAll(SoftAssert.java:43)
	at testcases.UI_Data_file_termdef.IntelliSense_32_Term_TopLevelTerm_TableTerm(UI_Data_file_termdef.java:2452)
	at sun.reflect.NativeMethodAccessorImpl.invoke0(Native Method)
	at sun.reflect.NativeMethodAccessorImpl.invoke(NativeMethodAccessorImpl.java:62)
	at sun.reflect.DelegatingMethodAccessorImpl.invoke(DelegatingMethodAccessorImpl.java:43)
	at java.lang.reflect.Method.invoke(Method.java:498)
	at org.testng.internal.MethodInvocationHelper.invokeMethod(MethodInvocationHelper.java:85)
	at org.testng.internal.Invoker.invokeMethod(Invoker.java:639)
	at org.testng.internal.Invoker.invokeTestMethod(Invoker.java:816)
	at org.testng.internal.Invoker.invokeTestMethods(Invoker.java:1124)
	at org.testng.internal.TestMethodWorker.invokeTestMethods(TestMethodWorker.java:125)
	at org.testng.internal.TestMethodWorker.run(TestMethodWorker.java:108)
	at java.util.concurrent.ThreadPoolExecutor.runWorker(ThreadPoolExecutor.java:1149)
	at java.util.concurrent.ThreadPoolExecutor$Worker.run(ThreadPoolExecutor.java:624)
	at java.lang.Thread.run(Thread.java:748)
</pre></div></td>
<td>276</td>
<td>testcases.UI_Data_file_termdef@2ef5e5e3</td></tr>
<tr>
<td title='testcases.UI_Data_file_termdef.IntelliSense_33_Resource_Filter_Rex()'><b>IntelliSense_33_Resource_Filter_Rex</b><br>Test class: testcases.UI_Data_file_termdef</td>
<td><div><pre>java.lang.AssertionError: The following asserts failed:
	@@line_start [2515] line_end; expected [File/User ] but found [Fi]gui_start [[[[ChromeDriver: chrome on XP (485db96a1b4b4487df048d16dfb6439c)] -&gt; xpath: //ul[@id=&apos;AutoCompleteMenu&apos;]/li[1]//strong]] -&gt; xpath: .//span[@style=&apos;color:red;&apos;]] gui_end,
	@@line_start [2523] line_end; expected [NotFound] but found [Displayed]gui_start  gui_end,
	@@line_start [2524] line_end; expected [File/User] but found [File/User ]gui_start [[[[ChromeDriver: chrome on XP (485db96a1b4b4487df048d16dfb6439c)] -&gt; xpath: //ul[@id=&apos;AutoCompleteMenu&apos;]/li//strong]] -&gt; xpath: .//span[@style=&apos;color:red;&apos;]] gui_end,
	@@line_start [2525] line_end; expected [Displayed] but found [NoSuchElement]gui_start element is null gui_end,
	@@line_start [2532] line_end; expected [NotFound] but found [Displayed]gui_start  gui_end
	at org.testng.asserts.SoftAssert.assertAll(SoftAssert.java:43)
	at testcases.UI_Data_file_termdef.IntelliSense_33_Resource_Filter_Rex(UI_Data_file_termdef.java:2544)
	at sun.reflect.NativeMethodAccessorImpl.invoke0(Native Method)
	at sun.reflect.NativeMethodAccessorImpl.invoke(NativeMethodAccessorImpl.java:62)
	at sun.reflect.DelegatingMethodAccessorImpl.invoke(DelegatingMethodAccessorImpl.java:43)
	at java.lang.reflect.Method.invoke(Method.java:498)
	at org.testng.internal.MethodInvocationHelper.invokeMethod(MethodInvocationHelper.java:85)
	at org.testng.internal.Invoker.invokeMethod(Invoker.java:639)
	at org.testng.internal.Invoker.invokeTestMethod(Invoker.java:816)
	at org.testng.internal.Invoker.invokeTestMethods(Invoker.java:1124)
	at org.testng.internal.TestMethodWorker.invokeTestMethods(TestMethodWorker.java:125)
	at org.testng.internal.TestMethodWorker.run(TestMethodWorker.java:108)
	at java.util.concurrent.ThreadPoolExecutor.runWorker(ThreadPoolExecutor.java:1149)
	at java.util.concurrent.ThreadPoolExecutor$Worker.run(ThreadPoolExecutor.java:624)
	at java.lang.Thread.run(Thread.java:748)
</pre></div><a href='#' onClick='toggleBox("stack-trace1167882198", this, "Click to show all stack frames", "Click to hide stack frames")'>Click to show all stack frames</a>
<div class='stack-trace' id='stack-trace1167882198'><pre>java.lang.AssertionError: The following asserts failed:
	@@line_start [2515] line_end; expected [File/User ] but found [Fi]gui_start [[[[ChromeDriver: chrome on XP (485db96a1b4b4487df048d16dfb6439c)] -&gt; xpath: //ul[@id=&apos;AutoCompleteMenu&apos;]/li[1]//strong]] -&gt; xpath: .//span[@style=&apos;color:red;&apos;]] gui_end,
	@@line_start [2523] line_end; expected [NotFound] but found [Displayed]gui_start  gui_end,
	@@line_start [2524] line_end; expected [File/User] but found [File/User ]gui_start [[[[ChromeDriver: chrome on XP (485db96a1b4b4487df048d16dfb6439c)] -&gt; xpath: //ul[@id=&apos;AutoCompleteMenu&apos;]/li//strong]] -&gt; xpath: .//span[@style=&apos;color:red;&apos;]] gui_end,
	@@line_start [2525] line_end; expected [Displayed] but found [NoSuchElement]gui_start element is null gui_end,
	@@line_start [2532] line_end; expected [NotFound] but found [Displayed]gui_start  gui_end
	at org.testng.asserts.SoftAssert.assertAll(SoftAssert.java:43)
	at testcases.UI_Data_file_termdef.IntelliSense_33_Resource_Filter_Rex(UI_Data_file_termdef.java:2544)
	at sun.reflect.NativeMethodAccessorImpl.invoke0(Native Method)
	at sun.reflect.NativeMethodAccessorImpl.invoke(NativeMethodAccessorImpl.java:62)
	at sun.reflect.DelegatingMethodAccessorImpl.invoke(DelegatingMethodAccessorImpl.java:43)
	at java.lang.reflect.Method.invoke(Method.java:498)
	at org.testng.internal.MethodInvocationHelper.invokeMethod(MethodInvocationHelper.java:85)
	at org.testng.internal.Invoker.invokeMethod(Invoker.java:639)
	at org.testng.internal.Invoker.invokeTestMethod(Invoker.java:816)
	at org.testng.internal.Invoker.invokeTestMethods(Invoker.java:1124)
	at org.testng.internal.TestMethodWorker.invokeTestMethods(TestMethodWorker.java:125)
	at org.testng.internal.TestMethodWorker.run(TestMethodWorker.java:108)
	at java.util.concurrent.ThreadPoolExecutor.runWorker(ThreadPoolExecutor.java:1149)
	at java.util.concurrent.ThreadPoolExecutor$Worker.run(ThreadPoolExecutor.java:624)
	at java.lang.Thread.run(Thread.java:748)
</pre></div></td>
<td>107</td>
<td>testcases.UI_Data_file_termdef@2ef5e5e3</td></tr>
<tr>
<td title='testcases.UI_Data_file_termdef.IntelliSense_34_Resource_Operations_Rex()'><b>IntelliSense_34_Resource_Operations_Rex</b><br>Test class: testcases.UI_Data_file_termdef</td>
<td><div><pre>java.lang.AssertionError: The following asserts failed:
	@@line_start [2627] line_end; expected [NotFound] but found [Displayed]gui_start  gui_end,
	@@line_start [2628] line_end; expected [NotFound] but found [Displayed]gui_start  gui_end,
	@@line_start [2629] line_end; expected [NotFound] but found [Displayed]gui_start  gui_end
	at org.testng.asserts.SoftAssert.assertAll(SoftAssert.java:43)
	at testcases.UI_Data_file_termdef.IntelliSense_34_Resource_Operations_Rex(UI_Data_file_termdef.java:2657)
	at sun.reflect.NativeMethodAccessorImpl.invoke0(Native Method)
	at sun.reflect.NativeMethodAccessorImpl.invoke(NativeMethodAccessorImpl.java:62)
	at sun.reflect.DelegatingMethodAccessorImpl.invoke(DelegatingMethodAccessorImpl.java:43)
	at java.lang.reflect.Method.invoke(Method.java:498)
	at org.testng.internal.MethodInvocationHelper.invokeMethod(MethodInvocationHelper.java:85)
	at org.testng.internal.Invoker.invokeMethod(Invoker.java:639)
	at org.testng.internal.Invoker.invokeTestMethod(Invoker.java:816)
	at org.testng.internal.Invoker.invokeTestMethods(Invoker.java:1124)
	at org.testng.internal.TestMethodWorker.invokeTestMethods(TestMethodWorker.java:125)
	at org.testng.internal.TestMethodWorker.run(TestMethodWorker.java:108)
	at java.util.concurrent.ThreadPoolExecutor.runWorker(ThreadPoolExecutor.java:1149)
	at java.util.concurrent.ThreadPoolExecutor$Worker.run(ThreadPoolExecutor.java:624)
	at java.lang.Thread.run(Thread.java:748)
</pre></div><a href='#' onClick='toggleBox("stack-trace300280515", this, "Click to show all stack frames", "Click to hide stack frames")'>Click to show all stack frames</a>
<div class='stack-trace' id='stack-trace300280515'><pre>java.lang.AssertionError: The following asserts failed:
	@@line_start [2627] line_end; expected [NotFound] but found [Displayed]gui_start  gui_end,
	@@line_start [2628] line_end; expected [NotFound] but found [Displayed]gui_start  gui_end,
	@@line_start [2629] line_end; expected [NotFound] but found [Displayed]gui_start  gui_end
	at org.testng.asserts.SoftAssert.assertAll(SoftAssert.java:43)
	at testcases.UI_Data_file_termdef.IntelliSense_34_Resource_Operations_Rex(UI_Data_file_termdef.java:2657)
	at sun.reflect.NativeMethodAccessorImpl.invoke0(Native Method)
	at sun.reflect.NativeMethodAccessorImpl.invoke(NativeMethodAccessorImpl.java:62)
	at sun.reflect.DelegatingMethodAccessorImpl.invoke(DelegatingMethodAccessorImpl.java:43)
	at java.lang.reflect.Method.invoke(Method.java:498)
	at org.testng.internal.MethodInvocationHelper.invokeMethod(MethodInvocationHelper.java:85)
	at org.testng.internal.Invoker.invokeMethod(Invoker.java:639)
	at org.testng.internal.Invoker.invokeTestMethod(Invoker.java:816)
	at org.testng.internal.Invoker.invokeTestMethods(Invoker.java:1124)
	at org.testng.internal.TestMethodWorker.invokeTestMethods(TestMethodWorker.java:125)
	at org.testng.internal.TestMethodWorker.run(TestMethodWorker.java:108)
	at java.util.concurrent.ThreadPoolExecutor.runWorker(ThreadPoolExecutor.java:1149)
	at java.util.concurrent.ThreadPoolExecutor$Worker.run(ThreadPoolExecutor.java:624)
	at java.lang.Thread.run(Thread.java:748)
</pre></div></td>
<td>123</td>
<td>testcases.UI_Data_file_termdef@2ef5e5e3</td></tr>
<tr>
<td title='testcases.UI_Data_file_termdef.IntelliSense_37_Resource_Highlight_EditEffects_Rex()'><b>IntelliSense_37_Resource_Highlight_EditEffects_Rex</b><br>Test class: testcases.UI_Data_file_termdef</td>
<td><div><pre>java.lang.AssertionError: The following asserts failed:
	@@line_start [2948] line_end; expected [NotFound] but found [Displayed]gui_start  gui_end,
	@@line_start [2949] line_end; expected [NotFound] but found [Displayed]gui_start  gui_end
	at org.testng.asserts.SoftAssert.assertAll(SoftAssert.java:43)
	at testcases.UI_Data_file_termdef.IntelliSense_37_Resource_Highlight_EditEffects_Rex(UI_Data_file_termdef.java:2993)
	at sun.reflect.NativeMethodAccessorImpl.invoke0(Native Method)
	at sun.reflect.NativeMethodAccessorImpl.invoke(NativeMethodAccessorImpl.java:62)
	at sun.reflect.DelegatingMethodAccessorImpl.invoke(DelegatingMethodAccessorImpl.java:43)
	at java.lang.reflect.Method.invoke(Method.java:498)
	at org.testng.internal.MethodInvocationHelper.invokeMethod(MethodInvocationHelper.java:85)
	at org.testng.internal.Invoker.invokeMethod(Invoker.java:639)
	at org.testng.internal.Invoker.invokeTestMethod(Invoker.java:816)
	at org.testng.internal.Invoker.invokeTestMethods(Invoker.java:1124)
	at org.testng.internal.TestMethodWorker.invokeTestMethods(TestMethodWorker.java:125)
	at org.testng.internal.TestMethodWorker.run(TestMethodWorker.java:108)
	at java.util.concurrent.ThreadPoolExecutor.runWorker(ThreadPoolExecutor.java:1149)
	at java.util.concurrent.ThreadPoolExecutor$Worker.run(ThreadPoolExecutor.java:624)
	at java.lang.Thread.run(Thread.java:748)
</pre></div><a href='#' onClick='toggleBox("stack-trace2054880421", this, "Click to show all stack frames", "Click to hide stack frames")'>Click to show all stack frames</a>
<div class='stack-trace' id='stack-trace2054880421'><pre>java.lang.AssertionError: The following asserts failed:
	@@line_start [2948] line_end; expected [NotFound] but found [Displayed]gui_start  gui_end,
	@@line_start [2949] line_end; expected [NotFound] but found [Displayed]gui_start  gui_end
	at org.testng.asserts.SoftAssert.assertAll(SoftAssert.java:43)
	at testcases.UI_Data_file_termdef.IntelliSense_37_Resource_Highlight_EditEffects_Rex(UI_Data_file_termdef.java:2993)
	at sun.reflect.NativeMethodAccessorImpl.invoke0(Native Method)
	at sun.reflect.NativeMethodAccessorImpl.invoke(NativeMethodAccessorImpl.java:62)
	at sun.reflect.DelegatingMethodAccessorImpl.invoke(DelegatingMethodAccessorImpl.java:43)
	at java.lang.reflect.Method.invoke(Method.java:498)
	at org.testng.internal.MethodInvocationHelper.invokeMethod(MethodInvocationHelper.java:85)
	at org.testng.internal.Invoker.invokeMethod(Invoker.java:639)
	at org.testng.internal.Invoker.invokeTestMethod(Invoker.java:816)
	at org.testng.internal.Invoker.invokeTestMethods(Invoker.java:1124)
	at org.testng.internal.TestMethodWorker.invokeTestMethods(TestMethodWorker.java:125)
	at org.testng.internal.TestMethodWorker.run(TestMethodWorker.java:108)
	at java.util.concurrent.ThreadPoolExecutor.runWorker(ThreadPoolExecutor.java:1149)
	at java.util.concurrent.ThreadPoolExecutor$Worker.run(ThreadPoolExecutor.java:624)
	at java.lang.Thread.run(Thread.java:748)
</pre></div></td>
<td>150</td>
<td>testcases.UI_Data_file_termdef@2ef5e5e3</td></tr>
<tr>
<td title='testcases.UI_Data_file_termdef.IntelliSense_38_Resource_Filter_Ucx()'><b>IntelliSense_38_Resource_Filter_Ucx</b><br>Test class: testcases.UI_Data_file_termdef</td>
<td><div><pre>java.lang.AssertionError: The following asserts failed:
	@@line_start [3097] line_end; expected [NotFound] but found [Displayed]gui_start  gui_end
	at org.testng.asserts.SoftAssert.assertAll(SoftAssert.java:43)
	at testcases.UI_Data_file_termdef.IntelliSense_38_Resource_Filter_Ucx(UI_Data_file_termdef.java:3107)
	at sun.reflect.NativeMethodAccessorImpl.invoke0(Native Method)
	at sun.reflect.NativeMethodAccessorImpl.invoke(NativeMethodAccessorImpl.java:62)
	at sun.reflect.DelegatingMethodAccessorImpl.invoke(DelegatingMethodAccessorImpl.java:43)
	at java.lang.reflect.Method.invoke(Method.java:498)
	at org.testng.internal.MethodInvocationHelper.invokeMethod(MethodInvocationHelper.java:85)
	at org.testng.internal.Invoker.invokeMethod(Invoker.java:639)
	at org.testng.internal.Invoker.invokeTestMethod(Invoker.java:816)
	at org.testng.internal.Invoker.invokeTestMethods(Invoker.java:1124)
	at org.testng.internal.TestMethodWorker.invokeTestMethods(TestMethodWorker.java:125)
	at org.testng.internal.TestMethodWorker.run(TestMethodWorker.java:108)
	at java.util.concurrent.ThreadPoolExecutor.runWorker(ThreadPoolExecutor.java:1149)
	at java.util.concurrent.ThreadPoolExecutor$Worker.run(ThreadPoolExecutor.java:624)
	at java.lang.Thread.run(Thread.java:748)
</pre></div><a href='#' onClick='toggleBox("stack-trace1955015917", this, "Click to show all stack frames", "Click to hide stack frames")'>Click to show all stack frames</a>
<div class='stack-trace' id='stack-trace1955015917'><pre>java.lang.AssertionError: The following asserts failed:
	@@line_start [3097] line_end; expected [NotFound] but found [Displayed]gui_start  gui_end
	at org.testng.asserts.SoftAssert.assertAll(SoftAssert.java:43)
	at testcases.UI_Data_file_termdef.IntelliSense_38_Resource_Filter_Ucx(UI_Data_file_termdef.java:3107)
	at sun.reflect.NativeMethodAccessorImpl.invoke0(Native Method)
	at sun.reflect.NativeMethodAccessorImpl.invoke(NativeMethodAccessorImpl.java:62)
	at sun.reflect.DelegatingMethodAccessorImpl.invoke(DelegatingMethodAccessorImpl.java:43)
	at java.lang.reflect.Method.invoke(Method.java:498)
	at org.testng.internal.MethodInvocationHelper.invokeMethod(MethodInvocationHelper.java:85)
	at org.testng.internal.Invoker.invokeMethod(Invoker.java:639)
	at org.testng.internal.Invoker.invokeTestMethod(Invoker.java:816)
	at org.testng.internal.Invoker.invokeTestMethods(Invoker.java:1124)
	at org.testng.internal.TestMethodWorker.invokeTestMethods(TestMethodWorker.java:125)
	at org.testng.internal.TestMethodWorker.run(TestMethodWorker.java:108)
	at java.util.concurrent.ThreadPoolExecutor.runWorker(ThreadPoolExecutor.java:1149)
	at java.util.concurrent.ThreadPoolExecutor$Worker.run(ThreadPoolExecutor.java:624)
	at java.lang.Thread.run(Thread.java:748)
</pre></div></td>
<td>114</td>
<td>testcases.UI_Data_file_termdef@2ef5e5e3</td></tr>
<tr>
<td title='testcases.UI_Data_file_termdef.IntelliSense_39_Resource_Operations_Ucx()'><b>IntelliSense_39_Resource_Operations_Ucx</b><br>Test class: testcases.UI_Data_file_termdef</td>
<td><div><pre>java.lang.AssertionError: The following asserts failed:
	@@line_start [3192] line_end;gui_start java.lang.NullPointerException gui_end
	at org.testng.asserts.SoftAssert.assertAll(SoftAssert.java:43)
	at testcases.UI_Data_file_termdef.IntelliSense_39_Resource_Operations_Ucx(UI_Data_file_termdef.java:3260)
	at sun.reflect.NativeMethodAccessorImpl.invoke0(Native Method)
	at sun.reflect.NativeMethodAccessorImpl.invoke(NativeMethodAccessorImpl.java:62)
	at sun.reflect.DelegatingMethodAccessorImpl.invoke(DelegatingMethodAccessorImpl.java:43)
	at java.lang.reflect.Method.invoke(Method.java:498)
	at org.testng.internal.MethodInvocationHelper.invokeMethod(MethodInvocationHelper.java:85)
	at org.testng.internal.Invoker.invokeMethod(Invoker.java:639)
	at org.testng.internal.Invoker.invokeTestMethod(Invoker.java:816)
	at org.testng.internal.Invoker.invokeTestMethods(Invoker.java:1124)
	at org.testng.internal.TestMethodWorker.invokeTestMethods(TestMethodWorker.java:125)
	at org.testng.internal.TestMethodWorker.run(TestMethodWorker.java:108)
	at java.util.concurrent.ThreadPoolExecutor.runWorker(ThreadPoolExecutor.java:1149)
	at java.util.concurrent.ThreadPoolExecutor$Worker.run(ThreadPoolExecutor.java:624)
	at java.lang.Thread.run(Thread.java:748)
</pre></div><a href='#' onClick='toggleBox("stack-trace117418337", this, "Click to show all stack frames", "Click to hide stack frames")'>Click to show all stack frames</a>
<div class='stack-trace' id='stack-trace117418337'><pre>java.lang.AssertionError: The following asserts failed:
	@@line_start [3192] line_end;gui_start java.lang.NullPointerException gui_end
	at org.testng.asserts.SoftAssert.assertAll(SoftAssert.java:43)
	at testcases.UI_Data_file_termdef.IntelliSense_39_Resource_Operations_Ucx(UI_Data_file_termdef.java:3260)
	at sun.reflect.NativeMethodAccessorImpl.invoke0(Native Method)
	at sun.reflect.NativeMethodAccessorImpl.invoke(NativeMethodAccessorImpl.java:62)
	at sun.reflect.DelegatingMethodAccessorImpl.invoke(DelegatingMethodAccessorImpl.java:43)
	at java.lang.reflect.Method.invoke(Method.java:498)
	at org.testng.internal.MethodInvocationHelper.invokeMethod(MethodInvocationHelper.java:85)
	at org.testng.internal.Invoker.invokeMethod(Invoker.java:639)
	at org.testng.internal.Invoker.invokeTestMethod(Invoker.java:816)
	at org.testng.internal.Invoker.invokeTestMethods(Invoker.java:1124)
	at org.testng.internal.TestMethodWorker.invokeTestMethods(TestMethodWorker.java:125)
	at org.testng.internal.TestMethodWorker.run(TestMethodWorker.java:108)
	at java.util.concurrent.ThreadPoolExecutor.runWorker(ThreadPoolExecutor.java:1149)
	at java.util.concurrent.ThreadPoolExecutor$Worker.run(ThreadPoolExecutor.java:624)
	at java.lang.Thread.run(Thread.java:748)
</pre></div></td>
<td>131</td>
<td>testcases.UI_Data_file_termdef@2ef5e5e3</td></tr>
<tr>
<td title='testcases.UI_Data_file_termdef.IntelliSense_40_Resource_Triggers_Ucx()'><b>IntelliSense_40_Resource_Triggers_Ucx</b><br>Test class: testcases.UI_Data_file_termdef</td>
<td><div><pre>java.lang.AssertionError: The following asserts failed:
	@@line_start [3281] line_end; expected [NotFound] but found [Displayed]gui_start By.xpath: //ul[@id=&apos;AutoCompleteMenu&apos; and contains(@style,&apos;display: block&apos;)] gui_end,
	@@line_start [3304] line_end; expected [NotFound] but found [Displayed]gui_start  gui_end,
	@@line_start [3305] line_end; expected [NotFound] but found [Displayed]gui_start  gui_end,
	@@line_start [3306] line_end; expected [NotFound] but found [Displayed]gui_start  gui_end,
	@@line_start [3307] line_end; expected [NotFound] but found [Displayed]gui_start  gui_end,
	@@line_start [3313] line_end; expected [NotFound] but found [Displayed]gui_start  gui_end,
	@@line_start [3325] line_end; expected [NotFound] but found [Displayed]gui_start  gui_end,
	@@line_start [3326] line_end; expected [NotFound] but found [Displayed]gui_start  gui_end,
	@@line_start [3327] line_end; expected [NotFound] but found [Displayed]gui_start  gui_end,
	@@line_start [3339] line_end; expected [NotFound] but found [Displayed]gui_start  gui_end,
	@@line_start [3345] line_end;gui_start java.lang.NullPointerException gui_end
	at org.testng.asserts.SoftAssert.assertAll(SoftAssert.java:43)
	at testcases.UI_Data_file_termdef.IntelliSense_40_Resource_Triggers_Ucx(UI_Data_file_termdef.java:3356)
	at sun.reflect.NativeMethodAccessorImpl.invoke0(Native Method)
	at sun.reflect.NativeMethodAccessorImpl.invoke(NativeMethodAccessorImpl.java:62)
	at sun.reflect.DelegatingMethodAccessorImpl.invoke(DelegatingMethodAccessorImpl.java:43)
	at java.lang.reflect.Method.invoke(Method.java:498)
	at org.testng.internal.MethodInvocationHelper.invokeMethod(MethodInvocationHelper.java:85)
	at org.testng.internal.Invoker.invokeMethod(Invoker.java:639)
	at org.testng.internal.Invoker.invokeTestMethod(Invoker.java:816)
	at org.testng.internal.Invoker.invokeTestMethods(Invoker.java:1124)
	at org.testng.internal.TestMethodWorker.invokeTestMethods(TestMethodWorker.java:125)
	at org.testng.internal.TestMethodWorker.run(TestMethodWorker.java:108)
	at java.util.concurrent.ThreadPoolExecutor.runWorker(ThreadPoolExecutor.java:1149)
	at java.util.concurrent.ThreadPoolExecutor$Worker.run(ThreadPoolExecutor.java:624)
	at java.lang.Thread.run(Thread.java:748)
</pre></div><a href='#' onClick='toggleBox("stack-trace1311597056", this, "Click to show all stack frames", "Click to hide stack frames")'>Click to show all stack frames</a>
<div class='stack-trace' id='stack-trace1311597056'><pre>java.lang.AssertionError: The following asserts failed:
	@@line_start [3281] line_end; expected [NotFound] but found [Displayed]gui_start By.xpath: //ul[@id=&apos;AutoCompleteMenu&apos; and contains(@style,&apos;display: block&apos;)] gui_end,
	@@line_start [3304] line_end; expected [NotFound] but found [Displayed]gui_start  gui_end,
	@@line_start [3305] line_end; expected [NotFound] but found [Displayed]gui_start  gui_end,
	@@line_start [3306] line_end; expected [NotFound] but found [Displayed]gui_start  gui_end,
	@@line_start [3307] line_end; expected [NotFound] but found [Displayed]gui_start  gui_end,
	@@line_start [3313] line_end; expected [NotFound] but found [Displayed]gui_start  gui_end,
	@@line_start [3325] line_end; expected [NotFound] but found [Displayed]gui_start  gui_end,
	@@line_start [3326] line_end; expected [NotFound] but found [Displayed]gui_start  gui_end,
	@@line_start [3327] line_end; expected [NotFound] but found [Displayed]gui_start  gui_end,
	@@line_start [3339] line_end; expected [NotFound] but found [Displayed]gui_start  gui_end,
	@@line_start [3345] line_end;gui_start java.lang.NullPointerException gui_end
	at org.testng.asserts.SoftAssert.assertAll(SoftAssert.java:43)
	at testcases.UI_Data_file_termdef.IntelliSense_40_Resource_Triggers_Ucx(UI_Data_file_termdef.java:3356)
	at sun.reflect.NativeMethodAccessorImpl.invoke0(Native Method)
	at sun.reflect.NativeMethodAccessorImpl.invoke(NativeMethodAccessorImpl.java:62)
	at sun.reflect.DelegatingMethodAccessorImpl.invoke(DelegatingMethodAccessorImpl.java:43)
	at java.lang.reflect.Method.invoke(Method.java:498)
	at org.testng.internal.MethodInvocationHelper.invokeMethod(MethodInvocationHelper.java:85)
	at org.testng.internal.Invoker.invokeMethod(Invoker.java:639)
	at org.testng.internal.Invoker.invokeTestMethod(Invoker.java:816)
	at org.testng.internal.Invoker.invokeTestMethods(Invoker.java:1124)
	at org.testng.internal.TestMethodWorker.invokeTestMethods(TestMethodWorker.java:125)
	at org.testng.internal.TestMethodWorker.run(TestMethodWorker.java:108)
	at java.util.concurrent.ThreadPoolExecutor.runWorker(ThreadPoolExecutor.java:1149)
	at java.util.concurrent.ThreadPoolExecutor$Worker.run(ThreadPoolExecutor.java:624)
	at java.lang.Thread.run(Thread.java:748)
</pre></div></td>
<td>282</td>
<td>testcases.UI_Data_file_termdef@2ef5e5e3</td></tr>
</table><p>
<table width='100%' border='1' class='invocation-passed'>
<tr><td colspan='4' align='center'><b>PASSED TESTS</b></td></tr>
<tr><td><b>Test method</b></td>
<td width="30%"><b>Exception</b></td>
<td width="10%"><b>Time (seconds)</b></td>
<td><b>Instance</b></td>
</tr>
<tr>
<td title='testcases.UI_Data_file_termdef.IntelliSense_11_Term_Operations_Ucx()'><b>IntelliSense_11_Term_Operations_Ucx</b><br>Test class: testcases.UI_Data_file_termdef</td>
<td></td>
<td>130</td>
<td>testcases.UI_Data_file_termdef@2ef5e5e3</td></tr>
<tr>
<td title='testcases.UI_Data_file_termdef.IntelliSense_35_Resource_Triggers_Rex()'><b>IntelliSense_35_Resource_Triggers_Rex</b><br>Test class: testcases.UI_Data_file_termdef</td>
<td></td>
<td>169</td>
<td>testcases.UI_Data_file_termdef@2ef5e5e3</td></tr>
<tr>
<td title='testcases.UI_Data_file_termdef.IntelliSense_36_Resource_Highlight_Realtime_Rex()'><b>IntelliSense_36_Resource_Highlight_Realtime_Rex</b><br>Test class: testcases.UI_Data_file_termdef</td>
<td></td>
<td>510</td>
<td>testcases.UI_Data_file_termdef@2ef5e5e3</td></tr>
</table><p>
</body>
</html>