<?xml version="1.0" encoding="UTF-8"?>
<!-- Generated by org.testng.reporters.JUnitReportReporter -->
<testsuite hostname="FTR3COF93BK8A76" name="testcases.UI_Data_file_termdef" tests="25" failures="22" timestamp="15 Mar 2021 04:26:19 GMT" time="5986.745" errors="0">
  <testcase name="IntelliSense_01_Term_Filter_Rex" time="276.827" classname="testcases.UI_Data_file_termdef">
    <failure type="java.lang.AssertionError" message="The following asserts failed:
	@@line_start [183] line_end; expected [Displayed] but found [NoSuchElement]gui_start element is null gui_end,
	@@line_start [195] line_end; expected [NotFound] but found [Displayed]gui_start  gui_end,
	@@line_start [198] line_end; expected [Use] but found [UseD]gui_start [[[[ChromeDriver: chrome on XP (485db96a1b4b4487df048d16dfb6439c)] -&gt; xpath: //ul[@id=&#039;AutoCompleteMenu&#039;]/li//strong]] -&gt; xpath: .//span[@style=&#039;color:red;&#039;]] gui_end,
	@@line_start [199] line_end; expected [Displayed] but found [NoSuchElement]gui_start element is null gui_end,
	@@line_start [200] line_end; expected [use] but found [user]gui_start [[[[ChromeDriver: chrome on XP (485db96a1b4b4487df048d16dfb6439c)] -&gt; xpath: //ul[@id=&#039;AutoCompleteMenu&#039;]/li//strong]] -&gt; xpath: .//span[@style=&#039;color:red;&#039;]] gui_end,
	@@line_start [204] line_end; expected [NotFound] but found [Displayed]gui_start  gui_end,
	@@line_start [205] line_end; expected [NotFound] but found [Displayed]gui_start  gui_end,
	@@line_start [206] line_end; expected [NotFound] but found [Displayed]gui_start  gui_end,
	@@line_start [207] line_end; expected [NotFound] but found [Displayed]gui_start  gui_end,
	@@line_start [208] line_end;gui_start java.lang.NullPointerException gui_end">
      <![CDATA[java.lang.AssertionError: The following asserts failed:
	@@line_start [183] line_end; expected [Displayed] but found [NoSuchElement]gui_start element is null gui_end,
	@@line_start [195] line_end; expected [NotFound] but found [Displayed]gui_start  gui_end,
	@@line_start [198] line_end; expected [Use] but found [UseD]gui_start [[[[ChromeDriver: chrome on XP (485db96a1b4b4487df048d16dfb6439c)] -> xpath: //ul[@id='AutoCompleteMenu']/li//strong]] -> xpath: .//span[@style='color:red;']] gui_end,
	@@line_start [199] line_end; expected [Displayed] but found [NoSuchElement]gui_start element is null gui_end,
	@@line_start [200] line_end; expected [use] but found [user]gui_start [[[[ChromeDriver: chrome on XP (485db96a1b4b4487df048d16dfb6439c)] -> xpath: //ul[@id='AutoCompleteMenu']/li//strong]] -> xpath: .//span[@style='color:red;']] gui_end,
	@@line_start [204] line_end; expected [NotFound] but found [Displayed]gui_start  gui_end,
	@@line_start [205] line_end; expected [NotFound] but found [Displayed]gui_start  gui_end,
	@@line_start [206] line_end; expected [NotFound] but found [Displayed]gui_start  gui_end,
	@@line_start [207] line_end; expected [NotFound] but found [Displayed]gui_start  gui_end,
	@@line_start [208] line_end;gui_start java.lang.NullPointerException gui_end
	at org.testng.asserts.SoftAssert.assertAll(SoftAssert.java:43)
	at testcases.UI_Data_file_termdef.IntelliSense_01_Term_Filter_Rex(UI_Data_file_termdef.java:269)
	at sun.reflect.NativeMethodAccessorImpl.invoke0(Native Method)
	at sun.reflect.NativeMethodAccessorImpl.invoke(NativeMethodAccessorImpl.java:62)
	at sun.reflect.DelegatingMethodAccessorImpl.invoke(DelegatingMethodAccessorImpl.java:43)
	at java.lang.reflect.Method.invoke(Method.java:498)
	at org.testng.internal.MethodInvocationHelper.invokeMethod(MethodInvocationHelper.java:85)
	at org.testng.internal.Invoker.invokeMethod(Invoker.java:639)
	at org.testng.internal.Invoker.invokeTestMethod(Invoker.java:816)
	at org.testng.internal.Invoker.invokeTestMethods(Invoker.java:1124)
	at org.testng.internal.TestMethodWorker.invokeTestMethods(TestMethodWorker.java:125)
	at org.testng.internal.TestMethodWorker.run(TestMethodWorker.java:108)
	at java.util.concurrent.ThreadPoolExecutor.runWorker(ThreadPoolExecutor.java:1149)
	at java.util.concurrent.ThreadPoolExecutor$Worker.run(ThreadPoolExecutor.java:624)
	at java.lang.Thread.run(Thread.java:748)
]]>
    </failure>
  </testcase> <!-- IntelliSense_01_Term_Filter_Rex -->
  <testcase name="IntelliSense_17_Term_Replace_Ucx" time="257.346" classname="testcases.UI_Data_file_termdef">
    <failure type="java.lang.AssertionError" message="The following asserts failed:
	@@line_start [2125] line_end;gui_start java.lang.NullPointerException gui_end">
      <![CDATA[java.lang.AssertionError: The following asserts failed:
	@@line_start [2125] line_end;gui_start java.lang.NullPointerException gui_end
	at org.testng.asserts.SoftAssert.assertAll(SoftAssert.java:43)
	at testcases.UI_Data_file_termdef.IntelliSense_17_Term_Replace_Ucx(UI_Data_file_termdef.java:2210)
	at sun.reflect.NativeMethodAccessorImpl.invoke0(Native Method)
	at sun.reflect.NativeMethodAccessorImpl.invoke(NativeMethodAccessorImpl.java:62)
	at sun.reflect.DelegatingMethodAccessorImpl.invoke(DelegatingMethodAccessorImpl.java:43)
	at java.lang.reflect.Method.invoke(Method.java:498)
	at org.testng.internal.MethodInvocationHelper.invokeMethod(MethodInvocationHelper.java:85)
	at org.testng.internal.Invoker.invokeMethod(Invoker.java:639)
	at org.testng.internal.Invoker.invokeTestMethod(Invoker.java:816)
	at org.testng.internal.Invoker.invokeTestMethods(Invoker.java:1124)
	at org.testng.internal.TestMethodWorker.invokeTestMethods(TestMethodWorker.java:125)
	at org.testng.internal.TestMethodWorker.run(TestMethodWorker.java:108)
	at java.util.concurrent.ThreadPoolExecutor.runWorker(ThreadPoolExecutor.java:1149)
	at java.util.concurrent.ThreadPoolExecutor$Worker.run(ThreadPoolExecutor.java:624)
	at java.lang.Thread.run(Thread.java:748)
]]>
    </failure>
  </testcase> <!-- IntelliSense_17_Term_Replace_Ucx -->
  <testcase name="IntelliSense_12_Term_Triggers_Ucx" time="144.379" classname="testcases.UI_Data_file_termdef">
    <failure type="java.lang.AssertionError" message="The following asserts failed:
	@@line_start [1561] line_end; expected [NotFound] but found [Displayed]gui_start By.xpath: //ul[@id=&#039;AutoCompleteMenu&#039; and contains(@style,&#039;display: block&#039;)] gui_end">
      <![CDATA[java.lang.AssertionError: The following asserts failed:
	@@line_start [1561] line_end; expected [NotFound] but found [Displayed]gui_start By.xpath: //ul[@id='AutoCompleteMenu' and contains(@style,'display: block')] gui_end
	at org.testng.asserts.SoftAssert.assertAll(SoftAssert.java:43)
	at testcases.UI_Data_file_termdef.IntelliSense_12_Term_Triggers_Ucx(UI_Data_file_termdef.java:1650)
	at sun.reflect.NativeMethodAccessorImpl.invoke0(Native Method)
	at sun.reflect.NativeMethodAccessorImpl.invoke(NativeMethodAccessorImpl.java:62)
	at sun.reflect.DelegatingMethodAccessorImpl.invoke(DelegatingMethodAccessorImpl.java:43)
	at java.lang.reflect.Method.invoke(Method.java:498)
	at org.testng.internal.MethodInvocationHelper.invokeMethod(MethodInvocationHelper.java:85)
	at org.testng.internal.Invoker.invokeMethod(Invoker.java:639)
	at org.testng.internal.Invoker.invokeTestMethod(Invoker.java:816)
	at org.testng.internal.Invoker.invokeTestMethods(Invoker.java:1124)
	at org.testng.internal.TestMethodWorker.invokeTestMethods(TestMethodWorker.java:125)
	at org.testng.internal.TestMethodWorker.run(TestMethodWorker.java:108)
	at java.util.concurrent.ThreadPoolExecutor.runWorker(ThreadPoolExecutor.java:1149)
	at java.util.concurrent.ThreadPoolExecutor$Worker.run(ThreadPoolExecutor.java:624)
	at java.lang.Thread.run(Thread.java:748)
]]>
    </failure>
  </testcase> <!-- IntelliSense_12_Term_Triggers_Ucx -->
  <testcase name="IntelliSense_15_Term_Highlight_Single_Multi_use_Ucx" time="153.530" classname="testcases.UI_Data_file_termdef">
    <failure type="java.lang.AssertionError" message="The following asserts failed:
	@@line_start [1938] line_end; expected [rgba(0, 0, 0, 1)] but found [rgba(255, 0, 0, 1)]">
      <![CDATA[java.lang.AssertionError: The following asserts failed:
	@@line_start [1938] line_end; expected [rgba(0, 0, 0, 1)] but found [rgba(255, 0, 0, 1)]
	at org.testng.asserts.SoftAssert.assertAll(SoftAssert.java:43)
	at testcases.UI_Data_file_termdef.IntelliSense_15_Term_Highlight_Single_Multi_use_Ucx(UI_Data_file_termdef.java:1962)
	at sun.reflect.NativeMethodAccessorImpl.invoke0(Native Method)
	at sun.reflect.NativeMethodAccessorImpl.invoke(NativeMethodAccessorImpl.java:62)
	at sun.reflect.DelegatingMethodAccessorImpl.invoke(DelegatingMethodAccessorImpl.java:43)
	at java.lang.reflect.Method.invoke(Method.java:498)
	at org.testng.internal.MethodInvocationHelper.invokeMethod(MethodInvocationHelper.java:85)
	at org.testng.internal.Invoker.invokeMethod(Invoker.java:639)
	at org.testng.internal.Invoker.invokeTestMethod(Invoker.java:816)
	at org.testng.internal.Invoker.invokeTestMethods(Invoker.java:1124)
	at org.testng.internal.TestMethodWorker.invokeTestMethods(TestMethodWorker.java:125)
	at org.testng.internal.TestMethodWorker.run(TestMethodWorker.java:108)
	at java.util.concurrent.ThreadPoolExecutor.runWorker(ThreadPoolExecutor.java:1149)
	at java.util.concurrent.ThreadPoolExecutor$Worker.run(ThreadPoolExecutor.java:624)
	at java.lang.Thread.run(Thread.java:748)
]]>
    </failure>
  </testcase> <!-- IntelliSense_15_Term_Highlight_Single_Multi_use_Ucx -->
  <testcase name="IntelliSense_33_Resource_Filter_Rex" time="127.607" classname="testcases.UI_Data_file_termdef">
    <failure type="java.lang.AssertionError" message="The following asserts failed:
	@@line_start [2515] line_end; expected [File/User ] but found [Fi]gui_start [[[[ChromeDriver: chrome on XP (485db96a1b4b4487df048d16dfb6439c)] -&gt; xpath: //ul[@id=&#039;AutoCompleteMenu&#039;]/li[1]//strong]] -&gt; xpath: .//span[@style=&#039;color:red;&#039;]] gui_end,
	@@line_start [2523] line_end; expected [NotFound] but found [Displayed]gui_start  gui_end,
	@@line_start [2524] line_end; expected [File/User] but found [File/User ]gui_start [[[[ChromeDriver: chrome on XP (485db96a1b4b4487df048d16dfb6439c)] -&gt; xpath: //ul[@id=&#039;AutoCompleteMenu&#039;]/li//strong]] -&gt; xpath: .//span[@style=&#039;color:red;&#039;]] gui_end,
	@@line_start [2525] line_end; expected [Displayed] but found [NoSuchElement]gui_start element is null gui_end,
	@@line_start [2532] line_end; expected [NotFound] but found [Displayed]gui_start  gui_end">
      <![CDATA[java.lang.AssertionError: The following asserts failed:
	@@line_start [2515] line_end; expected [File/User ] but found [Fi]gui_start [[[[ChromeDriver: chrome on XP (485db96a1b4b4487df048d16dfb6439c)] -> xpath: //ul[@id='AutoCompleteMenu']/li[1]//strong]] -> xpath: .//span[@style='color:red;']] gui_end,
	@@line_start [2523] line_end; expected [NotFound] but found [Displayed]gui_start  gui_end,
	@@line_start [2524] line_end; expected [File/User] but found [File/User ]gui_start [[[[ChromeDriver: chrome on XP (485db96a1b4b4487df048d16dfb6439c)] -> xpath: //ul[@id='AutoCompleteMenu']/li//strong]] -> xpath: .//span[@style='color:red;']] gui_end,
	@@line_start [2525] line_end; expected [Displayed] but found [NoSuchElement]gui_start element is null gui_end,
	@@line_start [2532] line_end; expected [NotFound] but found [Displayed]gui_start  gui_end
	at org.testng.asserts.SoftAssert.assertAll(SoftAssert.java:43)
	at testcases.UI_Data_file_termdef.IntelliSense_33_Resource_Filter_Rex(UI_Data_file_termdef.java:2544)
	at sun.reflect.NativeMethodAccessorImpl.invoke0(Native Method)
	at sun.reflect.NativeMethodAccessorImpl.invoke(NativeMethodAccessorImpl.java:62)
	at sun.reflect.DelegatingMethodAccessorImpl.invoke(DelegatingMethodAccessorImpl.java:43)
	at java.lang.reflect.Method.invoke(Method.java:498)
	at org.testng.internal.MethodInvocationHelper.invokeMethod(MethodInvocationHelper.java:85)
	at org.testng.internal.Invoker.invokeMethod(Invoker.java:639)
	at org.testng.internal.Invoker.invokeTestMethod(Invoker.java:816)
	at org.testng.internal.Invoker.invokeTestMethods(Invoker.java:1124)
	at org.testng.internal.TestMethodWorker.invokeTestMethods(TestMethodWorker.java:125)
	at org.testng.internal.TestMethodWorker.run(TestMethodWorker.java:108)
	at java.util.concurrent.ThreadPoolExecutor.runWorker(ThreadPoolExecutor.java:1149)
	at java.util.concurrent.ThreadPoolExecutor$Worker.run(ThreadPoolExecutor.java:624)
	at java.lang.Thread.run(Thread.java:748)
]]>
    </failure>
  </testcase> <!-- IntelliSense_33_Resource_Filter_Rex -->
  <testcase name="IntelliSense_18_Term_Nest_Ucx" time="242.998" classname="testcases.UI_Data_file_termdef">
    <failure type="java.lang.AssertionError" message="The following asserts failed:
	@@line_start [2240] line_end;gui_start java.lang.NullPointerException gui_end">
      <![CDATA[java.lang.AssertionError: The following asserts failed:
	@@line_start [2240] line_end;gui_start java.lang.NullPointerException gui_end
	at org.testng.asserts.SoftAssert.assertAll(SoftAssert.java:43)
	at testcases.UI_Data_file_termdef.IntelliSense_18_Term_Nest_Ucx(UI_Data_file_termdef.java:2298)
	at sun.reflect.NativeMethodAccessorImpl.invoke0(Native Method)
	at sun.reflect.NativeMethodAccessorImpl.invoke(NativeMethodAccessorImpl.java:62)
	at sun.reflect.DelegatingMethodAccessorImpl.invoke(DelegatingMethodAccessorImpl.java:43)
	at java.lang.reflect.Method.invoke(Method.java:498)
	at org.testng.internal.MethodInvocationHelper.invokeMethod(MethodInvocationHelper.java:85)
	at org.testng.internal.Invoker.invokeMethod(Invoker.java:639)
	at org.testng.internal.Invoker.invokeTestMethod(Invoker.java:816)
	at org.testng.internal.Invoker.invokeTestMethods(Invoker.java:1124)
	at org.testng.internal.TestMethodWorker.invokeTestMethods(TestMethodWorker.java:125)
	at org.testng.internal.TestMethodWorker.run(TestMethodWorker.java:108)
	at java.util.concurrent.ThreadPoolExecutor.runWorker(ThreadPoolExecutor.java:1149)
	at java.util.concurrent.ThreadPoolExecutor$Worker.run(ThreadPoolExecutor.java:624)
	at java.lang.Thread.run(Thread.java:748)
]]>
    </failure>
  </testcase> <!-- IntelliSense_18_Term_Nest_Ucx -->
  <testcase name="IntelliSense_02_Term_Oprations_Rex" time="255.520" classname="testcases.UI_Data_file_termdef">
    <failure type="java.lang.AssertionError" message="The following asserts failed:
	@@line_start [322] line_end; expected [Displayed] but found [NotFound]gui_start [[ChromeDriver: chrome on XP (485db96a1b4b4487df048d16dfb6439c)] -&gt; xpath: //ul[@id=&#039;AutoCompleteMenu&#039;]/li//strong] gui_end,
	@@line_start [323] line_end; expected [Displayed] but found [NotFound]gui_start [[ChromeDriver: chrome on XP (485db96a1b4b4487df048d16dfb6439c)] -&gt; xpath: //ul[@id=&#039;AutoCompleteMenu&#039;]/li//strong] gui_end,
	@@line_start [324] line_end; expected [Displayed] but found [NotFound]gui_start [[ChromeDriver: chrome on XP (485db96a1b4b4487df048d16dfb6439c)] -&gt; xpath: //ul[@id=&#039;AutoCompleteMenu&#039;]/li//strong] gui_end,
	@@line_start [325] line_end; expected [Displayed] but found [NotFound]gui_start [[ChromeDriver: chrome on XP (485db96a1b4b4487df048d16dfb6439c)] -&gt; xpath: //ul[@id=&#039;AutoCompleteMenu&#039;]/li//strong] gui_end,
	@@line_start [333] line_end; expected [Great&lt;Northern Mariana Islands&gt;] but found [Great&lt;North]gui_start [[ChromeDriver: chrome on XP (485db96a1b4b4487df048d16dfb6439c)] -&gt; xpath: //*[@id=&#039;rexDiv&#039;]/div[4]/*[local-name()=&#039;svg&#039;]/*[local-name()=&#039;g&#039;]/*[local-name()=&#039;g&#039;][2]/*[local-name()=&#039;g&#039; and contains(@transform,&#039;translate&#039;) and @locationindex=&#039;2&#039;]/following-sibling::*[local-name()=&#039;g&#039;]//div[contains(@xmlns,&#039;http&#039;)]] gui_end,
	@@line_start [347] line_end;gui_start org.openqa.selenium.NoSuchElementException: no such element: Unable to locate element: {&quot;method&quot;:&quot;xpath&quot;,&quot;selector&quot;:&quot;//*[@id=&#039;rexDiv&#039;]/div[4]/*[local-name()=&#039;svg&#039;]/*[local-name()=&#039;g&#039;]/*[local-name()=&#039;g&#039;][2]/*[local-name()=&#039;g&#039; and contains(@transform,&#039;translate&#039;) and @locationindex=&#039;2&#039;]/following-sibling::*[local-name()=&#039;g&#039;]//div//span[@style=&#039;color: green&#039;]&quot;}
  (Session info: chrome=88.0.4324.96)
  (Driver info: chromedriver=88.0.4324.96 (68dba2d8a0b149a1d3afac56fa74648032bcf46b-refs/branch-heads/4324@{#1784}),platform=Windows NT 6.1.7601 SP1 x86_64) (WARNING: The server did not provide any stacktrace information)
Command duration or timeout: 9.06 seconds
For documentation on this error, please visit: http://seleniumhq.org/exceptions/no_such_element.html
Build info: version: &#039;2.53.0&#039;, revision: &#039;35ae25b&#039;, time: &#039;2016-03-15 16:57:40&#039;
System info: host: &#039;FTR3COF93BK8A76&#039;, ip: &#039;192.168.0.201&#039;, os.name: &#039;Windows 7&#039;, os.arch: &#039;amd64&#039;, os.version: &#039;6.1&#039;, java.version: &#039;1.8.0_144&#039;
Driver info: org.openqa.selenium.chrome.ChromeDriver
Capabilities [{mobileEmulationEnabled=false, timeouts={implicit=0, pageLoad=300000, script=30000}, hasTouchScreen=false, platform=XP, acceptSslCerts=false, goog:chromeOptions={debuggerAddress=localhost:60127}, acceptInsecureCerts=false, webStorageEnabled=true, browserName=chrome, takesScreenshot=true, javascriptEnabled=true, setWindowRect=true, webauthn:extension:largeBlob=true, unexpectedAlertBehaviour=ignore, applicationCacheEnabled=false, rotatable=false, networkConnectionEnabled=false, chrome={chromedriverVersion=88.0.4324.96 (68dba2d8a0b149a1d3afac56fa74648032bcf46b-refs/branch-heads/4324@{#1784}), userDataDir=C:\Users\yulei\AppData\Local\Temp\scoped_dir9612_595983487}, takesHeapSnapshot=true, pageLoadStrategy=normal, strictFileInteractability=false, databaseEnabled=false, handlesAlerts=true, version=88.0.4324.96, browserConnectionEnabled=false, proxy={}, nativeEvents=true, locationContextEnabled=true, cssSelectorsEnabled=true, webauthn:virtualAuthenticators=true}]
Session ID: 485db96a1b4b4487df048d16dfb6439c
*** Element info: {Using=xpath, value=//*[@id=&#039;rexDiv&#039;]/div[4]/*[local-name()=&#039;svg&#039;]/*[local-name()=&#039;g&#039;]/*[local-name()=&#039;g&#039;][2]/*[local-name()=&#039;g&#039; and contains(@transform,&#039;translate&#039;) and @locationindex=&#039;2&#039;]/following-sibling::*[local-name()=&#039;g&#039;]//div//span[@style=&#039;color: green&#039;]} gui_end">
      <![CDATA[java.lang.AssertionError: The following asserts failed:
	@@line_start [322] line_end; expected [Displayed] but found [NotFound]gui_start [[ChromeDriver: chrome on XP (485db96a1b4b4487df048d16dfb6439c)] -> xpath: //ul[@id='AutoCompleteMenu']/li//strong] gui_end,
	@@line_start [323] line_end; expected [Displayed] but found [NotFound]gui_start [[ChromeDriver: chrome on XP (485db96a1b4b4487df048d16dfb6439c)] -> xpath: //ul[@id='AutoCompleteMenu']/li//strong] gui_end,
	@@line_start [324] line_end; expected [Displayed] but found [NotFound]gui_start [[ChromeDriver: chrome on XP (485db96a1b4b4487df048d16dfb6439c)] -> xpath: //ul[@id='AutoCompleteMenu']/li//strong] gui_end,
	@@line_start [325] line_end; expected [Displayed] but found [NotFound]gui_start [[ChromeDriver: chrome on XP (485db96a1b4b4487df048d16dfb6439c)] -> xpath: //ul[@id='AutoCompleteMenu']/li//strong] gui_end,
	@@line_start [333] line_end; expected [Great<Northern Mariana Islands>] but found [Great<North]gui_start [[ChromeDriver: chrome on XP (485db96a1b4b4487df048d16dfb6439c)] -> xpath: //*[@id='rexDiv']/div[4]/*[local-name()='svg']/*[local-name()='g']/*[local-name()='g'][2]/*[local-name()='g' and contains(@transform,'translate') and @locationindex='2']/following-sibling::*[local-name()='g']//div[contains(@xmlns,'http')]] gui_end,
	@@line_start [347] line_end;gui_start org.openqa.selenium.NoSuchElementException: no such element: Unable to locate element: {"method":"xpath","selector":"//*[@id='rexDiv']/div[4]/*[local-name()='svg']/*[local-name()='g']/*[local-name()='g'][2]/*[local-name()='g' and contains(@transform,'translate') and @locationindex='2']/following-sibling::*[local-name()='g']//div//span[@style='color: green']"}
  (Session info: chrome=88.0.4324.96)
  (Driver info: chromedriver=88.0.4324.96 (68dba2d8a0b149a1d3afac56fa74648032bcf46b-refs/branch-heads/4324@{#1784}),platform=Windows NT 6.1.7601 SP1 x86_64) (WARNING: The server did not provide any stacktrace information)
Command duration or timeout: 9.06 seconds
For documentation on this error, please visit: http://seleniumhq.org/exceptions/no_such_element.html
Build info: version: '2.53.0', revision: '35ae25b', time: '2016-03-15 16:57:40'
System info: host: 'FTR3COF93BK8A76', ip: '192.168.0.201', os.name: 'Windows 7', os.arch: 'amd64', os.version: '6.1', java.version: '1.8.0_144'
Driver info: org.openqa.selenium.chrome.ChromeDriver
Capabilities [{mobileEmulationEnabled=false, timeouts={implicit=0, pageLoad=300000, script=30000}, hasTouchScreen=false, platform=XP, acceptSslCerts=false, goog:chromeOptions={debuggerAddress=localhost:60127}, acceptInsecureCerts=false, webStorageEnabled=true, browserName=chrome, takesScreenshot=true, javascriptEnabled=true, setWindowRect=true, webauthn:extension:largeBlob=true, unexpectedAlertBehaviour=ignore, applicationCacheEnabled=false, rotatable=false, networkConnectionEnabled=false, chrome={chromedriverVersion=88.0.4324.96 (68dba2d8a0b149a1d3afac56fa74648032bcf46b-refs/branch-heads/4324@{#1784}), userDataDir=C:\Users\yulei\AppData\Local\Temp\scoped_dir9612_595983487}, takesHeapSnapshot=true, pageLoadStrategy=normal, strictFileInteractability=false, databaseEnabled=false, handlesAlerts=true, version=88.0.4324.96, browserConnectionEnabled=false, proxy={}, nativeEvents=true, locationContextEnabled=true, cssSelectorsEnabled=true, webauthn:virtualAuthenticators=true}]
Session ID: 485db96a1b4b4487df048d16dfb6439c
*** Element info: {Using=xpath, value=//*[@id='rexDiv']/div[4]/*[local-name()='svg']/*[local-name()='g']/*[local-name()='g'][2]/*[local-name()='g' and contains(@transform,'translate') and @locationindex='2']/following-sibling::*[local-name()='g']//div//span[@style='color: green']} gui_end
	at org.testng.asserts.SoftAssert.assertAll(SoftAssert.java:43)
	at testcases.UI_Data_file_termdef.IntelliSense_02_Term_Oprations_Rex(UI_Data_file_termdef.java:364)
	at sun.reflect.NativeMethodAccessorImpl.invoke0(Native Method)
	at sun.reflect.NativeMethodAccessorImpl.invoke(NativeMethodAccessorImpl.java:62)
	at sun.reflect.DelegatingMethodAccessorImpl.invoke(DelegatingMethodAccessorImpl.java:43)
	at java.lang.reflect.Method.invoke(Method.java:498)
	at org.testng.internal.MethodInvocationHelper.invokeMethod(MethodInvocationHelper.java:85)
	at org.testng.internal.Invoker.invokeMethod(Invoker.java:639)
	at org.testng.internal.Invoker.invokeTestMethod(Invoker.java:816)
	at org.testng.internal.Invoker.invokeTestMethods(Invoker.java:1124)
	at org.testng.internal.TestMethodWorker.invokeTestMethods(TestMethodWorker.java:125)
	at org.testng.internal.TestMethodWorker.run(TestMethodWorker.java:108)
	at java.util.concurrent.ThreadPoolExecutor.runWorker(ThreadPoolExecutor.java:1149)
	at java.util.concurrent.ThreadPoolExecutor$Worker.run(ThreadPoolExecutor.java:624)
	at java.lang.Thread.run(Thread.java:748)
]]>
    </failure>
  </testcase> <!-- IntelliSense_02_Term_Oprations_Rex -->
  <testcase name="IntelliSense_11_Term_Operations_Ucx" time="150.999" classname="testcases.UI_Data_file_termdef"/>
  <testcase name="IntelliSense_08_Term_Replace_Rex" time="127.891" classname="testcases.UI_Data_file_termdef">
    <failure type="java.lang.AssertionError" message="The following asserts failed:
	@@line_start [1119] line_end; expected [NotFound] but found [Displayed]gui_start  gui_end,
	@@line_start [1120] line_end; expected [NotFound] but found [Displayed]gui_start  gui_end,
	@@line_start [1152] line_end; expected [NotFound] but found [Displayed]gui_start  gui_end,
	@@line_start [1153] line_end; expected [NotFound] but found [Displayed]gui_start  gui_end">
      <![CDATA[java.lang.AssertionError: The following asserts failed:
	@@line_start [1119] line_end; expected [NotFound] but found [Displayed]gui_start  gui_end,
	@@line_start [1120] line_end; expected [NotFound] but found [Displayed]gui_start  gui_end,
	@@line_start [1152] line_end; expected [NotFound] but found [Displayed]gui_start  gui_end,
	@@line_start [1153] line_end; expected [NotFound] but found [Displayed]gui_start  gui_end
	at org.testng.asserts.SoftAssert.assertAll(SoftAssert.java:43)
	at testcases.UI_Data_file_termdef.IntelliSense_08_Term_Replace_Rex(UI_Data_file_termdef.java:1165)
	at sun.reflect.NativeMethodAccessorImpl.invoke0(Native Method)
	at sun.reflect.NativeMethodAccessorImpl.invoke(NativeMethodAccessorImpl.java:62)
	at sun.reflect.DelegatingMethodAccessorImpl.invoke(DelegatingMethodAccessorImpl.java:43)
	at java.lang.reflect.Method.invoke(Method.java:498)
	at org.testng.internal.MethodInvocationHelper.invokeMethod(MethodInvocationHelper.java:85)
	at org.testng.internal.Invoker.invokeMethod(Invoker.java:639)
	at org.testng.internal.Invoker.invokeTestMethod(Invoker.java:816)
	at org.testng.internal.Invoker.invokeTestMethods(Invoker.java:1124)
	at org.testng.internal.TestMethodWorker.invokeTestMethods(TestMethodWorker.java:125)
	at org.testng.internal.TestMethodWorker.run(TestMethodWorker.java:108)
	at java.util.concurrent.ThreadPoolExecutor.runWorker(ThreadPoolExecutor.java:1149)
	at java.util.concurrent.ThreadPoolExecutor$Worker.run(ThreadPoolExecutor.java:624)
	at java.lang.Thread.run(Thread.java:748)
]]>
    </failure>
  </testcase> <!-- IntelliSense_08_Term_Replace_Rex -->
  <testcase name="IntelliSense_09_Term_Nest_Rex" time="258.374" classname="testcases.UI_Data_file_termdef">
    <failure type="java.lang.AssertionError" message="The following asserts failed:
	@@line_start [1188] line_end; expected [NotFound] but found [Displayed]gui_start  gui_end,
	@@line_start [1189] line_end; expected [NotFound] but found [Displayed]gui_start  gui_end,
	@@line_start [1191] line_end; expected [NotFound] but found [Displayed]gui_start  gui_end,
	@@line_start [1193] line_end; expected [NotFound] but found [Displayed]gui_start  gui_end,
	@@line_start [1196] line_end;gui_start java.lang.NullPointerException gui_end">
      <![CDATA[java.lang.AssertionError: The following asserts failed:
	@@line_start [1188] line_end; expected [NotFound] but found [Displayed]gui_start  gui_end,
	@@line_start [1189] line_end; expected [NotFound] but found [Displayed]gui_start  gui_end,
	@@line_start [1191] line_end; expected [NotFound] but found [Displayed]gui_start  gui_end,
	@@line_start [1193] line_end; expected [NotFound] but found [Displayed]gui_start  gui_end,
	@@line_start [1196] line_end;gui_start java.lang.NullPointerException gui_end
	at org.testng.asserts.SoftAssert.assertAll(SoftAssert.java:43)
	at testcases.UI_Data_file_termdef.IntelliSense_09_Term_Nest_Rex(UI_Data_file_termdef.java:1297)
	at sun.reflect.NativeMethodAccessorImpl.invoke0(Native Method)
	at sun.reflect.NativeMethodAccessorImpl.invoke(NativeMethodAccessorImpl.java:62)
	at sun.reflect.DelegatingMethodAccessorImpl.invoke(DelegatingMethodAccessorImpl.java:43)
	at java.lang.reflect.Method.invoke(Method.java:498)
	at org.testng.internal.MethodInvocationHelper.invokeMethod(MethodInvocationHelper.java:85)
	at org.testng.internal.Invoker.invokeMethod(Invoker.java:639)
	at org.testng.internal.Invoker.invokeTestMethod(Invoker.java:816)
	at org.testng.internal.Invoker.invokeTestMethods(Invoker.java:1124)
	at org.testng.internal.TestMethodWorker.invokeTestMethods(TestMethodWorker.java:125)
	at org.testng.internal.TestMethodWorker.run(TestMethodWorker.java:108)
	at java.util.concurrent.ThreadPoolExecutor.runWorker(ThreadPoolExecutor.java:1149)
	at java.util.concurrent.ThreadPoolExecutor$Worker.run(ThreadPoolExecutor.java:624)
	at java.lang.Thread.run(Thread.java:748)
]]>
    </failure>
  </testcase> <!-- IntelliSense_09_Term_Nest_Rex -->
  <testcase name="IntelliSense_04_Term_Orange_Rex" time="234.215" classname="testcases.UI_Data_file_termdef">
    <failure type="java.lang.AssertionError" message="The following asserts failed:
	@@line_start [513] line_end; expected [Displayed] but found [NoSuchElement]gui_start element is null gui_end,
	@@line_start [514] line_end; expected [Displayed] but found [NoSuchElement]gui_start element is null gui_end,
	@@line_start [535] line_end;gui_start java.lang.NullPointerException gui_end">
      <![CDATA[java.lang.AssertionError: The following asserts failed:
	@@line_start [513] line_end; expected [Displayed] but found [NoSuchElement]gui_start element is null gui_end,
	@@line_start [514] line_end; expected [Displayed] but found [NoSuchElement]gui_start element is null gui_end,
	@@line_start [535] line_end;gui_start java.lang.NullPointerException gui_end
	at org.testng.asserts.SoftAssert.assertAll(SoftAssert.java:43)
	at testcases.UI_Data_file_termdef.IntelliSense_04_Term_Orange_Rex(UI_Data_file_termdef.java:640)
	at sun.reflect.NativeMethodAccessorImpl.invoke0(Native Method)
	at sun.reflect.NativeMethodAccessorImpl.invoke(NativeMethodAccessorImpl.java:62)
	at sun.reflect.DelegatingMethodAccessorImpl.invoke(DelegatingMethodAccessorImpl.java:43)
	at java.lang.reflect.Method.invoke(Method.java:498)
	at org.testng.internal.MethodInvocationHelper.invokeMethod(MethodInvocationHelper.java:85)
	at org.testng.internal.Invoker.invokeMethod(Invoker.java:639)
	at org.testng.internal.Invoker.invokeTestMethod(Invoker.java:816)
	at org.testng.internal.Invoker.invokeTestMethods(Invoker.java:1124)
	at org.testng.internal.TestMethodWorker.invokeTestMethods(TestMethodWorker.java:125)
	at org.testng.internal.TestMethodWorker.run(TestMethodWorker.java:108)
	at java.util.concurrent.ThreadPoolExecutor.runWorker(ThreadPoolExecutor.java:1149)
	at java.util.concurrent.ThreadPoolExecutor$Worker.run(ThreadPoolExecutor.java:624)
	at java.lang.Thread.run(Thread.java:748)
]]>
    </failure>
  </testcase> <!-- IntelliSense_04_Term_Orange_Rex -->
  <testcase name="IntelliSense_07_Term_Highlight_EditEffects_Rex" time="173.073" classname="testcases.UI_Data_file_termdef">
    <failure type="java.lang.AssertionError" message="The following asserts failed:
	@@line_start [843] line_end; expected [NotFound] but found [Displayed]gui_start  gui_end,
	@@line_start [844] line_end; expected [NotFound] but found [Displayed]gui_start  gui_end,
	@@line_start [845] line_end; expected [NotFound] but found [Displayed]gui_start  gui_end,
	@@line_start [846] line_end; expected [NotFound] but found [Displayed]gui_start  gui_end">
      <![CDATA[java.lang.AssertionError: The following asserts failed:
	@@line_start [843] line_end; expected [NotFound] but found [Displayed]gui_start  gui_end,
	@@line_start [844] line_end; expected [NotFound] but found [Displayed]gui_start  gui_end,
	@@line_start [845] line_end; expected [NotFound] but found [Displayed]gui_start  gui_end,
	@@line_start [846] line_end; expected [NotFound] but found [Displayed]gui_start  gui_end
	at org.testng.asserts.SoftAssert.assertAll(SoftAssert.java:43)
	at testcases.UI_Data_file_termdef.IntelliSense_07_Term_Highlight_EditEffects_Rex(UI_Data_file_termdef.java:948)
	at sun.reflect.NativeMethodAccessorImpl.invoke0(Native Method)
	at sun.reflect.NativeMethodAccessorImpl.invoke(NativeMethodAccessorImpl.java:62)
	at sun.reflect.DelegatingMethodAccessorImpl.invoke(DelegatingMethodAccessorImpl.java:43)
	at java.lang.reflect.Method.invoke(Method.java:498)
	at org.testng.internal.MethodInvocationHelper.invokeMethod(MethodInvocationHelper.java:85)
	at org.testng.internal.Invoker.invokeMethod(Invoker.java:639)
	at org.testng.internal.Invoker.invokeTestMethod(Invoker.java:816)
	at org.testng.internal.Invoker.invokeTestMethods(Invoker.java:1124)
	at org.testng.internal.TestMethodWorker.invokeTestMethods(TestMethodWorker.java:125)
	at org.testng.internal.TestMethodWorker.run(TestMethodWorker.java:108)
	at java.util.concurrent.ThreadPoolExecutor.runWorker(ThreadPoolExecutor.java:1149)
	at java.util.concurrent.ThreadPoolExecutor$Worker.run(ThreadPoolExecutor.java:624)
	at java.lang.Thread.run(Thread.java:748)
]]>
    </failure>
  </testcase> <!-- IntelliSense_07_Term_Highlight_EditEffects_Rex -->
  <testcase name="IntelliSense_39_Resource_Operations_Ucx" time="151.516" classname="testcases.UI_Data_file_termdef">
    <failure type="java.lang.AssertionError" message="The following asserts failed:
	@@line_start [3192] line_end;gui_start java.lang.NullPointerException gui_end">
      <![CDATA[java.lang.AssertionError: The following asserts failed:
	@@line_start [3192] line_end;gui_start java.lang.NullPointerException gui_end
	at org.testng.asserts.SoftAssert.assertAll(SoftAssert.java:43)
	at testcases.UI_Data_file_termdef.IntelliSense_39_Resource_Operations_Ucx(UI_Data_file_termdef.java:3260)
	at sun.reflect.NativeMethodAccessorImpl.invoke0(Native Method)
	at sun.reflect.NativeMethodAccessorImpl.invoke(NativeMethodAccessorImpl.java:62)
	at sun.reflect.DelegatingMethodAccessorImpl.invoke(DelegatingMethodAccessorImpl.java:43)
	at java.lang.reflect.Method.invoke(Method.java:498)
	at org.testng.internal.MethodInvocationHelper.invokeMethod(MethodInvocationHelper.java:85)
	at org.testng.internal.Invoker.invokeMethod(Invoker.java:639)
	at org.testng.internal.Invoker.invokeTestMethod(Invoker.java:816)
	at org.testng.internal.Invoker.invokeTestMethods(Invoker.java:1124)
	at org.testng.internal.TestMethodWorker.invokeTestMethods(TestMethodWorker.java:125)
	at org.testng.internal.TestMethodWorker.run(TestMethodWorker.java:108)
	at java.util.concurrent.ThreadPoolExecutor.runWorker(ThreadPoolExecutor.java:1149)
	at java.util.concurrent.ThreadPoolExecutor$Worker.run(ThreadPoolExecutor.java:624)
	at java.lang.Thread.run(Thread.java:748)
]]>
    </failure>
  </testcase> <!-- IntelliSense_39_Resource_Operations_Ucx -->
  <testcase name="IntelliSense_37_Resource_Highlight_EditEffects_Rex" time="170.298" classname="testcases.UI_Data_file_termdef">
    <failure type="java.lang.AssertionError" message="The following asserts failed:
	@@line_start [2948] line_end; expected [NotFound] but found [Displayed]gui_start  gui_end,
	@@line_start [2949] line_end; expected [NotFound] but found [Displayed]gui_start  gui_end">
      <![CDATA[java.lang.AssertionError: The following asserts failed:
	@@line_start [2948] line_end; expected [NotFound] but found [Displayed]gui_start  gui_end,
	@@line_start [2949] line_end; expected [NotFound] but found [Displayed]gui_start  gui_end
	at org.testng.asserts.SoftAssert.assertAll(SoftAssert.java:43)
	at testcases.UI_Data_file_termdef.IntelliSense_37_Resource_Highlight_EditEffects_Rex(UI_Data_file_termdef.java:2993)
	at sun.reflect.NativeMethodAccessorImpl.invoke0(Native Method)
	at sun.reflect.NativeMethodAccessorImpl.invoke(NativeMethodAccessorImpl.java:62)
	at sun.reflect.DelegatingMethodAccessorImpl.invoke(DelegatingMethodAccessorImpl.java:43)
	at java.lang.reflect.Method.invoke(Method.java:498)
	at org.testng.internal.MethodInvocationHelper.invokeMethod(MethodInvocationHelper.java:85)
	at org.testng.internal.Invoker.invokeMethod(Invoker.java:639)
	at org.testng.internal.Invoker.invokeTestMethod(Invoker.java:816)
	at org.testng.internal.Invoker.invokeTestMethods(Invoker.java:1124)
	at org.testng.internal.TestMethodWorker.invokeTestMethods(TestMethodWorker.java:125)
	at org.testng.internal.TestMethodWorker.run(TestMethodWorker.java:108)
	at java.util.concurrent.ThreadPoolExecutor.runWorker(ThreadPoolExecutor.java:1149)
	at java.util.concurrent.ThreadPoolExecutor$Worker.run(ThreadPoolExecutor.java:624)
	at java.lang.Thread.run(Thread.java:748)
]]>
    </failure>
  </testcase> <!-- IntelliSense_37_Resource_Highlight_EditEffects_Rex -->
  <testcase name="IntelliSense_06_Term_Highlight_SingleMulti_use_Rex" time="119.052" classname="testcases.UI_Data_file_termdef">
    <failure type="java.lang.AssertionError" message="The following asserts failed:
	@@line_start [786] line_end; expected [NotFound] but found [Displayed]gui_start  gui_end">
      <![CDATA[java.lang.AssertionError: The following asserts failed:
	@@line_start [786] line_end; expected [NotFound] but found [Displayed]gui_start  gui_end
	at org.testng.asserts.SoftAssert.assertAll(SoftAssert.java:43)
	at testcases.UI_Data_file_termdef.IntelliSense_06_Term_Highlight_SingleMulti_use_Rex(UI_Data_file_termdef.java:806)
	at sun.reflect.NativeMethodAccessorImpl.invoke0(Native Method)
	at sun.reflect.NativeMethodAccessorImpl.invoke(NativeMethodAccessorImpl.java:62)
	at sun.reflect.DelegatingMethodAccessorImpl.invoke(DelegatingMethodAccessorImpl.java:43)
	at java.lang.reflect.Method.invoke(Method.java:498)
	at org.testng.internal.MethodInvocationHelper.invokeMethod(MethodInvocationHelper.java:85)
	at org.testng.internal.Invoker.invokeMethod(Invoker.java:639)
	at org.testng.internal.Invoker.invokeTestMethod(Invoker.java:816)
	at org.testng.internal.Invoker.invokeTestMethods(Invoker.java:1124)
	at org.testng.internal.TestMethodWorker.invokeTestMethods(TestMethodWorker.java:125)
	at org.testng.internal.TestMethodWorker.run(TestMethodWorker.java:108)
	at java.util.concurrent.ThreadPoolExecutor.runWorker(ThreadPoolExecutor.java:1149)
	at java.util.concurrent.ThreadPoolExecutor$Worker.run(ThreadPoolExecutor.java:624)
	at java.lang.Thread.run(Thread.java:748)
]]>
    </failure>
  </testcase> <!-- IntelliSense_06_Term_Highlight_SingleMulti_use_Rex -->
  <testcase name="IntelliSense_35_Resource_Triggers_Rex" time="189.239" classname="testcases.UI_Data_file_termdef"/>
  <testcase name="IntelliSense_36_Resource_Highlight_Realtime_Rex" time="530.937" classname="testcases.UI_Data_file_termdef"/>
  <testcase name="IntelliSense_34_Resource_Operations_Rex" time="143.838" classname="testcases.UI_Data_file_termdef">
    <failure type="java.lang.AssertionError" message="The following asserts failed:
	@@line_start [2627] line_end; expected [NotFound] but found [Displayed]gui_start  gui_end,
	@@line_start [2628] line_end; expected [NotFound] but found [Displayed]gui_start  gui_end,
	@@line_start [2629] line_end; expected [NotFound] but found [Displayed]gui_start  gui_end">
      <![CDATA[java.lang.AssertionError: The following asserts failed:
	@@line_start [2627] line_end; expected [NotFound] but found [Displayed]gui_start  gui_end,
	@@line_start [2628] line_end; expected [NotFound] but found [Displayed]gui_start  gui_end,
	@@line_start [2629] line_end; expected [NotFound] but found [Displayed]gui_start  gui_end
	at org.testng.asserts.SoftAssert.assertAll(SoftAssert.java:43)
	at testcases.UI_Data_file_termdef.IntelliSense_34_Resource_Operations_Rex(UI_Data_file_termdef.java:2657)
	at sun.reflect.NativeMethodAccessorImpl.invoke0(Native Method)
	at sun.reflect.NativeMethodAccessorImpl.invoke(NativeMethodAccessorImpl.java:62)
	at sun.reflect.DelegatingMethodAccessorImpl.invoke(DelegatingMethodAccessorImpl.java:43)
	at java.lang.reflect.Method.invoke(Method.java:498)
	at org.testng.internal.MethodInvocationHelper.invokeMethod(MethodInvocationHelper.java:85)
	at org.testng.internal.Invoker.invokeMethod(Invoker.java:639)
	at org.testng.internal.Invoker.invokeTestMethod(Invoker.java:816)
	at org.testng.internal.Invoker.invokeTestMethods(Invoker.java:1124)
	at org.testng.internal.TestMethodWorker.invokeTestMethods(TestMethodWorker.java:125)
	at org.testng.internal.TestMethodWorker.run(TestMethodWorker.java:108)
	at java.util.concurrent.ThreadPoolExecutor.runWorker(ThreadPoolExecutor.java:1149)
	at java.util.concurrent.ThreadPoolExecutor$Worker.run(ThreadPoolExecutor.java:624)
	at java.lang.Thread.run(Thread.java:748)
]]>
    </failure>
  </testcase> <!-- IntelliSense_34_Resource_Operations_Rex -->
  <testcase name="IntelliSense_32_Term_TopLevelTerm_TableTerm" time="297.058" classname="testcases.UI_Data_file_termdef">
    <failure type="java.lang.AssertionError" message="The following asserts failed:
	@@line_start [2358] line_end; expected [NotFound] but found [Displayed]gui_start By.xpath: //ul[@id=&#039;AutoCompleteMenu&#039; and contains(@style,&#039;display: block&#039;)] gui_end,
	@@line_start [2363] line_end; expected [NotFound] but found [Displayed]gui_start  gui_end,
	@@line_start [2371] line_end; expected [NotFound] but found [Displayed]gui_start  gui_end,
	@@line_start [2372] line_end; expected [NotFound] but found [Displayed]gui_start  gui_end,
	@@line_start [2373] line_end; expected [NotFound] but found [Displayed]gui_start  gui_end,
	@@line_start [2382] line_end; expected [NotFound] but found [Displayed]gui_start By.xpath: //ul[@id=&#039;AutoCompleteMenu&#039; and contains(@style,&#039;display: block&#039;)] gui_end,
	@@line_start [2393] line_end; expected [NotFound] but found [Displayed]gui_start  gui_end,
	@@line_start [2394] line_end; expected [NotFound] but found [Displayed]gui_start  gui_end,
	@@line_start [2417] line_end; expected [NotFound] but found [Displayed]gui_start  gui_end,
	@@line_start [2426] line_end; expected [NotFound] but found [Displayed]gui_start  gui_end,
	@@line_start [2427] line_end;gui_start java.lang.NullPointerException gui_end">
      <![CDATA[java.lang.AssertionError: The following asserts failed:
	@@line_start [2358] line_end; expected [NotFound] but found [Displayed]gui_start By.xpath: //ul[@id='AutoCompleteMenu' and contains(@style,'display: block')] gui_end,
	@@line_start [2363] line_end; expected [NotFound] but found [Displayed]gui_start  gui_end,
	@@line_start [2371] line_end; expected [NotFound] but found [Displayed]gui_start  gui_end,
	@@line_start [2372] line_end; expected [NotFound] but found [Displayed]gui_start  gui_end,
	@@line_start [2373] line_end; expected [NotFound] but found [Displayed]gui_start  gui_end,
	@@line_start [2382] line_end; expected [NotFound] but found [Displayed]gui_start By.xpath: //ul[@id='AutoCompleteMenu' and contains(@style,'display: block')] gui_end,
	@@line_start [2393] line_end; expected [NotFound] but found [Displayed]gui_start  gui_end,
	@@line_start [2394] line_end; expected [NotFound] but found [Displayed]gui_start  gui_end,
	@@line_start [2417] line_end; expected [NotFound] but found [Displayed]gui_start  gui_end,
	@@line_start [2426] line_end; expected [NotFound] but found [Displayed]gui_start  gui_end,
	@@line_start [2427] line_end;gui_start java.lang.NullPointerException gui_end
	at org.testng.asserts.SoftAssert.assertAll(SoftAssert.java:43)
	at testcases.UI_Data_file_termdef.IntelliSense_32_Term_TopLevelTerm_TableTerm(UI_Data_file_termdef.java:2452)
	at sun.reflect.NativeMethodAccessorImpl.invoke0(Native Method)
	at sun.reflect.NativeMethodAccessorImpl.invoke(NativeMethodAccessorImpl.java:62)
	at sun.reflect.DelegatingMethodAccessorImpl.invoke(DelegatingMethodAccessorImpl.java:43)
	at java.lang.reflect.Method.invoke(Method.java:498)
	at org.testng.internal.MethodInvocationHelper.invokeMethod(MethodInvocationHelper.java:85)
	at org.testng.internal.Invoker.invokeMethod(Invoker.java:639)
	at org.testng.internal.Invoker.invokeTestMethod(Invoker.java:816)
	at org.testng.internal.Invoker.invokeTestMethods(Invoker.java:1124)
	at org.testng.internal.TestMethodWorker.invokeTestMethods(TestMethodWorker.java:125)
	at org.testng.internal.TestMethodWorker.run(TestMethodWorker.java:108)
	at java.util.concurrent.ThreadPoolExecutor.runWorker(ThreadPoolExecutor.java:1149)
	at java.util.concurrent.ThreadPoolExecutor$Worker.run(ThreadPoolExecutor.java:624)
	at java.lang.Thread.run(Thread.java:748)
]]>
    </failure>
  </testcase> <!-- IntelliSense_32_Term_TopLevelTerm_TableTerm -->
  <testcase name="IntelliSense_38_Resource_Filter_Ucx" time="135.190" classname="testcases.UI_Data_file_termdef">
    <failure type="java.lang.AssertionError" message="The following asserts failed:
	@@line_start [3097] line_end; expected [NotFound] but found [Displayed]gui_start  gui_end">
      <![CDATA[java.lang.AssertionError: The following asserts failed:
	@@line_start [3097] line_end; expected [NotFound] but found [Displayed]gui_start  gui_end
	at org.testng.asserts.SoftAssert.assertAll(SoftAssert.java:43)
	at testcases.UI_Data_file_termdef.IntelliSense_38_Resource_Filter_Ucx(UI_Data_file_termdef.java:3107)
	at sun.reflect.NativeMethodAccessorImpl.invoke0(Native Method)
	at sun.reflect.NativeMethodAccessorImpl.invoke(NativeMethodAccessorImpl.java:62)
	at sun.reflect.DelegatingMethodAccessorImpl.invoke(DelegatingMethodAccessorImpl.java:43)
	at java.lang.reflect.Method.invoke(Method.java:498)
	at org.testng.internal.MethodInvocationHelper.invokeMethod(MethodInvocationHelper.java:85)
	at org.testng.internal.Invoker.invokeMethod(Invoker.java:639)
	at org.testng.internal.Invoker.invokeTestMethod(Invoker.java:816)
	at org.testng.internal.Invoker.invokeTestMethods(Invoker.java:1124)
	at org.testng.internal.TestMethodWorker.invokeTestMethods(TestMethodWorker.java:125)
	at org.testng.internal.TestMethodWorker.run(TestMethodWorker.java:108)
	at java.util.concurrent.ThreadPoolExecutor.runWorker(ThreadPoolExecutor.java:1149)
	at java.util.concurrent.ThreadPoolExecutor$Worker.run(ThreadPoolExecutor.java:624)
	at java.lang.Thread.run(Thread.java:748)
]]>
    </failure>
  </testcase> <!-- IntelliSense_38_Resource_Filter_Ucx -->
  <testcase name="IntelliSense_14_Term_Highlight_Realtime_Ucx" time="687.306" classname="testcases.UI_Data_file_termdef">
    <failure type="java.lang.AssertionError" message="The following asserts failed:
	@@line_start [1784] line_end; expected [Not found] but found [Training cyberobject/uitest_cyberobject_com_cn/intellisensetest/data/IntelliSense/termhighlight_domain.xlsx success !]gui_start  gui_end,
	@@line_start [1791] line_end; expected [rgba(0, 128, 0, 1)] but found [rgba(255, 0, 0, 1)],
	@@line_start [1792] line_end; expected [rgba(255, 165, 0, 1)] but found [rgba(0, 128, 0, 1)],
	@@line_start [1827] line_end; expected [rgba(0, 128, 0, 1)] but found [rgba(255, 0, 0, 1)],
	@@line_start [1828] line_end; expected [rgba(255, 165, 0, 1)] but found [rgba(0, 128, 0, 1)],
	@@line_start [1835] line_end; expected [rgba(0, 128, 0, 1)] but found [rgba(255, 0, 0, 1)],
	@@line_start [1836] line_end; expected [rgba(255, 165, 0, 1)] but found [rgba(0, 128, 0, 1)],
	@@line_start [1856] line_end; expected [rgba(0, 128, 0, 1)] but found [rgba(255, 0, 0, 1)],
	@@line_start [1857] line_end; expected [rgba(255, 165, 0, 1)] but found [rgba(0, 128, 0, 1)],
	@@line_start [1864] line_end; expected [rgba(0, 128, 0, 1)] but found [rgba(255, 0, 0, 1)],
	@@line_start [1865] line_end; expected [rgba(255, 165, 0, 1)] but found [rgba(0, 128, 0, 1)],
	@@line_start [1871] line_end; expected [rgba(0, 128, 0, 1)] but found [rgba(255, 0, 0, 1)],
	@@line_start [1872] line_end; expected [rgba(255, 165, 0, 1)] but found [rgba(0, 128, 0, 1)]">
      <![CDATA[java.lang.AssertionError: The following asserts failed:
	@@line_start [1784] line_end; expected [Not found] but found [Training cyberobject/uitest_cyberobject_com_cn/intellisensetest/data/IntelliSense/termhighlight_domain.xlsx success !]gui_start  gui_end,
	@@line_start [1791] line_end; expected [rgba(0, 128, 0, 1)] but found [rgba(255, 0, 0, 1)],
	@@line_start [1792] line_end; expected [rgba(255, 165, 0, 1)] but found [rgba(0, 128, 0, 1)],
	@@line_start [1827] line_end; expected [rgba(0, 128, 0, 1)] but found [rgba(255, 0, 0, 1)],
	@@line_start [1828] line_end; expected [rgba(255, 165, 0, 1)] but found [rgba(0, 128, 0, 1)],
	@@line_start [1835] line_end; expected [rgba(0, 128, 0, 1)] but found [rgba(255, 0, 0, 1)],
	@@line_start [1836] line_end; expected [rgba(255, 165, 0, 1)] but found [rgba(0, 128, 0, 1)],
	@@line_start [1856] line_end; expected [rgba(0, 128, 0, 1)] but found [rgba(255, 0, 0, 1)],
	@@line_start [1857] line_end; expected [rgba(255, 165, 0, 1)] but found [rgba(0, 128, 0, 1)],
	@@line_start [1864] line_end; expected [rgba(0, 128, 0, 1)] but found [rgba(255, 0, 0, 1)],
	@@line_start [1865] line_end; expected [rgba(255, 165, 0, 1)] but found [rgba(0, 128, 0, 1)],
	@@line_start [1871] line_end; expected [rgba(0, 128, 0, 1)] but found [rgba(255, 0, 0, 1)],
	@@line_start [1872] line_end; expected [rgba(255, 165, 0, 1)] but found [rgba(0, 128, 0, 1)]
	at org.testng.asserts.SoftAssert.assertAll(SoftAssert.java:43)
	at testcases.UI_Data_file_termdef.IntelliSense_14_Term_Highlight_Realtime_Ucx(UI_Data_file_termdef.java:1889)
	at sun.reflect.NativeMethodAccessorImpl.invoke0(Native Method)
	at sun.reflect.NativeMethodAccessorImpl.invoke(NativeMethodAccessorImpl.java:62)
	at sun.reflect.DelegatingMethodAccessorImpl.invoke(DelegatingMethodAccessorImpl.java:43)
	at java.lang.reflect.Method.invoke(Method.java:498)
	at org.testng.internal.MethodInvocationHelper.invokeMethod(MethodInvocationHelper.java:85)
	at org.testng.internal.Invoker.invokeMethod(Invoker.java:639)
	at org.testng.internal.Invoker.invokeTestMethod(Invoker.java:816)
	at org.testng.internal.Invoker.invokeTestMethods(Invoker.java:1124)
	at org.testng.internal.TestMethodWorker.invokeTestMethods(TestMethodWorker.java:125)
	at org.testng.internal.TestMethodWorker.run(TestMethodWorker.java:108)
	at java.util.concurrent.ThreadPoolExecutor.runWorker(ThreadPoolExecutor.java:1149)
	at java.util.concurrent.ThreadPoolExecutor$Worker.run(ThreadPoolExecutor.java:624)
	at java.lang.Thread.run(Thread.java:748)
]]>
    </failure>
  </testcase> <!-- IntelliSense_14_Term_Highlight_Realtime_Ucx -->
  <testcase name="IntelliSense_40_Resource_Triggers_Ucx" time="302.261" classname="testcases.UI_Data_file_termdef">
    <failure type="java.lang.AssertionError" message="The following asserts failed:
	@@line_start [3281] line_end; expected [NotFound] but found [Displayed]gui_start By.xpath: //ul[@id=&#039;AutoCompleteMenu&#039; and contains(@style,&#039;display: block&#039;)] gui_end,
	@@line_start [3304] line_end; expected [NotFound] but found [Displayed]gui_start  gui_end,
	@@line_start [3305] line_end; expected [NotFound] but found [Displayed]gui_start  gui_end,
	@@line_start [3306] line_end; expected [NotFound] but found [Displayed]gui_start  gui_end,
	@@line_start [3307] line_end; expected [NotFound] but found [Displayed]gui_start  gui_end,
	@@line_start [3313] line_end; expected [NotFound] but found [Displayed]gui_start  gui_end,
	@@line_start [3325] line_end; expected [NotFound] but found [Displayed]gui_start  gui_end,
	@@line_start [3326] line_end; expected [NotFound] but found [Displayed]gui_start  gui_end,
	@@line_start [3327] line_end; expected [NotFound] but found [Displayed]gui_start  gui_end,
	@@line_start [3339] line_end; expected [NotFound] but found [Displayed]gui_start  gui_end,
	@@line_start [3345] line_end;gui_start java.lang.NullPointerException gui_end">
      <![CDATA[java.lang.AssertionError: The following asserts failed:
	@@line_start [3281] line_end; expected [NotFound] but found [Displayed]gui_start By.xpath: //ul[@id='AutoCompleteMenu' and contains(@style,'display: block')] gui_end,
	@@line_start [3304] line_end; expected [NotFound] but found [Displayed]gui_start  gui_end,
	@@line_start [3305] line_end; expected [NotFound] but found [Displayed]gui_start  gui_end,
	@@line_start [3306] line_end; expected [NotFound] but found [Displayed]gui_start  gui_end,
	@@line_start [3307] line_end; expected [NotFound] but found [Displayed]gui_start  gui_end,
	@@line_start [3313] line_end; expected [NotFound] but found [Displayed]gui_start  gui_end,
	@@line_start [3325] line_end; expected [NotFound] but found [Displayed]gui_start  gui_end,
	@@line_start [3326] line_end; expected [NotFound] but found [Displayed]gui_start  gui_end,
	@@line_start [3327] line_end; expected [NotFound] but found [Displayed]gui_start  gui_end,
	@@line_start [3339] line_end; expected [NotFound] but found [Displayed]gui_start  gui_end,
	@@line_start [3345] line_end;gui_start java.lang.NullPointerException gui_end
	at org.testng.asserts.SoftAssert.assertAll(SoftAssert.java:43)
	at testcases.UI_Data_file_termdef.IntelliSense_40_Resource_Triggers_Ucx(UI_Data_file_termdef.java:3356)
	at sun.reflect.NativeMethodAccessorImpl.invoke0(Native Method)
	at sun.reflect.NativeMethodAccessorImpl.invoke(NativeMethodAccessorImpl.java:62)
	at sun.reflect.DelegatingMethodAccessorImpl.invoke(DelegatingMethodAccessorImpl.java:43)
	at java.lang.reflect.Method.invoke(Method.java:498)
	at org.testng.internal.MethodInvocationHelper.invokeMethod(MethodInvocationHelper.java:85)
	at org.testng.internal.Invoker.invokeMethod(Invoker.java:639)
	at org.testng.internal.Invoker.invokeTestMethod(Invoker.java:816)
	at org.testng.internal.Invoker.invokeTestMethods(Invoker.java:1124)
	at org.testng.internal.TestMethodWorker.invokeTestMethods(TestMethodWorker.java:125)
	at org.testng.internal.TestMethodWorker.run(TestMethodWorker.java:108)
	at java.util.concurrent.ThreadPoolExecutor.runWorker(ThreadPoolExecutor.java:1149)
	at java.util.concurrent.ThreadPoolExecutor$Worker.run(ThreadPoolExecutor.java:624)
	at java.lang.Thread.run(Thread.java:748)
]]>
    </failure>
  </testcase> <!-- IntelliSense_40_Resource_Triggers_Ucx -->
  <testcase name="IntelliSense_03_Term_Triggers_Rex" time="232.018" classname="testcases.UI_Data_file_termdef">
    <failure type="java.lang.AssertionError" message="The following asserts failed:
	@@line_start [414] line_end; expected [NotFound] but found [Displayed]gui_start By.xpath: //ul[@id=&#039;AutoCompleteMenu&#039; and contains(@style,&#039;display: block&#039;)] gui_end">
      <![CDATA[java.lang.AssertionError: The following asserts failed:
	@@line_start [414] line_end; expected [NotFound] but found [Displayed]gui_start By.xpath: //ul[@id='AutoCompleteMenu' and contains(@style,'display: block')] gui_end
	at org.testng.asserts.SoftAssert.assertAll(SoftAssert.java:43)
	at testcases.UI_Data_file_termdef.IntelliSense_03_Term_Triggers_Rex(UI_Data_file_termdef.java:485)
	at sun.reflect.NativeMethodAccessorImpl.invoke0(Native Method)
	at sun.reflect.NativeMethodAccessorImpl.invoke(NativeMethodAccessorImpl.java:62)
	at sun.reflect.DelegatingMethodAccessorImpl.invoke(DelegatingMethodAccessorImpl.java:43)
	at java.lang.reflect.Method.invoke(Method.java:498)
	at org.testng.internal.MethodInvocationHelper.invokeMethod(MethodInvocationHelper.java:85)
	at org.testng.internal.Invoker.invokeMethod(Invoker.java:639)
	at org.testng.internal.Invoker.invokeTestMethod(Invoker.java:816)
	at org.testng.internal.Invoker.invokeTestMethods(Invoker.java:1124)
	at org.testng.internal.TestMethodWorker.invokeTestMethods(TestMethodWorker.java:125)
	at org.testng.internal.TestMethodWorker.run(TestMethodWorker.java:108)
	at java.util.concurrent.ThreadPoolExecutor.runWorker(ThreadPoolExecutor.java:1149)
	at java.util.concurrent.ThreadPoolExecutor$Worker.run(ThreadPoolExecutor.java:624)
	at java.lang.Thread.run(Thread.java:748)
]]>
    </failure>
  </testcase> <!-- IntelliSense_03_Term_Triggers_Rex -->
  <testcase name="IntelliSense_13_Term_Orange_Ucx" time="190.789" classname="testcases.UI_Data_file_termdef">
    <failure type="java.lang.AssertionError" message="The following asserts failed:
	@@line_start [1669] line_end; expected [NotFound] but found [Displayed]gui_start  gui_end,
	@@line_start [1670] line_end; expected [NotFound] but found [Displayed]gui_start  gui_end,
	@@line_start [1684] line_end;gui_start java.lang.NullPointerException gui_end">
      <![CDATA[java.lang.AssertionError: The following asserts failed:
	@@line_start [1669] line_end; expected [NotFound] but found [Displayed]gui_start  gui_end,
	@@line_start [1670] line_end; expected [NotFound] but found [Displayed]gui_start  gui_end,
	@@line_start [1684] line_end;gui_start java.lang.NullPointerException gui_end
	at org.testng.asserts.SoftAssert.assertAll(SoftAssert.java:43)
	at testcases.UI_Data_file_termdef.IntelliSense_13_Term_Orange_Ucx(UI_Data_file_termdef.java:1749)
	at sun.reflect.NativeMethodAccessorImpl.invoke0(Native Method)
	at sun.reflect.NativeMethodAccessorImpl.invoke(NativeMethodAccessorImpl.java:62)
	at sun.reflect.DelegatingMethodAccessorImpl.invoke(DelegatingMethodAccessorImpl.java:43)
	at java.lang.reflect.Method.invoke(Method.java:498)
	at org.testng.internal.MethodInvocationHelper.invokeMethod(MethodInvocationHelper.java:85)
	at org.testng.internal.Invoker.invokeMethod(Invoker.java:639)
	at org.testng.internal.Invoker.invokeTestMethod(Invoker.java:816)
	at org.testng.internal.Invoker.invokeTestMethods(Invoker.java:1124)
	at org.testng.internal.TestMethodWorker.invokeTestMethods(TestMethodWorker.java:125)
	at org.testng.internal.TestMethodWorker.run(TestMethodWorker.java:108)
	at java.util.concurrent.ThreadPoolExecutor.runWorker(ThreadPoolExecutor.java:1149)
	at java.util.concurrent.ThreadPoolExecutor$Worker.run(ThreadPoolExecutor.java:624)
	at java.lang.Thread.run(Thread.java:748)
]]>
    </failure>
  </testcase> <!-- IntelliSense_13_Term_Orange_Ucx -->
  <testcase name="IntelliSense_10_Term_Filter_Ucx" time="434.484" classname="testcases.UI_Data_file_termdef">
    <failure type="java.lang.AssertionError" message="The following asserts failed:
	@@line_start [1325] line_end; expected [NotFound] but found [Displayed]gui_start  gui_end,
	@@line_start [1327] line_end; expected [NotFound] but found [Displayed]gui_start  gui_end,
	@@line_start [1337] line_end; expected [NotFound] but found [Displayed]gui_start  gui_end,
	@@line_start [1338] line_end; expected [NotFound] but found [Displayed]gui_start  gui_end,
	@@line_start [1344] line_end; expected [NotFound] but found [Displayed]gui_start  gui_end,
	@@line_start [1349] line_end; expected [Displayed] but found [NoSuchElement]gui_start element is null gui_end,
	@@line_start [1350] line_end; expected [Displayed] but found [NoSuchElement]gui_start element is null gui_end,
	@@line_start [1351] line_end; expected [Displayed] but found [NoSuchElement]gui_start element is null gui_end,
	@@line_start [1352] line_end; expected [Displayed] but found [NoSuchElement]gui_start element is null gui_end,
	@@line_start [1353] line_end; expected [Displayed] but found [NoSuchElement]gui_start element is null gui_end,
	@@line_start [1354] line_end; expected [Displayed] but found [NoSuchElement]gui_start element is null gui_end,
	@@line_start [1359] line_end; expected [NotFound] but found [Displayed]gui_start  gui_end,
	@@line_start [1364] line_end; expected [Displayed] but found [NoSuchElement]gui_start element is null gui_end,
	@@line_start [1365] line_end; expected [Displayed] but found [NoSuchElement]gui_start element is null gui_end,
	@@line_start [1366] line_end; expected [Displayed] but found [NoSuchElement]gui_start element is null gui_end,
	@@line_start [1367] line_end; expected [Displayed] but found [NoSuchElement]gui_start element is null gui_end,
	@@line_start [1368] line_end; expected [Displayed] but found [NoSuchElement]gui_start element is null gui_end,
	@@line_start [1369] line_end; expected [Displayed] but found [NoSuchElement]gui_start element is null gui_end,
	@@line_start [1370] line_end; expected [Displayed] but found [NoSuchElement]gui_start element is null gui_end,
	@@line_start [1371] line_end; expected [Displayed] but found [NoSuchElement]gui_start element is null gui_end,
	@@line_start [1379] line_end; expected [Displayed] but found [NoSuchElement]gui_start element is null gui_end,
	@@line_start [1380] line_end; expected [Displayed] but found [NoSuchElement]gui_start element is null gui_end,
	@@line_start [1381] line_end; expected [Displayed] but found [NoSuchElement]gui_start element is null gui_end,
	@@line_start [1382] line_end; expected [Displayed] but found [NoSuchElement]gui_start element is null gui_end,
	@@line_start [1383] line_end; expected [Displayed] but found [NoSuchElement]gui_start element is null gui_end,
	@@line_start [1384] line_end; expected [Displayed] but found [NoSuchElement]gui_start element is null gui_end,
	@@line_start [1390] line_end; expected [Displayed] but found [NoSuchElement]gui_start element is null gui_end,
	@@line_start [1391] line_end; expected [Displayed] but found [NoSuchElement]gui_start element is null gui_end,
	@@line_start [1392] line_end; expected [Displayed] but found [NoSuchElement]gui_start element is null gui_end,
	@@line_start [1393] line_end; expected [Displayed] but found [NoSuchElement]gui_start element is null gui_end">
      <![CDATA[java.lang.AssertionError: The following asserts failed:
	@@line_start [1325] line_end; expected [NotFound] but found [Displayed]gui_start  gui_end,
	@@line_start [1327] line_end; expected [NotFound] but found [Displayed]gui_start  gui_end,
	@@line_start [1337] line_end; expected [NotFound] but found [Displayed]gui_start  gui_end,
	@@line_start [1338] line_end; expected [NotFound] but found [Displayed]gui_start  gui_end,
	@@line_start [1344] line_end; expected [NotFound] but found [Displayed]gui_start  gui_end,
	@@line_start [1349] line_end; expected [Displayed] but found [NoSuchElement]gui_start element is null gui_end,
	@@line_start [1350] line_end; expected [Displayed] but found [NoSuchElement]gui_start element is null gui_end,
	@@line_start [1351] line_end; expected [Displayed] but found [NoSuchElement]gui_start element is null gui_end,
	@@line_start [1352] line_end; expected [Displayed] but found [NoSuchElement]gui_start element is null gui_end,
	@@line_start [1353] line_end; expected [Displayed] but found [NoSuchElement]gui_start element is null gui_end,
	@@line_start [1354] line_end; expected [Displayed] but found [NoSuchElement]gui_start element is null gui_end,
	@@line_start [1359] line_end; expected [NotFound] but found [Displayed]gui_start  gui_end,
	@@line_start [1364] line_end; expected [Displayed] but found [NoSuchElement]gui_start element is null gui_end,
	@@line_start [1365] line_end; expected [Displayed] but found [NoSuchElement]gui_start element is null gui_end,
	@@line_start [1366] line_end; expected [Displayed] but found [NoSuchElement]gui_start element is null gui_end,
	@@line_start [1367] line_end; expected [Displayed] but found [NoSuchElement]gui_start element is null gui_end,
	@@line_start [1368] line_end; expected [Displayed] but found [NoSuchElement]gui_start element is null gui_end,
	@@line_start [1369] line_end; expected [Displayed] but found [NoSuchElement]gui_start element is null gui_end,
	@@line_start [1370] line_end; expected [Displayed] but found [NoSuchElement]gui_start element is null gui_end,
	@@line_start [1371] line_end; expected [Displayed] but found [NoSuchElement]gui_start element is null gui_end,
	@@line_start [1379] line_end; expected [Displayed] but found [NoSuchElement]gui_start element is null gui_end,
	@@line_start [1380] line_end; expected [Displayed] but found [NoSuchElement]gui_start element is null gui_end,
	@@line_start [1381] line_end; expected [Displayed] but found [NoSuchElement]gui_start element is null gui_end,
	@@line_start [1382] line_end; expected [Displayed] but found [NoSuchElement]gui_start element is null gui_end,
	@@line_start [1383] line_end; expected [Displayed] but found [NoSuchElement]gui_start element is null gui_end,
	@@line_start [1384] line_end; expected [Displayed] but found [NoSuchElement]gui_start element is null gui_end,
	@@line_start [1390] line_end; expected [Displayed] but found [NoSuchElement]gui_start element is null gui_end,
	@@line_start [1391] line_end; expected [Displayed] but found [NoSuchElement]gui_start element is null gui_end,
	@@line_start [1392] line_end; expected [Displayed] but found [NoSuchElement]gui_start element is null gui_end,
	@@line_start [1393] line_end; expected [Displayed] but found [NoSuchElement]gui_start element is null gui_end
	at org.testng.asserts.SoftAssert.assertAll(SoftAssert.java:43)
	at testcases.UI_Data_file_termdef.IntelliSense_10_Term_Filter_Ucx(UI_Data_file_termdef.java:1409)
	at sun.reflect.NativeMethodAccessorImpl.invoke0(Native Method)
	at sun.reflect.NativeMethodAccessorImpl.invoke(NativeMethodAccessorImpl.java:62)
	at sun.reflect.DelegatingMethodAccessorImpl.invoke(DelegatingMethodAccessorImpl.java:43)
	at java.lang.reflect.Method.invoke(Method.java:498)
	at org.testng.internal.MethodInvocationHelper.invokeMethod(MethodInvocationHelper.java:85)
	at org.testng.internal.Invoker.invokeMethod(Invoker.java:639)
	at org.testng.internal.Invoker.invokeTestMethod(Invoker.java:816)
	at org.testng.internal.Invoker.invokeTestMethods(Invoker.java:1124)
	at org.testng.internal.TestMethodWorker.invokeTestMethods(TestMethodWorker.java:125)
	at org.testng.internal.TestMethodWorker.run(TestMethodWorker.java:108)
	at java.util.concurrent.ThreadPoolExecutor.runWorker(ThreadPoolExecutor.java:1149)
	at java.util.concurrent.ThreadPoolExecutor$Worker.run(ThreadPoolExecutor.java:624)
	at java.lang.Thread.run(Thread.java:748)
]]>
    </failure>
  </testcase> <!-- IntelliSense_10_Term_Filter_Ucx -->
</testsuite> <!-- testcases.UI_Data_file_termdef -->
