<?xml version="1.0" encoding="UTF-8"?>
<!-- Generated by org.testng.reporters.JUnitReportReporter -->
<testsuite hostname="FTR3COF93BK8A76" name="testcases.UI_Data_file_termdef" tests="1" failures="1" timestamp="2 Apr 2021 08:59:38 GMT" time="216.953" errors="0">
  <testcase name="IntelliSense_42_Resource_Highlight_EditEffects_Ucx" time="216.953" classname="testcases.UI_Data_file_termdef">
    <failure type="java.lang.AssertionError" message="The following asserts failed:
	@@line_start [3561] line_end;gui_start org.openqa.selenium.NoSuchFrameException: No frame element found by name or id ucx_file_iframe
Build info: version: &#039;2.53.0&#039;, revision: &#039;35ae25b&#039;, time: &#039;2016-03-15 16:57:40&#039;
System info: host: &#039;FTR3COF93BK8A76&#039;, ip: &#039;192.168.0.201&#039;, os.name: &#039;Windows 7&#039;, os.arch: &#039;amd64&#039;, os.version: &#039;6.1&#039;, java.version: &#039;1.8.0_144&#039;
Driver info: driver.version: unknown gui_end">
      <![CDATA[java.lang.AssertionError: The following asserts failed:
	@@line_start [3561] line_end;gui_start org.openqa.selenium.NoSuchFrameException: No frame element found by name or id ucx_file_iframe
Build info: version: '2.53.0', revision: '35ae25b', time: '2016-03-15 16:57:40'
System info: host: 'FTR3COF93BK8A76', ip: '192.168.0.201', os.name: 'Windows 7', os.arch: 'amd64', os.version: '6.1', java.version: '1.8.0_144'
Driver info: driver.version: unknown gui_end
	at org.testng.asserts.SoftAssert.assertAll(SoftAssert.java:43)
	at testcases.UI_Data_file_termdef.IntelliSense_42_Resource_Highlight_EditEffects_Ucx(UI_Data_file_termdef.java:3583)
	at sun.reflect.NativeMethodAccessorImpl.invoke0(Native Method)
	at sun.reflect.NativeMethodAccessorImpl.invoke(NativeMethodAccessorImpl.java:62)
	at sun.reflect.DelegatingMethodAccessorImpl.invoke(DelegatingMethodAccessorImpl.java:43)
	at java.lang.reflect.Method.invoke(Method.java:498)
	at org.testng.internal.MethodInvocationHelper.invokeMethod(MethodInvocationHelper.java:85)
	at org.testng.internal.Invoker.invokeMethod(Invoker.java:639)
	at org.testng.internal.Invoker.invokeTestMethod(Invoker.java:816)
	at org.testng.internal.Invoker.invokeTestMethods(Invoker.java:1124)
	at org.testng.internal.TestMethodWorker.invokeTestMethods(TestMethodWorker.java:125)
	at org.testng.internal.TestMethodWorker.run(TestMethodWorker.java:108)
	at java.util.concurrent.ThreadPoolExecutor.runWorker(ThreadPoolExecutor.java:1149)
	at java.util.concurrent.ThreadPoolExecutor$Worker.run(ThreadPoolExecutor.java:624)
	at java.lang.Thread.run(Thread.java:748)
]]>
    </failure>
  </testcase> <!-- IntelliSense_42_Resource_Highlight_EditEffects_Ucx -->
</testsuite> <!-- testcases.UI_Data_file_termdef -->
