<?xml version="1.0" encoding="UTF-8"?>
<testng-results skipped="0" failed="1" ignored="8" total="9" passed="0">
  <reporter-output>
  </reporter-output>
  <suite name="Batch_1" duration-ms="156882" started-at="2022-07-05T01:28:07 EDT" finished-at="2022-07-05T01:30:44 EDT">
    <groups>
    </groups>
    <test name="Default test" duration-ms="156882" started-at="2022-07-05T01:28:07 EDT" finished-at="2022-07-05T01:30:44 EDT">
      <class name="TestCases.GUIs">
        <test-method status="PASS" signature="beforeClass()[pri:0, instance:TestCases.GUIs@1990a65e]" name="beforeClass" is-config="true" duration-ms="22091" started-at="2022-07-05T01:28:07 EDT" finished-at="2022-07-05T01:28:29 EDT">
          <reporter-output>
          </reporter-output>
        </test-method> <!-- beforeClass -->
        <test-method status="PASS" signature="beforeMethod()[pri:0, instance:TestCases.GUIs@1990a65e]" name="beforeMethod" is-config="true" duration-ms="6681" started-at="2022-07-05T01:28:29 EDT" finished-at="2022-07-05T01:28:36 EDT">
          <reporter-output>
          </reporter-output>
        </test-method> <!-- beforeMethod -->
        <test-method status="FAIL" signature="EMS_084_CATS_ProcessD_NoProcess_Approved_UncheckBackdown_SW()[pri:0, instance:TestCases.GUIs@1990a65e]" name="EMS_084_CATS_ProcessD_NoProcess_Approved_UncheckBackdown_SW" duration-ms="128038" started-at="2022-07-05T01:28:36 EDT" finished-at="2022-07-05T01:30:44 EDT">
          <exception class="java.lang.AssertionError">
            <message>
              <![CDATA[The following asserts failed:
@@line_start [509] line_end; expected [07-09-22  0818P] but found [07-09-22 0818P]gui_start  gui_end]]>
            </message>
            <full-stacktrace>
              <![CDATA[java.lang.AssertionError: The following asserts failed:
@@line_start [509] line_end; expected [07-09-22  0818P] but found [07-09-22 0818P]gui_start  gui_end
at org.testng.asserts.SoftAssert.assertAll(SoftAssert.java:47)
at org.testng.asserts.SoftAssert.assertAll(SoftAssert.java:31)
at TestCases.GUIs.EMS_084_CATS_ProcessD_NoProcess_Approved_UncheckBackdown_SW(GUIs.java:647)
at sun.reflect.NativeMethodAccessorImpl.invoke0(Native Method)
at sun.reflect.NativeMethodAccessorImpl.invoke(NativeMethodAccessorImpl.java:62)
at sun.reflect.DelegatingMethodAccessorImpl.invoke(DelegatingMethodAccessorImpl.java:43)
at java.lang.reflect.Method.invoke(Method.java:498)
at org.testng.internal.MethodInvocationHelper.invokeMethod(MethodInvocationHelper.java:133)
at org.testng.internal.TestInvoker.invokeMethod(TestInvoker.java:598)
at org.testng.internal.TestInvoker.invokeTestMethod(TestInvoker.java:173)
at org.testng.internal.MethodRunner.runInSequence(MethodRunner.java:46)
at org.testng.internal.TestInvoker$MethodInvocationAgent.invoke(TestInvoker.java:824)
at org.testng.internal.TestInvoker.invokeTestMethods(TestInvoker.java:146)
at org.testng.internal.TestMethodWorker.invokeTestMethods(TestMethodWorker.java:146)
at org.testng.internal.TestMethodWorker.run(TestMethodWorker.java:128)
at java.util.concurrent.ThreadPoolExecutor.runWorker(ThreadPoolExecutor.java:1149)
at java.util.concurrent.ThreadPoolExecutor$Worker.run(ThreadPoolExecutor.java:624)
at java.lang.Thread.run(Thread.java:748)
]]>
            </full-stacktrace>
          </exception> <!-- java.lang.AssertionError -->
          <reporter-output>
          </reporter-output>
        </test-method> <!-- EMS_084_CATS_ProcessD_NoProcess_Approved_UncheckBackdown_SW -->
        <test-method status="PASS" signature="afterMethod()[pri:0, instance:TestCases.GUIs@1990a65e]" name="afterMethod" is-config="true" duration-ms="1" started-at="2022-07-05T01:30:44 EDT" finished-at="2022-07-05T01:30:44 EDT">
          <reporter-output>
          </reporter-output>
        </test-method> <!-- afterMethod -->
        <test-method status="PASS" signature="AfterClass()[pri:0, instance:TestCases.GUIs@1990a65e]" name="AfterClass" is-config="true" duration-ms="0" started-at="2022-07-05T01:30:44 EDT" finished-at="2022-07-05T01:30:44 EDT">
          <reporter-output>
          </reporter-output>
        </test-method> <!-- AfterClass -->
      </class> <!-- TestCases.GUIs -->
    </test> <!-- Default test -->
  </suite> <!-- Batch_1 -->
</testng-results>
