<!DOCTYPE html PUBLIC "-//W3C//DTD XHTML 1.1//EN" "http://www.w3.org/TR/xhtml11/DTD/xhtml11.dtd">
<html xmlns="http://www.w3.org/1999/xhtml"><head><title>TestNG Report</title><style type="text/css">table {margin-bottom:10px;border-collapse:collapse;empty-cells:show}th,td {border:1px solid #009;padding:.25em .5em}th {vertical-align:bottom}td {vertical-align:top}table a {font-weight:bold}.stripe td {background-color: #E6EBF9}.num {text-align:right}.passedodd td {background-color: #3F3}.passedeven td {background-color: #0A0}.skippedodd td {background-color: #DDD}.skippedeven td {background-color: #CCC}.failedodd td,.attn {background-color: #F33}.failedeven td,.stripe .attn {background-color: #D00}.stacktrace {white-space:pre;font-family:monospace}.totop {font-size:85%;text-align:center;border-bottom:2px solid #000}</style></head><body><table><tr><th>Test</th><th># Passed</th><th># Skipped</th><th># Failed</th><th>Time (ms)</th><th>Included Groups</th><th>Excluded Groups</th></tr><tr><th colspan="7">Batch_1</th></tr><tr><td><a href="#t0">Default test</a></td><td class="num">3</td><td class="num">0</td><td class="num attn">22</td><td class="num">6,056,233</td><td></td><td></td></tr></table><table><thead><tr><th>Class</th><th>Method</th><th>Start</th><th>Time (ms)</th></tr></thead><tbody><tr><th colspan="4">Batch_1</th></tr></tbody><tbody id="t0"><tr><th colspan="4">Default test &#8212; failed</th></tr><tr class="failedeven"><td rowspan="22">testcases.UI_Data_file_termdef</td><td><a href="#m0">IntelliSense_01_Term_Filter_Rex</a></td><td rowspan="1">1615776412393</td><td rowspan="1">256642</td></tr><tr class="failedeven"><td><a href="#m1">IntelliSense_02_Term_Oprations_Rex</a></td><td rowspan="1">1615776689199</td><td rowspan="1">234412</td></tr><tr class="failedeven"><td><a href="#m2">IntelliSense_03_Term_Triggers_Rex</a></td><td rowspan="1">1615776943787</td><td rowspan="1">211798</td></tr><tr class="failedeven"><td><a href="#m3">IntelliSense_04_Term_Orange_Rex</a></td><td rowspan="1">1615777175803</td><td rowspan="1">214033</td></tr><tr class="failedeven"><td><a href="#m4">IntelliSense_06_Term_Highlight_SingleMulti_use_Rex</a></td><td rowspan="1">1615777410073</td><td rowspan="1">98854</td></tr><tr class="failedeven"><td><a href="#m5">IntelliSense_07_Term_Highlight_EditEffects_Rex</a></td><td rowspan="1">1615777529107</td><td rowspan="1">152895</td></tr><tr class="failedeven"><td><a href="#m6">IntelliSense_08_Term_Replace_Rex</a></td><td rowspan="1">1615777702188</td><td rowspan="1">107660</td></tr><tr class="failedeven"><td><a href="#m7">IntelliSense_09_Term_Nest_Rex</a></td><td rowspan="1">1615777830113</td><td rowspan="1">238201</td></tr><tr class="failedeven"><td><a href="#m8">IntelliSense_10_Term_Filter_Ucx</a></td><td rowspan="1">1615778088469</td><td rowspan="1">414248</td></tr><tr class="failedeven"><td><a href="#m9">IntelliSense_12_Term_Triggers_Ucx</a></td><td rowspan="1">1615778673925</td><td rowspan="1">124219</td></tr><tr class="failedeven"><td><a href="#m10">IntelliSense_13_Term_Orange_Ucx</a></td><td rowspan="1">1615778818374</td><td rowspan="1">170566</td></tr><tr class="failedeven"><td><a href="#m11">IntelliSense_14_Term_Highlight_Realtime_Ucx</a></td><td rowspan="1">1615779009106</td><td rowspan="1">667112</td></tr><tr class="failedeven"><td><a href="#m12">IntelliSense_15_Term_Highlight_Single_Multi_use_Ucx</a></td><td rowspan="1">1615779696415</td><td rowspan="1">133315</td></tr><tr class="failedeven"><td><a href="#m13">IntelliSense_17_Term_Replace_Ucx</a></td><td rowspan="1">1615779849989</td><td rowspan="1">237162</td></tr><tr class="failedeven"><td><a href="#m14">IntelliSense_18_Term_Nest_Ucx</a></td><td rowspan="1">1615780107395</td><td rowspan="1">222839</td></tr><tr class="failedeven"><td><a href="#m15">IntelliSense_32_Term_TopLevelTerm_TableTerm</a></td><td rowspan="1">1615780350422</td><td rowspan="1">276566</td></tr><tr class="failedeven"><td><a href="#m16">IntelliSense_33_Resource_Filter_Rex</a></td><td rowspan="1">1615780647189</td><td rowspan="1">107348</td></tr><tr class="failedeven"><td><a href="#m17">IntelliSense_34_Resource_Operations_Rex</a></td><td rowspan="1">1615780775032</td><td rowspan="1">123597</td></tr><tr class="failedeven"><td><a href="#m18">IntelliSense_37_Resource_Highlight_EditEffects_Rex</a></td><td rowspan="1">1615781639039</td><td rowspan="1">150051</td></tr><tr class="failedeven"><td><a href="#m19">IntelliSense_38_Resource_Filter_Ucx</a></td><td rowspan="1">1615781809262</td><td rowspan="1">114962</td></tr><tr class="failedeven"><td><a href="#m20">IntelliSense_39_Resource_Operations_Ucx</a></td><td rowspan="1">1615781944457</td><td rowspan="1">131346</td></tr><tr class="failedeven"><td><a href="#m21">IntelliSense_40_Resource_Triggers_Ucx</a></td><td rowspan="1">1615782096914</td><td rowspan="1">282097</td></tr><tr><th colspan="4">Default test &#8212; passed</th></tr><tr class="passedeven"><td rowspan="3">testcases.UI_Data_file_termdef</td><td><a href="#m22">IntelliSense_11_Term_Operations_Ucx</a></td><td rowspan="1">1615778522940</td><td rowspan="1">130736</td></tr><tr class="passedeven"><td><a href="#m23">IntelliSense_35_Resource_Triggers_Rex</a></td><td rowspan="1">1615780918854</td><td rowspan="1">169086</td></tr><tr class="passedeven"><td><a href="#m24">IntelliSense_36_Resource_Highlight_Realtime_Rex</a></td><td rowspan="1">1615781108124</td><td rowspan="1">510753</td></tr></tbody></table><h2>Default test</h2><h3 id="m0">testcases.UI_Data_file_termdef#IntelliSense_01_Term_Filter_Rex</h3><table class="result"><tr><th>Exception</th></tr><tr><td><div class="stacktrace">java.lang.AssertionError: The following asserts failed:
	@@line_start [183] line_end; expected [Displayed] but found [NoSuchElement]gui_start element is null gui_end,
	@@line_start [195] line_end; expected [NotFound] but found [Displayed]gui_start  gui_end,
	@@line_start [198] line_end; expected [Use] but found [UseD]gui_start [[[[ChromeDriver: chrome on XP (485db96a1b4b4487df048d16dfb6439c)] -&gt; xpath: //ul[@id=&apos;AutoCompleteMenu&apos;]/li//strong]] -&gt; xpath: .//span[@style=&apos;color:red;&apos;]] gui_end,
	@@line_start [199] line_end; expected [Displayed] but found [NoSuchElement]gui_start element is null gui_end,
	@@line_start [200] line_end; expected [use] but found [user]gui_start [[[[ChromeDriver: chrome on XP (485db96a1b4b4487df048d16dfb6439c)] -&gt; xpath: //ul[@id=&apos;AutoCompleteMenu&apos;]/li//strong]] -&gt; xpath: .//span[@style=&apos;color:red;&apos;]] gui_end,
	@@line_start [204] line_end; expected [NotFound] but found [Displayed]gui_start  gui_end,
	@@line_start [205] line_end; expected [NotFound] but found [Displayed]gui_start  gui_end,
	@@line_start [206] line_end; expected [NotFound] but found [Displayed]gui_start  gui_end,
	@@line_start [207] line_end; expected [NotFound] but found [Displayed]gui_start  gui_end,
	@@line_start [208] line_end;gui_start java.lang.NullPointerException gui_end
	at org.testng.asserts.SoftAssert.assertAll(SoftAssert.java:43)
	at testcases.UI_Data_file_termdef.IntelliSense_01_Term_Filter_Rex(UI_Data_file_termdef.java:269)
	at sun.reflect.NativeMethodAccessorImpl.invoke0(Native Method)
	at sun.reflect.NativeMethodAccessorImpl.invoke(NativeMethodAccessorImpl.java:62)
	at sun.reflect.DelegatingMethodAccessorImpl.invoke(DelegatingMethodAccessorImpl.java:43)
	at java.lang.reflect.Method.invoke(Method.java:498)
	at org.testng.internal.MethodInvocationHelper.invokeMethod(MethodInvocationHelper.java:85)
	at org.testng.internal.Invoker.invokeMethod(Invoker.java:639)
	at org.testng.internal.Invoker.invokeTestMethod(Invoker.java:816)
	at org.testng.internal.Invoker.invokeTestMethods(Invoker.java:1124)
	at org.testng.internal.TestMethodWorker.invokeTestMethods(TestMethodWorker.java:125)
	at org.testng.internal.TestMethodWorker.run(TestMethodWorker.java:108)
	at java.util.concurrent.ThreadPoolExecutor.runWorker(ThreadPoolExecutor.java:1149)
	at java.util.concurrent.ThreadPoolExecutor$Worker.run(ThreadPoolExecutor.java:624)
	at java.lang.Thread.run(Thread.java:748)
</div></td></tr></table><p class="totop"><a href="#summary">back to summary</a></p><h3 id="m1">testcases.UI_Data_file_termdef#IntelliSense_02_Term_Oprations_Rex</h3><table class="result"><tr><th>Exception</th></tr><tr><td><div class="stacktrace">java.lang.AssertionError: The following asserts failed:
	@@line_start [322] line_end; expected [Displayed] but found [NotFound]gui_start [[ChromeDriver: chrome on XP (485db96a1b4b4487df048d16dfb6439c)] -&gt; xpath: //ul[@id=&apos;AutoCompleteMenu&apos;]/li//strong] gui_end,
	@@line_start [323] line_end; expected [Displayed] but found [NotFound]gui_start [[ChromeDriver: chrome on XP (485db96a1b4b4487df048d16dfb6439c)] -&gt; xpath: //ul[@id=&apos;AutoCompleteMenu&apos;]/li//strong] gui_end,
	@@line_start [324] line_end; expected [Displayed] but found [NotFound]gui_start [[ChromeDriver: chrome on XP (485db96a1b4b4487df048d16dfb6439c)] -&gt; xpath: //ul[@id=&apos;AutoCompleteMenu&apos;]/li//strong] gui_end,
	@@line_start [325] line_end; expected [Displayed] but found [NotFound]gui_start [[ChromeDriver: chrome on XP (485db96a1b4b4487df048d16dfb6439c)] -&gt; xpath: //ul[@id=&apos;AutoCompleteMenu&apos;]/li//strong] gui_end,
	@@line_start [333] line_end; expected [Great&lt;Northern Mariana Islands&gt;] but found [Great&lt;North]gui_start [[ChromeDriver: chrome on XP (485db96a1b4b4487df048d16dfb6439c)] -&gt; xpath: //*[@id=&apos;rexDiv&apos;]/div[4]/*[local-name()=&apos;svg&apos;]/*[local-name()=&apos;g&apos;]/*[local-name()=&apos;g&apos;][2]/*[local-name()=&apos;g&apos; and contains(@transform,&apos;translate&apos;) and @locationindex=&apos;2&apos;]/following-sibling::*[local-name()=&apos;g&apos;]//div[contains(@xmlns,&apos;http&apos;)]] gui_end,
	@@line_start [347] line_end;gui_start org.openqa.selenium.NoSuchElementException: no such element: Unable to locate element: {&quot;method&quot;:&quot;xpath&quot;,&quot;selector&quot;:&quot;//*[@id=&apos;rexDiv&apos;]/div[4]/*[local-name()=&apos;svg&apos;]/*[local-name()=&apos;g&apos;]/*[local-name()=&apos;g&apos;][2]/*[local-name()=&apos;g&apos; and contains(@transform,&apos;translate&apos;) and @locationindex=&apos;2&apos;]/following-sibling::*[local-name()=&apos;g&apos;]//div//span[@style=&apos;color: green&apos;]&quot;}
  (Session info: chrome=88.0.4324.96)
  (Driver info: chromedriver=88.0.4324.96 (68dba2d8a0b149a1d3afac56fa74648032bcf46b-refs/branch-heads/4324@{#1784}),platform=Windows NT 6.1.7601 SP1 x86_64) (WARNING: The server did not provide any stacktrace information)
Command duration or timeout: 9.06 seconds
For documentation on this error, please visit: http://seleniumhq.org/exceptions/no_such_element.html
Build info: version: &apos;2.53.0&apos;, revision: &apos;35ae25b&apos;, time: &apos;2016-03-15 16:57:40&apos;
System info: host: &apos;FTR3COF93BK8A76&apos;, ip: &apos;192.168.0.201&apos;, os.name: &apos;Windows 7&apos;, os.arch: &apos;amd64&apos;, os.version: &apos;6.1&apos;, java.version: &apos;1.8.0_144&apos;
Driver info: org.openqa.selenium.chrome.ChromeDriver
Capabilities [{mobileEmulationEnabled=false, timeouts={implicit=0, pageLoad=300000, script=30000}, hasTouchScreen=false, platform=XP, acceptSslCerts=false, goog:chromeOptions={debuggerAddress=localhost:60127}, acceptInsecureCerts=false, webStorageEnabled=true, browserName=chrome, takesScreenshot=true, javascriptEnabled=true, setWindowRect=true, webauthn:extension:largeBlob=true, unexpectedAlertBehaviour=ignore, applicationCacheEnabled=false, rotatable=false, networkConnectionEnabled=false, chrome={chromedriverVersion=88.0.4324.96 (68dba2d8a0b149a1d3afac56fa74648032bcf46b-refs/branch-heads/4324@{#1784}), userDataDir=C:\Users\yulei\AppData\Local\Temp\scoped_dir9612_595983487}, takesHeapSnapshot=true, pageLoadStrategy=normal, strictFileInteractability=false, databaseEnabled=false, handlesAlerts=true, version=88.0.4324.96, browserConnectionEnabled=false, proxy={}, nativeEvents=true, locationContextEnabled=true, cssSelectorsEnabled=true, webauthn:virtualAuthenticators=true}]
Session ID: 485db96a1b4b4487df048d16dfb6439c
*** Element info: {Using=xpath, value=//*[@id=&apos;rexDiv&apos;]/div[4]/*[local-name()=&apos;svg&apos;]/*[local-name()=&apos;g&apos;]/*[local-name()=&apos;g&apos;][2]/*[local-name()=&apos;g&apos; and contains(@transform,&apos;translate&apos;) and @locationindex=&apos;2&apos;]/following-sibling::*[local-name()=&apos;g&apos;]//div//span[@style=&apos;color: green&apos;]} gui_end
	at org.testng.asserts.SoftAssert.assertAll(SoftAssert.java:43)
	at testcases.UI_Data_file_termdef.IntelliSense_02_Term_Oprations_Rex(UI_Data_file_termdef.java:364)
	at sun.reflect.NativeMethodAccessorImpl.invoke0(Native Method)
	at sun.reflect.NativeMethodAccessorImpl.invoke(NativeMethodAccessorImpl.java:62)
	at sun.reflect.DelegatingMethodAccessorImpl.invoke(DelegatingMethodAccessorImpl.java:43)
	at java.lang.reflect.Method.invoke(Method.java:498)
	at org.testng.internal.MethodInvocationHelper.invokeMethod(MethodInvocationHelper.java:85)
	at org.testng.internal.Invoker.invokeMethod(Invoker.java:639)
	at org.testng.internal.Invoker.invokeTestMethod(Invoker.java:816)
	at org.testng.internal.Invoker.invokeTestMethods(Invoker.java:1124)
	at org.testng.internal.TestMethodWorker.invokeTestMethods(TestMethodWorker.java:125)
	at org.testng.internal.TestMethodWorker.run(TestMethodWorker.java:108)
	at java.util.concurrent.ThreadPoolExecutor.runWorker(ThreadPoolExecutor.java:1149)
	at java.util.concurrent.ThreadPoolExecutor$Worker.run(ThreadPoolExecutor.java:624)
	at java.lang.Thread.run(Thread.java:748)
</div></td></tr></table><p class="totop"><a href="#summary">back to summary</a></p><h3 id="m2">testcases.UI_Data_file_termdef#IntelliSense_03_Term_Triggers_Rex</h3><table class="result"><tr><th>Exception</th></tr><tr><td><div class="stacktrace">java.lang.AssertionError: The following asserts failed:
	@@line_start [414] line_end; expected [NotFound] but found [Displayed]gui_start By.xpath: //ul[@id=&apos;AutoCompleteMenu&apos; and contains(@style,&apos;display: block&apos;)] gui_end
	at org.testng.asserts.SoftAssert.assertAll(SoftAssert.java:43)
	at testcases.UI_Data_file_termdef.IntelliSense_03_Term_Triggers_Rex(UI_Data_file_termdef.java:485)
	at sun.reflect.NativeMethodAccessorImpl.invoke0(Native Method)
	at sun.reflect.NativeMethodAccessorImpl.invoke(NativeMethodAccessorImpl.java:62)
	at sun.reflect.DelegatingMethodAccessorImpl.invoke(DelegatingMethodAccessorImpl.java:43)
	at java.lang.reflect.Method.invoke(Method.java:498)
	at org.testng.internal.MethodInvocationHelper.invokeMethod(MethodInvocationHelper.java:85)
	at org.testng.internal.Invoker.invokeMethod(Invoker.java:639)
	at org.testng.internal.Invoker.invokeTestMethod(Invoker.java:816)
	at org.testng.internal.Invoker.invokeTestMethods(Invoker.java:1124)
	at org.testng.internal.TestMethodWorker.invokeTestMethods(TestMethodWorker.java:125)
	at org.testng.internal.TestMethodWorker.run(TestMethodWorker.java:108)
	at java.util.concurrent.ThreadPoolExecutor.runWorker(ThreadPoolExecutor.java:1149)
	at java.util.concurrent.ThreadPoolExecutor$Worker.run(ThreadPoolExecutor.java:624)
	at java.lang.Thread.run(Thread.java:748)
</div></td></tr></table><p class="totop"><a href="#summary">back to summary</a></p><h3 id="m3">testcases.UI_Data_file_termdef#IntelliSense_04_Term_Orange_Rex</h3><table class="result"><tr><th>Exception</th></tr><tr><td><div class="stacktrace">java.lang.AssertionError: The following asserts failed:
	@@line_start [513] line_end; expected [Displayed] but found [NoSuchElement]gui_start element is null gui_end,
	@@line_start [514] line_end; expected [Displayed] but found [NoSuchElement]gui_start element is null gui_end,
	@@line_start [535] line_end;gui_start java.lang.NullPointerException gui_end
	at org.testng.asserts.SoftAssert.assertAll(SoftAssert.java:43)
	at testcases.UI_Data_file_termdef.IntelliSense_04_Term_Orange_Rex(UI_Data_file_termdef.java:640)
	at sun.reflect.NativeMethodAccessorImpl.invoke0(Native Method)
	at sun.reflect.NativeMethodAccessorImpl.invoke(NativeMethodAccessorImpl.java:62)
	at sun.reflect.DelegatingMethodAccessorImpl.invoke(DelegatingMethodAccessorImpl.java:43)
	at java.lang.reflect.Method.invoke(Method.java:498)
	at org.testng.internal.MethodInvocationHelper.invokeMethod(MethodInvocationHelper.java:85)
	at org.testng.internal.Invoker.invokeMethod(Invoker.java:639)
	at org.testng.internal.Invoker.invokeTestMethod(Invoker.java:816)
	at org.testng.internal.Invoker.invokeTestMethods(Invoker.java:1124)
	at org.testng.internal.TestMethodWorker.invokeTestMethods(TestMethodWorker.java:125)
	at org.testng.internal.TestMethodWorker.run(TestMethodWorker.java:108)
	at java.util.concurrent.ThreadPoolExecutor.runWorker(ThreadPoolExecutor.java:1149)
	at java.util.concurrent.ThreadPoolExecutor$Worker.run(ThreadPoolExecutor.java:624)
	at java.lang.Thread.run(Thread.java:748)
</div></td></tr></table><p class="totop"><a href="#summary">back to summary</a></p><h3 id="m4">testcases.UI_Data_file_termdef#IntelliSense_06_Term_Highlight_SingleMulti_use_Rex</h3><table class="result"><tr><th>Exception</th></tr><tr><td><div class="stacktrace">java.lang.AssertionError: The following asserts failed:
	@@line_start [786] line_end; expected [NotFound] but found [Displayed]gui_start  gui_end
	at org.testng.asserts.SoftAssert.assertAll(SoftAssert.java:43)
	at testcases.UI_Data_file_termdef.IntelliSense_06_Term_Highlight_SingleMulti_use_Rex(UI_Data_file_termdef.java:806)
	at sun.reflect.NativeMethodAccessorImpl.invoke0(Native Method)
	at sun.reflect.NativeMethodAccessorImpl.invoke(NativeMethodAccessorImpl.java:62)
	at sun.reflect.DelegatingMethodAccessorImpl.invoke(DelegatingMethodAccessorImpl.java:43)
	at java.lang.reflect.Method.invoke(Method.java:498)
	at org.testng.internal.MethodInvocationHelper.invokeMethod(MethodInvocationHelper.java:85)
	at org.testng.internal.Invoker.invokeMethod(Invoker.java:639)
	at org.testng.internal.Invoker.invokeTestMethod(Invoker.java:816)
	at org.testng.internal.Invoker.invokeTestMethods(Invoker.java:1124)
	at org.testng.internal.TestMethodWorker.invokeTestMethods(TestMethodWorker.java:125)
	at org.testng.internal.TestMethodWorker.run(TestMethodWorker.java:108)
	at java.util.concurrent.ThreadPoolExecutor.runWorker(ThreadPoolExecutor.java:1149)
	at java.util.concurrent.ThreadPoolExecutor$Worker.run(ThreadPoolExecutor.java:624)
	at java.lang.Thread.run(Thread.java:748)
</div></td></tr></table><p class="totop"><a href="#summary">back to summary</a></p><h3 id="m5">testcases.UI_Data_file_termdef#IntelliSense_07_Term_Highlight_EditEffects_Rex</h3><table class="result"><tr><th>Exception</th></tr><tr><td><div class="stacktrace">java.lang.AssertionError: The following asserts failed:
	@@line_start [843] line_end; expected [NotFound] but found [Displayed]gui_start  gui_end,
	@@line_start [844] line_end; expected [NotFound] but found [Displayed]gui_start  gui_end,
	@@line_start [845] line_end; expected [NotFound] but found [Displayed]gui_start  gui_end,
	@@line_start [846] line_end; expected [NotFound] but found [Displayed]gui_start  gui_end
	at org.testng.asserts.SoftAssert.assertAll(SoftAssert.java:43)
	at testcases.UI_Data_file_termdef.IntelliSense_07_Term_Highlight_EditEffects_Rex(UI_Data_file_termdef.java:948)
	at sun.reflect.NativeMethodAccessorImpl.invoke0(Native Method)
	at sun.reflect.NativeMethodAccessorImpl.invoke(NativeMethodAccessorImpl.java:62)
	at sun.reflect.DelegatingMethodAccessorImpl.invoke(DelegatingMethodAccessorImpl.java:43)
	at java.lang.reflect.Method.invoke(Method.java:498)
	at org.testng.internal.MethodInvocationHelper.invokeMethod(MethodInvocationHelper.java:85)
	at org.testng.internal.Invoker.invokeMethod(Invoker.java:639)
	at org.testng.internal.Invoker.invokeTestMethod(Invoker.java:816)
	at org.testng.internal.Invoker.invokeTestMethods(Invoker.java:1124)
	at org.testng.internal.TestMethodWorker.invokeTestMethods(TestMethodWorker.java:125)
	at org.testng.internal.TestMethodWorker.run(TestMethodWorker.java:108)
	at java.util.concurrent.ThreadPoolExecutor.runWorker(ThreadPoolExecutor.java:1149)
	at java.util.concurrent.ThreadPoolExecutor$Worker.run(ThreadPoolExecutor.java:624)
	at java.lang.Thread.run(Thread.java:748)
</div></td></tr></table><p class="totop"><a href="#summary">back to summary</a></p><h3 id="m6">testcases.UI_Data_file_termdef#IntelliSense_08_Term_Replace_Rex</h3><table class="result"><tr><th>Exception</th></tr><tr><td><div class="stacktrace">java.lang.AssertionError: The following asserts failed:
	@@line_start [1119] line_end; expected [NotFound] but found [Displayed]gui_start  gui_end,
	@@line_start [1120] line_end; expected [NotFound] but found [Displayed]gui_start  gui_end,
	@@line_start [1152] line_end; expected [NotFound] but found [Displayed]gui_start  gui_end,
	@@line_start [1153] line_end; expected [NotFound] but found [Displayed]gui_start  gui_end
	at org.testng.asserts.SoftAssert.assertAll(SoftAssert.java:43)
	at testcases.UI_Data_file_termdef.IntelliSense_08_Term_Replace_Rex(UI_Data_file_termdef.java:1165)
	at sun.reflect.NativeMethodAccessorImpl.invoke0(Native Method)
	at sun.reflect.NativeMethodAccessorImpl.invoke(NativeMethodAccessorImpl.java:62)
	at sun.reflect.DelegatingMethodAccessorImpl.invoke(DelegatingMethodAccessorImpl.java:43)
	at java.lang.reflect.Method.invoke(Method.java:498)
	at org.testng.internal.MethodInvocationHelper.invokeMethod(MethodInvocationHelper.java:85)
	at org.testng.internal.Invoker.invokeMethod(Invoker.java:639)
	at org.testng.internal.Invoker.invokeTestMethod(Invoker.java:816)
	at org.testng.internal.Invoker.invokeTestMethods(Invoker.java:1124)
	at org.testng.internal.TestMethodWorker.invokeTestMethods(TestMethodWorker.java:125)
	at org.testng.internal.TestMethodWorker.run(TestMethodWorker.java:108)
	at java.util.concurrent.ThreadPoolExecutor.runWorker(ThreadPoolExecutor.java:1149)
	at java.util.concurrent.ThreadPoolExecutor$Worker.run(ThreadPoolExecutor.java:624)
	at java.lang.Thread.run(Thread.java:748)
</div></td></tr></table><p class="totop"><a href="#summary">back to summary</a></p><h3 id="m7">testcases.UI_Data_file_termdef#IntelliSense_09_Term_Nest_Rex</h3><table class="result"><tr><th>Exception</th></tr><tr><td><div class="stacktrace">java.lang.AssertionError: The following asserts failed:
	@@line_start [1188] line_end; expected [NotFound] but found [Displayed]gui_start  gui_end,
	@@line_start [1189] line_end; expected [NotFound] but found [Displayed]gui_start  gui_end,
	@@line_start [1191] line_end; expected [NotFound] but found [Displayed]gui_start  gui_end,
	@@line_start [1193] line_end; expected [NotFound] but found [Displayed]gui_start  gui_end,
	@@line_start [1196] line_end;gui_start java.lang.NullPointerException gui_end
	at org.testng.asserts.SoftAssert.assertAll(SoftAssert.java:43)
	at testcases.UI_Data_file_termdef.IntelliSense_09_Term_Nest_Rex(UI_Data_file_termdef.java:1297)
	at sun.reflect.NativeMethodAccessorImpl.invoke0(Native Method)
	at sun.reflect.NativeMethodAccessorImpl.invoke(NativeMethodAccessorImpl.java:62)
	at sun.reflect.DelegatingMethodAccessorImpl.invoke(DelegatingMethodAccessorImpl.java:43)
	at java.lang.reflect.Method.invoke(Method.java:498)
	at org.testng.internal.MethodInvocationHelper.invokeMethod(MethodInvocationHelper.java:85)
	at org.testng.internal.Invoker.invokeMethod(Invoker.java:639)
	at org.testng.internal.Invoker.invokeTestMethod(Invoker.java:816)
	at org.testng.internal.Invoker.invokeTestMethods(Invoker.java:1124)
	at org.testng.internal.TestMethodWorker.invokeTestMethods(TestMethodWorker.java:125)
	at org.testng.internal.TestMethodWorker.run(TestMethodWorker.java:108)
	at java.util.concurrent.ThreadPoolExecutor.runWorker(ThreadPoolExecutor.java:1149)
	at java.util.concurrent.ThreadPoolExecutor$Worker.run(ThreadPoolExecutor.java:624)
	at java.lang.Thread.run(Thread.java:748)
</div></td></tr></table><p class="totop"><a href="#summary">back to summary</a></p><h3 id="m8">testcases.UI_Data_file_termdef#IntelliSense_10_Term_Filter_Ucx</h3><table class="result"><tr><th>Exception</th></tr><tr><td><div class="stacktrace">java.lang.AssertionError: The following asserts failed:
	@@line_start [1325] line_end; expected [NotFound] but found [Displayed]gui_start  gui_end,
	@@line_start [1327] line_end; expected [NotFound] but found [Displayed]gui_start  gui_end,
	@@line_start [1337] line_end; expected [NotFound] but found [Displayed]gui_start  gui_end,
	@@line_start [1338] line_end; expected [NotFound] but found [Displayed]gui_start  gui_end,
	@@line_start [1344] line_end; expected [NotFound] but found [Displayed]gui_start  gui_end,
	@@line_start [1349] line_end; expected [Displayed] but found [NoSuchElement]gui_start element is null gui_end,
	@@line_start [1350] line_end; expected [Displayed] but found [NoSuchElement]gui_start element is null gui_end,
	@@line_start [1351] line_end; expected [Displayed] but found [NoSuchElement]gui_start element is null gui_end,
	@@line_start [1352] line_end; expected [Displayed] but found [NoSuchElement]gui_start element is null gui_end,
	@@line_start [1353] line_end; expected [Displayed] but found [NoSuchElement]gui_start element is null gui_end,
	@@line_start [1354] line_end; expected [Displayed] but found [NoSuchElement]gui_start element is null gui_end,
	@@line_start [1359] line_end; expected [NotFound] but found [Displayed]gui_start  gui_end,
	@@line_start [1364] line_end; expected [Displayed] but found [NoSuchElement]gui_start element is null gui_end,
	@@line_start [1365] line_end; expected [Displayed] but found [NoSuchElement]gui_start element is null gui_end,
	@@line_start [1366] line_end; expected [Displayed] but found [NoSuchElement]gui_start element is null gui_end,
	@@line_start [1367] line_end; expected [Displayed] but found [NoSuchElement]gui_start element is null gui_end,
	@@line_start [1368] line_end; expected [Displayed] but found [NoSuchElement]gui_start element is null gui_end,
	@@line_start [1369] line_end; expected [Displayed] but found [NoSuchElement]gui_start element is null gui_end,
	@@line_start [1370] line_end; expected [Displayed] but found [NoSuchElement]gui_start element is null gui_end,
	@@line_start [1371] line_end; expected [Displayed] but found [NoSuchElement]gui_start element is null gui_end,
	@@line_start [1379] line_end; expected [Displayed] but found [NoSuchElement]gui_start element is null gui_end,
	@@line_start [1380] line_end; expected [Displayed] but found [NoSuchElement]gui_start element is null gui_end,
	@@line_start [1381] line_end; expected [Displayed] but found [NoSuchElement]gui_start element is null gui_end,
	@@line_start [1382] line_end; expected [Displayed] but found [NoSuchElement]gui_start element is null gui_end,
	@@line_start [1383] line_end; expected [Displayed] but found [NoSuchElement]gui_start element is null gui_end,
	@@line_start [1384] line_end; expected [Displayed] but found [NoSuchElement]gui_start element is null gui_end,
	@@line_start [1390] line_end; expected [Displayed] but found [NoSuchElement]gui_start element is null gui_end,
	@@line_start [1391] line_end; expected [Displayed] but found [NoSuchElement]gui_start element is null gui_end,
	@@line_start [1392] line_end; expected [Displayed] but found [NoSuchElement]gui_start element is null gui_end,
	@@line_start [1393] line_end; expected [Displayed] but found [NoSuchElement]gui_start element is null gui_end
	at org.testng.asserts.SoftAssert.assertAll(SoftAssert.java:43)
	at testcases.UI_Data_file_termdef.IntelliSense_10_Term_Filter_Ucx(UI_Data_file_termdef.java:1409)
	at sun.reflect.NativeMethodAccessorImpl.invoke0(Native Method)
	at sun.reflect.NativeMethodAccessorImpl.invoke(NativeMethodAccessorImpl.java:62)
	at sun.reflect.DelegatingMethodAccessorImpl.invoke(DelegatingMethodAccessorImpl.java:43)
	at java.lang.reflect.Method.invoke(Method.java:498)
	at org.testng.internal.MethodInvocationHelper.invokeMethod(MethodInvocationHelper.java:85)
	at org.testng.internal.Invoker.invokeMethod(Invoker.java:639)
	at org.testng.internal.Invoker.invokeTestMethod(Invoker.java:816)
	at org.testng.internal.Invoker.invokeTestMethods(Invoker.java:1124)
	at org.testng.internal.TestMethodWorker.invokeTestMethods(TestMethodWorker.java:125)
	at org.testng.internal.TestMethodWorker.run(TestMethodWorker.java:108)
	at java.util.concurrent.ThreadPoolExecutor.runWorker(ThreadPoolExecutor.java:1149)
	at java.util.concurrent.ThreadPoolExecutor$Worker.run(ThreadPoolExecutor.java:624)
	at java.lang.Thread.run(Thread.java:748)
</div></td></tr></table><p class="totop"><a href="#summary">back to summary</a></p><h3 id="m9">testcases.UI_Data_file_termdef#IntelliSense_12_Term_Triggers_Ucx</h3><table class="result"><tr><th>Exception</th></tr><tr><td><div class="stacktrace">java.lang.AssertionError: The following asserts failed:
	@@line_start [1561] line_end; expected [NotFound] but found [Displayed]gui_start By.xpath: //ul[@id=&apos;AutoCompleteMenu&apos; and contains(@style,&apos;display: block&apos;)] gui_end
	at org.testng.asserts.SoftAssert.assertAll(SoftAssert.java:43)
	at testcases.UI_Data_file_termdef.IntelliSense_12_Term_Triggers_Ucx(UI_Data_file_termdef.java:1650)
	at sun.reflect.NativeMethodAccessorImpl.invoke0(Native Method)
	at sun.reflect.NativeMethodAccessorImpl.invoke(NativeMethodAccessorImpl.java:62)
	at sun.reflect.DelegatingMethodAccessorImpl.invoke(DelegatingMethodAccessorImpl.java:43)
	at java.lang.reflect.Method.invoke(Method.java:498)
	at org.testng.internal.MethodInvocationHelper.invokeMethod(MethodInvocationHelper.java:85)
	at org.testng.internal.Invoker.invokeMethod(Invoker.java:639)
	at org.testng.internal.Invoker.invokeTestMethod(Invoker.java:816)
	at org.testng.internal.Invoker.invokeTestMethods(Invoker.java:1124)
	at org.testng.internal.TestMethodWorker.invokeTestMethods(TestMethodWorker.java:125)
	at org.testng.internal.TestMethodWorker.run(TestMethodWorker.java:108)
	at java.util.concurrent.ThreadPoolExecutor.runWorker(ThreadPoolExecutor.java:1149)
	at java.util.concurrent.ThreadPoolExecutor$Worker.run(ThreadPoolExecutor.java:624)
	at java.lang.Thread.run(Thread.java:748)
</div></td></tr></table><p class="totop"><a href="#summary">back to summary</a></p><h3 id="m10">testcases.UI_Data_file_termdef#IntelliSense_13_Term_Orange_Ucx</h3><table class="result"><tr><th>Exception</th></tr><tr><td><div class="stacktrace">java.lang.AssertionError: The following asserts failed:
	@@line_start [1669] line_end; expected [NotFound] but found [Displayed]gui_start  gui_end,
	@@line_start [1670] line_end; expected [NotFound] but found [Displayed]gui_start  gui_end,
	@@line_start [1684] line_end;gui_start java.lang.NullPointerException gui_end
	at org.testng.asserts.SoftAssert.assertAll(SoftAssert.java:43)
	at testcases.UI_Data_file_termdef.IntelliSense_13_Term_Orange_Ucx(UI_Data_file_termdef.java:1749)
	at sun.reflect.NativeMethodAccessorImpl.invoke0(Native Method)
	at sun.reflect.NativeMethodAccessorImpl.invoke(NativeMethodAccessorImpl.java:62)
	at sun.reflect.DelegatingMethodAccessorImpl.invoke(DelegatingMethodAccessorImpl.java:43)
	at java.lang.reflect.Method.invoke(Method.java:498)
	at org.testng.internal.MethodInvocationHelper.invokeMethod(MethodInvocationHelper.java:85)
	at org.testng.internal.Invoker.invokeMethod(Invoker.java:639)
	at org.testng.internal.Invoker.invokeTestMethod(Invoker.java:816)
	at org.testng.internal.Invoker.invokeTestMethods(Invoker.java:1124)
	at org.testng.internal.TestMethodWorker.invokeTestMethods(TestMethodWorker.java:125)
	at org.testng.internal.TestMethodWorker.run(TestMethodWorker.java:108)
	at java.util.concurrent.ThreadPoolExecutor.runWorker(ThreadPoolExecutor.java:1149)
	at java.util.concurrent.ThreadPoolExecutor$Worker.run(ThreadPoolExecutor.java:624)
	at java.lang.Thread.run(Thread.java:748)
</div></td></tr></table><p class="totop"><a href="#summary">back to summary</a></p><h3 id="m11">testcases.UI_Data_file_termdef#IntelliSense_14_Term_Highlight_Realtime_Ucx</h3><table class="result"><tr><th>Exception</th></tr><tr><td><div class="stacktrace">java.lang.AssertionError: The following asserts failed:
	@@line_start [1784] line_end; expected [Not found] but found [Training cyberobject/uitest_cyberobject_com_cn/intellisensetest/data/IntelliSense/termhighlight_domain.xlsx success !]gui_start  gui_end,
	@@line_start [1791] line_end; expected [rgba(0, 128, 0, 1)] but found [rgba(255, 0, 0, 1)],
	@@line_start [1792] line_end; expected [rgba(255, 165, 0, 1)] but found [rgba(0, 128, 0, 1)],
	@@line_start [1827] line_end; expected [rgba(0, 128, 0, 1)] but found [rgba(255, 0, 0, 1)],
	@@line_start [1828] line_end; expected [rgba(255, 165, 0, 1)] but found [rgba(0, 128, 0, 1)],
	@@line_start [1835] line_end; expected [rgba(0, 128, 0, 1)] but found [rgba(255, 0, 0, 1)],
	@@line_start [1836] line_end; expected [rgba(255, 165, 0, 1)] but found [rgba(0, 128, 0, 1)],
	@@line_start [1856] line_end; expected [rgba(0, 128, 0, 1)] but found [rgba(255, 0, 0, 1)],
	@@line_start [1857] line_end; expected [rgba(255, 165, 0, 1)] but found [rgba(0, 128, 0, 1)],
	@@line_start [1864] line_end; expected [rgba(0, 128, 0, 1)] but found [rgba(255, 0, 0, 1)],
	@@line_start [1865] line_end; expected [rgba(255, 165, 0, 1)] but found [rgba(0, 128, 0, 1)],
	@@line_start [1871] line_end; expected [rgba(0, 128, 0, 1)] but found [rgba(255, 0, 0, 1)],
	@@line_start [1872] line_end; expected [rgba(255, 165, 0, 1)] but found [rgba(0, 128, 0, 1)]
	at org.testng.asserts.SoftAssert.assertAll(SoftAssert.java:43)
	at testcases.UI_Data_file_termdef.IntelliSense_14_Term_Highlight_Realtime_Ucx(UI_Data_file_termdef.java:1889)
	at sun.reflect.NativeMethodAccessorImpl.invoke0(Native Method)
	at sun.reflect.NativeMethodAccessorImpl.invoke(NativeMethodAccessorImpl.java:62)
	at sun.reflect.DelegatingMethodAccessorImpl.invoke(DelegatingMethodAccessorImpl.java:43)
	at java.lang.reflect.Method.invoke(Method.java:498)
	at org.testng.internal.MethodInvocationHelper.invokeMethod(MethodInvocationHelper.java:85)
	at org.testng.internal.Invoker.invokeMethod(Invoker.java:639)
	at org.testng.internal.Invoker.invokeTestMethod(Invoker.java:816)
	at org.testng.internal.Invoker.invokeTestMethods(Invoker.java:1124)
	at org.testng.internal.TestMethodWorker.invokeTestMethods(TestMethodWorker.java:125)
	at org.testng.internal.TestMethodWorker.run(TestMethodWorker.java:108)
	at java.util.concurrent.ThreadPoolExecutor.runWorker(ThreadPoolExecutor.java:1149)
	at java.util.concurrent.ThreadPoolExecutor$Worker.run(ThreadPoolExecutor.java:624)
	at java.lang.Thread.run(Thread.java:748)
</div></td></tr></table><p class="totop"><a href="#summary">back to summary</a></p><h3 id="m12">testcases.UI_Data_file_termdef#IntelliSense_15_Term_Highlight_Single_Multi_use_Ucx</h3><table class="result"><tr><th>Exception</th></tr><tr><td><div class="stacktrace">java.lang.AssertionError: The following asserts failed:
	@@line_start [1938] line_end; expected [rgba(0, 0, 0, 1)] but found [rgba(255, 0, 0, 1)]
	at org.testng.asserts.SoftAssert.assertAll(SoftAssert.java:43)
	at testcases.UI_Data_file_termdef.IntelliSense_15_Term_Highlight_Single_Multi_use_Ucx(UI_Data_file_termdef.java:1962)
	at sun.reflect.NativeMethodAccessorImpl.invoke0(Native Method)
	at sun.reflect.NativeMethodAccessorImpl.invoke(NativeMethodAccessorImpl.java:62)
	at sun.reflect.DelegatingMethodAccessorImpl.invoke(DelegatingMethodAccessorImpl.java:43)
	at java.lang.reflect.Method.invoke(Method.java:498)
	at org.testng.internal.MethodInvocationHelper.invokeMethod(MethodInvocationHelper.java:85)
	at org.testng.internal.Invoker.invokeMethod(Invoker.java:639)
	at org.testng.internal.Invoker.invokeTestMethod(Invoker.java:816)
	at org.testng.internal.Invoker.invokeTestMethods(Invoker.java:1124)
	at org.testng.internal.TestMethodWorker.invokeTestMethods(TestMethodWorker.java:125)
	at org.testng.internal.TestMethodWorker.run(TestMethodWorker.java:108)
	at java.util.concurrent.ThreadPoolExecutor.runWorker(ThreadPoolExecutor.java:1149)
	at java.util.concurrent.ThreadPoolExecutor$Worker.run(ThreadPoolExecutor.java:624)
	at java.lang.Thread.run(Thread.java:748)
</div></td></tr></table><p class="totop"><a href="#summary">back to summary</a></p><h3 id="m13">testcases.UI_Data_file_termdef#IntelliSense_17_Term_Replace_Ucx</h3><table class="result"><tr><th>Exception</th></tr><tr><td><div class="stacktrace">java.lang.AssertionError: The following asserts failed:
	@@line_start [2125] line_end;gui_start java.lang.NullPointerException gui_end
	at org.testng.asserts.SoftAssert.assertAll(SoftAssert.java:43)
	at testcases.UI_Data_file_termdef.IntelliSense_17_Term_Replace_Ucx(UI_Data_file_termdef.java:2210)
	at sun.reflect.NativeMethodAccessorImpl.invoke0(Native Method)
	at sun.reflect.NativeMethodAccessorImpl.invoke(NativeMethodAccessorImpl.java:62)
	at sun.reflect.DelegatingMethodAccessorImpl.invoke(DelegatingMethodAccessorImpl.java:43)
	at java.lang.reflect.Method.invoke(Method.java:498)
	at org.testng.internal.MethodInvocationHelper.invokeMethod(MethodInvocationHelper.java:85)
	at org.testng.internal.Invoker.invokeMethod(Invoker.java:639)
	at org.testng.internal.Invoker.invokeTestMethod(Invoker.java:816)
	at org.testng.internal.Invoker.invokeTestMethods(Invoker.java:1124)
	at org.testng.internal.TestMethodWorker.invokeTestMethods(TestMethodWorker.java:125)
	at org.testng.internal.TestMethodWorker.run(TestMethodWorker.java:108)
	at java.util.concurrent.ThreadPoolExecutor.runWorker(ThreadPoolExecutor.java:1149)
	at java.util.concurrent.ThreadPoolExecutor$Worker.run(ThreadPoolExecutor.java:624)
	at java.lang.Thread.run(Thread.java:748)
</div></td></tr></table><p class="totop"><a href="#summary">back to summary</a></p><h3 id="m14">testcases.UI_Data_file_termdef#IntelliSense_18_Term_Nest_Ucx</h3><table class="result"><tr><th>Exception</th></tr><tr><td><div class="stacktrace">java.lang.AssertionError: The following asserts failed:
	@@line_start [2240] line_end;gui_start java.lang.NullPointerException gui_end
	at org.testng.asserts.SoftAssert.assertAll(SoftAssert.java:43)
	at testcases.UI_Data_file_termdef.IntelliSense_18_Term_Nest_Ucx(UI_Data_file_termdef.java:2298)
	at sun.reflect.NativeMethodAccessorImpl.invoke0(Native Method)
	at sun.reflect.NativeMethodAccessorImpl.invoke(NativeMethodAccessorImpl.java:62)
	at sun.reflect.DelegatingMethodAccessorImpl.invoke(DelegatingMethodAccessorImpl.java:43)
	at java.lang.reflect.Method.invoke(Method.java:498)
	at org.testng.internal.MethodInvocationHelper.invokeMethod(MethodInvocationHelper.java:85)
	at org.testng.internal.Invoker.invokeMethod(Invoker.java:639)
	at org.testng.internal.Invoker.invokeTestMethod(Invoker.java:816)
	at org.testng.internal.Invoker.invokeTestMethods(Invoker.java:1124)
	at org.testng.internal.TestMethodWorker.invokeTestMethods(TestMethodWorker.java:125)
	at org.testng.internal.TestMethodWorker.run(TestMethodWorker.java:108)
	at java.util.concurrent.ThreadPoolExecutor.runWorker(ThreadPoolExecutor.java:1149)
	at java.util.concurrent.ThreadPoolExecutor$Worker.run(ThreadPoolExecutor.java:624)
	at java.lang.Thread.run(Thread.java:748)
</div></td></tr></table><p class="totop"><a href="#summary">back to summary</a></p><h3 id="m15">testcases.UI_Data_file_termdef#IntelliSense_32_Term_TopLevelTerm_TableTerm</h3><table class="result"><tr><th>Exception</th></tr><tr><td><div class="stacktrace">java.lang.AssertionError: The following asserts failed:
	@@line_start [2358] line_end; expected [NotFound] but found [Displayed]gui_start By.xpath: //ul[@id=&apos;AutoCompleteMenu&apos; and contains(@style,&apos;display: block&apos;)] gui_end,
	@@line_start [2363] line_end; expected [NotFound] but found [Displayed]gui_start  gui_end,
	@@line_start [2371] line_end; expected [NotFound] but found [Displayed]gui_start  gui_end,
	@@line_start [2372] line_end; expected [NotFound] but found [Displayed]gui_start  gui_end,
	@@line_start [2373] line_end; expected [NotFound] but found [Displayed]gui_start  gui_end,
	@@line_start [2382] line_end; expected [NotFound] but found [Displayed]gui_start By.xpath: //ul[@id=&apos;AutoCompleteMenu&apos; and contains(@style,&apos;display: block&apos;)] gui_end,
	@@line_start [2393] line_end; expected [NotFound] but found [Displayed]gui_start  gui_end,
	@@line_start [2394] line_end; expected [NotFound] but found [Displayed]gui_start  gui_end,
	@@line_start [2417] line_end; expected [NotFound] but found [Displayed]gui_start  gui_end,
	@@line_start [2426] line_end; expected [NotFound] but found [Displayed]gui_start  gui_end,
	@@line_start [2427] line_end;gui_start java.lang.NullPointerException gui_end
	at org.testng.asserts.SoftAssert.assertAll(SoftAssert.java:43)
	at testcases.UI_Data_file_termdef.IntelliSense_32_Term_TopLevelTerm_TableTerm(UI_Data_file_termdef.java:2452)
	at sun.reflect.NativeMethodAccessorImpl.invoke0(Native Method)
	at sun.reflect.NativeMethodAccessorImpl.invoke(NativeMethodAccessorImpl.java:62)
	at sun.reflect.DelegatingMethodAccessorImpl.invoke(DelegatingMethodAccessorImpl.java:43)
	at java.lang.reflect.Method.invoke(Method.java:498)
	at org.testng.internal.MethodInvocationHelper.invokeMethod(MethodInvocationHelper.java:85)
	at org.testng.internal.Invoker.invokeMethod(Invoker.java:639)
	at org.testng.internal.Invoker.invokeTestMethod(Invoker.java:816)
	at org.testng.internal.Invoker.invokeTestMethods(Invoker.java:1124)
	at org.testng.internal.TestMethodWorker.invokeTestMethods(TestMethodWorker.java:125)
	at org.testng.internal.TestMethodWorker.run(TestMethodWorker.java:108)
	at java.util.concurrent.ThreadPoolExecutor.runWorker(ThreadPoolExecutor.java:1149)
	at java.util.concurrent.ThreadPoolExecutor$Worker.run(ThreadPoolExecutor.java:624)
	at java.lang.Thread.run(Thread.java:748)
</div></td></tr></table><p class="totop"><a href="#summary">back to summary</a></p><h3 id="m16">testcases.UI_Data_file_termdef#IntelliSense_33_Resource_Filter_Rex</h3><table class="result"><tr><th>Exception</th></tr><tr><td><div class="stacktrace">java.lang.AssertionError: The following asserts failed:
	@@line_start [2515] line_end; expected [File/User ] but found [Fi]gui_start [[[[ChromeDriver: chrome on XP (485db96a1b4b4487df048d16dfb6439c)] -&gt; xpath: //ul[@id=&apos;AutoCompleteMenu&apos;]/li[1]//strong]] -&gt; xpath: .//span[@style=&apos;color:red;&apos;]] gui_end,
	@@line_start [2523] line_end; expected [NotFound] but found [Displayed]gui_start  gui_end,
	@@line_start [2524] line_end; expected [File/User] but found [File/User ]gui_start [[[[ChromeDriver: chrome on XP (485db96a1b4b4487df048d16dfb6439c)] -&gt; xpath: //ul[@id=&apos;AutoCompleteMenu&apos;]/li//strong]] -&gt; xpath: .//span[@style=&apos;color:red;&apos;]] gui_end,
	@@line_start [2525] line_end; expected [Displayed] but found [NoSuchElement]gui_start element is null gui_end,
	@@line_start [2532] line_end; expected [NotFound] but found [Displayed]gui_start  gui_end
	at org.testng.asserts.SoftAssert.assertAll(SoftAssert.java:43)
	at testcases.UI_Data_file_termdef.IntelliSense_33_Resource_Filter_Rex(UI_Data_file_termdef.java:2544)
	at sun.reflect.NativeMethodAccessorImpl.invoke0(Native Method)
	at sun.reflect.NativeMethodAccessorImpl.invoke(NativeMethodAccessorImpl.java:62)
	at sun.reflect.DelegatingMethodAccessorImpl.invoke(DelegatingMethodAccessorImpl.java:43)
	at java.lang.reflect.Method.invoke(Method.java:498)
	at org.testng.internal.MethodInvocationHelper.invokeMethod(MethodInvocationHelper.java:85)
	at org.testng.internal.Invoker.invokeMethod(Invoker.java:639)
	at org.testng.internal.Invoker.invokeTestMethod(Invoker.java:816)
	at org.testng.internal.Invoker.invokeTestMethods(Invoker.java:1124)
	at org.testng.internal.TestMethodWorker.invokeTestMethods(TestMethodWorker.java:125)
	at org.testng.internal.TestMethodWorker.run(TestMethodWorker.java:108)
	at java.util.concurrent.ThreadPoolExecutor.runWorker(ThreadPoolExecutor.java:1149)
	at java.util.concurrent.ThreadPoolExecutor$Worker.run(ThreadPoolExecutor.java:624)
	at java.lang.Thread.run(Thread.java:748)
</div></td></tr></table><p class="totop"><a href="#summary">back to summary</a></p><h3 id="m17">testcases.UI_Data_file_termdef#IntelliSense_34_Resource_Operations_Rex</h3><table class="result"><tr><th>Exception</th></tr><tr><td><div class="stacktrace">java.lang.AssertionError: The following asserts failed:
	@@line_start [2627] line_end; expected [NotFound] but found [Displayed]gui_start  gui_end,
	@@line_start [2628] line_end; expected [NotFound] but found [Displayed]gui_start  gui_end,
	@@line_start [2629] line_end; expected [NotFound] but found [Displayed]gui_start  gui_end
	at org.testng.asserts.SoftAssert.assertAll(SoftAssert.java:43)
	at testcases.UI_Data_file_termdef.IntelliSense_34_Resource_Operations_Rex(UI_Data_file_termdef.java:2657)
	at sun.reflect.NativeMethodAccessorImpl.invoke0(Native Method)
	at sun.reflect.NativeMethodAccessorImpl.invoke(NativeMethodAccessorImpl.java:62)
	at sun.reflect.DelegatingMethodAccessorImpl.invoke(DelegatingMethodAccessorImpl.java:43)
	at java.lang.reflect.Method.invoke(Method.java:498)
	at org.testng.internal.MethodInvocationHelper.invokeMethod(MethodInvocationHelper.java:85)
	at org.testng.internal.Invoker.invokeMethod(Invoker.java:639)
	at org.testng.internal.Invoker.invokeTestMethod(Invoker.java:816)
	at org.testng.internal.Invoker.invokeTestMethods(Invoker.java:1124)
	at org.testng.internal.TestMethodWorker.invokeTestMethods(TestMethodWorker.java:125)
	at org.testng.internal.TestMethodWorker.run(TestMethodWorker.java:108)
	at java.util.concurrent.ThreadPoolExecutor.runWorker(ThreadPoolExecutor.java:1149)
	at java.util.concurrent.ThreadPoolExecutor$Worker.run(ThreadPoolExecutor.java:624)
	at java.lang.Thread.run(Thread.java:748)
</div></td></tr></table><p class="totop"><a href="#summary">back to summary</a></p><h3 id="m18">testcases.UI_Data_file_termdef#IntelliSense_37_Resource_Highlight_EditEffects_Rex</h3><table class="result"><tr><th>Exception</th></tr><tr><td><div class="stacktrace">java.lang.AssertionError: The following asserts failed:
	@@line_start [2948] line_end; expected [NotFound] but found [Displayed]gui_start  gui_end,
	@@line_start [2949] line_end; expected [NotFound] but found [Displayed]gui_start  gui_end
	at org.testng.asserts.SoftAssert.assertAll(SoftAssert.java:43)
	at testcases.UI_Data_file_termdef.IntelliSense_37_Resource_Highlight_EditEffects_Rex(UI_Data_file_termdef.java:2993)
	at sun.reflect.NativeMethodAccessorImpl.invoke0(Native Method)
	at sun.reflect.NativeMethodAccessorImpl.invoke(NativeMethodAccessorImpl.java:62)
	at sun.reflect.DelegatingMethodAccessorImpl.invoke(DelegatingMethodAccessorImpl.java:43)
	at java.lang.reflect.Method.invoke(Method.java:498)
	at org.testng.internal.MethodInvocationHelper.invokeMethod(MethodInvocationHelper.java:85)
	at org.testng.internal.Invoker.invokeMethod(Invoker.java:639)
	at org.testng.internal.Invoker.invokeTestMethod(Invoker.java:816)
	at org.testng.internal.Invoker.invokeTestMethods(Invoker.java:1124)
	at org.testng.internal.TestMethodWorker.invokeTestMethods(TestMethodWorker.java:125)
	at org.testng.internal.TestMethodWorker.run(TestMethodWorker.java:108)
	at java.util.concurrent.ThreadPoolExecutor.runWorker(ThreadPoolExecutor.java:1149)
	at java.util.concurrent.ThreadPoolExecutor$Worker.run(ThreadPoolExecutor.java:624)
	at java.lang.Thread.run(Thread.java:748)
</div></td></tr></table><p class="totop"><a href="#summary">back to summary</a></p><h3 id="m19">testcases.UI_Data_file_termdef#IntelliSense_38_Resource_Filter_Ucx</h3><table class="result"><tr><th>Exception</th></tr><tr><td><div class="stacktrace">java.lang.AssertionError: The following asserts failed:
	@@line_start [3097] line_end; expected [NotFound] but found [Displayed]gui_start  gui_end
	at org.testng.asserts.SoftAssert.assertAll(SoftAssert.java:43)
	at testcases.UI_Data_file_termdef.IntelliSense_38_Resource_Filter_Ucx(UI_Data_file_termdef.java:3107)
	at sun.reflect.NativeMethodAccessorImpl.invoke0(Native Method)
	at sun.reflect.NativeMethodAccessorImpl.invoke(NativeMethodAccessorImpl.java:62)
	at sun.reflect.DelegatingMethodAccessorImpl.invoke(DelegatingMethodAccessorImpl.java:43)
	at java.lang.reflect.Method.invoke(Method.java:498)
	at org.testng.internal.MethodInvocationHelper.invokeMethod(MethodInvocationHelper.java:85)
	at org.testng.internal.Invoker.invokeMethod(Invoker.java:639)
	at org.testng.internal.Invoker.invokeTestMethod(Invoker.java:816)
	at org.testng.internal.Invoker.invokeTestMethods(Invoker.java:1124)
	at org.testng.internal.TestMethodWorker.invokeTestMethods(TestMethodWorker.java:125)
	at org.testng.internal.TestMethodWorker.run(TestMethodWorker.java:108)
	at java.util.concurrent.ThreadPoolExecutor.runWorker(ThreadPoolExecutor.java:1149)
	at java.util.concurrent.ThreadPoolExecutor$Worker.run(ThreadPoolExecutor.java:624)
	at java.lang.Thread.run(Thread.java:748)
</div></td></tr></table><p class="totop"><a href="#summary">back to summary</a></p><h3 id="m20">testcases.UI_Data_file_termdef#IntelliSense_39_Resource_Operations_Ucx</h3><table class="result"><tr><th>Exception</th></tr><tr><td><div class="stacktrace">java.lang.AssertionError: The following asserts failed:
	@@line_start [3192] line_end;gui_start java.lang.NullPointerException gui_end
	at org.testng.asserts.SoftAssert.assertAll(SoftAssert.java:43)
	at testcases.UI_Data_file_termdef.IntelliSense_39_Resource_Operations_Ucx(UI_Data_file_termdef.java:3260)
	at sun.reflect.NativeMethodAccessorImpl.invoke0(Native Method)
	at sun.reflect.NativeMethodAccessorImpl.invoke(NativeMethodAccessorImpl.java:62)
	at sun.reflect.DelegatingMethodAccessorImpl.invoke(DelegatingMethodAccessorImpl.java:43)
	at java.lang.reflect.Method.invoke(Method.java:498)
	at org.testng.internal.MethodInvocationHelper.invokeMethod(MethodInvocationHelper.java:85)
	at org.testng.internal.Invoker.invokeMethod(Invoker.java:639)
	at org.testng.internal.Invoker.invokeTestMethod(Invoker.java:816)
	at org.testng.internal.Invoker.invokeTestMethods(Invoker.java:1124)
	at org.testng.internal.TestMethodWorker.invokeTestMethods(TestMethodWorker.java:125)
	at org.testng.internal.TestMethodWorker.run(TestMethodWorker.java:108)
	at java.util.concurrent.ThreadPoolExecutor.runWorker(ThreadPoolExecutor.java:1149)
	at java.util.concurrent.ThreadPoolExecutor$Worker.run(ThreadPoolExecutor.java:624)
	at java.lang.Thread.run(Thread.java:748)
</div></td></tr></table><p class="totop"><a href="#summary">back to summary</a></p><h3 id="m21">testcases.UI_Data_file_termdef#IntelliSense_40_Resource_Triggers_Ucx</h3><table class="result"><tr><th>Exception</th></tr><tr><td><div class="stacktrace">java.lang.AssertionError: The following asserts failed:
	@@line_start [3281] line_end; expected [NotFound] but found [Displayed]gui_start By.xpath: //ul[@id=&apos;AutoCompleteMenu&apos; and contains(@style,&apos;display: block&apos;)] gui_end,
	@@line_start [3304] line_end; expected [NotFound] but found [Displayed]gui_start  gui_end,
	@@line_start [3305] line_end; expected [NotFound] but found [Displayed]gui_start  gui_end,
	@@line_start [3306] line_end; expected [NotFound] but found [Displayed]gui_start  gui_end,
	@@line_start [3307] line_end; expected [NotFound] but found [Displayed]gui_start  gui_end,
	@@line_start [3313] line_end; expected [NotFound] but found [Displayed]gui_start  gui_end,
	@@line_start [3325] line_end; expected [NotFound] but found [Displayed]gui_start  gui_end,
	@@line_start [3326] line_end; expected [NotFound] but found [Displayed]gui_start  gui_end,
	@@line_start [3327] line_end; expected [NotFound] but found [Displayed]gui_start  gui_end,
	@@line_start [3339] line_end; expected [NotFound] but found [Displayed]gui_start  gui_end,
	@@line_start [3345] line_end;gui_start java.lang.NullPointerException gui_end
	at org.testng.asserts.SoftAssert.assertAll(SoftAssert.java:43)
	at testcases.UI_Data_file_termdef.IntelliSense_40_Resource_Triggers_Ucx(UI_Data_file_termdef.java:3356)
	at sun.reflect.NativeMethodAccessorImpl.invoke0(Native Method)
	at sun.reflect.NativeMethodAccessorImpl.invoke(NativeMethodAccessorImpl.java:62)
	at sun.reflect.DelegatingMethodAccessorImpl.invoke(DelegatingMethodAccessorImpl.java:43)
	at java.lang.reflect.Method.invoke(Method.java:498)
	at org.testng.internal.MethodInvocationHelper.invokeMethod(MethodInvocationHelper.java:85)
	at org.testng.internal.Invoker.invokeMethod(Invoker.java:639)
	at org.testng.internal.Invoker.invokeTestMethod(Invoker.java:816)
	at org.testng.internal.Invoker.invokeTestMethods(Invoker.java:1124)
	at org.testng.internal.TestMethodWorker.invokeTestMethods(TestMethodWorker.java:125)
	at org.testng.internal.TestMethodWorker.run(TestMethodWorker.java:108)
	at java.util.concurrent.ThreadPoolExecutor.runWorker(ThreadPoolExecutor.java:1149)
	at java.util.concurrent.ThreadPoolExecutor$Worker.run(ThreadPoolExecutor.java:624)
	at java.lang.Thread.run(Thread.java:748)
</div></td></tr></table><p class="totop"><a href="#summary">back to summary</a></p><h3 id="m22">testcases.UI_Data_file_termdef#IntelliSense_11_Term_Operations_Ucx</h3><table class="result"></table><p class="totop"><a href="#summary">back to summary</a></p><h3 id="m23">testcases.UI_Data_file_termdef#IntelliSense_35_Resource_Triggers_Rex</h3><table class="result"></table><p class="totop"><a href="#summary">back to summary</a></p><h3 id="m24">testcases.UI_Data_file_termdef#IntelliSense_36_Resource_Highlight_Realtime_Rex</h3><table class="result"></table><p class="totop"><a href="#summary">back to summary</a></p></body></html>