<!DOCTYPE html>

<html>
  <head>
  <title>TestNG reports</title>

    <link type="text/css" href="testng-reports.css" rel="stylesheet" />  
    <script type="text/javascript" src="jquery-1.7.1.min.js"></script>
    <script type="text/javascript" src="testng-reports.js"></script>
    <script type="text/javascript" src="https://www.google.com/jsapi"></script>
    <script type='text/javascript'>
      google.load('visualization', '1', {packages:['table']});
      google.setOnLoadCallback(drawTable);
      var suiteTableInitFunctions = new Array();
      var suiteTableData = new Array();
    </script>
    <!--
      <script type="text/javascript" src="jquery-ui/js/jquery-ui-1.8.16.custom.min.js"></script>
     -->
  </head>

  <body>
    <div class="top-banner-root">
      <span class="top-banner-title-font">Test results</span>
      <br/>
      <span class="top-banner-font-1">1 suite, 22 failed tests</span>
    </div> <!-- top-banner-root -->
    <div class="navigator-root">
      <div class="navigator-suite-header">
        <span>All suites</span>
        <a href="#" class="collapse-all-link" title="Collapse/expand all the suites">
          <img class="collapse-all-icon" src="collapseall.gif">
          </img> <!-- collapse-all-icon -->
        </a> <!-- collapse-all-link -->
      </div> <!-- navigator-suite-header -->
      <div class="suite">
        <div class="rounded-window">
          <div class="suite-header light-rounded-window-top">
            <a href="#" class="navigator-link" panel-name="suite-Batch_1">
              <span class="suite-name border-failed">Batch_1</span>
            </a> <!-- navigator-link -->
          </div> <!-- suite-header light-rounded-window-top -->
          <div class="navigator-suite-content">
            <div class="suite-section-title">
              <span>Info</span>
            </div> <!-- suite-section-title -->
            <div class="suite-section-content">
              <ul>
                <li>
                  <a href="#" class="navigator-link " panel-name="test-xml-Batch_1">
                    <span>C:\Users\yulei\AppData\Local\Temp\testng-eclipse-2039230802\testng-customsuite.xml</span>
                  </a> <!-- navigator-link  -->
                </li>
                <li>
                  <a href="#" class="navigator-link " panel-name="testlist-Batch_1">
                    <span class="test-stats">1 test</span>
                  </a> <!-- navigator-link  -->
                </li>
                <li>
                  <a href="#" class="navigator-link " panel-name="group-Batch_1">
                    <span>0 groups</span>
                  </a> <!-- navigator-link  -->
                </li>
                <li>
                  <a href="#" class="navigator-link " panel-name="times-Batch_1">
                    <span>Times</span>
                  </a> <!-- navigator-link  -->
                </li>
                <li>
                  <a href="#" class="navigator-link " panel-name="reporter-Batch_1">
                    <span>Reporter output</span>
                  </a> <!-- navigator-link  -->
                </li>
                <li>
                  <a href="#" class="navigator-link " panel-name="ignored-methods-Batch_1">
                    <span>Ignored methods</span>
                  </a> <!-- navigator-link  -->
                </li>
                <li>
                  <a href="#" class="navigator-link " panel-name="chronological-Batch_1">
                    <span>Chronological view</span>
                  </a> <!-- navigator-link  -->
                </li>
              </ul>
            </div> <!-- suite-section-content -->
            <div class="result-section">
              <div class="suite-section-title">
                <span>Results</span>
              </div> <!-- suite-section-title -->
              <div class="suite-section-content">
                <ul>
                  <li>
                    <span class="method-stats">25 methods, 22 failed,   3 passed</span>
                  </li>
                  <li>
                    <span class="method-list-title failed">Failed methods</span>
                    <span class="show-or-hide-methods failed">
                      <a href="#" panel-name="suite-Batch_1" class="hide-methods failed suite-Batch_1"> (hide)</a> <!-- hide-methods failed suite-Batch_1 -->
                      <a href="#" panel-name="suite-Batch_1" class="show-methods failed suite-Batch_1"> (show)</a> <!-- show-methods failed suite-Batch_1 -->
                    </span>
                    <div class="method-list-content failed suite-Batch_1">
                      <span>
                        <img width="3%" src="failed.png"/>
                        <a href="#" class="method navigator-link" panel-name="suite-Batch_1" title="testcases.UI_Data_file_termdef" hash-for-method="IntelliSense_01_Term_Filter_Rex">IntelliSense_01_Term_Filter_Rex</a> <!-- method navigator-link -->
                      </span>
                      <br/>
                      <span>
                        <img width="3%" src="failed.png"/>
                        <a href="#" class="method navigator-link" panel-name="suite-Batch_1" title="testcases.UI_Data_file_termdef" hash-for-method="IntelliSense_02_Term_Oprations_Rex">IntelliSense_02_Term_Oprations_Rex</a> <!-- method navigator-link -->
                      </span>
                      <br/>
                      <span>
                        <img width="3%" src="failed.png"/>
                        <a href="#" class="method navigator-link" panel-name="suite-Batch_1" title="testcases.UI_Data_file_termdef" hash-for-method="IntelliSense_03_Term_Triggers_Rex">IntelliSense_03_Term_Triggers_Rex</a> <!-- method navigator-link -->
                      </span>
                      <br/>
                      <span>
                        <img width="3%" src="failed.png"/>
                        <a href="#" class="method navigator-link" panel-name="suite-Batch_1" title="testcases.UI_Data_file_termdef" hash-for-method="IntelliSense_04_Term_Orange_Rex">IntelliSense_04_Term_Orange_Rex</a> <!-- method navigator-link -->
                      </span>
                      <br/>
                      <span>
                        <img width="3%" src="failed.png"/>
                        <a href="#" class="method navigator-link" panel-name="suite-Batch_1" title="testcases.UI_Data_file_termdef" hash-for-method="IntelliSense_06_Term_Highlight_SingleMulti_use_Rex">IntelliSense_06_Term_Highlight_SingleMulti_use_Rex</a> <!-- method navigator-link -->
                      </span>
                      <br/>
                      <span>
                        <img width="3%" src="failed.png"/>
                        <a href="#" class="method navigator-link" panel-name="suite-Batch_1" title="testcases.UI_Data_file_termdef" hash-for-method="IntelliSense_07_Term_Highlight_EditEffects_Rex">IntelliSense_07_Term_Highlight_EditEffects_Rex</a> <!-- method navigator-link -->
                      </span>
                      <br/>
                      <span>
                        <img width="3%" src="failed.png"/>
                        <a href="#" class="method navigator-link" panel-name="suite-Batch_1" title="testcases.UI_Data_file_termdef" hash-for-method="IntelliSense_08_Term_Replace_Rex">IntelliSense_08_Term_Replace_Rex</a> <!-- method navigator-link -->
                      </span>
                      <br/>
                      <span>
                        <img width="3%" src="failed.png"/>
                        <a href="#" class="method navigator-link" panel-name="suite-Batch_1" title="testcases.UI_Data_file_termdef" hash-for-method="IntelliSense_09_Term_Nest_Rex">IntelliSense_09_Term_Nest_Rex</a> <!-- method navigator-link -->
                      </span>
                      <br/>
                      <span>
                        <img width="3%" src="failed.png"/>
                        <a href="#" class="method navigator-link" panel-name="suite-Batch_1" title="testcases.UI_Data_file_termdef" hash-for-method="IntelliSense_10_Term_Filter_Ucx">IntelliSense_10_Term_Filter_Ucx</a> <!-- method navigator-link -->
                      </span>
                      <br/>
                      <span>
                        <img width="3%" src="failed.png"/>
                        <a href="#" class="method navigator-link" panel-name="suite-Batch_1" title="testcases.UI_Data_file_termdef" hash-for-method="IntelliSense_12_Term_Triggers_Ucx">IntelliSense_12_Term_Triggers_Ucx</a> <!-- method navigator-link -->
                      </span>
                      <br/>
                      <span>
                        <img width="3%" src="failed.png"/>
                        <a href="#" class="method navigator-link" panel-name="suite-Batch_1" title="testcases.UI_Data_file_termdef" hash-for-method="IntelliSense_13_Term_Orange_Ucx">IntelliSense_13_Term_Orange_Ucx</a> <!-- method navigator-link -->
                      </span>
                      <br/>
                      <span>
                        <img width="3%" src="failed.png"/>
                        <a href="#" class="method navigator-link" panel-name="suite-Batch_1" title="testcases.UI_Data_file_termdef" hash-for-method="IntelliSense_14_Term_Highlight_Realtime_Ucx">IntelliSense_14_Term_Highlight_Realtime_Ucx</a> <!-- method navigator-link -->
                      </span>
                      <br/>
                      <span>
                        <img width="3%" src="failed.png"/>
                        <a href="#" class="method navigator-link" panel-name="suite-Batch_1" title="testcases.UI_Data_file_termdef" hash-for-method="IntelliSense_15_Term_Highlight_Single_Multi_use_Ucx">IntelliSense_15_Term_Highlight_Single_Multi_use_Ucx</a> <!-- method navigator-link -->
                      </span>
                      <br/>
                      <span>
                        <img width="3%" src="failed.png"/>
                        <a href="#" class="method navigator-link" panel-name="suite-Batch_1" title="testcases.UI_Data_file_termdef" hash-for-method="IntelliSense_17_Term_Replace_Ucx">IntelliSense_17_Term_Replace_Ucx</a> <!-- method navigator-link -->
                      </span>
                      <br/>
                      <span>
                        <img width="3%" src="failed.png"/>
                        <a href="#" class="method navigator-link" panel-name="suite-Batch_1" title="testcases.UI_Data_file_termdef" hash-for-method="IntelliSense_18_Term_Nest_Ucx">IntelliSense_18_Term_Nest_Ucx</a> <!-- method navigator-link -->
                      </span>
                      <br/>
                      <span>
                        <img width="3%" src="failed.png"/>
                        <a href="#" class="method navigator-link" panel-name="suite-Batch_1" title="testcases.UI_Data_file_termdef" hash-for-method="IntelliSense_32_Term_TopLevelTerm_TableTerm">IntelliSense_32_Term_TopLevelTerm_TableTerm</a> <!-- method navigator-link -->
                      </span>
                      <br/>
                      <span>
                        <img width="3%" src="failed.png"/>
                        <a href="#" class="method navigator-link" panel-name="suite-Batch_1" title="testcases.UI_Data_file_termdef" hash-for-method="IntelliSense_33_Resource_Filter_Rex">IntelliSense_33_Resource_Filter_Rex</a> <!-- method navigator-link -->
                      </span>
                      <br/>
                      <span>
                        <img width="3%" src="failed.png"/>
                        <a href="#" class="method navigator-link" panel-name="suite-Batch_1" title="testcases.UI_Data_file_termdef" hash-for-method="IntelliSense_34_Resource_Operations_Rex">IntelliSense_34_Resource_Operations_Rex</a> <!-- method navigator-link -->
                      </span>
                      <br/>
                      <span>
                        <img width="3%" src="failed.png"/>
                        <a href="#" class="method navigator-link" panel-name="suite-Batch_1" title="testcases.UI_Data_file_termdef" hash-for-method="IntelliSense_37_Resource_Highlight_EditEffects_Rex">IntelliSense_37_Resource_Highlight_EditEffects_Rex</a> <!-- method navigator-link -->
                      </span>
                      <br/>
                      <span>
                        <img width="3%" src="failed.png"/>
                        <a href="#" class="method navigator-link" panel-name="suite-Batch_1" title="testcases.UI_Data_file_termdef" hash-for-method="IntelliSense_38_Resource_Filter_Ucx">IntelliSense_38_Resource_Filter_Ucx</a> <!-- method navigator-link -->
                      </span>
                      <br/>
                      <span>
                        <img width="3%" src="failed.png"/>
                        <a href="#" class="method navigator-link" panel-name="suite-Batch_1" title="testcases.UI_Data_file_termdef" hash-for-method="IntelliSense_39_Resource_Operations_Ucx">IntelliSense_39_Resource_Operations_Ucx</a> <!-- method navigator-link -->
                      </span>
                      <br/>
                      <span>
                        <img width="3%" src="failed.png"/>
                        <a href="#" class="method navigator-link" panel-name="suite-Batch_1" title="testcases.UI_Data_file_termdef" hash-for-method="IntelliSense_40_Resource_Triggers_Ucx">IntelliSense_40_Resource_Triggers_Ucx</a> <!-- method navigator-link -->
                      </span>
                      <br/>
                    </div> <!-- method-list-content failed suite-Batch_1 -->
                  </li>
                  <li>
                    <span class="method-list-title passed">Passed methods</span>
                    <span class="show-or-hide-methods passed">
                      <a href="#" panel-name="suite-Batch_1" class="hide-methods passed suite-Batch_1"> (hide)</a> <!-- hide-methods passed suite-Batch_1 -->
                      <a href="#" panel-name="suite-Batch_1" class="show-methods passed suite-Batch_1"> (show)</a> <!-- show-methods passed suite-Batch_1 -->
                    </span>
                    <div class="method-list-content passed suite-Batch_1">
                      <span>
                        <img width="3%" src="passed.png"/>
                        <a href="#" class="method navigator-link" panel-name="suite-Batch_1" title="testcases.UI_Data_file_termdef" hash-for-method="IntelliSense_11_Term_Operations_Ucx">IntelliSense_11_Term_Operations_Ucx</a> <!-- method navigator-link -->
                      </span>
                      <br/>
                      <span>
                        <img width="3%" src="passed.png"/>
                        <a href="#" class="method navigator-link" panel-name="suite-Batch_1" title="testcases.UI_Data_file_termdef" hash-for-method="IntelliSense_35_Resource_Triggers_Rex">IntelliSense_35_Resource_Triggers_Rex</a> <!-- method navigator-link -->
                      </span>
                      <br/>
                      <span>
                        <img width="3%" src="passed.png"/>
                        <a href="#" class="method navigator-link" panel-name="suite-Batch_1" title="testcases.UI_Data_file_termdef" hash-for-method="IntelliSense_36_Resource_Highlight_Realtime_Rex">IntelliSense_36_Resource_Highlight_Realtime_Rex</a> <!-- method navigator-link -->
                      </span>
                      <br/>
                    </div> <!-- method-list-content passed suite-Batch_1 -->
                  </li>
                </ul>
              </div> <!-- suite-section-content -->
            </div> <!-- result-section -->
          </div> <!-- navigator-suite-content -->
        </div> <!-- rounded-window -->
      </div> <!-- suite -->
    </div> <!-- navigator-root -->
    <div class="wrapper">
      <div class="main-panel-root">
        <div panel-name="suite-Batch_1" class="panel Batch_1">
          <div class="suite-Batch_1-class-failed">
            <div class="main-panel-header rounded-window-top">
              <img src="failed.png"/>
              <span class="class-name">testcases.UI_Data_file_termdef</span>
            </div> <!-- main-panel-header rounded-window-top -->
            <div class="main-panel-content rounded-window-bottom">
              <div class="method">
                <div class="method-content">
                  <a name="IntelliSense_01_Term_Filter_Rex">
                  </a> <!-- IntelliSense_01_Term_Filter_Rex -->
                  <span class="method-name">IntelliSense_01_Term_Filter_Rex</span>
                  <div class="stack-trace">java.lang.AssertionError: The following asserts failed:
	@@line_start [183] line_end; expected [Displayed] but found [NoSuchElement]gui_start element is null gui_end,
	@@line_start [195] line_end; expected [NotFound] but found [Displayed]gui_start  gui_end,
	@@line_start [198] line_end; expected [Use] but found [UseD]gui_start [[[[ChromeDriver: chrome on XP (485db96a1b4b4487df048d16dfb6439c)] -&gt; xpath: //ul[@id=&apos;AutoCompleteMenu&apos;]/li//strong]] -&gt; xpath: .//span[@style=&apos;color:red;&apos;]] gui_end,
	@@line_start [199] line_end; expected [Displayed] but found [NoSuchElement]gui_start element is null gui_end,
	@@line_start [200] line_end; expected [use] but found [user]gui_start [[[[ChromeDriver: chrome on XP (485db96a1b4b4487df048d16dfb6439c)] -&gt; xpath: //ul[@id=&apos;AutoCompleteMenu&apos;]/li//strong]] -&gt; xpath: .//span[@style=&apos;color:red;&apos;]] gui_end,
	@@line_start [204] line_end; expected [NotFound] but found [Displayed]gui_start  gui_end,
	@@line_start [205] line_end; expected [NotFound] but found [Displayed]gui_start  gui_end,
	@@line_start [206] line_end; expected [NotFound] but found [Displayed]gui_start  gui_end,
	@@line_start [207] line_end; expected [NotFound] but found [Displayed]gui_start  gui_end,
	@@line_start [208] line_end;gui_start java.lang.NullPointerException gui_end
	at org.testng.asserts.SoftAssert.assertAll(SoftAssert.java:43)
	at testcases.UI_Data_file_termdef.IntelliSense_01_Term_Filter_Rex(UI_Data_file_termdef.java:269)
	at sun.reflect.NativeMethodAccessorImpl.invoke0(Native Method)
	at sun.reflect.NativeMethodAccessorImpl.invoke(NativeMethodAccessorImpl.java:62)
	at sun.reflect.DelegatingMethodAccessorImpl.invoke(DelegatingMethodAccessorImpl.java:43)
	at java.lang.reflect.Method.invoke(Method.java:498)
	at org.testng.internal.MethodInvocationHelper.invokeMethod(MethodInvocationHelper.java:85)
	at org.testng.internal.Invoker.invokeMethod(Invoker.java:639)
	at org.testng.internal.Invoker.invokeTestMethod(Invoker.java:816)
	at org.testng.internal.Invoker.invokeTestMethods(Invoker.java:1124)
	at org.testng.internal.TestMethodWorker.invokeTestMethods(TestMethodWorker.java:125)
	at org.testng.internal.TestMethodWorker.run(TestMethodWorker.java:108)
	at java.util.concurrent.ThreadPoolExecutor.runWorker(ThreadPoolExecutor.java:1149)
	at java.util.concurrent.ThreadPoolExecutor$Worker.run(ThreadPoolExecutor.java:624)
	at java.lang.Thread.run(Thread.java:748)

</div> <!-- stack-trace -->
                </div> <!-- method-content -->
              </div> <!-- method -->
              <div class="method">
                <div class="method-content">
                  <a name="IntelliSense_02_Term_Oprations_Rex">
                  </a> <!-- IntelliSense_02_Term_Oprations_Rex -->
                  <span class="method-name">IntelliSense_02_Term_Oprations_Rex</span>
                  <div class="stack-trace">java.lang.AssertionError: The following asserts failed:
	@@line_start [322] line_end; expected [Displayed] but found [NotFound]gui_start [[ChromeDriver: chrome on XP (485db96a1b4b4487df048d16dfb6439c)] -&gt; xpath: //ul[@id=&apos;AutoCompleteMenu&apos;]/li//strong] gui_end,
	@@line_start [323] line_end; expected [Displayed] but found [NotFound]gui_start [[ChromeDriver: chrome on XP (485db96a1b4b4487df048d16dfb6439c)] -&gt; xpath: //ul[@id=&apos;AutoCompleteMenu&apos;]/li//strong] gui_end,
	@@line_start [324] line_end; expected [Displayed] but found [NotFound]gui_start [[ChromeDriver: chrome on XP (485db96a1b4b4487df048d16dfb6439c)] -&gt; xpath: //ul[@id=&apos;AutoCompleteMenu&apos;]/li//strong] gui_end,
	@@line_start [325] line_end; expected [Displayed] but found [NotFound]gui_start [[ChromeDriver: chrome on XP (485db96a1b4b4487df048d16dfb6439c)] -&gt; xpath: //ul[@id=&apos;AutoCompleteMenu&apos;]/li//strong] gui_end,
	@@line_start [333] line_end; expected [Great&lt;Northern Mariana Islands&gt;] but found [Great&lt;North]gui_start [[ChromeDriver: chrome on XP (485db96a1b4b4487df048d16dfb6439c)] -&gt; xpath: //*[@id=&apos;rexDiv&apos;]/div[4]/*[local-name()=&apos;svg&apos;]/*[local-name()=&apos;g&apos;]/*[local-name()=&apos;g&apos;][2]/*[local-name()=&apos;g&apos; and contains(@transform,&apos;translate&apos;) and @locationindex=&apos;2&apos;]/following-sibling::*[local-name()=&apos;g&apos;]//div[contains(@xmlns,&apos;http&apos;)]] gui_end,
	@@line_start [347] line_end;gui_start org.openqa.selenium.NoSuchElementException: no such element: Unable to locate element: {&quot;method&quot;:&quot;xpath&quot;,&quot;selector&quot;:&quot;//*[@id=&apos;rexDiv&apos;]/div[4]/*[local-name()=&apos;svg&apos;]/*[local-name()=&apos;g&apos;]/*[local-name()=&apos;g&apos;][2]/*[local-name()=&apos;g&apos; and contains(@transform,&apos;translate&apos;) and @locationindex=&apos;2&apos;]/following-sibling::*[local-name()=&apos;g&apos;]//div//span[@style=&apos;color: green&apos;]&quot;}
  (Session info: chrome=88.0.4324.96)
  (Driver info: chromedriver=88.0.4324.96 (68dba2d8a0b149a1d3afac56fa74648032bcf46b-refs/branch-heads/4324@{#1784}),platform=Windows NT 6.1.7601 SP1 x86_64) (WARNING: The server did not provide any stacktrace information)
Command duration or timeout: 9.06 seconds
For documentation on this error, please visit: http://seleniumhq.org/exceptions/no_such_element.html
Build info: version: &apos;2.53.0&apos;, revision: &apos;35ae25b&apos;, time: &apos;2016-03-15 16:57:40&apos;
System info: host: &apos;FTR3COF93BK8A76&apos;, ip: &apos;192.168.0.201&apos;, os.name: &apos;Windows 7&apos;, os.arch: &apos;amd64&apos;, os.version: &apos;6.1&apos;, java.version: &apos;1.8.0_144&apos;
Driver info: org.openqa.selenium.chrome.ChromeDriver
Capabilities [{mobileEmulationEnabled=false, timeouts={implicit=0, pageLoad=300000, script=30000}, hasTouchScreen=false, platform=XP, acceptSslCerts=false, goog:chromeOptions={debuggerAddress=localhost:60127}, acceptInsecureCerts=false, webStorageEnabled=true, browserName=chrome, takesScreenshot=true, javascriptEnabled=true, setWindowRect=true, webauthn:extension:largeBlob=true, unexpectedAlertBehaviour=ignore, applicationCacheEnabled=false, rotatable=false, networkConnectionEnabled=false, chrome={chromedriverVersion=88.0.4324.96 (68dba2d8a0b149a1d3afac56fa74648032bcf46b-refs/branch-heads/4324@{#1784}), userDataDir=C:\Users\yulei\AppData\Local\Temp\scoped_dir9612_595983487}, takesHeapSnapshot=true, pageLoadStrategy=normal, strictFileInteractability=false, databaseEnabled=false, handlesAlerts=true, version=88.0.4324.96, browserConnectionEnabled=false, proxy={}, nativeEvents=true, locationContextEnabled=true, cssSelectorsEnabled=true, webauthn:virtualAuthenticators=true}]
Session ID: 485db96a1b4b4487df048d16dfb6439c
*** Element info: {Using=xpath, value=//*[@id=&apos;rexDiv&apos;]/div[4]/*[local-name()=&apos;svg&apos;]/*[local-name()=&apos;g&apos;]/*[local-name()=&apos;g&apos;][2]/*[local-name()=&apos;g&apos; and contains(@transform,&apos;translate&apos;) and @locationindex=&apos;2&apos;]/following-sibling::*[local-name()=&apos;g&apos;]//div//span[@style=&apos;color: green&apos;]} gui_end
	at org.testng.asserts.SoftAssert.assertAll(SoftAssert.java:43)
	at testcases.UI_Data_file_termdef.IntelliSense_02_Term_Oprations_Rex(UI_Data_file_termdef.java:364)
	at sun.reflect.NativeMethodAccessorImpl.invoke0(Native Method)
	at sun.reflect.NativeMethodAccessorImpl.invoke(NativeMethodAccessorImpl.java:62)
	at sun.reflect.DelegatingMethodAccessorImpl.invoke(DelegatingMethodAccessorImpl.java:43)
	at java.lang.reflect.Method.invoke(Method.java:498)
	at org.testng.internal.MethodInvocationHelper.invokeMethod(MethodInvocationHelper.java:85)
	at org.testng.internal.Invoker.invokeMethod(Invoker.java:639)
	at org.testng.internal.Invoker.invokeTestMethod(Invoker.java:816)
	at org.testng.internal.Invoker.invokeTestMethods(Invoker.java:1124)
	at org.testng.internal.TestMethodWorker.invokeTestMethods(TestMethodWorker.java:125)
	at org.testng.internal.TestMethodWorker.run(TestMethodWorker.java:108)
	at java.util.concurrent.ThreadPoolExecutor.runWorker(ThreadPoolExecutor.java:1149)
	at java.util.concurrent.ThreadPoolExecutor$Worker.run(ThreadPoolExecutor.java:624)
	at java.lang.Thread.run(Thread.java:748)

</div> <!-- stack-trace -->
                </div> <!-- method-content -->
              </div> <!-- method -->
              <div class="method">
                <div class="method-content">
                  <a name="IntelliSense_03_Term_Triggers_Rex">
                  </a> <!-- IntelliSense_03_Term_Triggers_Rex -->
                  <span class="method-name">IntelliSense_03_Term_Triggers_Rex</span>
                  <div class="stack-trace">java.lang.AssertionError: The following asserts failed:
	@@line_start [414] line_end; expected [NotFound] but found [Displayed]gui_start By.xpath: //ul[@id=&apos;AutoCompleteMenu&apos; and contains(@style,&apos;display: block&apos;)] gui_end
	at org.testng.asserts.SoftAssert.assertAll(SoftAssert.java:43)
	at testcases.UI_Data_file_termdef.IntelliSense_03_Term_Triggers_Rex(UI_Data_file_termdef.java:485)
	at sun.reflect.NativeMethodAccessorImpl.invoke0(Native Method)
	at sun.reflect.NativeMethodAccessorImpl.invoke(NativeMethodAccessorImpl.java:62)
	at sun.reflect.DelegatingMethodAccessorImpl.invoke(DelegatingMethodAccessorImpl.java:43)
	at java.lang.reflect.Method.invoke(Method.java:498)
	at org.testng.internal.MethodInvocationHelper.invokeMethod(MethodInvocationHelper.java:85)
	at org.testng.internal.Invoker.invokeMethod(Invoker.java:639)
	at org.testng.internal.Invoker.invokeTestMethod(Invoker.java:816)
	at org.testng.internal.Invoker.invokeTestMethods(Invoker.java:1124)
	at org.testng.internal.TestMethodWorker.invokeTestMethods(TestMethodWorker.java:125)
	at org.testng.internal.TestMethodWorker.run(TestMethodWorker.java:108)
	at java.util.concurrent.ThreadPoolExecutor.runWorker(ThreadPoolExecutor.java:1149)
	at java.util.concurrent.ThreadPoolExecutor$Worker.run(ThreadPoolExecutor.java:624)
	at java.lang.Thread.run(Thread.java:748)

</div> <!-- stack-trace -->
                </div> <!-- method-content -->
              </div> <!-- method -->
              <div class="method">
                <div class="method-content">
                  <a name="IntelliSense_04_Term_Orange_Rex">
                  </a> <!-- IntelliSense_04_Term_Orange_Rex -->
                  <span class="method-name">IntelliSense_04_Term_Orange_Rex</span>
                  <div class="stack-trace">java.lang.AssertionError: The following asserts failed:
	@@line_start [513] line_end; expected [Displayed] but found [NoSuchElement]gui_start element is null gui_end,
	@@line_start [514] line_end; expected [Displayed] but found [NoSuchElement]gui_start element is null gui_end,
	@@line_start [535] line_end;gui_start java.lang.NullPointerException gui_end
	at org.testng.asserts.SoftAssert.assertAll(SoftAssert.java:43)
	at testcases.UI_Data_file_termdef.IntelliSense_04_Term_Orange_Rex(UI_Data_file_termdef.java:640)
	at sun.reflect.NativeMethodAccessorImpl.invoke0(Native Method)
	at sun.reflect.NativeMethodAccessorImpl.invoke(NativeMethodAccessorImpl.java:62)
	at sun.reflect.DelegatingMethodAccessorImpl.invoke(DelegatingMethodAccessorImpl.java:43)
	at java.lang.reflect.Method.invoke(Method.java:498)
	at org.testng.internal.MethodInvocationHelper.invokeMethod(MethodInvocationHelper.java:85)
	at org.testng.internal.Invoker.invokeMethod(Invoker.java:639)
	at org.testng.internal.Invoker.invokeTestMethod(Invoker.java:816)
	at org.testng.internal.Invoker.invokeTestMethods(Invoker.java:1124)
	at org.testng.internal.TestMethodWorker.invokeTestMethods(TestMethodWorker.java:125)
	at org.testng.internal.TestMethodWorker.run(TestMethodWorker.java:108)
	at java.util.concurrent.ThreadPoolExecutor.runWorker(ThreadPoolExecutor.java:1149)
	at java.util.concurrent.ThreadPoolExecutor$Worker.run(ThreadPoolExecutor.java:624)
	at java.lang.Thread.run(Thread.java:748)

</div> <!-- stack-trace -->
                </div> <!-- method-content -->
              </div> <!-- method -->
              <div class="method">
                <div class="method-content">
                  <a name="IntelliSense_06_Term_Highlight_SingleMulti_use_Rex">
                  </a> <!-- IntelliSense_06_Term_Highlight_SingleMulti_use_Rex -->
                  <span class="method-name">IntelliSense_06_Term_Highlight_SingleMulti_use_Rex</span>
                  <div class="stack-trace">java.lang.AssertionError: The following asserts failed:
	@@line_start [786] line_end; expected [NotFound] but found [Displayed]gui_start  gui_end
	at org.testng.asserts.SoftAssert.assertAll(SoftAssert.java:43)
	at testcases.UI_Data_file_termdef.IntelliSense_06_Term_Highlight_SingleMulti_use_Rex(UI_Data_file_termdef.java:806)
	at sun.reflect.NativeMethodAccessorImpl.invoke0(Native Method)
	at sun.reflect.NativeMethodAccessorImpl.invoke(NativeMethodAccessorImpl.java:62)
	at sun.reflect.DelegatingMethodAccessorImpl.invoke(DelegatingMethodAccessorImpl.java:43)
	at java.lang.reflect.Method.invoke(Method.java:498)
	at org.testng.internal.MethodInvocationHelper.invokeMethod(MethodInvocationHelper.java:85)
	at org.testng.internal.Invoker.invokeMethod(Invoker.java:639)
	at org.testng.internal.Invoker.invokeTestMethod(Invoker.java:816)
	at org.testng.internal.Invoker.invokeTestMethods(Invoker.java:1124)
	at org.testng.internal.TestMethodWorker.invokeTestMethods(TestMethodWorker.java:125)
	at org.testng.internal.TestMethodWorker.run(TestMethodWorker.java:108)
	at java.util.concurrent.ThreadPoolExecutor.runWorker(ThreadPoolExecutor.java:1149)
	at java.util.concurrent.ThreadPoolExecutor$Worker.run(ThreadPoolExecutor.java:624)
	at java.lang.Thread.run(Thread.java:748)

</div> <!-- stack-trace -->
                </div> <!-- method-content -->
              </div> <!-- method -->
              <div class="method">
                <div class="method-content">
                  <a name="IntelliSense_07_Term_Highlight_EditEffects_Rex">
                  </a> <!-- IntelliSense_07_Term_Highlight_EditEffects_Rex -->
                  <span class="method-name">IntelliSense_07_Term_Highlight_EditEffects_Rex</span>
                  <div class="stack-trace">java.lang.AssertionError: The following asserts failed:
	@@line_start [843] line_end; expected [NotFound] but found [Displayed]gui_start  gui_end,
	@@line_start [844] line_end; expected [NotFound] but found [Displayed]gui_start  gui_end,
	@@line_start [845] line_end; expected [NotFound] but found [Displayed]gui_start  gui_end,
	@@line_start [846] line_end; expected [NotFound] but found [Displayed]gui_start  gui_end
	at org.testng.asserts.SoftAssert.assertAll(SoftAssert.java:43)
	at testcases.UI_Data_file_termdef.IntelliSense_07_Term_Highlight_EditEffects_Rex(UI_Data_file_termdef.java:948)
	at sun.reflect.NativeMethodAccessorImpl.invoke0(Native Method)
	at sun.reflect.NativeMethodAccessorImpl.invoke(NativeMethodAccessorImpl.java:62)
	at sun.reflect.DelegatingMethodAccessorImpl.invoke(DelegatingMethodAccessorImpl.java:43)
	at java.lang.reflect.Method.invoke(Method.java:498)
	at org.testng.internal.MethodInvocationHelper.invokeMethod(MethodInvocationHelper.java:85)
	at org.testng.internal.Invoker.invokeMethod(Invoker.java:639)
	at org.testng.internal.Invoker.invokeTestMethod(Invoker.java:816)
	at org.testng.internal.Invoker.invokeTestMethods(Invoker.java:1124)
	at org.testng.internal.TestMethodWorker.invokeTestMethods(TestMethodWorker.java:125)
	at org.testng.internal.TestMethodWorker.run(TestMethodWorker.java:108)
	at java.util.concurrent.ThreadPoolExecutor.runWorker(ThreadPoolExecutor.java:1149)
	at java.util.concurrent.ThreadPoolExecutor$Worker.run(ThreadPoolExecutor.java:624)
	at java.lang.Thread.run(Thread.java:748)

</div> <!-- stack-trace -->
                </div> <!-- method-content -->
              </div> <!-- method -->
              <div class="method">
                <div class="method-content">
                  <a name="IntelliSense_08_Term_Replace_Rex">
                  </a> <!-- IntelliSense_08_Term_Replace_Rex -->
                  <span class="method-name">IntelliSense_08_Term_Replace_Rex</span>
                  <div class="stack-trace">java.lang.AssertionError: The following asserts failed:
	@@line_start [1119] line_end; expected [NotFound] but found [Displayed]gui_start  gui_end,
	@@line_start [1120] line_end; expected [NotFound] but found [Displayed]gui_start  gui_end,
	@@line_start [1152] line_end; expected [NotFound] but found [Displayed]gui_start  gui_end,
	@@line_start [1153] line_end; expected [NotFound] but found [Displayed]gui_start  gui_end
	at org.testng.asserts.SoftAssert.assertAll(SoftAssert.java:43)
	at testcases.UI_Data_file_termdef.IntelliSense_08_Term_Replace_Rex(UI_Data_file_termdef.java:1165)
	at sun.reflect.NativeMethodAccessorImpl.invoke0(Native Method)
	at sun.reflect.NativeMethodAccessorImpl.invoke(NativeMethodAccessorImpl.java:62)
	at sun.reflect.DelegatingMethodAccessorImpl.invoke(DelegatingMethodAccessorImpl.java:43)
	at java.lang.reflect.Method.invoke(Method.java:498)
	at org.testng.internal.MethodInvocationHelper.invokeMethod(MethodInvocationHelper.java:85)
	at org.testng.internal.Invoker.invokeMethod(Invoker.java:639)
	at org.testng.internal.Invoker.invokeTestMethod(Invoker.java:816)
	at org.testng.internal.Invoker.invokeTestMethods(Invoker.java:1124)
	at org.testng.internal.TestMethodWorker.invokeTestMethods(TestMethodWorker.java:125)
	at org.testng.internal.TestMethodWorker.run(TestMethodWorker.java:108)
	at java.util.concurrent.ThreadPoolExecutor.runWorker(ThreadPoolExecutor.java:1149)
	at java.util.concurrent.ThreadPoolExecutor$Worker.run(ThreadPoolExecutor.java:624)
	at java.lang.Thread.run(Thread.java:748)

</div> <!-- stack-trace -->
                </div> <!-- method-content -->
              </div> <!-- method -->
              <div class="method">
                <div class="method-content">
                  <a name="IntelliSense_09_Term_Nest_Rex">
                  </a> <!-- IntelliSense_09_Term_Nest_Rex -->
                  <span class="method-name">IntelliSense_09_Term_Nest_Rex</span>
                  <div class="stack-trace">java.lang.AssertionError: The following asserts failed:
	@@line_start [1188] line_end; expected [NotFound] but found [Displayed]gui_start  gui_end,
	@@line_start [1189] line_end; expected [NotFound] but found [Displayed]gui_start  gui_end,
	@@line_start [1191] line_end; expected [NotFound] but found [Displayed]gui_start  gui_end,
	@@line_start [1193] line_end; expected [NotFound] but found [Displayed]gui_start  gui_end,
	@@line_start [1196] line_end;gui_start java.lang.NullPointerException gui_end
	at org.testng.asserts.SoftAssert.assertAll(SoftAssert.java:43)
	at testcases.UI_Data_file_termdef.IntelliSense_09_Term_Nest_Rex(UI_Data_file_termdef.java:1297)
	at sun.reflect.NativeMethodAccessorImpl.invoke0(Native Method)
	at sun.reflect.NativeMethodAccessorImpl.invoke(NativeMethodAccessorImpl.java:62)
	at sun.reflect.DelegatingMethodAccessorImpl.invoke(DelegatingMethodAccessorImpl.java:43)
	at java.lang.reflect.Method.invoke(Method.java:498)
	at org.testng.internal.MethodInvocationHelper.invokeMethod(MethodInvocationHelper.java:85)
	at org.testng.internal.Invoker.invokeMethod(Invoker.java:639)
	at org.testng.internal.Invoker.invokeTestMethod(Invoker.java:816)
	at org.testng.internal.Invoker.invokeTestMethods(Invoker.java:1124)
	at org.testng.internal.TestMethodWorker.invokeTestMethods(TestMethodWorker.java:125)
	at org.testng.internal.TestMethodWorker.run(TestMethodWorker.java:108)
	at java.util.concurrent.ThreadPoolExecutor.runWorker(ThreadPoolExecutor.java:1149)
	at java.util.concurrent.ThreadPoolExecutor$Worker.run(ThreadPoolExecutor.java:624)
	at java.lang.Thread.run(Thread.java:748)

</div> <!-- stack-trace -->
                </div> <!-- method-content -->
              </div> <!-- method -->
              <div class="method">
                <div class="method-content">
                  <a name="IntelliSense_10_Term_Filter_Ucx">
                  </a> <!-- IntelliSense_10_Term_Filter_Ucx -->
                  <span class="method-name">IntelliSense_10_Term_Filter_Ucx</span>
                  <div class="stack-trace">java.lang.AssertionError: The following asserts failed:
	@@line_start [1325] line_end; expected [NotFound] but found [Displayed]gui_start  gui_end,
	@@line_start [1327] line_end; expected [NotFound] but found [Displayed]gui_start  gui_end,
	@@line_start [1337] line_end; expected [NotFound] but found [Displayed]gui_start  gui_end,
	@@line_start [1338] line_end; expected [NotFound] but found [Displayed]gui_start  gui_end,
	@@line_start [1344] line_end; expected [NotFound] but found [Displayed]gui_start  gui_end,
	@@line_start [1349] line_end; expected [Displayed] but found [NoSuchElement]gui_start element is null gui_end,
	@@line_start [1350] line_end; expected [Displayed] but found [NoSuchElement]gui_start element is null gui_end,
	@@line_start [1351] line_end; expected [Displayed] but found [NoSuchElement]gui_start element is null gui_end,
	@@line_start [1352] line_end; expected [Displayed] but found [NoSuchElement]gui_start element is null gui_end,
	@@line_start [1353] line_end; expected [Displayed] but found [NoSuchElement]gui_start element is null gui_end,
	@@line_start [1354] line_end; expected [Displayed] but found [NoSuchElement]gui_start element is null gui_end,
	@@line_start [1359] line_end; expected [NotFound] but found [Displayed]gui_start  gui_end,
	@@line_start [1364] line_end; expected [Displayed] but found [NoSuchElement]gui_start element is null gui_end,
	@@line_start [1365] line_end; expected [Displayed] but found [NoSuchElement]gui_start element is null gui_end,
	@@line_start [1366] line_end; expected [Displayed] but found [NoSuchElement]gui_start element is null gui_end,
	@@line_start [1367] line_end; expected [Displayed] but found [NoSuchElement]gui_start element is null gui_end,
	@@line_start [1368] line_end; expected [Displayed] but found [NoSuchElement]gui_start element is null gui_end,
	@@line_start [1369] line_end; expected [Displayed] but found [NoSuchElement]gui_start element is null gui_end,
	@@line_start [1370] line_end; expected [Displayed] but found [NoSuchElement]gui_start element is null gui_end,
	@@line_start [1371] line_end; expected [Displayed] but found [NoSuchElement]gui_start element is null gui_end,
	@@line_start [1379] line_end; expected [Displayed] but found [NoSuchElement]gui_start element is null gui_end,
	@@line_start [1380] line_end; expected [Displayed] but found [NoSuchElement]gui_start element is null gui_end,
	@@line_start [1381] line_end; expected [Displayed] but found [NoSuchElement]gui_start element is null gui_end,
	@@line_start [1382] line_end; expected [Displayed] but found [NoSuchElement]gui_start element is null gui_end,
	@@line_start [1383] line_end; expected [Displayed] but found [NoSuchElement]gui_start element is null gui_end,
	@@line_start [1384] line_end; expected [Displayed] but found [NoSuchElement]gui_start element is null gui_end,
	@@line_start [1390] line_end; expected [Displayed] but found [NoSuchElement]gui_start element is null gui_end,
	@@line_start [1391] line_end; expected [Displayed] but found [NoSuchElement]gui_start element is null gui_end,
	@@line_start [1392] line_end; expected [Displayed] but found [NoSuchElement]gui_start element is null gui_end,
	@@line_start [1393] line_end; expected [Displayed] but found [NoSuchElement]gui_start element is null gui_end
	at org.testng.asserts.SoftAssert.assertAll(SoftAssert.java:43)
	at testcases.UI_Data_file_termdef.IntelliSense_10_Term_Filter_Ucx(UI_Data_file_termdef.java:1409)
	at sun.reflect.NativeMethodAccessorImpl.invoke0(Native Method)
	at sun.reflect.NativeMethodAccessorImpl.invoke(NativeMethodAccessorImpl.java:62)
	at sun.reflect.DelegatingMethodAccessorImpl.invoke(DelegatingMethodAccessorImpl.java:43)
	at java.lang.reflect.Method.invoke(Method.java:498)
	at org.testng.internal.MethodInvocationHelper.invokeMethod(MethodInvocationHelper.java:85)
	at org.testng.internal.Invoker.invokeMethod(Invoker.java:639)
	at org.testng.internal.Invoker.invokeTestMethod(Invoker.java:816)
	at org.testng.internal.Invoker.invokeTestMethods(Invoker.java:1124)
	at org.testng.internal.TestMethodWorker.invokeTestMethods(TestMethodWorker.java:125)
	at org.testng.internal.TestMethodWorker.run(TestMethodWorker.java:108)
	at java.util.concurrent.ThreadPoolExecutor.runWorker(ThreadPoolExecutor.java:1149)
	at java.util.concurrent.ThreadPoolExecutor$Worker.run(ThreadPoolExecutor.java:624)
	at java.lang.Thread.run(Thread.java:748)

</div> <!-- stack-trace -->
                </div> <!-- method-content -->
              </div> <!-- method -->
              <div class="method">
                <div class="method-content">
                  <a name="IntelliSense_12_Term_Triggers_Ucx">
                  </a> <!-- IntelliSense_12_Term_Triggers_Ucx -->
                  <span class="method-name">IntelliSense_12_Term_Triggers_Ucx</span>
                  <div class="stack-trace">java.lang.AssertionError: The following asserts failed:
	@@line_start [1561] line_end; expected [NotFound] but found [Displayed]gui_start By.xpath: //ul[@id=&apos;AutoCompleteMenu&apos; and contains(@style,&apos;display: block&apos;)] gui_end
	at org.testng.asserts.SoftAssert.assertAll(SoftAssert.java:43)
	at testcases.UI_Data_file_termdef.IntelliSense_12_Term_Triggers_Ucx(UI_Data_file_termdef.java:1650)
	at sun.reflect.NativeMethodAccessorImpl.invoke0(Native Method)
	at sun.reflect.NativeMethodAccessorImpl.invoke(NativeMethodAccessorImpl.java:62)
	at sun.reflect.DelegatingMethodAccessorImpl.invoke(DelegatingMethodAccessorImpl.java:43)
	at java.lang.reflect.Method.invoke(Method.java:498)
	at org.testng.internal.MethodInvocationHelper.invokeMethod(MethodInvocationHelper.java:85)
	at org.testng.internal.Invoker.invokeMethod(Invoker.java:639)
	at org.testng.internal.Invoker.invokeTestMethod(Invoker.java:816)
	at org.testng.internal.Invoker.invokeTestMethods(Invoker.java:1124)
	at org.testng.internal.TestMethodWorker.invokeTestMethods(TestMethodWorker.java:125)
	at org.testng.internal.TestMethodWorker.run(TestMethodWorker.java:108)
	at java.util.concurrent.ThreadPoolExecutor.runWorker(ThreadPoolExecutor.java:1149)
	at java.util.concurrent.ThreadPoolExecutor$Worker.run(ThreadPoolExecutor.java:624)
	at java.lang.Thread.run(Thread.java:748)

</div> <!-- stack-trace -->
                </div> <!-- method-content -->
              </div> <!-- method -->
              <div class="method">
                <div class="method-content">
                  <a name="IntelliSense_13_Term_Orange_Ucx">
                  </a> <!-- IntelliSense_13_Term_Orange_Ucx -->
                  <span class="method-name">IntelliSense_13_Term_Orange_Ucx</span>
                  <div class="stack-trace">java.lang.AssertionError: The following asserts failed:
	@@line_start [1669] line_end; expected [NotFound] but found [Displayed]gui_start  gui_end,
	@@line_start [1670] line_end; expected [NotFound] but found [Displayed]gui_start  gui_end,
	@@line_start [1684] line_end;gui_start java.lang.NullPointerException gui_end
	at org.testng.asserts.SoftAssert.assertAll(SoftAssert.java:43)
	at testcases.UI_Data_file_termdef.IntelliSense_13_Term_Orange_Ucx(UI_Data_file_termdef.java:1749)
	at sun.reflect.NativeMethodAccessorImpl.invoke0(Native Method)
	at sun.reflect.NativeMethodAccessorImpl.invoke(NativeMethodAccessorImpl.java:62)
	at sun.reflect.DelegatingMethodAccessorImpl.invoke(DelegatingMethodAccessorImpl.java:43)
	at java.lang.reflect.Method.invoke(Method.java:498)
	at org.testng.internal.MethodInvocationHelper.invokeMethod(MethodInvocationHelper.java:85)
	at org.testng.internal.Invoker.invokeMethod(Invoker.java:639)
	at org.testng.internal.Invoker.invokeTestMethod(Invoker.java:816)
	at org.testng.internal.Invoker.invokeTestMethods(Invoker.java:1124)
	at org.testng.internal.TestMethodWorker.invokeTestMethods(TestMethodWorker.java:125)
	at org.testng.internal.TestMethodWorker.run(TestMethodWorker.java:108)
	at java.util.concurrent.ThreadPoolExecutor.runWorker(ThreadPoolExecutor.java:1149)
	at java.util.concurrent.ThreadPoolExecutor$Worker.run(ThreadPoolExecutor.java:624)
	at java.lang.Thread.run(Thread.java:748)

</div> <!-- stack-trace -->
                </div> <!-- method-content -->
              </div> <!-- method -->
              <div class="method">
                <div class="method-content">
                  <a name="IntelliSense_14_Term_Highlight_Realtime_Ucx">
                  </a> <!-- IntelliSense_14_Term_Highlight_Realtime_Ucx -->
                  <span class="method-name">IntelliSense_14_Term_Highlight_Realtime_Ucx</span>
                  <div class="stack-trace">java.lang.AssertionError: The following asserts failed:
	@@line_start [1784] line_end; expected [Not found] but found [Training cyberobject/uitest_cyberobject_com_cn/intellisensetest/data/IntelliSense/termhighlight_domain.xlsx success !]gui_start  gui_end,
	@@line_start [1791] line_end; expected [rgba(0, 128, 0, 1)] but found [rgba(255, 0, 0, 1)],
	@@line_start [1792] line_end; expected [rgba(255, 165, 0, 1)] but found [rgba(0, 128, 0, 1)],
	@@line_start [1827] line_end; expected [rgba(0, 128, 0, 1)] but found [rgba(255, 0, 0, 1)],
	@@line_start [1828] line_end; expected [rgba(255, 165, 0, 1)] but found [rgba(0, 128, 0, 1)],
	@@line_start [1835] line_end; expected [rgba(0, 128, 0, 1)] but found [rgba(255, 0, 0, 1)],
	@@line_start [1836] line_end; expected [rgba(255, 165, 0, 1)] but found [rgba(0, 128, 0, 1)],
	@@line_start [1856] line_end; expected [rgba(0, 128, 0, 1)] but found [rgba(255, 0, 0, 1)],
	@@line_start [1857] line_end; expected [rgba(255, 165, 0, 1)] but found [rgba(0, 128, 0, 1)],
	@@line_start [1864] line_end; expected [rgba(0, 128, 0, 1)] but found [rgba(255, 0, 0, 1)],
	@@line_start [1865] line_end; expected [rgba(255, 165, 0, 1)] but found [rgba(0, 128, 0, 1)],
	@@line_start [1871] line_end; expected [rgba(0, 128, 0, 1)] but found [rgba(255, 0, 0, 1)],
	@@line_start [1872] line_end; expected [rgba(255, 165, 0, 1)] but found [rgba(0, 128, 0, 1)]
	at org.testng.asserts.SoftAssert.assertAll(SoftAssert.java:43)
	at testcases.UI_Data_file_termdef.IntelliSense_14_Term_Highlight_Realtime_Ucx(UI_Data_file_termdef.java:1889)
	at sun.reflect.NativeMethodAccessorImpl.invoke0(Native Method)
	at sun.reflect.NativeMethodAccessorImpl.invoke(NativeMethodAccessorImpl.java:62)
	at sun.reflect.DelegatingMethodAccessorImpl.invoke(DelegatingMethodAccessorImpl.java:43)
	at java.lang.reflect.Method.invoke(Method.java:498)
	at org.testng.internal.MethodInvocationHelper.invokeMethod(MethodInvocationHelper.java:85)
	at org.testng.internal.Invoker.invokeMethod(Invoker.java:639)
	at org.testng.internal.Invoker.invokeTestMethod(Invoker.java:816)
	at org.testng.internal.Invoker.invokeTestMethods(Invoker.java:1124)
	at org.testng.internal.TestMethodWorker.invokeTestMethods(TestMethodWorker.java:125)
	at org.testng.internal.TestMethodWorker.run(TestMethodWorker.java:108)
	at java.util.concurrent.ThreadPoolExecutor.runWorker(ThreadPoolExecutor.java:1149)
	at java.util.concurrent.ThreadPoolExecutor$Worker.run(ThreadPoolExecutor.java:624)
	at java.lang.Thread.run(Thread.java:748)

</div> <!-- stack-trace -->
                </div> <!-- method-content -->
              </div> <!-- method -->
              <div class="method">
                <div class="method-content">
                  <a name="IntelliSense_15_Term_Highlight_Single_Multi_use_Ucx">
                  </a> <!-- IntelliSense_15_Term_Highlight_Single_Multi_use_Ucx -->
                  <span class="method-name">IntelliSense_15_Term_Highlight_Single_Multi_use_Ucx</span>
                  <div class="stack-trace">java.lang.AssertionError: The following asserts failed:
	@@line_start [1938] line_end; expected [rgba(0, 0, 0, 1)] but found [rgba(255, 0, 0, 1)]
	at org.testng.asserts.SoftAssert.assertAll(SoftAssert.java:43)
	at testcases.UI_Data_file_termdef.IntelliSense_15_Term_Highlight_Single_Multi_use_Ucx(UI_Data_file_termdef.java:1962)
	at sun.reflect.NativeMethodAccessorImpl.invoke0(Native Method)
	at sun.reflect.NativeMethodAccessorImpl.invoke(NativeMethodAccessorImpl.java:62)
	at sun.reflect.DelegatingMethodAccessorImpl.invoke(DelegatingMethodAccessorImpl.java:43)
	at java.lang.reflect.Method.invoke(Method.java:498)
	at org.testng.internal.MethodInvocationHelper.invokeMethod(MethodInvocationHelper.java:85)
	at org.testng.internal.Invoker.invokeMethod(Invoker.java:639)
	at org.testng.internal.Invoker.invokeTestMethod(Invoker.java:816)
	at org.testng.internal.Invoker.invokeTestMethods(Invoker.java:1124)
	at org.testng.internal.TestMethodWorker.invokeTestMethods(TestMethodWorker.java:125)
	at org.testng.internal.TestMethodWorker.run(TestMethodWorker.java:108)
	at java.util.concurrent.ThreadPoolExecutor.runWorker(ThreadPoolExecutor.java:1149)
	at java.util.concurrent.ThreadPoolExecutor$Worker.run(ThreadPoolExecutor.java:624)
	at java.lang.Thread.run(Thread.java:748)

</div> <!-- stack-trace -->
                </div> <!-- method-content -->
              </div> <!-- method -->
              <div class="method">
                <div class="method-content">
                  <a name="IntelliSense_17_Term_Replace_Ucx">
                  </a> <!-- IntelliSense_17_Term_Replace_Ucx -->
                  <span class="method-name">IntelliSense_17_Term_Replace_Ucx</span>
                  <div class="stack-trace">java.lang.AssertionError: The following asserts failed:
	@@line_start [2125] line_end;gui_start java.lang.NullPointerException gui_end
	at org.testng.asserts.SoftAssert.assertAll(SoftAssert.java:43)
	at testcases.UI_Data_file_termdef.IntelliSense_17_Term_Replace_Ucx(UI_Data_file_termdef.java:2210)
	at sun.reflect.NativeMethodAccessorImpl.invoke0(Native Method)
	at sun.reflect.NativeMethodAccessorImpl.invoke(NativeMethodAccessorImpl.java:62)
	at sun.reflect.DelegatingMethodAccessorImpl.invoke(DelegatingMethodAccessorImpl.java:43)
	at java.lang.reflect.Method.invoke(Method.java:498)
	at org.testng.internal.MethodInvocationHelper.invokeMethod(MethodInvocationHelper.java:85)
	at org.testng.internal.Invoker.invokeMethod(Invoker.java:639)
	at org.testng.internal.Invoker.invokeTestMethod(Invoker.java:816)
	at org.testng.internal.Invoker.invokeTestMethods(Invoker.java:1124)
	at org.testng.internal.TestMethodWorker.invokeTestMethods(TestMethodWorker.java:125)
	at org.testng.internal.TestMethodWorker.run(TestMethodWorker.java:108)
	at java.util.concurrent.ThreadPoolExecutor.runWorker(ThreadPoolExecutor.java:1149)
	at java.util.concurrent.ThreadPoolExecutor$Worker.run(ThreadPoolExecutor.java:624)
	at java.lang.Thread.run(Thread.java:748)

</div> <!-- stack-trace -->
                </div> <!-- method-content -->
              </div> <!-- method -->
              <div class="method">
                <div class="method-content">
                  <a name="IntelliSense_18_Term_Nest_Ucx">
                  </a> <!-- IntelliSense_18_Term_Nest_Ucx -->
                  <span class="method-name">IntelliSense_18_Term_Nest_Ucx</span>
                  <div class="stack-trace">java.lang.AssertionError: The following asserts failed:
	@@line_start [2240] line_end;gui_start java.lang.NullPointerException gui_end
	at org.testng.asserts.SoftAssert.assertAll(SoftAssert.java:43)
	at testcases.UI_Data_file_termdef.IntelliSense_18_Term_Nest_Ucx(UI_Data_file_termdef.java:2298)
	at sun.reflect.NativeMethodAccessorImpl.invoke0(Native Method)
	at sun.reflect.NativeMethodAccessorImpl.invoke(NativeMethodAccessorImpl.java:62)
	at sun.reflect.DelegatingMethodAccessorImpl.invoke(DelegatingMethodAccessorImpl.java:43)
	at java.lang.reflect.Method.invoke(Method.java:498)
	at org.testng.internal.MethodInvocationHelper.invokeMethod(MethodInvocationHelper.java:85)
	at org.testng.internal.Invoker.invokeMethod(Invoker.java:639)
	at org.testng.internal.Invoker.invokeTestMethod(Invoker.java:816)
	at org.testng.internal.Invoker.invokeTestMethods(Invoker.java:1124)
	at org.testng.internal.TestMethodWorker.invokeTestMethods(TestMethodWorker.java:125)
	at org.testng.internal.TestMethodWorker.run(TestMethodWorker.java:108)
	at java.util.concurrent.ThreadPoolExecutor.runWorker(ThreadPoolExecutor.java:1149)
	at java.util.concurrent.ThreadPoolExecutor$Worker.run(ThreadPoolExecutor.java:624)
	at java.lang.Thread.run(Thread.java:748)

</div> <!-- stack-trace -->
                </div> <!-- method-content -->
              </div> <!-- method -->
              <div class="method">
                <div class="method-content">
                  <a name="IntelliSense_32_Term_TopLevelTerm_TableTerm">
                  </a> <!-- IntelliSense_32_Term_TopLevelTerm_TableTerm -->
                  <span class="method-name">IntelliSense_32_Term_TopLevelTerm_TableTerm</span>
                  <div class="stack-trace">java.lang.AssertionError: The following asserts failed:
	@@line_start [2358] line_end; expected [NotFound] but found [Displayed]gui_start By.xpath: //ul[@id=&apos;AutoCompleteMenu&apos; and contains(@style,&apos;display: block&apos;)] gui_end,
	@@line_start [2363] line_end; expected [NotFound] but found [Displayed]gui_start  gui_end,
	@@line_start [2371] line_end; expected [NotFound] but found [Displayed]gui_start  gui_end,
	@@line_start [2372] line_end; expected [NotFound] but found [Displayed]gui_start  gui_end,
	@@line_start [2373] line_end; expected [NotFound] but found [Displayed]gui_start  gui_end,
	@@line_start [2382] line_end; expected [NotFound] but found [Displayed]gui_start By.xpath: //ul[@id=&apos;AutoCompleteMenu&apos; and contains(@style,&apos;display: block&apos;)] gui_end,
	@@line_start [2393] line_end; expected [NotFound] but found [Displayed]gui_start  gui_end,
	@@line_start [2394] line_end; expected [NotFound] but found [Displayed]gui_start  gui_end,
	@@line_start [2417] line_end; expected [NotFound] but found [Displayed]gui_start  gui_end,
	@@line_start [2426] line_end; expected [NotFound] but found [Displayed]gui_start  gui_end,
	@@line_start [2427] line_end;gui_start java.lang.NullPointerException gui_end
	at org.testng.asserts.SoftAssert.assertAll(SoftAssert.java:43)
	at testcases.UI_Data_file_termdef.IntelliSense_32_Term_TopLevelTerm_TableTerm(UI_Data_file_termdef.java:2452)
	at sun.reflect.NativeMethodAccessorImpl.invoke0(Native Method)
	at sun.reflect.NativeMethodAccessorImpl.invoke(NativeMethodAccessorImpl.java:62)
	at sun.reflect.DelegatingMethodAccessorImpl.invoke(DelegatingMethodAccessorImpl.java:43)
	at java.lang.reflect.Method.invoke(Method.java:498)
	at org.testng.internal.MethodInvocationHelper.invokeMethod(MethodInvocationHelper.java:85)
	at org.testng.internal.Invoker.invokeMethod(Invoker.java:639)
	at org.testng.internal.Invoker.invokeTestMethod(Invoker.java:816)
	at org.testng.internal.Invoker.invokeTestMethods(Invoker.java:1124)
	at org.testng.internal.TestMethodWorker.invokeTestMethods(TestMethodWorker.java:125)
	at org.testng.internal.TestMethodWorker.run(TestMethodWorker.java:108)
	at java.util.concurrent.ThreadPoolExecutor.runWorker(ThreadPoolExecutor.java:1149)
	at java.util.concurrent.ThreadPoolExecutor$Worker.run(ThreadPoolExecutor.java:624)
	at java.lang.Thread.run(Thread.java:748)

</div> <!-- stack-trace -->
                </div> <!-- method-content -->
              </div> <!-- method -->
              <div class="method">
                <div class="method-content">
                  <a name="IntelliSense_33_Resource_Filter_Rex">
                  </a> <!-- IntelliSense_33_Resource_Filter_Rex -->
                  <span class="method-name">IntelliSense_33_Resource_Filter_Rex</span>
                  <div class="stack-trace">java.lang.AssertionError: The following asserts failed:
	@@line_start [2515] line_end; expected [File/User ] but found [Fi]gui_start [[[[ChromeDriver: chrome on XP (485db96a1b4b4487df048d16dfb6439c)] -&gt; xpath: //ul[@id=&apos;AutoCompleteMenu&apos;]/li[1]//strong]] -&gt; xpath: .//span[@style=&apos;color:red;&apos;]] gui_end,
	@@line_start [2523] line_end; expected [NotFound] but found [Displayed]gui_start  gui_end,
	@@line_start [2524] line_end; expected [File/User] but found [File/User ]gui_start [[[[ChromeDriver: chrome on XP (485db96a1b4b4487df048d16dfb6439c)] -&gt; xpath: //ul[@id=&apos;AutoCompleteMenu&apos;]/li//strong]] -&gt; xpath: .//span[@style=&apos;color:red;&apos;]] gui_end,
	@@line_start [2525] line_end; expected [Displayed] but found [NoSuchElement]gui_start element is null gui_end,
	@@line_start [2532] line_end; expected [NotFound] but found [Displayed]gui_start  gui_end
	at org.testng.asserts.SoftAssert.assertAll(SoftAssert.java:43)
	at testcases.UI_Data_file_termdef.IntelliSense_33_Resource_Filter_Rex(UI_Data_file_termdef.java:2544)
	at sun.reflect.NativeMethodAccessorImpl.invoke0(Native Method)
	at sun.reflect.NativeMethodAccessorImpl.invoke(NativeMethodAccessorImpl.java:62)
	at sun.reflect.DelegatingMethodAccessorImpl.invoke(DelegatingMethodAccessorImpl.java:43)
	at java.lang.reflect.Method.invoke(Method.java:498)
	at org.testng.internal.MethodInvocationHelper.invokeMethod(MethodInvocationHelper.java:85)
	at org.testng.internal.Invoker.invokeMethod(Invoker.java:639)
	at org.testng.internal.Invoker.invokeTestMethod(Invoker.java:816)
	at org.testng.internal.Invoker.invokeTestMethods(Invoker.java:1124)
	at org.testng.internal.TestMethodWorker.invokeTestMethods(TestMethodWorker.java:125)
	at org.testng.internal.TestMethodWorker.run(TestMethodWorker.java:108)
	at java.util.concurrent.ThreadPoolExecutor.runWorker(ThreadPoolExecutor.java:1149)
	at java.util.concurrent.ThreadPoolExecutor$Worker.run(ThreadPoolExecutor.java:624)
	at java.lang.Thread.run(Thread.java:748)

</div> <!-- stack-trace -->
                </div> <!-- method-content -->
              </div> <!-- method -->
              <div class="method">
                <div class="method-content">
                  <a name="IntelliSense_34_Resource_Operations_Rex">
                  </a> <!-- IntelliSense_34_Resource_Operations_Rex -->
                  <span class="method-name">IntelliSense_34_Resource_Operations_Rex</span>
                  <div class="stack-trace">java.lang.AssertionError: The following asserts failed:
	@@line_start [2627] line_end; expected [NotFound] but found [Displayed]gui_start  gui_end,
	@@line_start [2628] line_end; expected [NotFound] but found [Displayed]gui_start  gui_end,
	@@line_start [2629] line_end; expected [NotFound] but found [Displayed]gui_start  gui_end
	at org.testng.asserts.SoftAssert.assertAll(SoftAssert.java:43)
	at testcases.UI_Data_file_termdef.IntelliSense_34_Resource_Operations_Rex(UI_Data_file_termdef.java:2657)
	at sun.reflect.NativeMethodAccessorImpl.invoke0(Native Method)
	at sun.reflect.NativeMethodAccessorImpl.invoke(NativeMethodAccessorImpl.java:62)
	at sun.reflect.DelegatingMethodAccessorImpl.invoke(DelegatingMethodAccessorImpl.java:43)
	at java.lang.reflect.Method.invoke(Method.java:498)
	at org.testng.internal.MethodInvocationHelper.invokeMethod(MethodInvocationHelper.java:85)
	at org.testng.internal.Invoker.invokeMethod(Invoker.java:639)
	at org.testng.internal.Invoker.invokeTestMethod(Invoker.java:816)
	at org.testng.internal.Invoker.invokeTestMethods(Invoker.java:1124)
	at org.testng.internal.TestMethodWorker.invokeTestMethods(TestMethodWorker.java:125)
	at org.testng.internal.TestMethodWorker.run(TestMethodWorker.java:108)
	at java.util.concurrent.ThreadPoolExecutor.runWorker(ThreadPoolExecutor.java:1149)
	at java.util.concurrent.ThreadPoolExecutor$Worker.run(ThreadPoolExecutor.java:624)
	at java.lang.Thread.run(Thread.java:748)

</div> <!-- stack-trace -->
                </div> <!-- method-content -->
              </div> <!-- method -->
              <div class="method">
                <div class="method-content">
                  <a name="IntelliSense_37_Resource_Highlight_EditEffects_Rex">
                  </a> <!-- IntelliSense_37_Resource_Highlight_EditEffects_Rex -->
                  <span class="method-name">IntelliSense_37_Resource_Highlight_EditEffects_Rex</span>
                  <div class="stack-trace">java.lang.AssertionError: The following asserts failed:
	@@line_start [2948] line_end; expected [NotFound] but found [Displayed]gui_start  gui_end,
	@@line_start [2949] line_end; expected [NotFound] but found [Displayed]gui_start  gui_end
	at org.testng.asserts.SoftAssert.assertAll(SoftAssert.java:43)
	at testcases.UI_Data_file_termdef.IntelliSense_37_Resource_Highlight_EditEffects_Rex(UI_Data_file_termdef.java:2993)
	at sun.reflect.NativeMethodAccessorImpl.invoke0(Native Method)
	at sun.reflect.NativeMethodAccessorImpl.invoke(NativeMethodAccessorImpl.java:62)
	at sun.reflect.DelegatingMethodAccessorImpl.invoke(DelegatingMethodAccessorImpl.java:43)
	at java.lang.reflect.Method.invoke(Method.java:498)
	at org.testng.internal.MethodInvocationHelper.invokeMethod(MethodInvocationHelper.java:85)
	at org.testng.internal.Invoker.invokeMethod(Invoker.java:639)
	at org.testng.internal.Invoker.invokeTestMethod(Invoker.java:816)
	at org.testng.internal.Invoker.invokeTestMethods(Invoker.java:1124)
	at org.testng.internal.TestMethodWorker.invokeTestMethods(TestMethodWorker.java:125)
	at org.testng.internal.TestMethodWorker.run(TestMethodWorker.java:108)
	at java.util.concurrent.ThreadPoolExecutor.runWorker(ThreadPoolExecutor.java:1149)
	at java.util.concurrent.ThreadPoolExecutor$Worker.run(ThreadPoolExecutor.java:624)
	at java.lang.Thread.run(Thread.java:748)

</div> <!-- stack-trace -->
                </div> <!-- method-content -->
              </div> <!-- method -->
              <div class="method">
                <div class="method-content">
                  <a name="IntelliSense_38_Resource_Filter_Ucx">
                  </a> <!-- IntelliSense_38_Resource_Filter_Ucx -->
                  <span class="method-name">IntelliSense_38_Resource_Filter_Ucx</span>
                  <div class="stack-trace">java.lang.AssertionError: The following asserts failed:
	@@line_start [3097] line_end; expected [NotFound] but found [Displayed]gui_start  gui_end
	at org.testng.asserts.SoftAssert.assertAll(SoftAssert.java:43)
	at testcases.UI_Data_file_termdef.IntelliSense_38_Resource_Filter_Ucx(UI_Data_file_termdef.java:3107)
	at sun.reflect.NativeMethodAccessorImpl.invoke0(Native Method)
	at sun.reflect.NativeMethodAccessorImpl.invoke(NativeMethodAccessorImpl.java:62)
	at sun.reflect.DelegatingMethodAccessorImpl.invoke(DelegatingMethodAccessorImpl.java:43)
	at java.lang.reflect.Method.invoke(Method.java:498)
	at org.testng.internal.MethodInvocationHelper.invokeMethod(MethodInvocationHelper.java:85)
	at org.testng.internal.Invoker.invokeMethod(Invoker.java:639)
	at org.testng.internal.Invoker.invokeTestMethod(Invoker.java:816)
	at org.testng.internal.Invoker.invokeTestMethods(Invoker.java:1124)
	at org.testng.internal.TestMethodWorker.invokeTestMethods(TestMethodWorker.java:125)
	at org.testng.internal.TestMethodWorker.run(TestMethodWorker.java:108)
	at java.util.concurrent.ThreadPoolExecutor.runWorker(ThreadPoolExecutor.java:1149)
	at java.util.concurrent.ThreadPoolExecutor$Worker.run(ThreadPoolExecutor.java:624)
	at java.lang.Thread.run(Thread.java:748)

</div> <!-- stack-trace -->
                </div> <!-- method-content -->
              </div> <!-- method -->
              <div class="method">
                <div class="method-content">
                  <a name="IntelliSense_39_Resource_Operations_Ucx">
                  </a> <!-- IntelliSense_39_Resource_Operations_Ucx -->
                  <span class="method-name">IntelliSense_39_Resource_Operations_Ucx</span>
                  <div class="stack-trace">java.lang.AssertionError: The following asserts failed:
	@@line_start [3192] line_end;gui_start java.lang.NullPointerException gui_end
	at org.testng.asserts.SoftAssert.assertAll(SoftAssert.java:43)
	at testcases.UI_Data_file_termdef.IntelliSense_39_Resource_Operations_Ucx(UI_Data_file_termdef.java:3260)
	at sun.reflect.NativeMethodAccessorImpl.invoke0(Native Method)
	at sun.reflect.NativeMethodAccessorImpl.invoke(NativeMethodAccessorImpl.java:62)
	at sun.reflect.DelegatingMethodAccessorImpl.invoke(DelegatingMethodAccessorImpl.java:43)
	at java.lang.reflect.Method.invoke(Method.java:498)
	at org.testng.internal.MethodInvocationHelper.invokeMethod(MethodInvocationHelper.java:85)
	at org.testng.internal.Invoker.invokeMethod(Invoker.java:639)
	at org.testng.internal.Invoker.invokeTestMethod(Invoker.java:816)
	at org.testng.internal.Invoker.invokeTestMethods(Invoker.java:1124)
	at org.testng.internal.TestMethodWorker.invokeTestMethods(TestMethodWorker.java:125)
	at org.testng.internal.TestMethodWorker.run(TestMethodWorker.java:108)
	at java.util.concurrent.ThreadPoolExecutor.runWorker(ThreadPoolExecutor.java:1149)
	at java.util.concurrent.ThreadPoolExecutor$Worker.run(ThreadPoolExecutor.java:624)
	at java.lang.Thread.run(Thread.java:748)

</div> <!-- stack-trace -->
                </div> <!-- method-content -->
              </div> <!-- method -->
              <div class="method">
                <div class="method-content">
                  <a name="IntelliSense_40_Resource_Triggers_Ucx">
                  </a> <!-- IntelliSense_40_Resource_Triggers_Ucx -->
                  <span class="method-name">IntelliSense_40_Resource_Triggers_Ucx</span>
                  <div class="stack-trace">java.lang.AssertionError: The following asserts failed:
	@@line_start [3281] line_end; expected [NotFound] but found [Displayed]gui_start By.xpath: //ul[@id=&apos;AutoCompleteMenu&apos; and contains(@style,&apos;display: block&apos;)] gui_end,
	@@line_start [3304] line_end; expected [NotFound] but found [Displayed]gui_start  gui_end,
	@@line_start [3305] line_end; expected [NotFound] but found [Displayed]gui_start  gui_end,
	@@line_start [3306] line_end; expected [NotFound] but found [Displayed]gui_start  gui_end,
	@@line_start [3307] line_end; expected [NotFound] but found [Displayed]gui_start  gui_end,
	@@line_start [3313] line_end; expected [NotFound] but found [Displayed]gui_start  gui_end,
	@@line_start [3325] line_end; expected [NotFound] but found [Displayed]gui_start  gui_end,
	@@line_start [3326] line_end; expected [NotFound] but found [Displayed]gui_start  gui_end,
	@@line_start [3327] line_end; expected [NotFound] but found [Displayed]gui_start  gui_end,
	@@line_start [3339] line_end; expected [NotFound] but found [Displayed]gui_start  gui_end,
	@@line_start [3345] line_end;gui_start java.lang.NullPointerException gui_end
	at org.testng.asserts.SoftAssert.assertAll(SoftAssert.java:43)
	at testcases.UI_Data_file_termdef.IntelliSense_40_Resource_Triggers_Ucx(UI_Data_file_termdef.java:3356)
	at sun.reflect.NativeMethodAccessorImpl.invoke0(Native Method)
	at sun.reflect.NativeMethodAccessorImpl.invoke(NativeMethodAccessorImpl.java:62)
	at sun.reflect.DelegatingMethodAccessorImpl.invoke(DelegatingMethodAccessorImpl.java:43)
	at java.lang.reflect.Method.invoke(Method.java:498)
	at org.testng.internal.MethodInvocationHelper.invokeMethod(MethodInvocationHelper.java:85)
	at org.testng.internal.Invoker.invokeMethod(Invoker.java:639)
	at org.testng.internal.Invoker.invokeTestMethod(Invoker.java:816)
	at org.testng.internal.Invoker.invokeTestMethods(Invoker.java:1124)
	at org.testng.internal.TestMethodWorker.invokeTestMethods(TestMethodWorker.java:125)
	at org.testng.internal.TestMethodWorker.run(TestMethodWorker.java:108)
	at java.util.concurrent.ThreadPoolExecutor.runWorker(ThreadPoolExecutor.java:1149)
	at java.util.concurrent.ThreadPoolExecutor$Worker.run(ThreadPoolExecutor.java:624)
	at java.lang.Thread.run(Thread.java:748)

</div> <!-- stack-trace -->
                </div> <!-- method-content -->
              </div> <!-- method -->
            </div> <!-- main-panel-content rounded-window-bottom -->
          </div> <!-- suite-Batch_1-class-failed -->
          <div class="suite-Batch_1-class-passed">
            <div class="main-panel-header rounded-window-top">
              <img src="passed.png"/>
              <span class="class-name">testcases.UI_Data_file_termdef</span>
            </div> <!-- main-panel-header rounded-window-top -->
            <div class="main-panel-content rounded-window-bottom">
              <div class="method">
                <div class="method-content">
                  <a name="IntelliSense_11_Term_Operations_Ucx">
                  </a> <!-- IntelliSense_11_Term_Operations_Ucx -->
                  <span class="method-name">IntelliSense_11_Term_Operations_Ucx</span>
                </div> <!-- method-content -->
              </div> <!-- method -->
              <div class="method">
                <div class="method-content">
                  <a name="IntelliSense_35_Resource_Triggers_Rex">
                  </a> <!-- IntelliSense_35_Resource_Triggers_Rex -->
                  <span class="method-name">IntelliSense_35_Resource_Triggers_Rex</span>
                </div> <!-- method-content -->
              </div> <!-- method -->
              <div class="method">
                <div class="method-content">
                  <a name="IntelliSense_36_Resource_Highlight_Realtime_Rex">
                  </a> <!-- IntelliSense_36_Resource_Highlight_Realtime_Rex -->
                  <span class="method-name">IntelliSense_36_Resource_Highlight_Realtime_Rex</span>
                </div> <!-- method-content -->
              </div> <!-- method -->
            </div> <!-- main-panel-content rounded-window-bottom -->
          </div> <!-- suite-Batch_1-class-passed -->
        </div> <!-- panel Batch_1 -->
        <div panel-name="test-xml-Batch_1" class="panel">
          <div class="main-panel-header rounded-window-top">
            <span class="header-content">C:\Users\yulei\AppData\Local\Temp\testng-eclipse-2039230802\testng-customsuite.xml</span>
          </div> <!-- main-panel-header rounded-window-top -->
          <div class="main-panel-content rounded-window-bottom">
            <pre>
&lt;?xml version=&quot;1.0&quot; encoding=&quot;UTF-8&quot;?&gt;
&lt;!DOCTYPE suite SYSTEM &quot;http://testng.org/testng-1.0.dtd&quot;&gt;
&lt;suite thread-count=&quot;1&quot; configfailurepolicy=&quot;continue&quot; guice-stage=&quot;DEVELOPMENT&quot; name=&quot;Batch_1&quot; parallel=&quot;classes&quot;&gt;
  &lt;test verbose=&quot;2&quot; name=&quot;Default test&quot;&gt;
    &lt;classes&gt;
      &lt;class name=&quot;testcases.UI_Data_file_termdef&quot;/&gt;
    &lt;/classes&gt;
  &lt;/test&gt; &lt;!-- Default test --&gt;
&lt;/suite&gt; &lt;!-- Batch_1 --&gt;
            </pre>
          </div> <!-- main-panel-content rounded-window-bottom -->
        </div> <!-- panel -->
        <div panel-name="testlist-Batch_1" class="panel">
          <div class="main-panel-header rounded-window-top">
            <span class="header-content">Tests for Batch_1</span>
          </div> <!-- main-panel-header rounded-window-top -->
          <div class="main-panel-content rounded-window-bottom">
            <ul>
              <li>
                <span class="test-name">Default test (1 class)</span>
              </li>
            </ul>
          </div> <!-- main-panel-content rounded-window-bottom -->
        </div> <!-- panel -->
        <div panel-name="group-Batch_1" class="panel">
          <div class="main-panel-header rounded-window-top">
            <span class="header-content">Groups for Batch_1</span>
          </div> <!-- main-panel-header rounded-window-top -->
          <div class="main-panel-content rounded-window-bottom">
          </div> <!-- main-panel-content rounded-window-bottom -->
        </div> <!-- panel -->
        <div panel-name="times-Batch_1" class="panel">
          <div class="main-panel-header rounded-window-top">
            <span class="header-content">Times for Batch_1</span>
          </div> <!-- main-panel-header rounded-window-top -->
          <div class="main-panel-content rounded-window-bottom">
            <div class="times-div">
              <script type="text/javascript">
suiteTableInitFunctions.push('tableData_Batch_1');
function tableData_Batch_1() {
var data = new google.visualization.DataTable();
data.addColumn('number', 'Number');
data.addColumn('string', 'Method');
data.addColumn('string', 'Class');
data.addColumn('number', 'Time (ms)');
data.addRows(25);
data.setCell(0, 0, 0)
data.setCell(0, 1, 'IntelliSense_14_Term_Highlight_Realtime_Ucx')
data.setCell(0, 2, 'testcases.UI_Data_file_termdef')
data.setCell(0, 3, 667112);
data.setCell(1, 0, 1)
data.setCell(1, 1, 'IntelliSense_36_Resource_Highlight_Realtime_Rex')
data.setCell(1, 2, 'testcases.UI_Data_file_termdef')
data.setCell(1, 3, 510753);
data.setCell(2, 0, 2)
data.setCell(2, 1, 'IntelliSense_10_Term_Filter_Ucx')
data.setCell(2, 2, 'testcases.UI_Data_file_termdef')
data.setCell(2, 3, 414248);
data.setCell(3, 0, 3)
data.setCell(3, 1, 'IntelliSense_40_Resource_Triggers_Ucx')
data.setCell(3, 2, 'testcases.UI_Data_file_termdef')
data.setCell(3, 3, 282097);
data.setCell(4, 0, 4)
data.setCell(4, 1, 'IntelliSense_32_Term_TopLevelTerm_TableTerm')
data.setCell(4, 2, 'testcases.UI_Data_file_termdef')
data.setCell(4, 3, 276566);
data.setCell(5, 0, 5)
data.setCell(5, 1, 'IntelliSense_01_Term_Filter_Rex')
data.setCell(5, 2, 'testcases.UI_Data_file_termdef')
data.setCell(5, 3, 256642);
data.setCell(6, 0, 6)
data.setCell(6, 1, 'IntelliSense_09_Term_Nest_Rex')
data.setCell(6, 2, 'testcases.UI_Data_file_termdef')
data.setCell(6, 3, 238201);
data.setCell(7, 0, 7)
data.setCell(7, 1, 'IntelliSense_17_Term_Replace_Ucx')
data.setCell(7, 2, 'testcases.UI_Data_file_termdef')
data.setCell(7, 3, 237162);
data.setCell(8, 0, 8)
data.setCell(8, 1, 'IntelliSense_02_Term_Oprations_Rex')
data.setCell(8, 2, 'testcases.UI_Data_file_termdef')
data.setCell(8, 3, 234412);
data.setCell(9, 0, 9)
data.setCell(9, 1, 'IntelliSense_18_Term_Nest_Ucx')
data.setCell(9, 2, 'testcases.UI_Data_file_termdef')
data.setCell(9, 3, 222839);
data.setCell(10, 0, 10)
data.setCell(10, 1, 'IntelliSense_04_Term_Orange_Rex')
data.setCell(10, 2, 'testcases.UI_Data_file_termdef')
data.setCell(10, 3, 214033);
data.setCell(11, 0, 11)
data.setCell(11, 1, 'IntelliSense_03_Term_Triggers_Rex')
data.setCell(11, 2, 'testcases.UI_Data_file_termdef')
data.setCell(11, 3, 211798);
data.setCell(12, 0, 12)
data.setCell(12, 1, 'IntelliSense_13_Term_Orange_Ucx')
data.setCell(12, 2, 'testcases.UI_Data_file_termdef')
data.setCell(12, 3, 170566);
data.setCell(13, 0, 13)
data.setCell(13, 1, 'IntelliSense_35_Resource_Triggers_Rex')
data.setCell(13, 2, 'testcases.UI_Data_file_termdef')
data.setCell(13, 3, 169086);
data.setCell(14, 0, 14)
data.setCell(14, 1, 'IntelliSense_07_Term_Highlight_EditEffects_Rex')
data.setCell(14, 2, 'testcases.UI_Data_file_termdef')
data.setCell(14, 3, 152895);
data.setCell(15, 0, 15)
data.setCell(15, 1, 'IntelliSense_37_Resource_Highlight_EditEffects_Rex')
data.setCell(15, 2, 'testcases.UI_Data_file_termdef')
data.setCell(15, 3, 150051);
data.setCell(16, 0, 16)
data.setCell(16, 1, 'IntelliSense_15_Term_Highlight_Single_Multi_use_Ucx')
data.setCell(16, 2, 'testcases.UI_Data_file_termdef')
data.setCell(16, 3, 133315);
data.setCell(17, 0, 17)
data.setCell(17, 1, 'IntelliSense_39_Resource_Operations_Ucx')
data.setCell(17, 2, 'testcases.UI_Data_file_termdef')
data.setCell(17, 3, 131346);
data.setCell(18, 0, 18)
data.setCell(18, 1, 'IntelliSense_11_Term_Operations_Ucx')
data.setCell(18, 2, 'testcases.UI_Data_file_termdef')
data.setCell(18, 3, 130736);
data.setCell(19, 0, 19)
data.setCell(19, 1, 'IntelliSense_12_Term_Triggers_Ucx')
data.setCell(19, 2, 'testcases.UI_Data_file_termdef')
data.setCell(19, 3, 124219);
data.setCell(20, 0, 20)
data.setCell(20, 1, 'IntelliSense_34_Resource_Operations_Rex')
data.setCell(20, 2, 'testcases.UI_Data_file_termdef')
data.setCell(20, 3, 123597);
data.setCell(21, 0, 21)
data.setCell(21, 1, 'IntelliSense_38_Resource_Filter_Ucx')
data.setCell(21, 2, 'testcases.UI_Data_file_termdef')
data.setCell(21, 3, 114962);
data.setCell(22, 0, 22)
data.setCell(22, 1, 'IntelliSense_08_Term_Replace_Rex')
data.setCell(22, 2, 'testcases.UI_Data_file_termdef')
data.setCell(22, 3, 107660);
data.setCell(23, 0, 23)
data.setCell(23, 1, 'IntelliSense_33_Resource_Filter_Rex')
data.setCell(23, 2, 'testcases.UI_Data_file_termdef')
data.setCell(23, 3, 107348);
data.setCell(24, 0, 24)
data.setCell(24, 1, 'IntelliSense_06_Term_Highlight_SingleMulti_use_Rex')
data.setCell(24, 2, 'testcases.UI_Data_file_termdef')
data.setCell(24, 3, 98854);
window.suiteTableData['Batch_1']= { tableData: data, tableDiv: 'times-div-Batch_1'}
return data;
}
              </script>
              <span class="suite-total-time">Total running time: 1 hours</span>
              <div id="times-div-Batch_1">
              </div> <!-- times-div-Batch_1 -->
            </div> <!-- times-div -->
          </div> <!-- main-panel-content rounded-window-bottom -->
        </div> <!-- panel -->
        <div panel-name="reporter-Batch_1" class="panel">
          <div class="main-panel-header rounded-window-top">
            <span class="header-content">Reporter output for Batch_1</span>
          </div> <!-- main-panel-header rounded-window-top -->
          <div class="main-panel-content rounded-window-bottom">
          </div> <!-- main-panel-content rounded-window-bottom -->
        </div> <!-- panel -->
        <div panel-name="ignored-methods-Batch_1" class="panel">
          <div class="main-panel-header rounded-window-top">
            <span class="header-content">0 ignored methods</span>
          </div> <!-- main-panel-header rounded-window-top -->
          <div class="main-panel-content rounded-window-bottom">
          </div> <!-- main-panel-content rounded-window-bottom -->
        </div> <!-- panel -->
        <div panel-name="chronological-Batch_1" class="panel">
          <div class="main-panel-header rounded-window-top">
            <span class="header-content">Methods in chronological order</span>
          </div> <!-- main-panel-header rounded-window-top -->
          <div class="main-panel-content rounded-window-bottom">
            <div class="chronological-class">
              <div class="chronological-class-name">testcases.UI_Data_file_termdef</div> <!-- chronological-class-name -->
              <div class="configuration-class before">
                <span class="method-name">beforeClass</span>
                <span class="method-start">0 ms</span>
              </div> <!-- configuration-class before -->
              <div class="configuration-method before">
                <span class="method-name">beforeMethod</span>
                <span class="method-start">69412 ms</span>
              </div> <!-- configuration-method before -->
              <div class="test-method">
                <img src="failed.png">
                </img>
                <span class="method-name">IntelliSense_01_Term_Filter_Rex</span>
                <span class="method-start">89597 ms</span>
              </div> <!-- test-method -->
              <div class="configuration-method after">
                <span class="method-name">afterMethod</span>
                <span class="method-start">346243 ms</span>
              </div> <!-- configuration-method after -->
              <div class="configuration-method before">
                <span class="method-name">beforeMethod</span>
                <span class="method-start">346244 ms</span>
              </div> <!-- configuration-method before -->
              <div class="test-method">
                <img src="failed.png">
                </img>
                <span class="method-name">IntelliSense_02_Term_Oprations_Rex</span>
                <span class="method-start">366403 ms</span>
              </div> <!-- test-method -->
              <div class="configuration-method after">
                <span class="method-name">afterMethod</span>
                <span class="method-start">600818 ms</span>
              </div> <!-- configuration-method after -->
              <div class="configuration-method before">
                <span class="method-name">beforeMethod</span>
                <span class="method-start">600818 ms</span>
              </div> <!-- configuration-method before -->
              <div class="test-method">
                <img src="failed.png">
                </img>
                <span class="method-name">IntelliSense_03_Term_Triggers_Rex</span>
                <span class="method-start">620991 ms</span>
              </div> <!-- test-method -->
              <div class="configuration-method after">
                <span class="method-name">afterMethod</span>
                <span class="method-start">832792 ms</span>
              </div> <!-- configuration-method after -->
              <div class="configuration-method before">
                <span class="method-name">beforeMethod</span>
                <span class="method-start">832792 ms</span>
              </div> <!-- configuration-method before -->
              <div class="test-method">
                <img src="failed.png">
                </img>
                <span class="method-name">IntelliSense_04_Term_Orange_Rex</span>
                <span class="method-start">853007 ms</span>
              </div> <!-- test-method -->
              <div class="configuration-method after">
                <span class="method-name">afterMethod</span>
                <span class="method-start">1067042 ms</span>
              </div> <!-- configuration-method after -->
              <div class="configuration-method before">
                <span class="method-name">beforeMethod</span>
                <span class="method-start">1067042 ms</span>
              </div> <!-- configuration-method before -->
              <div class="test-method">
                <img src="failed.png">
                </img>
                <span class="method-name">IntelliSense_06_Term_Highlight_SingleMulti_use_Rex</span>
                <span class="method-start">1087277 ms</span>
              </div> <!-- test-method -->
              <div class="configuration-method after">
                <span class="method-name">afterMethod</span>
                <span class="method-start">1186133 ms</span>
              </div> <!-- configuration-method after -->
              <div class="configuration-method before">
                <span class="method-name">beforeMethod</span>
                <span class="method-start">1186134 ms</span>
              </div> <!-- configuration-method before -->
              <div class="test-method">
                <img src="failed.png">
                </img>
                <span class="method-name">IntelliSense_07_Term_Highlight_EditEffects_Rex</span>
                <span class="method-start">1206311 ms</span>
              </div> <!-- test-method -->
              <div class="configuration-method after">
                <span class="method-name">afterMethod</span>
                <span class="method-start">1359208 ms</span>
              </div> <!-- configuration-method after -->
              <div class="configuration-method before">
                <span class="method-name">beforeMethod</span>
                <span class="method-start">1359208 ms</span>
              </div> <!-- configuration-method before -->
              <div class="test-method">
                <img src="failed.png">
                </img>
                <span class="method-name">IntelliSense_08_Term_Replace_Rex</span>
                <span class="method-start">1379392 ms</span>
              </div> <!-- test-method -->
              <div class="configuration-method after">
                <span class="method-name">afterMethod</span>
                <span class="method-start">1487054 ms</span>
              </div> <!-- configuration-method after -->
              <div class="configuration-method before">
                <span class="method-name">beforeMethod</span>
                <span class="method-start">1487054 ms</span>
              </div> <!-- configuration-method before -->
              <div class="test-method">
                <img src="failed.png">
                </img>
                <span class="method-name">IntelliSense_09_Term_Nest_Rex</span>
                <span class="method-start">1507317 ms</span>
              </div> <!-- test-method -->
              <div class="configuration-method after">
                <span class="method-name">afterMethod</span>
                <span class="method-start">1745519 ms</span>
              </div> <!-- configuration-method after -->
              <div class="configuration-method before">
                <span class="method-name">beforeMethod</span>
                <span class="method-start">1745520 ms</span>
              </div> <!-- configuration-method before -->
              <div class="test-method">
                <img src="failed.png">
                </img>
                <span class="method-name">IntelliSense_10_Term_Filter_Ucx</span>
                <span class="method-start">1765673 ms</span>
              </div> <!-- test-method -->
              <div class="configuration-method after">
                <span class="method-name">afterMethod</span>
                <span class="method-start">2179923 ms</span>
              </div> <!-- configuration-method after -->
              <div class="configuration-method before">
                <span class="method-name">beforeMethod</span>
                <span class="method-start">2179924 ms</span>
              </div> <!-- configuration-method before -->
              <div class="test-method">
                <span class="method-name">IntelliSense_11_Term_Operations_Ucx</span>
                <span class="method-start">2200144 ms</span>
              </div> <!-- test-method -->
              <div class="configuration-method after">
                <span class="method-name">afterMethod</span>
                <span class="method-start">2330882 ms</span>
              </div> <!-- configuration-method after -->
              <div class="configuration-method before">
                <span class="method-name">beforeMethod</span>
                <span class="method-start">2330882 ms</span>
              </div> <!-- configuration-method before -->
              <div class="test-method">
                <img src="failed.png">
                </img>
                <span class="method-name">IntelliSense_12_Term_Triggers_Ucx</span>
                <span class="method-start">2351129 ms</span>
              </div> <!-- test-method -->
              <div class="configuration-method after">
                <span class="method-name">afterMethod</span>
                <span class="method-start">2475350 ms</span>
              </div> <!-- configuration-method after -->
              <div class="configuration-method before">
                <span class="method-name">beforeMethod</span>
                <span class="method-start">2475350 ms</span>
              </div> <!-- configuration-method before -->
              <div class="test-method">
                <img src="failed.png">
                </img>
                <span class="method-name">IntelliSense_13_Term_Orange_Ucx</span>
                <span class="method-start">2495578 ms</span>
              </div> <!-- test-method -->
              <div class="configuration-method after">
                <span class="method-name">afterMethod</span>
                <span class="method-start">2666146 ms</span>
              </div> <!-- configuration-method after -->
              <div class="configuration-method before">
                <span class="method-name">beforeMethod</span>
                <span class="method-start">2666146 ms</span>
              </div> <!-- configuration-method before -->
              <div class="test-method">
                <img src="failed.png">
                </img>
                <span class="method-name">IntelliSense_14_Term_Highlight_Realtime_Ucx</span>
                <span class="method-start">2686310 ms</span>
              </div> <!-- test-method -->
              <div class="configuration-method after">
                <span class="method-name">afterMethod</span>
                <span class="method-start">3353425 ms</span>
              </div> <!-- configuration-method after -->
              <div class="configuration-method before">
                <span class="method-name">beforeMethod</span>
                <span class="method-start">3353425 ms</span>
              </div> <!-- configuration-method before -->
              <div class="test-method">
                <img src="failed.png">
                </img>
                <span class="method-name">IntelliSense_15_Term_Highlight_Single_Multi_use_Ucx</span>
                <span class="method-start">3373619 ms</span>
              </div> <!-- test-method -->
              <div class="configuration-method after">
                <span class="method-name">afterMethod</span>
                <span class="method-start">3506935 ms</span>
              </div> <!-- configuration-method after -->
              <div class="configuration-method before">
                <span class="method-name">beforeMethod</span>
                <span class="method-start">3506935 ms</span>
              </div> <!-- configuration-method before -->
              <div class="test-method">
                <img src="failed.png">
                </img>
                <span class="method-name">IntelliSense_17_Term_Replace_Ucx</span>
                <span class="method-start">3527193 ms</span>
              </div> <!-- test-method -->
              <div class="configuration-method after">
                <span class="method-name">afterMethod</span>
                <span class="method-start">3764356 ms</span>
              </div> <!-- configuration-method after -->
              <div class="configuration-method before">
                <span class="method-name">beforeMethod</span>
                <span class="method-start">3764357 ms</span>
              </div> <!-- configuration-method before -->
              <div class="test-method">
                <img src="failed.png">
                </img>
                <span class="method-name">IntelliSense_18_Term_Nest_Ucx</span>
                <span class="method-start">3784599 ms</span>
              </div> <!-- test-method -->
              <div class="configuration-method after">
                <span class="method-name">afterMethod</span>
                <span class="method-start">4007440 ms</span>
              </div> <!-- configuration-method after -->
              <div class="configuration-method before">
                <span class="method-name">beforeMethod</span>
                <span class="method-start">4007441 ms</span>
              </div> <!-- configuration-method before -->
              <div class="test-method">
                <img src="failed.png">
                </img>
                <span class="method-name">IntelliSense_32_Term_TopLevelTerm_TableTerm</span>
                <span class="method-start">4027626 ms</span>
              </div> <!-- test-method -->
              <div class="configuration-method after">
                <span class="method-name">afterMethod</span>
                <span class="method-start">4304194 ms</span>
              </div> <!-- configuration-method after -->
              <div class="configuration-method before">
                <span class="method-name">beforeMethod</span>
                <span class="method-start">4304195 ms</span>
              </div> <!-- configuration-method before -->
              <div class="test-method">
                <img src="failed.png">
                </img>
                <span class="method-name">IntelliSense_33_Resource_Filter_Rex</span>
                <span class="method-start">4324393 ms</span>
              </div> <!-- test-method -->
              <div class="configuration-method after">
                <span class="method-name">afterMethod</span>
                <span class="method-start">4431744 ms</span>
              </div> <!-- configuration-method after -->
              <div class="configuration-method before">
                <span class="method-name">beforeMethod</span>
                <span class="method-start">4431745 ms</span>
              </div> <!-- configuration-method before -->
              <div class="test-method">
                <img src="failed.png">
                </img>
                <span class="method-name">IntelliSense_34_Resource_Operations_Rex</span>
                <span class="method-start">4452236 ms</span>
              </div> <!-- test-method -->
              <div class="configuration-method after">
                <span class="method-name">afterMethod</span>
                <span class="method-start">4575835 ms</span>
              </div> <!-- configuration-method after -->
              <div class="configuration-method before">
                <span class="method-name">beforeMethod</span>
                <span class="method-start">4575835 ms</span>
              </div> <!-- configuration-method before -->
              <div class="test-method">
                <span class="method-name">IntelliSense_35_Resource_Triggers_Rex</span>
                <span class="method-start">4596058 ms</span>
              </div> <!-- test-method -->
              <div class="configuration-method after">
                <span class="method-name">afterMethod</span>
                <span class="method-start">4765146 ms</span>
              </div> <!-- configuration-method after -->
              <div class="configuration-method before">
                <span class="method-name">beforeMethod</span>
                <span class="method-start">4765146 ms</span>
              </div> <!-- configuration-method before -->
              <div class="test-method">
                <span class="method-name">IntelliSense_36_Resource_Highlight_Realtime_Rex</span>
                <span class="method-start">4785328 ms</span>
              </div> <!-- test-method -->
              <div class="configuration-method after">
                <span class="method-name">afterMethod</span>
                <span class="method-start">5296083 ms</span>
              </div> <!-- configuration-method after -->
              <div class="configuration-method before">
                <span class="method-name">beforeMethod</span>
                <span class="method-start">5296083 ms</span>
              </div> <!-- configuration-method before -->
              <div class="test-method">
                <img src="failed.png">
                </img>
                <span class="method-name">IntelliSense_37_Resource_Highlight_EditEffects_Rex</span>
                <span class="method-start">5316243 ms</span>
              </div> <!-- test-method -->
              <div class="configuration-method after">
                <span class="method-name">afterMethod</span>
                <span class="method-start">5466296 ms</span>
              </div> <!-- configuration-method after -->
              <div class="configuration-method before">
                <span class="method-name">beforeMethod</span>
                <span class="method-start">5466296 ms</span>
              </div> <!-- configuration-method before -->
              <div class="test-method">
                <img src="failed.png">
                </img>
                <span class="method-name">IntelliSense_38_Resource_Filter_Ucx</span>
                <span class="method-start">5486466 ms</span>
              </div> <!-- test-method -->
              <div class="configuration-method after">
                <span class="method-name">afterMethod</span>
                <span class="method-start">5601429 ms</span>
              </div> <!-- configuration-method after -->
              <div class="configuration-method before">
                <span class="method-name">beforeMethod</span>
                <span class="method-start">5601430 ms</span>
              </div> <!-- configuration-method before -->
              <div class="test-method">
                <img src="failed.png">
                </img>
                <span class="method-name">IntelliSense_39_Resource_Operations_Ucx</span>
                <span class="method-start">5621661 ms</span>
              </div> <!-- test-method -->
              <div class="configuration-method after">
                <span class="method-name">afterMethod</span>
                <span class="method-start">5753009 ms</span>
              </div> <!-- configuration-method after -->
              <div class="configuration-method before">
                <span class="method-name">beforeMethod</span>
                <span class="method-start">5753010 ms</span>
              </div> <!-- configuration-method before -->
              <div class="test-method">
                <img src="failed.png">
                </img>
                <span class="method-name">IntelliSense_40_Resource_Triggers_Ucx</span>
                <span class="method-start">5774118 ms</span>
              </div> <!-- test-method -->
              <div class="configuration-method after">
                <span class="method-name">afterMethod</span>
                <span class="method-start">6056217 ms</span>
              </div> <!-- configuration-method after -->
              <div class="configuration-class after">
                <span class="method-name">afterClass</span>
                <span class="method-start">6056218 ms</span>
              </div> <!-- configuration-class after -->
          </div> <!-- main-panel-content rounded-window-bottom -->
        </div> <!-- panel -->
      </div> <!-- main-panel-root -->
    </div> <!-- wrapper -->
  </body>
</html>
