<!DOCTYPE html>

<html>
  <head>
  <title>TestNG reports</title>

    <link type="text/css" href="testng-reports.css" rel="stylesheet" />  
    <script type="text/javascript" src="jquery-1.7.1.min.js"></script>
    <script type="text/javascript" src="testng-reports.js"></script>
    <script type="text/javascript" src="https://www.google.com/jsapi"></script>
    <script type='text/javascript'>
      google.load('visualization', '1', {packages:['table']});
      google.setOnLoadCallback(drawTable);
      var suiteTableInitFunctions = new Array();
      var suiteTableData = new Array();
    </script>
    <!--
      <script type="text/javascript" src="jquery-ui/js/jquery-ui-1.8.16.custom.min.js"></script>
     -->
  </head>

  <body>
    <div class="top-banner-root">
      <span class="top-banner-title-font">Test results</span>
      <br/>
      <span class="top-banner-font-1">1 suite, 21 failed tests</span>
    </div> <!-- top-banner-root -->
    <div class="navigator-root">
      <div class="navigator-suite-header">
        <span>All suites</span>
        <a href="#" class="collapse-all-link" title="Collapse/expand all the suites">
          <img class="collapse-all-icon" src="collapseall.gif">
          </img> <!-- collapse-all-icon -->
        </a> <!-- collapse-all-link -->
      </div> <!-- navigator-suite-header -->
      <div class="suite">
        <div class="rounded-window">
          <div class="suite-header light-rounded-window-top">
            <a href="#" class="navigator-link" panel-name="suite-Batch_1">
              <span class="suite-name border-failed">Batch_1</span>
            </a> <!-- navigator-link -->
          </div> <!-- suite-header light-rounded-window-top -->
          <div class="navigator-suite-content">
            <div class="suite-section-title">
              <span>Info</span>
            </div> <!-- suite-section-title -->
            <div class="suite-section-content">
              <ul>
                <li>
                  <a href="#" class="navigator-link " panel-name="test-xml-Batch_1">
                    <span>C:\Users\yulei\AppData\Local\Temp\testng-eclipse-2019336237\testng-customsuite.xml</span>
                  </a> <!-- navigator-link  -->
                </li>
                <li>
                  <a href="#" class="navigator-link " panel-name="testlist-Batch_1">
                    <span class="test-stats">1 test</span>
                  </a> <!-- navigator-link  -->
                </li>
                <li>
                  <a href="#" class="navigator-link " panel-name="group-Batch_1">
                    <span>0 groups</span>
                  </a> <!-- navigator-link  -->
                </li>
                <li>
                  <a href="#" class="navigator-link " panel-name="times-Batch_1">
                    <span>Times</span>
                  </a> <!-- navigator-link  -->
                </li>
                <li>
                  <a href="#" class="navigator-link " panel-name="reporter-Batch_1">
                    <span>Reporter output</span>
                  </a> <!-- navigator-link  -->
                </li>
                <li>
                  <a href="#" class="navigator-link " panel-name="ignored-methods-Batch_1">
                    <span>Ignored methods</span>
                  </a> <!-- navigator-link  -->
                </li>
                <li>
                  <a href="#" class="navigator-link " panel-name="chronological-Batch_1">
                    <span>Chronological view</span>
                  </a> <!-- navigator-link  -->
                </li>
              </ul>
            </div> <!-- suite-section-content -->
            <div class="result-section">
              <div class="suite-section-title">
                <span>Results</span>
              </div> <!-- suite-section-title -->
              <div class="suite-section-content">
                <ul>
                  <li>
                    <span class="method-stats">26 methods, 21 failed,   5 passed</span>
                  </li>
                  <li>
                    <span class="method-list-title failed">Failed methods</span>
                    <span class="show-or-hide-methods failed">
                      <a href="#" panel-name="suite-Batch_1" class="hide-methods failed suite-Batch_1"> (hide)</a> <!-- hide-methods failed suite-Batch_1 -->
                      <a href="#" panel-name="suite-Batch_1" class="show-methods failed suite-Batch_1"> (show)</a> <!-- show-methods failed suite-Batch_1 -->
                    </span>
                    <div class="method-list-content failed suite-Batch_1">
                      <span>
                        <img width="3%" src="failed.png"/>
                        <a href="#" class="method navigator-link" panel-name="suite-Batch_1" title="testcases.UI_Data_file_termdef" hash-for-method="IntelliSense_01_Term_Filter_Rex">IntelliSense_01_Term_Filter_Rex</a> <!-- method navigator-link -->
                      </span>
                      <br/>
                      <span>
                        <img width="3%" src="failed.png"/>
                        <a href="#" class="method navigator-link" panel-name="suite-Batch_1" title="testcases.UI_Data_file_termdef" hash-for-method="IntelliSense_04_Term_Orange_Rex">IntelliSense_04_Term_Orange_Rex</a> <!-- method navigator-link -->
                      </span>
                      <br/>
                      <span>
                        <img width="3%" src="failed.png"/>
                        <a href="#" class="method navigator-link" panel-name="suite-Batch_1" title="testcases.UI_Data_file_termdef" hash-for-method="IntelliSense_06_Term_Highlight_SingleMulti_use_Rex">IntelliSense_06_Term_Highlight_SingleMulti_use_Rex</a> <!-- method navigator-link -->
                      </span>
                      <br/>
                      <span>
                        <img width="3%" src="failed.png"/>
                        <a href="#" class="method navigator-link" panel-name="suite-Batch_1" title="testcases.UI_Data_file_termdef" hash-for-method="IntelliSense_07_Term_Highlight_EditEffects_Rex">IntelliSense_07_Term_Highlight_EditEffects_Rex</a> <!-- method navigator-link -->
                      </span>
                      <br/>
                      <span>
                        <img width="3%" src="failed.png"/>
                        <a href="#" class="method navigator-link" panel-name="suite-Batch_1" title="testcases.UI_Data_file_termdef" hash-for-method="IntelliSense_08_Term_Replace_Rex">IntelliSense_08_Term_Replace_Rex</a> <!-- method navigator-link -->
                      </span>
                      <br/>
                      <span>
                        <img width="3%" src="failed.png"/>
                        <a href="#" class="method navigator-link" panel-name="suite-Batch_1" title="testcases.UI_Data_file_termdef" hash-for-method="IntelliSense_09_Term_Nest_Rex">IntelliSense_09_Term_Nest_Rex</a> <!-- method navigator-link -->
                      </span>
                      <br/>
                      <span>
                        <img width="3%" src="failed.png"/>
                        <a href="#" class="method navigator-link" panel-name="suite-Batch_1" title="testcases.UI_Data_file_termdef" hash-for-method="IntelliSense_10_Term_Filter_Ucx">IntelliSense_10_Term_Filter_Ucx</a> <!-- method navigator-link -->
                      </span>
                      <br/>
                      <span>
                        <img width="3%" src="failed.png"/>
                        <a href="#" class="method navigator-link" panel-name="suite-Batch_1" title="testcases.UI_Data_file_termdef" hash-for-method="IntelliSense_11_Term_Operations_Ucx">IntelliSense_11_Term_Operations_Ucx</a> <!-- method navigator-link -->
                      </span>
                      <br/>
                      <span>
                        <img width="3%" src="failed.png"/>
                        <a href="#" class="method navigator-link" panel-name="suite-Batch_1" title="testcases.UI_Data_file_termdef" hash-for-method="IntelliSense_13_Term_Orange_Ucx">IntelliSense_13_Term_Orange_Ucx</a> <!-- method navigator-link -->
                      </span>
                      <br/>
                      <span>
                        <img width="3%" src="failed.png"/>
                        <a href="#" class="method navigator-link" panel-name="suite-Batch_1" title="testcases.UI_Data_file_termdef" hash-for-method="IntelliSense_14_Term_Highlight_Realtime_Ucx">IntelliSense_14_Term_Highlight_Realtime_Ucx</a> <!-- method navigator-link -->
                      </span>
                      <br/>
                      <span>
                        <img width="3%" src="failed.png"/>
                        <a href="#" class="method navigator-link" panel-name="suite-Batch_1" title="testcases.UI_Data_file_termdef" hash-for-method="IntelliSense_15_Term_Highlight_Single_Multi_use_Ucx">IntelliSense_15_Term_Highlight_Single_Multi_use_Ucx</a> <!-- method navigator-link -->
                      </span>
                      <br/>
                      <span>
                        <img width="3%" src="failed.png"/>
                        <a href="#" class="method navigator-link" panel-name="suite-Batch_1" title="testcases.UI_Data_file_termdef" hash-for-method="IntelliSense_17_Term_Replace_Ucx">IntelliSense_17_Term_Replace_Ucx</a> <!-- method navigator-link -->
                      </span>
                      <br/>
                      <span>
                        <img width="3%" src="failed.png"/>
                        <a href="#" class="method navigator-link" panel-name="suite-Batch_1" title="testcases.UI_Data_file_termdef" hash-for-method="IntelliSense_18_Term_Nest_Ucx">IntelliSense_18_Term_Nest_Ucx</a> <!-- method navigator-link -->
                      </span>
                      <br/>
                      <span>
                        <img width="3%" src="failed.png"/>
                        <a href="#" class="method navigator-link" panel-name="suite-Batch_1" title="testcases.UI_Data_file_termdef" hash-for-method="IntelliSense_32_Term_TopLevelTerm_TableTerm">IntelliSense_32_Term_TopLevelTerm_TableTerm</a> <!-- method navigator-link -->
                      </span>
                      <br/>
                      <span>
                        <img width="3%" src="failed.png"/>
                        <a href="#" class="method navigator-link" panel-name="suite-Batch_1" title="testcases.UI_Data_file_termdef" hash-for-method="IntelliSense_33_Resource_Filter_Rex">IntelliSense_33_Resource_Filter_Rex</a> <!-- method navigator-link -->
                      </span>
                      <br/>
                      <span>
                        <img width="3%" src="failed.png"/>
                        <a href="#" class="method navigator-link" panel-name="suite-Batch_1" title="testcases.UI_Data_file_termdef" hash-for-method="IntelliSense_34_Resource_Operations_Rex">IntelliSense_34_Resource_Operations_Rex</a> <!-- method navigator-link -->
                      </span>
                      <br/>
                      <span>
                        <img width="3%" src="failed.png"/>
                        <a href="#" class="method navigator-link" panel-name="suite-Batch_1" title="testcases.UI_Data_file_termdef" hash-for-method="IntelliSense_37_Resource_Highlight_EditEffects_Rex">IntelliSense_37_Resource_Highlight_EditEffects_Rex</a> <!-- method navigator-link -->
                      </span>
                      <br/>
                      <span>
                        <img width="3%" src="failed.png"/>
                        <a href="#" class="method navigator-link" panel-name="suite-Batch_1" title="testcases.UI_Data_file_termdef" hash-for-method="IntelliSense_38_Resource_Filter_Ucx">IntelliSense_38_Resource_Filter_Ucx</a> <!-- method navigator-link -->
                      </span>
                      <br/>
                      <span>
                        <img width="3%" src="failed.png"/>
                        <a href="#" class="method navigator-link" panel-name="suite-Batch_1" title="testcases.UI_Data_file_termdef" hash-for-method="IntelliSense_39_Resource_Operations_Ucx">IntelliSense_39_Resource_Operations_Ucx</a> <!-- method navigator-link -->
                      </span>
                      <br/>
                      <span>
                        <img width="3%" src="failed.png"/>
                        <a href="#" class="method navigator-link" panel-name="suite-Batch_1" title="testcases.UI_Data_file_termdef" hash-for-method="IntelliSense_40_Resource_Triggers_Ucx">IntelliSense_40_Resource_Triggers_Ucx</a> <!-- method navigator-link -->
                      </span>
                      <br/>
                      <span>
                        <img width="3%" src="failed.png"/>
                        <a href="#" class="method navigator-link" panel-name="suite-Batch_1" title="testcases.UI_Data_file_termdef" hash-for-method="IntelliSense_41_Resource_Highlight_Realtime_Ucx">IntelliSense_41_Resource_Highlight_Realtime_Ucx</a> <!-- method navigator-link -->
                      </span>
                      <br/>
                    </div> <!-- method-list-content failed suite-Batch_1 -->
                  </li>
                  <li>
                    <span class="method-list-title passed">Passed methods</span>
                    <span class="show-or-hide-methods passed">
                      <a href="#" panel-name="suite-Batch_1" class="hide-methods passed suite-Batch_1"> (hide)</a> <!-- hide-methods passed suite-Batch_1 -->
                      <a href="#" panel-name="suite-Batch_1" class="show-methods passed suite-Batch_1"> (show)</a> <!-- show-methods passed suite-Batch_1 -->
                    </span>
                    <div class="method-list-content passed suite-Batch_1">
                      <span>
                        <img width="3%" src="passed.png"/>
                        <a href="#" class="method navigator-link" panel-name="suite-Batch_1" title="testcases.UI_Data_file_termdef" hash-for-method="IntelliSense_02_Term_Oprations_Rex">IntelliSense_02_Term_Oprations_Rex</a> <!-- method navigator-link -->
                      </span>
                      <br/>
                      <span>
                        <img width="3%" src="passed.png"/>
                        <a href="#" class="method navigator-link" panel-name="suite-Batch_1" title="testcases.UI_Data_file_termdef" hash-for-method="IntelliSense_03_Term_Triggers_Rex">IntelliSense_03_Term_Triggers_Rex</a> <!-- method navigator-link -->
                      </span>
                      <br/>
                      <span>
                        <img width="3%" src="passed.png"/>
                        <a href="#" class="method navigator-link" panel-name="suite-Batch_1" title="testcases.UI_Data_file_termdef" hash-for-method="IntelliSense_12_Term_Triggers_Ucx">IntelliSense_12_Term_Triggers_Ucx</a> <!-- method navigator-link -->
                      </span>
                      <br/>
                      <span>
                        <img width="3%" src="passed.png"/>
                        <a href="#" class="method navigator-link" panel-name="suite-Batch_1" title="testcases.UI_Data_file_termdef" hash-for-method="IntelliSense_35_Resource_Triggers_Rex">IntelliSense_35_Resource_Triggers_Rex</a> <!-- method navigator-link -->
                      </span>
                      <br/>
                      <span>
                        <img width="3%" src="passed.png"/>
                        <a href="#" class="method navigator-link" panel-name="suite-Batch_1" title="testcases.UI_Data_file_termdef" hash-for-method="IntelliSense_36_Resource_Highlight_Realtime_Rex">IntelliSense_36_Resource_Highlight_Realtime_Rex</a> <!-- method navigator-link -->
                      </span>
                      <br/>
                    </div> <!-- method-list-content passed suite-Batch_1 -->
                  </li>
                </ul>
              </div> <!-- suite-section-content -->
            </div> <!-- result-section -->
          </div> <!-- navigator-suite-content -->
        </div> <!-- rounded-window -->
      </div> <!-- suite -->
    </div> <!-- navigator-root -->
    <div class="wrapper">
      <div class="main-panel-root">
        <div panel-name="suite-Batch_1" class="panel Batch_1">
          <div class="suite-Batch_1-class-failed">
            <div class="main-panel-header rounded-window-top">
              <img src="failed.png"/>
              <span class="class-name">testcases.UI_Data_file_termdef</span>
            </div> <!-- main-panel-header rounded-window-top -->
            <div class="main-panel-content rounded-window-bottom">
              <div class="method">
                <div class="method-content">
                  <a name="IntelliSense_01_Term_Filter_Rex">
                  </a> <!-- IntelliSense_01_Term_Filter_Rex -->
                  <span class="method-name">IntelliSense_01_Term_Filter_Rex</span>
                  <div class="stack-trace">java.lang.AssertionError: The following asserts failed:
	@@line_start [201] line_end; expected [Use] but found [User]gui_start [[[[ChromeDriver: chrome on XP (aa8b00c2be41d7ad3ed8a045461ba8b8)] -&gt; xpath: //ul[@id=&apos;AutoCompleteMenu&apos;]/li//strong]] -&gt; xpath: .//span[@style=&apos;color:red;&apos;]] gui_end,
	@@line_start [202] line_end; expected [use] but found [user]gui_start [[[[ChromeDriver: chrome on XP (aa8b00c2be41d7ad3ed8a045461ba8b8)] -&gt; xpath: //ul[@id=&apos;AutoCompleteMenu&apos;]/li//strong]] -&gt; xpath: .//span[@style=&apos;color:red;&apos;]] gui_end,
	@@line_start [203] line_end; expected [use] but found [user]gui_start [[[[ChromeDriver: chrome on XP (aa8b00c2be41d7ad3ed8a045461ba8b8)] -&gt; xpath: //ul[@id=&apos;AutoCompleteMenu&apos;]/li//strong]] -&gt; xpath: .//span[@style=&apos;color:red;&apos;]] gui_end,
	@@line_start [207] line_end; expected [NotFound] but found [Displayed]gui_start  gui_end,
	@@line_start [208] line_end; expected [NotFound] but found [Displayed]gui_start  gui_end,
	@@line_start [209] line_end; expected [NotFound] but found [Displayed]gui_start  gui_end,
	@@line_start [210] line_end; expected [NotFound] but found [Displayed]gui_start  gui_end,
	@@line_start [211] line_end;gui_start java.lang.NullPointerException gui_end
	at org.testng.asserts.SoftAssert.assertAll(SoftAssert.java:43)
	at testcases.UI_Data_file_termdef.IntelliSense_01_Term_Filter_Rex(UI_Data_file_termdef.java:272)
	at sun.reflect.NativeMethodAccessorImpl.invoke0(Native Method)
	at sun.reflect.NativeMethodAccessorImpl.invoke(NativeMethodAccessorImpl.java:62)
	at sun.reflect.DelegatingMethodAccessorImpl.invoke(DelegatingMethodAccessorImpl.java:43)
	at java.lang.reflect.Method.invoke(Method.java:498)
	at org.testng.internal.MethodInvocationHelper.invokeMethod(MethodInvocationHelper.java:85)
	at org.testng.internal.Invoker.invokeMethod(Invoker.java:639)
	at org.testng.internal.Invoker.invokeTestMethod(Invoker.java:816)
	at org.testng.internal.Invoker.invokeTestMethods(Invoker.java:1124)
	at org.testng.internal.TestMethodWorker.invokeTestMethods(TestMethodWorker.java:125)
	at org.testng.internal.TestMethodWorker.run(TestMethodWorker.java:108)
	at java.util.concurrent.ThreadPoolExecutor.runWorker(ThreadPoolExecutor.java:1149)
	at java.util.concurrent.ThreadPoolExecutor$Worker.run(ThreadPoolExecutor.java:624)
	at java.lang.Thread.run(Thread.java:748)

</div> <!-- stack-trace -->
                </div> <!-- method-content -->
              </div> <!-- method -->
              <div class="method">
                <div class="method-content">
                  <a name="IntelliSense_04_Term_Orange_Rex">
                  </a> <!-- IntelliSense_04_Term_Orange_Rex -->
                  <span class="method-name">IntelliSense_04_Term_Orange_Rex</span>
                  <div class="stack-trace">java.lang.AssertionError: The following asserts failed:
	@@line_start [515] line_end; expected [Displayed] but found [NoSuchElement]gui_start element is null gui_end,
	@@line_start [516] line_end; expected [Displayed] but found [NoSuchElement]gui_start element is null gui_end,
	@@line_start [537] line_end;gui_start java.lang.NullPointerException gui_end
	at org.testng.asserts.SoftAssert.assertAll(SoftAssert.java:43)
	at testcases.UI_Data_file_termdef.IntelliSense_04_Term_Orange_Rex(UI_Data_file_termdef.java:642)
	at sun.reflect.NativeMethodAccessorImpl.invoke0(Native Method)
	at sun.reflect.NativeMethodAccessorImpl.invoke(NativeMethodAccessorImpl.java:62)
	at sun.reflect.DelegatingMethodAccessorImpl.invoke(DelegatingMethodAccessorImpl.java:43)
	at java.lang.reflect.Method.invoke(Method.java:498)
	at org.testng.internal.MethodInvocationHelper.invokeMethod(MethodInvocationHelper.java:85)
	at org.testng.internal.Invoker.invokeMethod(Invoker.java:639)
	at org.testng.internal.Invoker.invokeTestMethod(Invoker.java:816)
	at org.testng.internal.Invoker.invokeTestMethods(Invoker.java:1124)
	at org.testng.internal.TestMethodWorker.invokeTestMethods(TestMethodWorker.java:125)
	at org.testng.internal.TestMethodWorker.run(TestMethodWorker.java:108)
	at java.util.concurrent.ThreadPoolExecutor.runWorker(ThreadPoolExecutor.java:1149)
	at java.util.concurrent.ThreadPoolExecutor$Worker.run(ThreadPoolExecutor.java:624)
	at java.lang.Thread.run(Thread.java:748)

</div> <!-- stack-trace -->
                </div> <!-- method-content -->
              </div> <!-- method -->
              <div class="method">
                <div class="method-content">
                  <a name="IntelliSense_06_Term_Highlight_SingleMulti_use_Rex">
                  </a> <!-- IntelliSense_06_Term_Highlight_SingleMulti_use_Rex -->
                  <span class="method-name">IntelliSense_06_Term_Highlight_SingleMulti_use_Rex</span>
                  <div class="stack-trace">java.lang.AssertionError: The following asserts failed:
	@@line_start [788] line_end; expected [NotFound] but found [Displayed]gui_start  gui_end
	at org.testng.asserts.SoftAssert.assertAll(SoftAssert.java:43)
	at testcases.UI_Data_file_termdef.IntelliSense_06_Term_Highlight_SingleMulti_use_Rex(UI_Data_file_termdef.java:808)
	at sun.reflect.NativeMethodAccessorImpl.invoke0(Native Method)
	at sun.reflect.NativeMethodAccessorImpl.invoke(NativeMethodAccessorImpl.java:62)
	at sun.reflect.DelegatingMethodAccessorImpl.invoke(DelegatingMethodAccessorImpl.java:43)
	at java.lang.reflect.Method.invoke(Method.java:498)
	at org.testng.internal.MethodInvocationHelper.invokeMethod(MethodInvocationHelper.java:85)
	at org.testng.internal.Invoker.invokeMethod(Invoker.java:639)
	at org.testng.internal.Invoker.invokeTestMethod(Invoker.java:816)
	at org.testng.internal.Invoker.invokeTestMethods(Invoker.java:1124)
	at org.testng.internal.TestMethodWorker.invokeTestMethods(TestMethodWorker.java:125)
	at org.testng.internal.TestMethodWorker.run(TestMethodWorker.java:108)
	at java.util.concurrent.ThreadPoolExecutor.runWorker(ThreadPoolExecutor.java:1149)
	at java.util.concurrent.ThreadPoolExecutor$Worker.run(ThreadPoolExecutor.java:624)
	at java.lang.Thread.run(Thread.java:748)

</div> <!-- stack-trace -->
                </div> <!-- method-content -->
              </div> <!-- method -->
              <div class="method">
                <div class="method-content">
                  <a name="IntelliSense_07_Term_Highlight_EditEffects_Rex">
                  </a> <!-- IntelliSense_07_Term_Highlight_EditEffects_Rex -->
                  <span class="method-name">IntelliSense_07_Term_Highlight_EditEffects_Rex</span>
                  <div class="stack-trace">java.lang.AssertionError: The following asserts failed:
	@@line_start [846] line_end; expected [NotFound] but found [Displayed]gui_start  gui_end,
	@@line_start [847] line_end; expected [NotFound] but found [Displayed]gui_start  gui_end,
	@@line_start [848] line_end; expected [NotFound] but found [Displayed]gui_start  gui_end,
	@@line_start [849] line_end; expected [NotFound] but found [Displayed]gui_start  gui_end
	at org.testng.asserts.SoftAssert.assertAll(SoftAssert.java:43)
	at testcases.UI_Data_file_termdef.IntelliSense_07_Term_Highlight_EditEffects_Rex(UI_Data_file_termdef.java:951)
	at sun.reflect.NativeMethodAccessorImpl.invoke0(Native Method)
	at sun.reflect.NativeMethodAccessorImpl.invoke(NativeMethodAccessorImpl.java:62)
	at sun.reflect.DelegatingMethodAccessorImpl.invoke(DelegatingMethodAccessorImpl.java:43)
	at java.lang.reflect.Method.invoke(Method.java:498)
	at org.testng.internal.MethodInvocationHelper.invokeMethod(MethodInvocationHelper.java:85)
	at org.testng.internal.Invoker.invokeMethod(Invoker.java:639)
	at org.testng.internal.Invoker.invokeTestMethod(Invoker.java:816)
	at org.testng.internal.Invoker.invokeTestMethods(Invoker.java:1124)
	at org.testng.internal.TestMethodWorker.invokeTestMethods(TestMethodWorker.java:125)
	at org.testng.internal.TestMethodWorker.run(TestMethodWorker.java:108)
	at java.util.concurrent.ThreadPoolExecutor.runWorker(ThreadPoolExecutor.java:1149)
	at java.util.concurrent.ThreadPoolExecutor$Worker.run(ThreadPoolExecutor.java:624)
	at java.lang.Thread.run(Thread.java:748)

</div> <!-- stack-trace -->
                </div> <!-- method-content -->
              </div> <!-- method -->
              <div class="method">
                <div class="method-content">
                  <a name="IntelliSense_08_Term_Replace_Rex">
                  </a> <!-- IntelliSense_08_Term_Replace_Rex -->
                  <span class="method-name">IntelliSense_08_Term_Replace_Rex</span>
                  <div class="stack-trace">java.lang.AssertionError: The following asserts failed:
	@@line_start [986] line_end;gui_start java.lang.NullPointerException gui_end
	at org.testng.asserts.SoftAssert.assertAll(SoftAssert.java:43)
	at testcases.UI_Data_file_termdef.IntelliSense_08_Term_Replace_Rex(UI_Data_file_termdef.java:1169)
	at sun.reflect.NativeMethodAccessorImpl.invoke0(Native Method)
	at sun.reflect.NativeMethodAccessorImpl.invoke(NativeMethodAccessorImpl.java:62)
	at sun.reflect.DelegatingMethodAccessorImpl.invoke(DelegatingMethodAccessorImpl.java:43)
	at java.lang.reflect.Method.invoke(Method.java:498)
	at org.testng.internal.MethodInvocationHelper.invokeMethod(MethodInvocationHelper.java:85)
	at org.testng.internal.Invoker.invokeMethod(Invoker.java:639)
	at org.testng.internal.Invoker.invokeTestMethod(Invoker.java:816)
	at org.testng.internal.Invoker.invokeTestMethods(Invoker.java:1124)
	at org.testng.internal.TestMethodWorker.invokeTestMethods(TestMethodWorker.java:125)
	at org.testng.internal.TestMethodWorker.run(TestMethodWorker.java:108)
	at java.util.concurrent.ThreadPoolExecutor.runWorker(ThreadPoolExecutor.java:1149)
	at java.util.concurrent.ThreadPoolExecutor$Worker.run(ThreadPoolExecutor.java:624)
	at java.lang.Thread.run(Thread.java:748)

</div> <!-- stack-trace -->
                </div> <!-- method-content -->
              </div> <!-- method -->
              <div class="method">
                <div class="method-content">
                  <a name="IntelliSense_09_Term_Nest_Rex">
                  </a> <!-- IntelliSense_09_Term_Nest_Rex -->
                  <span class="method-name">IntelliSense_09_Term_Nest_Rex</span>
                  <div class="stack-trace">java.lang.AssertionError: The following asserts failed:
	@@line_start [1192] line_end; expected [NotFound] but found [Displayed]gui_start  gui_end,
	@@line_start [1193] line_end; expected [NotFound] but found [Displayed]gui_start  gui_end,
	@@line_start [1195] line_end; expected [NotFound] but found [Displayed]gui_start  gui_end,
	@@line_start [1197] line_end; expected [NotFound] but found [Displayed]gui_start  gui_end,
	@@line_start [1200] line_end;gui_start java.lang.NullPointerException gui_end
	at org.testng.asserts.SoftAssert.assertAll(SoftAssert.java:43)
	at testcases.UI_Data_file_termdef.IntelliSense_09_Term_Nest_Rex(UI_Data_file_termdef.java:1301)
	at sun.reflect.NativeMethodAccessorImpl.invoke0(Native Method)
	at sun.reflect.NativeMethodAccessorImpl.invoke(NativeMethodAccessorImpl.java:62)
	at sun.reflect.DelegatingMethodAccessorImpl.invoke(DelegatingMethodAccessorImpl.java:43)
	at java.lang.reflect.Method.invoke(Method.java:498)
	at org.testng.internal.MethodInvocationHelper.invokeMethod(MethodInvocationHelper.java:85)
	at org.testng.internal.Invoker.invokeMethod(Invoker.java:639)
	at org.testng.internal.Invoker.invokeTestMethod(Invoker.java:816)
	at org.testng.internal.Invoker.invokeTestMethods(Invoker.java:1124)
	at org.testng.internal.TestMethodWorker.invokeTestMethods(TestMethodWorker.java:125)
	at org.testng.internal.TestMethodWorker.run(TestMethodWorker.java:108)
	at java.util.concurrent.ThreadPoolExecutor.runWorker(ThreadPoolExecutor.java:1149)
	at java.util.concurrent.ThreadPoolExecutor$Worker.run(ThreadPoolExecutor.java:624)
	at java.lang.Thread.run(Thread.java:748)

</div> <!-- stack-trace -->
                </div> <!-- method-content -->
              </div> <!-- method -->
              <div class="method">
                <div class="method-content">
                  <a name="IntelliSense_10_Term_Filter_Ucx">
                  </a> <!-- IntelliSense_10_Term_Filter_Ucx -->
                  <span class="method-name">IntelliSense_10_Term_Filter_Ucx</span>
                  <div class="stack-trace">java.lang.AssertionError: The following asserts failed:
	@@line_start [1344] line_end; expected [NotFound] but found [Displayed]gui_start  gui_end,
	@@line_start [1345] line_end; expected [NotFound] but found [Displayed]gui_start  gui_end,
	@@line_start [1375] line_end; expected [Displayed] but found [NoSuchElement]gui_start element is null gui_end
	at org.testng.asserts.SoftAssert.assertAll(SoftAssert.java:43)
	at testcases.UI_Data_file_termdef.IntelliSense_10_Term_Filter_Ucx(UI_Data_file_termdef.java:1419)
	at sun.reflect.NativeMethodAccessorImpl.invoke0(Native Method)
	at sun.reflect.NativeMethodAccessorImpl.invoke(NativeMethodAccessorImpl.java:62)
	at sun.reflect.DelegatingMethodAccessorImpl.invoke(DelegatingMethodAccessorImpl.java:43)
	at java.lang.reflect.Method.invoke(Method.java:498)
	at org.testng.internal.MethodInvocationHelper.invokeMethod(MethodInvocationHelper.java:85)
	at org.testng.internal.Invoker.invokeMethod(Invoker.java:639)
	at org.testng.internal.Invoker.invokeTestMethod(Invoker.java:816)
	at org.testng.internal.Invoker.invokeTestMethods(Invoker.java:1124)
	at org.testng.internal.TestMethodWorker.invokeTestMethods(TestMethodWorker.java:125)
	at org.testng.internal.TestMethodWorker.run(TestMethodWorker.java:108)
	at java.util.concurrent.ThreadPoolExecutor.runWorker(ThreadPoolExecutor.java:1149)
	at java.util.concurrent.ThreadPoolExecutor$Worker.run(ThreadPoolExecutor.java:624)
	at java.lang.Thread.run(Thread.java:748)

</div> <!-- stack-trace -->
                </div> <!-- method-content -->
              </div> <!-- method -->
              <div class="method">
                <div class="method-content">
                  <a name="IntelliSense_11_Term_Operations_Ucx">
                  </a> <!-- IntelliSense_11_Term_Operations_Ucx -->
                  <span class="method-name">IntelliSense_11_Term_Operations_Ucx</span>
                  <div class="stack-trace">java.lang.AssertionError: The following asserts failed:
	@@line_start [1455] line_end; expected [NotFound] but found [Displayed]gui_start  gui_end,
	@@line_start [1456] line_end; expected [NotFound] but found [Displayed]gui_start  gui_end,
	@@line_start [1457] line_end; expected [NotFound] but found [Displayed]gui_start  gui_end,
	@@line_start [1458] line_end; expected [NotFound] but found [Displayed]gui_start  gui_end,
	@@line_start [1459] line_end; expected [NotFound] but found [Displayed]gui_start  gui_end,
	@@line_start [1462] line_end;gui_start java.lang.NullPointerException gui_end
	at org.testng.asserts.SoftAssert.assertAll(SoftAssert.java:43)
	at testcases.UI_Data_file_termdef.IntelliSense_11_Term_Operations_Ucx(UI_Data_file_termdef.java:1554)
	at sun.reflect.NativeMethodAccessorImpl.invoke0(Native Method)
	at sun.reflect.NativeMethodAccessorImpl.invoke(NativeMethodAccessorImpl.java:62)
	at sun.reflect.DelegatingMethodAccessorImpl.invoke(DelegatingMethodAccessorImpl.java:43)
	at java.lang.reflect.Method.invoke(Method.java:498)
	at org.testng.internal.MethodInvocationHelper.invokeMethod(MethodInvocationHelper.java:85)
	at org.testng.internal.Invoker.invokeMethod(Invoker.java:639)
	at org.testng.internal.Invoker.invokeTestMethod(Invoker.java:816)
	at org.testng.internal.Invoker.invokeTestMethods(Invoker.java:1124)
	at org.testng.internal.TestMethodWorker.invokeTestMethods(TestMethodWorker.java:125)
	at org.testng.internal.TestMethodWorker.run(TestMethodWorker.java:108)
	at java.util.concurrent.ThreadPoolExecutor.runWorker(ThreadPoolExecutor.java:1149)
	at java.util.concurrent.ThreadPoolExecutor$Worker.run(ThreadPoolExecutor.java:624)
	at java.lang.Thread.run(Thread.java:748)

</div> <!-- stack-trace -->
                </div> <!-- method-content -->
              </div> <!-- method -->
              <div class="method">
                <div class="method-content">
                  <a name="IntelliSense_13_Term_Orange_Ucx">
                  </a> <!-- IntelliSense_13_Term_Orange_Ucx -->
                  <span class="method-name">IntelliSense_13_Term_Orange_Ucx</span>
                  <div class="stack-trace">java.lang.AssertionError: The following asserts failed:
	@@line_start [1688] line_end; expected [NotFound] but found [Displayed]gui_start  gui_end,
	@@line_start [1689] line_end; expected [NotFound] but found [Displayed]gui_start  gui_end,
	@@line_start [1703] line_end;gui_start java.lang.NullPointerException gui_end
	at org.testng.asserts.SoftAssert.assertAll(SoftAssert.java:43)
	at testcases.UI_Data_file_termdef.IntelliSense_13_Term_Orange_Ucx(UI_Data_file_termdef.java:1768)
	at sun.reflect.NativeMethodAccessorImpl.invoke0(Native Method)
	at sun.reflect.NativeMethodAccessorImpl.invoke(NativeMethodAccessorImpl.java:62)
	at sun.reflect.DelegatingMethodAccessorImpl.invoke(DelegatingMethodAccessorImpl.java:43)
	at java.lang.reflect.Method.invoke(Method.java:498)
	at org.testng.internal.MethodInvocationHelper.invokeMethod(MethodInvocationHelper.java:85)
	at org.testng.internal.Invoker.invokeMethod(Invoker.java:639)
	at org.testng.internal.Invoker.invokeTestMethod(Invoker.java:816)
	at org.testng.internal.Invoker.invokeTestMethods(Invoker.java:1124)
	at org.testng.internal.TestMethodWorker.invokeTestMethods(TestMethodWorker.java:125)
	at org.testng.internal.TestMethodWorker.run(TestMethodWorker.java:108)
	at java.util.concurrent.ThreadPoolExecutor.runWorker(ThreadPoolExecutor.java:1149)
	at java.util.concurrent.ThreadPoolExecutor$Worker.run(ThreadPoolExecutor.java:624)
	at java.lang.Thread.run(Thread.java:748)

</div> <!-- stack-trace -->
                </div> <!-- method-content -->
              </div> <!-- method -->
              <div class="method">
                <div class="method-content">
                  <a name="IntelliSense_14_Term_Highlight_Realtime_Ucx">
                  </a> <!-- IntelliSense_14_Term_Highlight_Realtime_Ucx -->
                  <span class="method-name">IntelliSense_14_Term_Highlight_Realtime_Ucx</span>
                  <div class="stack-trace">java.lang.AssertionError: The following asserts failed:
	@@line_start [1785] line_end; expected [rgba(0, 128, 0, 1)] but found [rgba(255, 0, 0, 1)],
	@@line_start [1786] line_end; expected [rgba(255, 165, 0, 1)] but found [rgba(0, 128, 0, 1)],
	@@line_start [1803] line_end; expected [Not found] but found [Training cyberobject/uitest_cyberobject_com_cn/intellisensetest/data/IntelliSense/termhighlight_domain.xlsx success !]gui_start  gui_end,
	@@line_start [1832] line_end;gui_start java.lang.NullPointerException gui_end
	at org.testng.asserts.SoftAssert.assertAll(SoftAssert.java:43)
	at testcases.UI_Data_file_termdef.IntelliSense_14_Term_Highlight_Realtime_Ucx(UI_Data_file_termdef.java:1910)
	at sun.reflect.NativeMethodAccessorImpl.invoke0(Native Method)
	at sun.reflect.NativeMethodAccessorImpl.invoke(NativeMethodAccessorImpl.java:62)
	at sun.reflect.DelegatingMethodAccessorImpl.invoke(DelegatingMethodAccessorImpl.java:43)
	at java.lang.reflect.Method.invoke(Method.java:498)
	at org.testng.internal.MethodInvocationHelper.invokeMethod(MethodInvocationHelper.java:85)
	at org.testng.internal.Invoker.invokeMethod(Invoker.java:639)
	at org.testng.internal.Invoker.invokeTestMethod(Invoker.java:816)
	at org.testng.internal.Invoker.invokeTestMethods(Invoker.java:1124)
	at org.testng.internal.TestMethodWorker.invokeTestMethods(TestMethodWorker.java:125)
	at org.testng.internal.TestMethodWorker.run(TestMethodWorker.java:108)
	at java.util.concurrent.ThreadPoolExecutor.runWorker(ThreadPoolExecutor.java:1149)
	at java.util.concurrent.ThreadPoolExecutor$Worker.run(ThreadPoolExecutor.java:624)
	at java.lang.Thread.run(Thread.java:748)

</div> <!-- stack-trace -->
                </div> <!-- method-content -->
              </div> <!-- method -->
              <div class="method">
                <div class="method-content">
                  <a name="IntelliSense_15_Term_Highlight_Single_Multi_use_Ucx">
                  </a> <!-- IntelliSense_15_Term_Highlight_Single_Multi_use_Ucx -->
                  <span class="method-name">IntelliSense_15_Term_Highlight_Single_Multi_use_Ucx</span>
                  <div class="stack-trace">java.lang.AssertionError: The following asserts failed:
	@@line_start [1973] line_end; expected [rgba(0, 0, 0, 1)] but found [rgba(255, 0, 0, 1)]
	at org.testng.asserts.SoftAssert.assertAll(SoftAssert.java:43)
	at testcases.UI_Data_file_termdef.IntelliSense_15_Term_Highlight_Single_Multi_use_Ucx(UI_Data_file_termdef.java:2001)
	at sun.reflect.NativeMethodAccessorImpl.invoke0(Native Method)
	at sun.reflect.NativeMethodAccessorImpl.invoke(NativeMethodAccessorImpl.java:62)
	at sun.reflect.DelegatingMethodAccessorImpl.invoke(DelegatingMethodAccessorImpl.java:43)
	at java.lang.reflect.Method.invoke(Method.java:498)
	at org.testng.internal.MethodInvocationHelper.invokeMethod(MethodInvocationHelper.java:85)
	at org.testng.internal.Invoker.invokeMethod(Invoker.java:639)
	at org.testng.internal.Invoker.invokeTestMethod(Invoker.java:816)
	at org.testng.internal.Invoker.invokeTestMethods(Invoker.java:1124)
	at org.testng.internal.TestMethodWorker.invokeTestMethods(TestMethodWorker.java:125)
	at org.testng.internal.TestMethodWorker.run(TestMethodWorker.java:108)
	at java.util.concurrent.ThreadPoolExecutor.runWorker(ThreadPoolExecutor.java:1149)
	at java.util.concurrent.ThreadPoolExecutor$Worker.run(ThreadPoolExecutor.java:624)
	at java.lang.Thread.run(Thread.java:748)

</div> <!-- stack-trace -->
                </div> <!-- method-content -->
              </div> <!-- method -->
              <div class="method">
                <div class="method-content">
                  <a name="IntelliSense_17_Term_Replace_Ucx">
                  </a> <!-- IntelliSense_17_Term_Replace_Ucx -->
                  <span class="method-name">IntelliSense_17_Term_Replace_Ucx</span>
                  <div class="stack-trace">java.lang.AssertionError: The following asserts failed:
	@@line_start [2164] line_end;gui_start java.lang.NullPointerException gui_end
	at org.testng.asserts.SoftAssert.assertAll(SoftAssert.java:43)
	at testcases.UI_Data_file_termdef.IntelliSense_17_Term_Replace_Ucx(UI_Data_file_termdef.java:2249)
	at sun.reflect.NativeMethodAccessorImpl.invoke0(Native Method)
	at sun.reflect.NativeMethodAccessorImpl.invoke(NativeMethodAccessorImpl.java:62)
	at sun.reflect.DelegatingMethodAccessorImpl.invoke(DelegatingMethodAccessorImpl.java:43)
	at java.lang.reflect.Method.invoke(Method.java:498)
	at org.testng.internal.MethodInvocationHelper.invokeMethod(MethodInvocationHelper.java:85)
	at org.testng.internal.Invoker.invokeMethod(Invoker.java:639)
	at org.testng.internal.Invoker.invokeTestMethod(Invoker.java:816)
	at org.testng.internal.Invoker.invokeTestMethods(Invoker.java:1124)
	at org.testng.internal.TestMethodWorker.invokeTestMethods(TestMethodWorker.java:125)
	at org.testng.internal.TestMethodWorker.run(TestMethodWorker.java:108)
	at java.util.concurrent.ThreadPoolExecutor.runWorker(ThreadPoolExecutor.java:1149)
	at java.util.concurrent.ThreadPoolExecutor$Worker.run(ThreadPoolExecutor.java:624)
	at java.lang.Thread.run(Thread.java:748)

</div> <!-- stack-trace -->
                </div> <!-- method-content -->
              </div> <!-- method -->
              <div class="method">
                <div class="method-content">
                  <a name="IntelliSense_18_Term_Nest_Ucx">
                  </a> <!-- IntelliSense_18_Term_Nest_Ucx -->
                  <span class="method-name">IntelliSense_18_Term_Nest_Ucx</span>
                  <div class="stack-trace">java.lang.AssertionError: The following asserts failed:
	@@line_start [2279] line_end;gui_start java.lang.NullPointerException gui_end
	at org.testng.asserts.SoftAssert.assertAll(SoftAssert.java:43)
	at testcases.UI_Data_file_termdef.IntelliSense_18_Term_Nest_Ucx(UI_Data_file_termdef.java:2337)
	at sun.reflect.NativeMethodAccessorImpl.invoke0(Native Method)
	at sun.reflect.NativeMethodAccessorImpl.invoke(NativeMethodAccessorImpl.java:62)
	at sun.reflect.DelegatingMethodAccessorImpl.invoke(DelegatingMethodAccessorImpl.java:43)
	at java.lang.reflect.Method.invoke(Method.java:498)
	at org.testng.internal.MethodInvocationHelper.invokeMethod(MethodInvocationHelper.java:85)
	at org.testng.internal.Invoker.invokeMethod(Invoker.java:639)
	at org.testng.internal.Invoker.invokeTestMethod(Invoker.java:816)
	at org.testng.internal.Invoker.invokeTestMethods(Invoker.java:1124)
	at org.testng.internal.TestMethodWorker.invokeTestMethods(TestMethodWorker.java:125)
	at org.testng.internal.TestMethodWorker.run(TestMethodWorker.java:108)
	at java.util.concurrent.ThreadPoolExecutor.runWorker(ThreadPoolExecutor.java:1149)
	at java.util.concurrent.ThreadPoolExecutor$Worker.run(ThreadPoolExecutor.java:624)
	at java.lang.Thread.run(Thread.java:748)

</div> <!-- stack-trace -->
                </div> <!-- method-content -->
              </div> <!-- method -->
              <div class="method">
                <div class="method-content">
                  <a name="IntelliSense_32_Term_TopLevelTerm_TableTerm">
                  </a> <!-- IntelliSense_32_Term_TopLevelTerm_TableTerm -->
                  <span class="method-name">IntelliSense_32_Term_TopLevelTerm_TableTerm</span>
                  <div class="stack-trace">java.lang.AssertionError: The following asserts failed:
	@@line_start [2397] line_end; expected [NotFound] but found [Displayed]gui_start By.xpath: //ul[@id=&apos;AutoCompleteMenu&apos; and contains(@style,&apos;display: block&apos;)] gui_end,
	@@line_start [2401] line_end; expected [NotFound] but found [Displayed]gui_start  gui_end,
	@@line_start [2410] line_end; expected [NotFound] but found [Displayed]gui_start  gui_end,
	@@line_start [2411] line_end; expected [NotFound] but found [Displayed]gui_start  gui_end,
	@@line_start [2412] line_end; expected [NotFound] but found [Displayed]gui_start  gui_end,
	@@line_start [2432] line_end; expected [NotFound] but found [Displayed]gui_start  gui_end,
	@@line_start [2433] line_end; expected [NotFound] but found [Displayed]gui_start  gui_end,
	@@line_start [2456] line_end; expected [NotFound] but found [Displayed]gui_start  gui_end,
	@@line_start [2465] line_end; expected [NotFound] but found [Displayed]gui_start  gui_end,
	@@line_start [2466] line_end;gui_start java.lang.NullPointerException gui_end
	at org.testng.asserts.SoftAssert.assertAll(SoftAssert.java:43)
	at testcases.UI_Data_file_termdef.IntelliSense_32_Term_TopLevelTerm_TableTerm(UI_Data_file_termdef.java:2491)
	at sun.reflect.NativeMethodAccessorImpl.invoke0(Native Method)
	at sun.reflect.NativeMethodAccessorImpl.invoke(NativeMethodAccessorImpl.java:62)
	at sun.reflect.DelegatingMethodAccessorImpl.invoke(DelegatingMethodAccessorImpl.java:43)
	at java.lang.reflect.Method.invoke(Method.java:498)
	at org.testng.internal.MethodInvocationHelper.invokeMethod(MethodInvocationHelper.java:85)
	at org.testng.internal.Invoker.invokeMethod(Invoker.java:639)
	at org.testng.internal.Invoker.invokeTestMethod(Invoker.java:816)
	at org.testng.internal.Invoker.invokeTestMethods(Invoker.java:1124)
	at org.testng.internal.TestMethodWorker.invokeTestMethods(TestMethodWorker.java:125)
	at org.testng.internal.TestMethodWorker.run(TestMethodWorker.java:108)
	at java.util.concurrent.ThreadPoolExecutor.runWorker(ThreadPoolExecutor.java:1149)
	at java.util.concurrent.ThreadPoolExecutor$Worker.run(ThreadPoolExecutor.java:624)
	at java.lang.Thread.run(Thread.java:748)

</div> <!-- stack-trace -->
                </div> <!-- method-content -->
              </div> <!-- method -->
              <div class="method">
                <div class="method-content">
                  <a name="IntelliSense_33_Resource_Filter_Rex">
                  </a> <!-- IntelliSense_33_Resource_Filter_Rex -->
                  <span class="method-name">IntelliSense_33_Resource_Filter_Rex</span>
                  <div class="stack-trace">java.lang.AssertionError: The following asserts failed:
	@@line_start [2554] line_end; expected [File/User ] but found [Fi]gui_start [[[[ChromeDriver: chrome on XP (aa8b00c2be41d7ad3ed8a045461ba8b8)] -&gt; xpath: //ul[@id=&apos;AutoCompleteMenu&apos;]/li[1]//strong]] -&gt; xpath: .//span[@style=&apos;color:red;&apos;]] gui_end,
	@@line_start [2562] line_end; expected [NotFound] but found [Displayed]gui_start  gui_end,
	@@line_start [2563] line_end; expected [File/User] but found [File/User ]gui_start [[[[ChromeDriver: chrome on XP (aa8b00c2be41d7ad3ed8a045461ba8b8)] -&gt; xpath: //ul[@id=&apos;AutoCompleteMenu&apos;]/li//strong]] -&gt; xpath: .//span[@style=&apos;color:red;&apos;]] gui_end,
	@@line_start [2564] line_end; expected [Displayed] but found [NoSuchElement]gui_start element is null gui_end,
	@@line_start [2571] line_end; expected [NotFound] but found [Displayed]gui_start  gui_end
	at org.testng.asserts.SoftAssert.assertAll(SoftAssert.java:43)
	at testcases.UI_Data_file_termdef.IntelliSense_33_Resource_Filter_Rex(UI_Data_file_termdef.java:2583)
	at sun.reflect.NativeMethodAccessorImpl.invoke0(Native Method)
	at sun.reflect.NativeMethodAccessorImpl.invoke(NativeMethodAccessorImpl.java:62)
	at sun.reflect.DelegatingMethodAccessorImpl.invoke(DelegatingMethodAccessorImpl.java:43)
	at java.lang.reflect.Method.invoke(Method.java:498)
	at org.testng.internal.MethodInvocationHelper.invokeMethod(MethodInvocationHelper.java:85)
	at org.testng.internal.Invoker.invokeMethod(Invoker.java:639)
	at org.testng.internal.Invoker.invokeTestMethod(Invoker.java:816)
	at org.testng.internal.Invoker.invokeTestMethods(Invoker.java:1124)
	at org.testng.internal.TestMethodWorker.invokeTestMethods(TestMethodWorker.java:125)
	at org.testng.internal.TestMethodWorker.run(TestMethodWorker.java:108)
	at java.util.concurrent.ThreadPoolExecutor.runWorker(ThreadPoolExecutor.java:1149)
	at java.util.concurrent.ThreadPoolExecutor$Worker.run(ThreadPoolExecutor.java:624)
	at java.lang.Thread.run(Thread.java:748)

</div> <!-- stack-trace -->
                </div> <!-- method-content -->
              </div> <!-- method -->
              <div class="method">
                <div class="method-content">
                  <a name="IntelliSense_34_Resource_Operations_Rex">
                  </a> <!-- IntelliSense_34_Resource_Operations_Rex -->
                  <span class="method-name">IntelliSense_34_Resource_Operations_Rex</span>
                  <div class="stack-trace">java.lang.AssertionError: The following asserts failed:
	@@line_start [2668] line_end; expected [NotFound] but found [Displayed]gui_start  gui_end,
	@@line_start [2669] line_end; expected [NotFound] but found [Displayed]gui_start  gui_end,
	@@line_start [2670] line_end; expected [NotFound] but found [Displayed]gui_start  gui_end
	at org.testng.asserts.SoftAssert.assertAll(SoftAssert.java:43)
	at testcases.UI_Data_file_termdef.IntelliSense_34_Resource_Operations_Rex(UI_Data_file_termdef.java:2698)
	at sun.reflect.NativeMethodAccessorImpl.invoke0(Native Method)
	at sun.reflect.NativeMethodAccessorImpl.invoke(NativeMethodAccessorImpl.java:62)
	at sun.reflect.DelegatingMethodAccessorImpl.invoke(DelegatingMethodAccessorImpl.java:43)
	at java.lang.reflect.Method.invoke(Method.java:498)
	at org.testng.internal.MethodInvocationHelper.invokeMethod(MethodInvocationHelper.java:85)
	at org.testng.internal.Invoker.invokeMethod(Invoker.java:639)
	at org.testng.internal.Invoker.invokeTestMethod(Invoker.java:816)
	at org.testng.internal.Invoker.invokeTestMethods(Invoker.java:1124)
	at org.testng.internal.TestMethodWorker.invokeTestMethods(TestMethodWorker.java:125)
	at org.testng.internal.TestMethodWorker.run(TestMethodWorker.java:108)
	at java.util.concurrent.ThreadPoolExecutor.runWorker(ThreadPoolExecutor.java:1149)
	at java.util.concurrent.ThreadPoolExecutor$Worker.run(ThreadPoolExecutor.java:624)
	at java.lang.Thread.run(Thread.java:748)

</div> <!-- stack-trace -->
                </div> <!-- method-content -->
              </div> <!-- method -->
              <div class="method">
                <div class="method-content">
                  <a name="IntelliSense_37_Resource_Highlight_EditEffects_Rex">
                  </a> <!-- IntelliSense_37_Resource_Highlight_EditEffects_Rex -->
                  <span class="method-name">IntelliSense_37_Resource_Highlight_EditEffects_Rex</span>
                  <div class="stack-trace">java.lang.AssertionError: The following asserts failed:
	@@line_start [2989] line_end; expected [NotFound] but found [Displayed]gui_start  gui_end,
	@@line_start [2990] line_end; expected [NotFound] but found [Displayed]gui_start  gui_end
	at org.testng.asserts.SoftAssert.assertAll(SoftAssert.java:43)
	at testcases.UI_Data_file_termdef.IntelliSense_37_Resource_Highlight_EditEffects_Rex(UI_Data_file_termdef.java:3034)
	at sun.reflect.NativeMethodAccessorImpl.invoke0(Native Method)
	at sun.reflect.NativeMethodAccessorImpl.invoke(NativeMethodAccessorImpl.java:62)
	at sun.reflect.DelegatingMethodAccessorImpl.invoke(DelegatingMethodAccessorImpl.java:43)
	at java.lang.reflect.Method.invoke(Method.java:498)
	at org.testng.internal.MethodInvocationHelper.invokeMethod(MethodInvocationHelper.java:85)
	at org.testng.internal.Invoker.invokeMethod(Invoker.java:639)
	at org.testng.internal.Invoker.invokeTestMethod(Invoker.java:816)
	at org.testng.internal.Invoker.invokeTestMethods(Invoker.java:1124)
	at org.testng.internal.TestMethodWorker.invokeTestMethods(TestMethodWorker.java:125)
	at org.testng.internal.TestMethodWorker.run(TestMethodWorker.java:108)
	at java.util.concurrent.ThreadPoolExecutor.runWorker(ThreadPoolExecutor.java:1149)
	at java.util.concurrent.ThreadPoolExecutor$Worker.run(ThreadPoolExecutor.java:624)
	at java.lang.Thread.run(Thread.java:748)

</div> <!-- stack-trace -->
                </div> <!-- method-content -->
              </div> <!-- method -->
              <div class="method">
                <div class="method-content">
                  <a name="IntelliSense_38_Resource_Filter_Ucx">
                  </a> <!-- IntelliSense_38_Resource_Filter_Ucx -->
                  <span class="method-name">IntelliSense_38_Resource_Filter_Ucx</span>
                  <div class="stack-trace">java.lang.AssertionError: The following asserts failed:
	@@line_start [3071] line_end; expected [NotFound] but found [Displayed]gui_start  gui_end,
	@@line_start [3072] line_end; expected [NotFound] but found [Displayed]gui_start  gui_end,
	@@line_start [3073] line_end; expected [NotFound] but found [Displayed]gui_start  gui_end,
	@@line_start [3074] line_end; expected [NotFound] but found [Displayed]gui_start  gui_end,
	@@line_start [3121] line_end; expected [NotFound] but found [Displayed]gui_start  gui_end,
	@@line_start [3122] line_end; expected [NotFound] but found [Displayed]gui_start  gui_end,
	@@line_start [3123] line_end; expected [NotFound] but found [Displayed]gui_start  gui_end,
	@@line_start [3124] line_end; expected [NotFound] but found [Displayed]gui_start  gui_end,
	@@line_start [3138] line_end; expected [NotFound] but found [Displayed]gui_start  gui_end
	at org.testng.asserts.SoftAssert.assertAll(SoftAssert.java:43)
	at testcases.UI_Data_file_termdef.IntelliSense_38_Resource_Filter_Ucx(UI_Data_file_termdef.java:3148)
	at sun.reflect.NativeMethodAccessorImpl.invoke0(Native Method)
	at sun.reflect.NativeMethodAccessorImpl.invoke(NativeMethodAccessorImpl.java:62)
	at sun.reflect.DelegatingMethodAccessorImpl.invoke(DelegatingMethodAccessorImpl.java:43)
	at java.lang.reflect.Method.invoke(Method.java:498)
	at org.testng.internal.MethodInvocationHelper.invokeMethod(MethodInvocationHelper.java:85)
	at org.testng.internal.Invoker.invokeMethod(Invoker.java:639)
	at org.testng.internal.Invoker.invokeTestMethod(Invoker.java:816)
	at org.testng.internal.Invoker.invokeTestMethods(Invoker.java:1124)
	at org.testng.internal.TestMethodWorker.invokeTestMethods(TestMethodWorker.java:125)
	at org.testng.internal.TestMethodWorker.run(TestMethodWorker.java:108)
	at java.util.concurrent.ThreadPoolExecutor.runWorker(ThreadPoolExecutor.java:1149)
	at java.util.concurrent.ThreadPoolExecutor$Worker.run(ThreadPoolExecutor.java:624)
	at java.lang.Thread.run(Thread.java:748)

</div> <!-- stack-trace -->
                </div> <!-- method-content -->
              </div> <!-- method -->
              <div class="method">
                <div class="method-content">
                  <a name="IntelliSense_39_Resource_Operations_Ucx">
                  </a> <!-- IntelliSense_39_Resource_Operations_Ucx -->
                  <span class="method-name">IntelliSense_39_Resource_Operations_Ucx</span>
                  <div class="stack-trace">java.lang.AssertionError: The following asserts failed:
	@@line_start [3201] line_end; expected [NotFound] but found [Displayed]gui_start  gui_end,
	@@line_start [3233] line_end;gui_start java.lang.NullPointerException gui_end
	at org.testng.asserts.SoftAssert.assertAll(SoftAssert.java:43)
	at testcases.UI_Data_file_termdef.IntelliSense_39_Resource_Operations_Ucx(UI_Data_file_termdef.java:3301)
	at sun.reflect.NativeMethodAccessorImpl.invoke0(Native Method)
	at sun.reflect.NativeMethodAccessorImpl.invoke(NativeMethodAccessorImpl.java:62)
	at sun.reflect.DelegatingMethodAccessorImpl.invoke(DelegatingMethodAccessorImpl.java:43)
	at java.lang.reflect.Method.invoke(Method.java:498)
	at org.testng.internal.MethodInvocationHelper.invokeMethod(MethodInvocationHelper.java:85)
	at org.testng.internal.Invoker.invokeMethod(Invoker.java:639)
	at org.testng.internal.Invoker.invokeTestMethod(Invoker.java:816)
	at org.testng.internal.Invoker.invokeTestMethods(Invoker.java:1124)
	at org.testng.internal.TestMethodWorker.invokeTestMethods(TestMethodWorker.java:125)
	at org.testng.internal.TestMethodWorker.run(TestMethodWorker.java:108)
	at java.util.concurrent.ThreadPoolExecutor.runWorker(ThreadPoolExecutor.java:1149)
	at java.util.concurrent.ThreadPoolExecutor$Worker.run(ThreadPoolExecutor.java:624)
	at java.lang.Thread.run(Thread.java:748)

</div> <!-- stack-trace -->
                </div> <!-- method-content -->
              </div> <!-- method -->
              <div class="method">
                <div class="method-content">
                  <a name="IntelliSense_40_Resource_Triggers_Ucx">
                  </a> <!-- IntelliSense_40_Resource_Triggers_Ucx -->
                  <span class="method-name">IntelliSense_40_Resource_Triggers_Ucx</span>
                  <div class="stack-trace">java.lang.AssertionError: The following asserts failed:
	@@line_start [3345] line_end; expected [NotFound] but found [Displayed]gui_start  gui_end,
	@@line_start [3346] line_end; expected [NotFound] but found [Displayed]gui_start  gui_end,
	@@line_start [3347] line_end; expected [NotFound] but found [Displayed]gui_start  gui_end,
	@@line_start [3348] line_end; expected [NotFound] but found [Displayed]gui_start  gui_end,
	@@line_start [3354] line_end; expected [NotFound] but found [Displayed]gui_start  gui_end,
	@@line_start [3366] line_end; expected [NotFound] but found [Displayed]gui_start  gui_end,
	@@line_start [3367] line_end; expected [NotFound] but found [Displayed]gui_start  gui_end,
	@@line_start [3368] line_end; expected [NotFound] but found [Displayed]gui_start  gui_end,
	@@line_start [3380] line_end; expected [NotFound] but found [Displayed]gui_start  gui_end,
	@@line_start [3386] line_end;gui_start java.lang.NullPointerException gui_end
	at org.testng.asserts.SoftAssert.assertAll(SoftAssert.java:43)
	at testcases.UI_Data_file_termdef.IntelliSense_40_Resource_Triggers_Ucx(UI_Data_file_termdef.java:3397)
	at sun.reflect.NativeMethodAccessorImpl.invoke0(Native Method)
	at sun.reflect.NativeMethodAccessorImpl.invoke(NativeMethodAccessorImpl.java:62)
	at sun.reflect.DelegatingMethodAccessorImpl.invoke(DelegatingMethodAccessorImpl.java:43)
	at java.lang.reflect.Method.invoke(Method.java:498)
	at org.testng.internal.MethodInvocationHelper.invokeMethod(MethodInvocationHelper.java:85)
	at org.testng.internal.Invoker.invokeMethod(Invoker.java:639)
	at org.testng.internal.Invoker.invokeTestMethod(Invoker.java:816)
	at org.testng.internal.Invoker.invokeTestMethods(Invoker.java:1124)
	at org.testng.internal.TestMethodWorker.invokeTestMethods(TestMethodWorker.java:125)
	at org.testng.internal.TestMethodWorker.run(TestMethodWorker.java:108)
	at java.util.concurrent.ThreadPoolExecutor.runWorker(ThreadPoolExecutor.java:1149)
	at java.util.concurrent.ThreadPoolExecutor$Worker.run(ThreadPoolExecutor.java:624)
	at java.lang.Thread.run(Thread.java:748)

</div> <!-- stack-trace -->
                </div> <!-- method-content -->
              </div> <!-- method -->
              <div class="method">
                <div class="method-content">
                  <a name="IntelliSense_41_Resource_Highlight_Realtime_Ucx">
                  </a> <!-- IntelliSense_41_Resource_Highlight_Realtime_Ucx -->
                  <span class="method-name">IntelliSense_41_Resource_Highlight_Realtime_Ucx</span>
                  <div class="stack-trace">java.lang.AssertionError: The following asserts failed:
	@@line_start [2557] line_end; expected [] but found [MouseRightClick failed!]gui_start  gui_end,
	@@line_start [3404] line_end;gui_start java.lang.NullPointerException gui_end
	at org.testng.asserts.SoftAssert.assertAll(SoftAssert.java:43)
	at testcases.UI_Data_file_termdef.IntelliSense_41_Resource_Highlight_Realtime_Ucx(UI_Data_file_termdef.java:3423)
	at sun.reflect.NativeMethodAccessorImpl.invoke0(Native Method)
	at sun.reflect.NativeMethodAccessorImpl.invoke(NativeMethodAccessorImpl.java:62)
	at sun.reflect.DelegatingMethodAccessorImpl.invoke(DelegatingMethodAccessorImpl.java:43)
	at java.lang.reflect.Method.invoke(Method.java:498)
	at org.testng.internal.MethodInvocationHelper.invokeMethod(MethodInvocationHelper.java:85)
	at org.testng.internal.Invoker.invokeMethod(Invoker.java:639)
	at org.testng.internal.Invoker.invokeTestMethod(Invoker.java:816)
	at org.testng.internal.Invoker.invokeTestMethods(Invoker.java:1124)
	at org.testng.internal.TestMethodWorker.invokeTestMethods(TestMethodWorker.java:125)
	at org.testng.internal.TestMethodWorker.run(TestMethodWorker.java:108)
	at java.util.concurrent.ThreadPoolExecutor.runWorker(ThreadPoolExecutor.java:1149)
	at java.util.concurrent.ThreadPoolExecutor$Worker.run(ThreadPoolExecutor.java:624)
	at java.lang.Thread.run(Thread.java:748)

</div> <!-- stack-trace -->
                </div> <!-- method-content -->
              </div> <!-- method -->
            </div> <!-- main-panel-content rounded-window-bottom -->
          </div> <!-- suite-Batch_1-class-failed -->
          <div class="suite-Batch_1-class-passed">
            <div class="main-panel-header rounded-window-top">
              <img src="passed.png"/>
              <span class="class-name">testcases.UI_Data_file_termdef</span>
            </div> <!-- main-panel-header rounded-window-top -->
            <div class="main-panel-content rounded-window-bottom">
              <div class="method">
                <div class="method-content">
                  <a name="IntelliSense_02_Term_Oprations_Rex">
                  </a> <!-- IntelliSense_02_Term_Oprations_Rex -->
                  <span class="method-name">IntelliSense_02_Term_Oprations_Rex</span>
                </div> <!-- method-content -->
              </div> <!-- method -->
              <div class="method">
                <div class="method-content">
                  <a name="IntelliSense_03_Term_Triggers_Rex">
                  </a> <!-- IntelliSense_03_Term_Triggers_Rex -->
                  <span class="method-name">IntelliSense_03_Term_Triggers_Rex</span>
                </div> <!-- method-content -->
              </div> <!-- method -->
              <div class="method">
                <div class="method-content">
                  <a name="IntelliSense_12_Term_Triggers_Ucx">
                  </a> <!-- IntelliSense_12_Term_Triggers_Ucx -->
                  <span class="method-name">IntelliSense_12_Term_Triggers_Ucx</span>
                </div> <!-- method-content -->
              </div> <!-- method -->
              <div class="method">
                <div class="method-content">
                  <a name="IntelliSense_35_Resource_Triggers_Rex">
                  </a> <!-- IntelliSense_35_Resource_Triggers_Rex -->
                  <span class="method-name">IntelliSense_35_Resource_Triggers_Rex</span>
                </div> <!-- method-content -->
              </div> <!-- method -->
              <div class="method">
                <div class="method-content">
                  <a name="IntelliSense_36_Resource_Highlight_Realtime_Rex">
                  </a> <!-- IntelliSense_36_Resource_Highlight_Realtime_Rex -->
                  <span class="method-name">IntelliSense_36_Resource_Highlight_Realtime_Rex</span>
                </div> <!-- method-content -->
              </div> <!-- method -->
            </div> <!-- main-panel-content rounded-window-bottom -->
          </div> <!-- suite-Batch_1-class-passed -->
        </div> <!-- panel Batch_1 -->
        <div panel-name="test-xml-Batch_1" class="panel">
          <div class="main-panel-header rounded-window-top">
            <span class="header-content">C:\Users\yulei\AppData\Local\Temp\testng-eclipse-2019336237\testng-customsuite.xml</span>
          </div> <!-- main-panel-header rounded-window-top -->
          <div class="main-panel-content rounded-window-bottom">
            <pre>
&lt;?xml version=&quot;1.0&quot; encoding=&quot;UTF-8&quot;?&gt;
&lt;!DOCTYPE suite SYSTEM &quot;http://testng.org/testng-1.0.dtd&quot;&gt;
&lt;suite thread-count=&quot;1&quot; configfailurepolicy=&quot;continue&quot; guice-stage=&quot;DEVELOPMENT&quot; name=&quot;Batch_1&quot; parallel=&quot;classes&quot;&gt;
  &lt;test verbose=&quot;2&quot; name=&quot;Default test&quot;&gt;
    &lt;classes&gt;
      &lt;class name=&quot;testcases.UI_Data_file_termdef&quot;/&gt;
    &lt;/classes&gt;
  &lt;/test&gt; &lt;!-- Default test --&gt;
&lt;/suite&gt; &lt;!-- Batch_1 --&gt;
            </pre>
          </div> <!-- main-panel-content rounded-window-bottom -->
        </div> <!-- panel -->
        <div panel-name="testlist-Batch_1" class="panel">
          <div class="main-panel-header rounded-window-top">
            <span class="header-content">Tests for Batch_1</span>
          </div> <!-- main-panel-header rounded-window-top -->
          <div class="main-panel-content rounded-window-bottom">
            <ul>
              <li>
                <span class="test-name">Default test (1 class)</span>
              </li>
            </ul>
          </div> <!-- main-panel-content rounded-window-bottom -->
        </div> <!-- panel -->
        <div panel-name="group-Batch_1" class="panel">
          <div class="main-panel-header rounded-window-top">
            <span class="header-content">Groups for Batch_1</span>
          </div> <!-- main-panel-header rounded-window-top -->
          <div class="main-panel-content rounded-window-bottom">
          </div> <!-- main-panel-content rounded-window-bottom -->
        </div> <!-- panel -->
        <div panel-name="times-Batch_1" class="panel">
          <div class="main-panel-header rounded-window-top">
            <span class="header-content">Times for Batch_1</span>
          </div> <!-- main-panel-header rounded-window-top -->
          <div class="main-panel-content rounded-window-bottom">
            <div class="times-div">
              <script type="text/javascript">
suiteTableInitFunctions.push('tableData_Batch_1');
function tableData_Batch_1() {
var data = new google.visualization.DataTable();
data.addColumn('number', 'Number');
data.addColumn('string', 'Method');
data.addColumn('string', 'Class');
data.addColumn('number', 'Time (ms)');
data.addRows(26);
data.setCell(0, 0, 0)
data.setCell(0, 1, 'IntelliSense_14_Term_Highlight_Realtime_Ucx')
data.setCell(0, 2, 'testcases.UI_Data_file_termdef')
data.setCell(0, 3, 543168);
data.setCell(1, 0, 1)
data.setCell(1, 1, 'IntelliSense_36_Resource_Highlight_Realtime_Rex')
data.setCell(1, 2, 'testcases.UI_Data_file_termdef')
data.setCell(1, 3, 519108);
data.setCell(2, 0, 2)
data.setCell(2, 1, 'IntelliSense_40_Resource_Triggers_Ucx')
data.setCell(2, 2, 'testcases.UI_Data_file_termdef')
data.setCell(2, 3, 288032);
data.setCell(3, 0, 3)
data.setCell(3, 1, 'IntelliSense_32_Term_TopLevelTerm_TableTerm')
data.setCell(3, 2, 'testcases.UI_Data_file_termdef')
data.setCell(3, 3, 284712);
data.setCell(4, 0, 4)
data.setCell(4, 1, 'IntelliSense_01_Term_Filter_Rex')
data.setCell(4, 2, 'testcases.UI_Data_file_termdef')
data.setCell(4, 3, 259598);
data.setCell(5, 0, 5)
data.setCell(5, 1, 'IntelliSense_09_Term_Nest_Rex')
data.setCell(5, 2, 'testcases.UI_Data_file_termdef')
data.setCell(5, 3, 240881);
data.setCell(6, 0, 6)
data.setCell(6, 1, 'IntelliSense_11_Term_Operations_Ucx')
data.setCell(6, 2, 'testcases.UI_Data_file_termdef')
data.setCell(6, 3, 239898);
data.setCell(7, 0, 7)
data.setCell(7, 1, 'IntelliSense_17_Term_Replace_Ucx')
data.setCell(7, 2, 'testcases.UI_Data_file_termdef')
data.setCell(7, 3, 237001);
data.setCell(8, 0, 8)
data.setCell(8, 1, 'IntelliSense_18_Term_Nest_Ucx')
data.setCell(8, 2, 'testcases.UI_Data_file_termdef')
data.setCell(8, 3, 222599);
data.setCell(9, 0, 9)
data.setCell(9, 1, 'IntelliSense_03_Term_Triggers_Rex')
data.setCell(9, 2, 'testcases.UI_Data_file_termdef')
data.setCell(9, 3, 218056);
data.setCell(10, 0, 10)
data.setCell(10, 1, 'IntelliSense_04_Term_Orange_Rex')
data.setCell(10, 2, 'testcases.UI_Data_file_termdef')
data.setCell(10, 3, 210365);
data.setCell(11, 0, 11)
data.setCell(11, 1, 'IntelliSense_38_Resource_Filter_Ucx')
data.setCell(11, 2, 'testcases.UI_Data_file_termdef')
data.setCell(11, 3, 204967);
data.setCell(12, 0, 12)
data.setCell(12, 1, 'IntelliSense_08_Term_Replace_Rex')
data.setCell(12, 2, 'testcases.UI_Data_file_termdef')
data.setCell(12, 3, 196007);
data.setCell(13, 0, 13)
data.setCell(13, 1, 'IntelliSense_10_Term_Filter_Ucx')
data.setCell(13, 2, 'testcases.UI_Data_file_termdef')
data.setCell(13, 3, 175939);
data.setCell(14, 0, 14)
data.setCell(14, 1, 'IntelliSense_13_Term_Orange_Ucx')
data.setCell(14, 2, 'testcases.UI_Data_file_termdef')
data.setCell(14, 3, 172802);
data.setCell(15, 0, 15)
data.setCell(15, 1, 'IntelliSense_15_Term_Highlight_Single_Multi_use_Ucx')
data.setCell(15, 2, 'testcases.UI_Data_file_termdef')
data.setCell(15, 3, 170269);
data.setCell(16, 0, 16)
data.setCell(16, 1, 'IntelliSense_35_Resource_Triggers_Rex')
data.setCell(16, 2, 'testcases.UI_Data_file_termdef')
data.setCell(16, 3, 169500);
data.setCell(17, 0, 17)
data.setCell(17, 1, 'IntelliSense_39_Resource_Operations_Ucx')
data.setCell(17, 2, 'testcases.UI_Data_file_termdef')
data.setCell(17, 3, 157962);
data.setCell(18, 0, 18)
data.setCell(18, 1, 'IntelliSense_07_Term_Highlight_EditEffects_Rex')
data.setCell(18, 2, 'testcases.UI_Data_file_termdef')
data.setCell(18, 3, 154296);
data.setCell(19, 0, 19)
data.setCell(19, 1, 'IntelliSense_37_Resource_Highlight_EditEffects_Rex')
data.setCell(19, 2, 'testcases.UI_Data_file_termdef')
data.setCell(19, 3, 151180);
data.setCell(20, 0, 20)
data.setCell(20, 1, 'IntelliSense_12_Term_Triggers_Ucx')
data.setCell(20, 2, 'testcases.UI_Data_file_termdef')
data.setCell(20, 3, 145669);
data.setCell(21, 0, 21)
data.setCell(21, 1, 'IntelliSense_02_Term_Oprations_Rex')
data.setCell(21, 2, 'testcases.UI_Data_file_termdef')
data.setCell(21, 3, 144049);
data.setCell(22, 0, 22)
data.setCell(22, 1, 'IntelliSense_41_Resource_Highlight_Realtime_Ucx')
data.setCell(22, 2, 'testcases.UI_Data_file_termdef')
data.setCell(22, 3, 128104);
data.setCell(23, 0, 23)
data.setCell(23, 1, 'IntelliSense_34_Resource_Operations_Rex')
data.setCell(23, 2, 'testcases.UI_Data_file_termdef')
data.setCell(23, 3, 127424);
data.setCell(24, 0, 24)
data.setCell(24, 1, 'IntelliSense_33_Resource_Filter_Rex')
data.setCell(24, 2, 'testcases.UI_Data_file_termdef')
data.setCell(24, 3, 109285);
data.setCell(25, 0, 25)
data.setCell(25, 1, 'IntelliSense_06_Term_Highlight_SingleMulti_use_Rex')
data.setCell(25, 2, 'testcases.UI_Data_file_termdef')
data.setCell(25, 3, 97770);
window.suiteTableData['Batch_1']= { tableData: data, tableDiv: 'times-div-Batch_1'}
return data;
}
              </script>
              <span class="suite-total-time">Total running time: 1 hours</span>
              <div id="times-div-Batch_1">
              </div> <!-- times-div-Batch_1 -->
            </div> <!-- times-div -->
          </div> <!-- main-panel-content rounded-window-bottom -->
        </div> <!-- panel -->
        <div panel-name="reporter-Batch_1" class="panel">
          <div class="main-panel-header rounded-window-top">
            <span class="header-content">Reporter output for Batch_1</span>
          </div> <!-- main-panel-header rounded-window-top -->
          <div class="main-panel-content rounded-window-bottom">
          </div> <!-- main-panel-content rounded-window-bottom -->
        </div> <!-- panel -->
        <div panel-name="ignored-methods-Batch_1" class="panel">
          <div class="main-panel-header rounded-window-top">
            <span class="header-content">0 ignored methods</span>
          </div> <!-- main-panel-header rounded-window-top -->
          <div class="main-panel-content rounded-window-bottom">
          </div> <!-- main-panel-content rounded-window-bottom -->
        </div> <!-- panel -->
        <div panel-name="chronological-Batch_1" class="panel">
          <div class="main-panel-header rounded-window-top">
            <span class="header-content">Methods in chronological order</span>
          </div> <!-- main-panel-header rounded-window-top -->
          <div class="main-panel-content rounded-window-bottom">
            <div class="chronological-class">
              <div class="chronological-class-name">testcases.UI_Data_file_termdef</div> <!-- chronological-class-name -->
              <div class="configuration-class before">
                <span class="method-name">beforeClass</span>
                <span class="method-start">0 ms</span>
              </div> <!-- configuration-class before -->
              <div class="configuration-method before">
                <span class="method-name">beforeMethod</span>
                <span class="method-start">66340 ms</span>
              </div> <!-- configuration-method before -->
              <div class="test-method">
                <img src="failed.png">
                </img>
                <span class="method-name">IntelliSense_01_Term_Filter_Rex</span>
                <span class="method-start">86608 ms</span>
              </div> <!-- test-method -->
              <div class="configuration-method after">
                <span class="method-name">afterMethod</span>
                <span class="method-start">346239 ms</span>
              </div> <!-- configuration-method after -->
              <div class="configuration-method before">
                <span class="method-name">beforeMethod</span>
                <span class="method-start">346242 ms</span>
              </div> <!-- configuration-method before -->
              <div class="test-method">
                <span class="method-name">IntelliSense_02_Term_Oprations_Rex</span>
                <span class="method-start">366507 ms</span>
              </div> <!-- test-method -->
              <div class="configuration-method after">
                <span class="method-name">afterMethod</span>
                <span class="method-start">510557 ms</span>
              </div> <!-- configuration-method after -->
              <div class="configuration-method before">
                <span class="method-name">beforeMethod</span>
                <span class="method-start">510558 ms</span>
              </div> <!-- configuration-method before -->
              <div class="test-method">
                <span class="method-name">IntelliSense_03_Term_Triggers_Rex</span>
                <span class="method-start">530727 ms</span>
              </div> <!-- test-method -->
              <div class="configuration-method after">
                <span class="method-name">afterMethod</span>
                <span class="method-start">748784 ms</span>
              </div> <!-- configuration-method after -->
              <div class="configuration-method before">
                <span class="method-name">beforeMethod</span>
                <span class="method-start">748785 ms</span>
              </div> <!-- configuration-method before -->
              <div class="test-method">
                <img src="failed.png">
                </img>
                <span class="method-name">IntelliSense_04_Term_Orange_Rex</span>
                <span class="method-start">769020 ms</span>
              </div> <!-- test-method -->
              <div class="configuration-method after">
                <span class="method-name">afterMethod</span>
                <span class="method-start">979388 ms</span>
              </div> <!-- configuration-method after -->
              <div class="configuration-method before">
                <span class="method-name">beforeMethod</span>
                <span class="method-start">979388 ms</span>
              </div> <!-- configuration-method before -->
              <div class="test-method">
                <img src="failed.png">
                </img>
                <span class="method-name">IntelliSense_06_Term_Highlight_SingleMulti_use_Rex</span>
                <span class="method-start">999597 ms</span>
              </div> <!-- test-method -->
              <div class="configuration-method after">
                <span class="method-name">afterMethod</span>
                <span class="method-start">1097368 ms</span>
              </div> <!-- configuration-method after -->
              <div class="configuration-method before">
                <span class="method-name">beforeMethod</span>
                <span class="method-start">1097369 ms</span>
              </div> <!-- configuration-method before -->
              <div class="test-method">
                <img src="failed.png">
                </img>
                <span class="method-name">IntelliSense_07_Term_Highlight_EditEffects_Rex</span>
                <span class="method-start">1117598 ms</span>
              </div> <!-- test-method -->
              <div class="configuration-method after">
                <span class="method-name">afterMethod</span>
                <span class="method-start">1271895 ms</span>
              </div> <!-- configuration-method after -->
              <div class="configuration-method before">
                <span class="method-name">beforeMethod</span>
                <span class="method-start">1271897 ms</span>
              </div> <!-- configuration-method before -->
              <div class="test-method">
                <img src="failed.png">
                </img>
                <span class="method-name">IntelliSense_08_Term_Replace_Rex</span>
                <span class="method-start">1292178 ms</span>
              </div> <!-- test-method -->
              <div class="configuration-method after">
                <span class="method-name">afterMethod</span>
                <span class="method-start">1488186 ms</span>
              </div> <!-- configuration-method after -->
              <div class="configuration-method before">
                <span class="method-name">beforeMethod</span>
                <span class="method-start">1488187 ms</span>
              </div> <!-- configuration-method before -->
              <div class="test-method">
                <img src="failed.png">
                </img>
                <span class="method-name">IntelliSense_09_Term_Nest_Rex</span>
                <span class="method-start">1508465 ms</span>
              </div> <!-- test-method -->
              <div class="configuration-method after">
                <span class="method-name">afterMethod</span>
                <span class="method-start">1749347 ms</span>
              </div> <!-- configuration-method after -->
              <div class="configuration-method before">
                <span class="method-name">beforeMethod</span>
                <span class="method-start">1749348 ms</span>
              </div> <!-- configuration-method before -->
              <div class="test-method">
                <img src="failed.png">
                </img>
                <span class="method-name">IntelliSense_10_Term_Filter_Ucx</span>
                <span class="method-start">1769548 ms</span>
              </div> <!-- test-method -->
              <div class="configuration-method after">
                <span class="method-name">afterMethod</span>
                <span class="method-start">1945489 ms</span>
              </div> <!-- configuration-method after -->
              <div class="configuration-method before">
                <span class="method-name">beforeMethod</span>
                <span class="method-start">1945490 ms</span>
              </div> <!-- configuration-method before -->
              <div class="test-method">
                <img src="failed.png">
                </img>
                <span class="method-name">IntelliSense_11_Term_Operations_Ucx</span>
                <span class="method-start">1965690 ms</span>
              </div> <!-- test-method -->
              <div class="configuration-method after">
                <span class="method-name">afterMethod</span>
                <span class="method-start">2205590 ms</span>
              </div> <!-- configuration-method after -->
              <div class="configuration-method before">
                <span class="method-name">beforeMethod</span>
                <span class="method-start">2205592 ms</span>
              </div> <!-- configuration-method before -->
              <div class="test-method">
                <span class="method-name">IntelliSense_12_Term_Triggers_Ucx</span>
                <span class="method-start">2225778 ms</span>
              </div> <!-- test-method -->
              <div class="configuration-method after">
                <span class="method-name">afterMethod</span>
                <span class="method-start">2371451 ms</span>
              </div> <!-- configuration-method after -->
              <div class="configuration-method before">
                <span class="method-name">beforeMethod</span>
                <span class="method-start">2371451 ms</span>
              </div> <!-- configuration-method before -->
              <div class="test-method">
                <img src="failed.png">
                </img>
                <span class="method-name">IntelliSense_13_Term_Orange_Ucx</span>
                <span class="method-start">2391674 ms</span>
              </div> <!-- test-method -->
              <div class="configuration-method after">
                <span class="method-name">afterMethod</span>
                <span class="method-start">2564478 ms</span>
              </div> <!-- configuration-method after -->
              <div class="configuration-method before">
                <span class="method-name">beforeMethod</span>
                <span class="method-start">2564478 ms</span>
              </div> <!-- configuration-method before -->
              <div class="test-method">
                <img src="failed.png">
                </img>
                <span class="method-name">IntelliSense_14_Term_Highlight_Realtime_Ucx</span>
                <span class="method-start">2584726 ms</span>
              </div> <!-- test-method -->
              <div class="configuration-method after">
                <span class="method-name">afterMethod</span>
                <span class="method-start">3127896 ms</span>
              </div> <!-- configuration-method after -->
              <div class="configuration-method before">
                <span class="method-name">beforeMethod</span>
                <span class="method-start">3127896 ms</span>
              </div> <!-- configuration-method before -->
              <div class="test-method">
                <img src="failed.png">
                </img>
                <span class="method-name">IntelliSense_15_Term_Highlight_Single_Multi_use_Ucx</span>
                <span class="method-start">3148136 ms</span>
              </div> <!-- test-method -->
              <div class="configuration-method after">
                <span class="method-name">afterMethod</span>
                <span class="method-start">3318406 ms</span>
              </div> <!-- configuration-method after -->
              <div class="configuration-method before">
                <span class="method-name">beforeMethod</span>
                <span class="method-start">3318406 ms</span>
              </div> <!-- configuration-method before -->
              <div class="test-method">
                <img src="failed.png">
                </img>
                <span class="method-name">IntelliSense_17_Term_Replace_Ucx</span>
                <span class="method-start">3338677 ms</span>
              </div> <!-- test-method -->
              <div class="configuration-method after">
                <span class="method-name">afterMethod</span>
                <span class="method-start">3575679 ms</span>
              </div> <!-- configuration-method after -->
              <div class="configuration-method before">
                <span class="method-name">beforeMethod</span>
                <span class="method-start">3575679 ms</span>
              </div> <!-- configuration-method before -->
              <div class="test-method">
                <img src="failed.png">
                </img>
                <span class="method-name">IntelliSense_18_Term_Nest_Ucx</span>
                <span class="method-start">3595851 ms</span>
              </div> <!-- test-method -->
              <div class="configuration-method after">
                <span class="method-name">afterMethod</span>
                <span class="method-start">3818452 ms</span>
              </div> <!-- configuration-method after -->
              <div class="configuration-method before">
                <span class="method-name">beforeMethod</span>
                <span class="method-start">3818454 ms</span>
              </div> <!-- configuration-method before -->
              <div class="test-method">
                <img src="failed.png">
                </img>
                <span class="method-name">IntelliSense_32_Term_TopLevelTerm_TableTerm</span>
                <span class="method-start">3838643 ms</span>
              </div> <!-- test-method -->
              <div class="configuration-method after">
                <span class="method-name">afterMethod</span>
                <span class="method-start">4123356 ms</span>
              </div> <!-- configuration-method after -->
              <div class="configuration-method before">
                <span class="method-name">beforeMethod</span>
                <span class="method-start">4123357 ms</span>
              </div> <!-- configuration-method before -->
              <div class="test-method">
                <img src="failed.png">
                </img>
                <span class="method-name">IntelliSense_33_Resource_Filter_Rex</span>
                <span class="method-start">4143583 ms</span>
              </div> <!-- test-method -->
              <div class="configuration-method after">
                <span class="method-name">afterMethod</span>
                <span class="method-start">4252869 ms</span>
              </div> <!-- configuration-method after -->
              <div class="configuration-method before">
                <span class="method-name">beforeMethod</span>
                <span class="method-start">4252871 ms</span>
              </div> <!-- configuration-method before -->
              <div class="test-method">
                <img src="failed.png">
                </img>
                <span class="method-name">IntelliSense_34_Resource_Operations_Rex</span>
                <span class="method-start">4273176 ms</span>
              </div> <!-- test-method -->
              <div class="configuration-method after">
                <span class="method-name">afterMethod</span>
                <span class="method-start">4400601 ms</span>
              </div> <!-- configuration-method after -->
              <div class="configuration-method before">
                <span class="method-name">beforeMethod</span>
                <span class="method-start">4400602 ms</span>
              </div> <!-- configuration-method before -->
              <div class="test-method">
                <span class="method-name">IntelliSense_35_Resource_Triggers_Rex</span>
                <span class="method-start">4420839 ms</span>
              </div> <!-- test-method -->
              <div class="configuration-method after">
                <span class="method-name">afterMethod</span>
                <span class="method-start">4590339 ms</span>
              </div> <!-- configuration-method after -->
              <div class="configuration-method before">
                <span class="method-name">beforeMethod</span>
                <span class="method-start">4590340 ms</span>
              </div> <!-- configuration-method before -->
              <div class="test-method">
                <span class="method-name">IntelliSense_36_Resource_Highlight_Realtime_Rex</span>
                <span class="method-start">4610658 ms</span>
              </div> <!-- test-method -->
              <div class="configuration-method after">
                <span class="method-name">afterMethod</span>
                <span class="method-start">5129768 ms</span>
              </div> <!-- configuration-method after -->
              <div class="configuration-method before">
                <span class="method-name">beforeMethod</span>
                <span class="method-start">5129769 ms</span>
              </div> <!-- configuration-method before -->
              <div class="test-method">
                <img src="failed.png">
                </img>
                <span class="method-name">IntelliSense_37_Resource_Highlight_EditEffects_Rex</span>
                <span class="method-start">5149924 ms</span>
              </div> <!-- test-method -->
              <div class="configuration-method after">
                <span class="method-name">afterMethod</span>
                <span class="method-start">5301105 ms</span>
              </div> <!-- configuration-method after -->
              <div class="configuration-method before">
                <span class="method-name">beforeMethod</span>
                <span class="method-start">5301105 ms</span>
              </div> <!-- configuration-method before -->
              <div class="test-method">
                <img src="failed.png">
                </img>
                <span class="method-name">IntelliSense_38_Resource_Filter_Ucx</span>
                <span class="method-start">5321353 ms</span>
              </div> <!-- test-method -->
              <div class="configuration-method after">
                <span class="method-name">afterMethod</span>
                <span class="method-start">5526321 ms</span>
              </div> <!-- configuration-method after -->
              <div class="configuration-method before">
                <span class="method-name">beforeMethod</span>
                <span class="method-start">5526321 ms</span>
              </div> <!-- configuration-method before -->
              <div class="test-method">
                <img src="failed.png">
                </img>
                <span class="method-name">IntelliSense_39_Resource_Operations_Ucx</span>
                <span class="method-start">5546550 ms</span>
              </div> <!-- test-method -->
              <div class="configuration-method after">
                <span class="method-name">afterMethod</span>
                <span class="method-start">5704515 ms</span>
              </div> <!-- configuration-method after -->
              <div class="configuration-method before">
                <span class="method-name">beforeMethod</span>
                <span class="method-start">5704515 ms</span>
              </div> <!-- configuration-method before -->
              <div class="test-method">
                <img src="failed.png">
                </img>
                <span class="method-name">IntelliSense_40_Resource_Triggers_Ucx</span>
                <span class="method-start">5724766 ms</span>
              </div> <!-- test-method -->
              <div class="configuration-method after">
                <span class="method-name">afterMethod</span>
                <span class="method-start">6012799 ms</span>
              </div> <!-- configuration-method after -->
              <div class="configuration-method before">
                <span class="method-name">beforeMethod</span>
                <span class="method-start">6012800 ms</span>
              </div> <!-- configuration-method before -->
              <div class="test-method">
                <img src="failed.png">
                </img>
                <span class="method-name">IntelliSense_41_Resource_Highlight_Realtime_Ucx</span>
                <span class="method-start">6032946 ms</span>
              </div> <!-- test-method -->
              <div class="configuration-class after">
                <span class="method-name">afterClass</span>
                <span class="method-start">6161051 ms</span>
              </div> <!-- configuration-class after -->
              <div class="configuration-method after">
                <span class="method-name">afterMethod</span>
                <span class="method-start">6161051 ms</span>
              </div> <!-- configuration-method after -->
          </div> <!-- main-panel-content rounded-window-bottom -->
        </div> <!-- panel -->
      </div> <!-- main-panel-root -->
    </div> <!-- wrapper -->
  </body>
</html>
