<?xml version="1.0" encoding="UTF-8"?>
<testng-results skipped="0" failed="14" total="20" passed="6">
  <reporter-output>
  </reporter-output>
  <suite name="Batch_1" duration-ms="4492645" started-at="2021-04-06T00:42:31Z" finished-at="2021-04-06T01:57:24Z">
    <groups>
    </groups>
    <test name="Default test" duration-ms="4492645" started-at="2021-04-06T00:42:31Z" finished-at="2021-04-06T01:57:24Z">
      <class name="testcases.APP_GUI">
        <test-method status="PASS" signature="beforeClass()[pri:0, instance:testcases.APP_GUI@1810399e]" name="beforeClass" is-config="true" duration-ms="69977" started-at="2021-04-05T20:42:31Z" finished-at="2021-04-05T20:43:41Z">
          <reporter-output>
          </reporter-output>
        </test-method> <!-- beforeClass -->
        <test-method status="PASS" signature="beforeMethod()[pri:0, instance:testcases.APP_GUI@1810399e]" name="beforeMethod" is-config="true" duration-ms="12320" started-at="2021-04-05T20:43:41Z" finished-at="2021-04-05T20:43:53Z">
          <reporter-output>
          </reporter-output>
        </test-method> <!-- beforeMethod -->
        <test-method status="PASS" signature="APP_GUI_01_app_Menu_bar()[pri:0, instance:testcases.APP_GUI@1810399e]" name="APP_GUI_01_app_Menu_bar" duration-ms="43837" started-at="2021-04-05T20:43:53Z" finished-at="2021-04-05T20:44:37Z">
          <reporter-output>
          </reporter-output>
        </test-method> <!-- APP_GUI_01_app_Menu_bar -->
        <test-method status="PASS" signature="afterMethod()[pri:0, instance:testcases.APP_GUI@1810399e]" name="afterMethod" is-config="true" duration-ms="0" started-at="2021-04-05T20:44:37Z" finished-at="2021-04-05T20:44:37Z">
          <reporter-output>
          </reporter-output>
        </test-method> <!-- afterMethod -->
        <test-method status="PASS" signature="beforeMethod()[pri:0, instance:testcases.APP_GUI@1810399e]" name="beforeMethod" is-config="true" duration-ms="12238" started-at="2021-04-05T20:44:37Z" finished-at="2021-04-05T20:44:49Z">
          <reporter-output>
          </reporter-output>
        </test-method> <!-- beforeMethod -->
        <test-method status="FAIL" signature="APP_GUI_02_app_list()[pri:0, instance:testcases.APP_GUI@1810399e]" name="APP_GUI_02_app_list" duration-ms="146181" started-at="2021-04-05T20:44:49Z" finished-at="2021-04-05T20:47:16Z">
          <exception class="java.lang.AssertionError">
            <message>
              <![CDATA[The following asserts failed:
	@@line_start [242] line_end; expected [NotFound] but found [Displayed]gui_start  gui_end,
	@@line_start [243] line_end; expected [NotFound] but found [Displayed]gui_start  gui_end,
	@@line_start [271] line_end;gui_start org.openqa.selenium.ElementNotVisibleException: element not interactable
  (Session info: chrome=88.0.4324.96)
  (Driver info: chromedriver=88.0.4324.96 (68dba2d8a0b149a1d3afac56fa74648032bcf46b-refs/branch-heads/4324@{#1784}),platform=Windows NT 6.1.7601 SP1 x86_64) (WARNING: The server did not provide any stacktrace information)
Command duration or timeout: 5.03 seconds
Build info: version: '2.53.0', revision: '35ae25b', time: '2016-03-15 16:57:40'
System info: host: 'FTR3COF93BK8A76', ip: '192.168.0.201', os.name: 'Windows 7', os.arch: 'amd64', os.version: '6.1', java.version: '1.8.0_144'
Driver info: org.openqa.selenium.chrome.ChromeDriver
Capabilities [{mobileEmulationEnabled=false, timeouts={implicit=0, pageLoad=300000, script=30000}, hasTouchScreen=false, platform=XP, acceptSslCerts=false, goog:chromeOptions={debuggerAddress=localhost:50156}, acceptInsecureCerts=false, webStorageEnabled=true, browserName=chrome, takesScreenshot=true, javascriptEnabled=true, setWindowRect=true, webauthn:extension:largeBlob=true, unexpectedAlertBehaviour=ignore, applicationCacheEnabled=false, rotatable=false, networkConnectionEnabled=false, chrome={chromedriverVersion=88.0.4324.96 (68dba2d8a0b149a1d3afac56fa74648032bcf46b-refs/branch-heads/4324@{#1784}), userDataDir=C:\Users\yulei\AppData\Local\Temp\scoped_dir7996_876316333}, takesHeapSnapshot=true, pageLoadStrategy=normal, strictFileInteractability=false, databaseEnabled=false, handlesAlerts=true, version=88.0.4324.96, browserConnectionEnabled=false, proxy={}, nativeEvents=true, locationContextEnabled=true, cssSelectorsEnabled=true, webauthn:virtualAuthenticators=true}]
Session ID: 342e27968fbe578c07a832fd5458ba8b gui_end]]>
            </message>
            <full-stacktrace>
              <![CDATA[java.lang.AssertionError: The following asserts failed:
	@@line_start [242] line_end; expected [NotFound] but found [Displayed]gui_start  gui_end,
	@@line_start [243] line_end; expected [NotFound] but found [Displayed]gui_start  gui_end,
	@@line_start [271] line_end;gui_start org.openqa.selenium.ElementNotVisibleException: element not interactable
  (Session info: chrome=88.0.4324.96)
  (Driver info: chromedriver=88.0.4324.96 (68dba2d8a0b149a1d3afac56fa74648032bcf46b-refs/branch-heads/4324@{#1784}),platform=Windows NT 6.1.7601 SP1 x86_64) (WARNING: The server did not provide any stacktrace information)
Command duration or timeout: 5.03 seconds
Build info: version: '2.53.0', revision: '35ae25b', time: '2016-03-15 16:57:40'
System info: host: 'FTR3COF93BK8A76', ip: '192.168.0.201', os.name: 'Windows 7', os.arch: 'amd64', os.version: '6.1', java.version: '1.8.0_144'
Driver info: org.openqa.selenium.chrome.ChromeDriver
Capabilities [{mobileEmulationEnabled=false, timeouts={implicit=0, pageLoad=300000, script=30000}, hasTouchScreen=false, platform=XP, acceptSslCerts=false, goog:chromeOptions={debuggerAddress=localhost:50156}, acceptInsecureCerts=false, webStorageEnabled=true, browserName=chrome, takesScreenshot=true, javascriptEnabled=true, setWindowRect=true, webauthn:extension:largeBlob=true, unexpectedAlertBehaviour=ignore, applicationCacheEnabled=false, rotatable=false, networkConnectionEnabled=false, chrome={chromedriverVersion=88.0.4324.96 (68dba2d8a0b149a1d3afac56fa74648032bcf46b-refs/branch-heads/4324@{#1784}), userDataDir=C:\Users\yulei\AppData\Local\Temp\scoped_dir7996_876316333}, takesHeapSnapshot=true, pageLoadStrategy=normal, strictFileInteractability=false, databaseEnabled=false, handlesAlerts=true, version=88.0.4324.96, browserConnectionEnabled=false, proxy={}, nativeEvents=true, locationContextEnabled=true, cssSelectorsEnabled=true, webauthn:virtualAuthenticators=true}]
Session ID: 342e27968fbe578c07a832fd5458ba8b gui_end
	at org.testng.asserts.SoftAssert.assertAll(SoftAssert.java:43)
	at testcases.APP_GUI.APP_GUI_02_app_list(APP_GUI.java:360)
	at sun.reflect.NativeMethodAccessorImpl.invoke0(Native Method)
	at sun.reflect.NativeMethodAccessorImpl.invoke(NativeMethodAccessorImpl.java:62)
	at sun.reflect.DelegatingMethodAccessorImpl.invoke(DelegatingMethodAccessorImpl.java:43)
	at java.lang.reflect.Method.invoke(Method.java:498)
	at org.testng.internal.MethodInvocationHelper.invokeMethod(MethodInvocationHelper.java:85)
	at org.testng.internal.Invoker.invokeMethod(Invoker.java:639)
	at org.testng.internal.Invoker.invokeTestMethod(Invoker.java:816)
	at org.testng.internal.Invoker.invokeTestMethods(Invoker.java:1124)
	at org.testng.internal.TestMethodWorker.invokeTestMethods(TestMethodWorker.java:125)
	at org.testng.internal.TestMethodWorker.run(TestMethodWorker.java:108)
	at java.util.concurrent.ThreadPoolExecutor.runWorker(ThreadPoolExecutor.java:1149)
	at java.util.concurrent.ThreadPoolExecutor$Worker.run(ThreadPoolExecutor.java:624)
	at java.lang.Thread.run(Thread.java:748)
]]>
            </full-stacktrace>
          </exception> <!-- java.lang.AssertionError -->
          <reporter-output>
          </reporter-output>
        </test-method> <!-- APP_GUI_02_app_list -->
        <test-method status="PASS" signature="afterMethod()[pri:0, instance:testcases.APP_GUI@1810399e]" name="afterMethod" is-config="true" duration-ms="0" started-at="2021-04-05T20:47:16Z" finished-at="2021-04-05T20:47:16Z">
          <reporter-output>
          </reporter-output>
        </test-method> <!-- afterMethod -->
        <test-method status="PASS" signature="beforeMethod()[pri:0, instance:testcases.APP_GUI@1810399e]" name="beforeMethod" is-config="true" duration-ms="12175" started-at="2021-04-05T20:47:16Z" finished-at="2021-04-05T20:47:28Z">
          <reporter-output>
          </reporter-output>
        </test-method> <!-- beforeMethod -->
        <test-method status="FAIL" signature="APP_GUI_02a_app_list_fold_app_tree()[pri:0, instance:testcases.APP_GUI@1810399e]" name="APP_GUI_02a_app_list_fold_app_tree" duration-ms="84808" started-at="2021-04-05T20:47:28Z" finished-at="2021-04-05T20:48:53Z">
          <exception class="java.lang.AssertionError">
            <message>
              <![CDATA[The following asserts failed:
	@@line_start [478] line_end; expected [] but found [Clear MainGui is failed!],
	@@line_start [404] line_end;gui_start org.openqa.selenium.WebDriverException: element click intercepted: Element <span...id="ellipsisAppIcon" style="text-align: center; font-weight: normal; position:fixed;padding-top:1.5px;font-size: 14px; color: rgb(158, 158, 158);" class="ico-more3"> </span> is not clickable at point (117, 17). Other element would receive the click: <div style="opacity: 0;" class="modal-overlay"></div>
  (Session info: chrome=88.0.4324.96)
  (Driver info: chromedriver=88.0.4324.96 (68dba2d8a0b149a1d3afac56fa74648032bcf46b-refs/branch-heads/4324@{#1784}),platform=Windows NT 6.1.7601 SP1 x86_64) (WARNING: The server did not provide any stacktrace information)
Command duration or timeout: 1.09 seconds
Build info: version: '2.53.0', revision: '35ae25b', time: '2016-03-15 16:57:40'
System info: host: 'FTR3COF93BK8A76', ip: '192.168.0.201', os.name: 'Windows 7', os.arch: 'amd64', os.version: '6.1', java.version: '1.8.0_144'
Driver info: org.openqa.selenium.chrome.ChromeDriver
Capabilities [{mobileEmulationEnabled=false, timeouts={implicit=0, pageLoad=300000, script=30000}, hasTouchScreen=false, platform=XP, acceptSslCerts=false, goog:chromeOptions={debuggerAddress=localhost:50156}, acceptInsecureCerts=false, webStorageEnabled=true, browserName=chrome, takesScreenshot=true, javascriptEnabled=true, setWindowRect=true, webauthn:extension:largeBlob=true, unexpectedAlertBehaviour=ignore, applicationCacheEnabled=false, rotatable=false, networkConnectionEnabled=false, chrome={chromedriverVersion=88.0.4324.96 (68dba2d8a0b149a1d3afac56fa74648032bcf46b-refs/branch-heads/4324@{#1784}), userDataDir=C:\Users\yulei\AppData\Local\Temp\scoped_dir7996_876316333}, takesHeapSnapshot=true, pageLoadStrategy=normal, strictFileInteractability=false, databaseEnabled=false, handlesAlerts=true, version=88.0.4324.96, browserConnectionEnabled=false, proxy={}, nativeEvents=true, locationContextEnabled=true, cssSelectorsEnabled=true, webauthn:virtualAuthenticators=true}]
Session ID: 342e27968fbe578c07a832fd5458ba8b gui_end]]>
            </message>
            <full-stacktrace>
              <![CDATA[java.lang.AssertionError: The following asserts failed:
	@@line_start [478] line_end; expected [] but found [Clear MainGui is failed!],
	@@line_start [404] line_end;gui_start org.openqa.selenium.WebDriverException: element click intercepted: Element <span...id="ellipsisAppIcon" style="text-align: center; font-weight: normal; position:fixed;padding-top:1.5px;font-size: 14px; color: rgb(158, 158, 158);" class="ico-more3"> </span> is not clickable at point (117, 17). Other element would receive the click: <div style="opacity: 0;" class="modal-overlay"></div>
  (Session info: chrome=88.0.4324.96)
  (Driver info: chromedriver=88.0.4324.96 (68dba2d8a0b149a1d3afac56fa74648032bcf46b-refs/branch-heads/4324@{#1784}),platform=Windows NT 6.1.7601 SP1 x86_64) (WARNING: The server did not provide any stacktrace information)
Command duration or timeout: 1.09 seconds
Build info: version: '2.53.0', revision: '35ae25b', time: '2016-03-15 16:57:40'
System info: host: 'FTR3COF93BK8A76', ip: '192.168.0.201', os.name: 'Windows 7', os.arch: 'amd64', os.version: '6.1', java.version: '1.8.0_144'
Driver info: org.openqa.selenium.chrome.ChromeDriver
Capabilities [{mobileEmulationEnabled=false, timeouts={implicit=0, pageLoad=300000, script=30000}, hasTouchScreen=false, platform=XP, acceptSslCerts=false, goog:chromeOptions={debuggerAddress=localhost:50156}, acceptInsecureCerts=false, webStorageEnabled=true, browserName=chrome, takesScreenshot=true, javascriptEnabled=true, setWindowRect=true, webauthn:extension:largeBlob=true, unexpectedAlertBehaviour=ignore, applicationCacheEnabled=false, rotatable=false, networkConnectionEnabled=false, chrome={chromedriverVersion=88.0.4324.96 (68dba2d8a0b149a1d3afac56fa74648032bcf46b-refs/branch-heads/4324@{#1784}), userDataDir=C:\Users\yulei\AppData\Local\Temp\scoped_dir7996_876316333}, takesHeapSnapshot=true, pageLoadStrategy=normal, strictFileInteractability=false, databaseEnabled=false, handlesAlerts=true, version=88.0.4324.96, browserConnectionEnabled=false, proxy={}, nativeEvents=true, locationContextEnabled=true, cssSelectorsEnabled=true, webauthn:virtualAuthenticators=true}]
Session ID: 342e27968fbe578c07a832fd5458ba8b gui_end
	at org.testng.asserts.SoftAssert.assertAll(SoftAssert.java:43)
	at testcases.APP_GUI.APP_GUI_02a_app_list_fold_app_tree(APP_GUI.java:481)
	at sun.reflect.NativeMethodAccessorImpl.invoke0(Native Method)
	at sun.reflect.NativeMethodAccessorImpl.invoke(NativeMethodAccessorImpl.java:62)
	at sun.reflect.DelegatingMethodAccessorImpl.invoke(DelegatingMethodAccessorImpl.java:43)
	at java.lang.reflect.Method.invoke(Method.java:498)
	at org.testng.internal.MethodInvocationHelper.invokeMethod(MethodInvocationHelper.java:85)
	at org.testng.internal.Invoker.invokeMethod(Invoker.java:639)
	at org.testng.internal.Invoker.invokeTestMethod(Invoker.java:816)
	at org.testng.internal.Invoker.invokeTestMethods(Invoker.java:1124)
	at org.testng.internal.TestMethodWorker.invokeTestMethods(TestMethodWorker.java:125)
	at org.testng.internal.TestMethodWorker.run(TestMethodWorker.java:108)
	at java.util.concurrent.ThreadPoolExecutor.runWorker(ThreadPoolExecutor.java:1149)
	at java.util.concurrent.ThreadPoolExecutor$Worker.run(ThreadPoolExecutor.java:624)
	at java.lang.Thread.run(Thread.java:748)
]]>
            </full-stacktrace>
          </exception> <!-- java.lang.AssertionError -->
          <reporter-output>
          </reporter-output>
        </test-method> <!-- APP_GUI_02a_app_list_fold_app_tree -->
        <test-method status="PASS" signature="beforeMethod()[pri:0, instance:testcases.APP_GUI@1810399e]" name="beforeMethod" is-config="true" duration-ms="12205" started-at="2021-04-05T20:48:53Z" finished-at="2021-04-05T20:49:05Z">
          <reporter-output>
          </reporter-output>
        </test-method> <!-- beforeMethod -->
        <test-method status="PASS" signature="afterMethod()[pri:0, instance:testcases.APP_GUI@1810399e]" name="afterMethod" is-config="true" duration-ms="0" started-at="2021-04-05T20:48:53Z" finished-at="2021-04-05T20:48:53Z">
          <reporter-output>
          </reporter-output>
        </test-method> <!-- afterMethod -->
        <test-method status="FAIL" signature="APP_GUI_04_Data_Information()[pri:0, instance:testcases.APP_GUI@1810399e]" name="APP_GUI_04_Data_Information" duration-ms="43958" started-at="2021-04-05T20:49:05Z" finished-at="2021-04-05T20:49:49Z">
          <exception class="java.lang.AssertionError">
            <message>
              <![CDATA[The following asserts failed:
	@@line_start [769] line_end; expected [] but found [Clear MainGui is failed!],
	@@line_start [705] line_end;gui_start org.openqa.selenium.WebDriverException: element click intercepted: Element <div id="_easyui_tree_2" class="tree-node droppable">...</div> is not clickable at point (143, 51). Other element would receive the click: <div style="opacity: 0;" class="modal-overlay"></div>
  (Session info: chrome=88.0.4324.96)
  (Driver info: chromedriver=88.0.4324.96 (68dba2d8a0b149a1d3afac56fa74648032bcf46b-refs/branch-heads/4324@{#1784}),platform=Windows NT 6.1.7601 SP1 x86_64) (WARNING: The server did not provide any stacktrace information)
Command duration or timeout: 1.07 seconds
Build info: version: '2.53.0', revision: '35ae25b', time: '2016-03-15 16:57:40'
System info: host: 'FTR3COF93BK8A76', ip: '192.168.0.201', os.name: 'Windows 7', os.arch: 'amd64', os.version: '6.1', java.version: '1.8.0_144'
Driver info: org.openqa.selenium.chrome.ChromeDriver
Capabilities [{mobileEmulationEnabled=false, timeouts={implicit=0, pageLoad=300000, script=30000}, hasTouchScreen=false, platform=XP, acceptSslCerts=false, goog:chromeOptions={debuggerAddress=localhost:50156}, acceptInsecureCerts=false, webStorageEnabled=true, browserName=chrome, takesScreenshot=true, javascriptEnabled=true, setWindowRect=true, webauthn:extension:largeBlob=true, unexpectedAlertBehaviour=ignore, applicationCacheEnabled=false, rotatable=false, networkConnectionEnabled=false, chrome={chromedriverVersion=88.0.4324.96 (68dba2d8a0b149a1d3afac56fa74648032bcf46b-refs/branch-heads/4324@{#1784}), userDataDir=C:\Users\yulei\AppData\Local\Temp\scoped_dir7996_876316333}, takesHeapSnapshot=true, pageLoadStrategy=normal, strictFileInteractability=false, databaseEnabled=false, handlesAlerts=true, version=88.0.4324.96, browserConnectionEnabled=false, proxy={}, nativeEvents=true, locationContextEnabled=true, cssSelectorsEnabled=true, webauthn:virtualAuthenticators=true}]
Session ID: 342e27968fbe578c07a832fd5458ba8b gui_end]]>
            </message>
            <full-stacktrace>
              <![CDATA[java.lang.AssertionError: The following asserts failed:
	@@line_start [769] line_end; expected [] but found [Clear MainGui is failed!],
	@@line_start [705] line_end;gui_start org.openqa.selenium.WebDriverException: element click intercepted: Element <div id="_easyui_tree_2" class="tree-node droppable">...</div> is not clickable at point (143, 51). Other element would receive the click: <div style="opacity: 0;" class="modal-overlay"></div>
  (Session info: chrome=88.0.4324.96)
  (Driver info: chromedriver=88.0.4324.96 (68dba2d8a0b149a1d3afac56fa74648032bcf46b-refs/branch-heads/4324@{#1784}),platform=Windows NT 6.1.7601 SP1 x86_64) (WARNING: The server did not provide any stacktrace information)
Command duration or timeout: 1.07 seconds
Build info: version: '2.53.0', revision: '35ae25b', time: '2016-03-15 16:57:40'
System info: host: 'FTR3COF93BK8A76', ip: '192.168.0.201', os.name: 'Windows 7', os.arch: 'amd64', os.version: '6.1', java.version: '1.8.0_144'
Driver info: org.openqa.selenium.chrome.ChromeDriver
Capabilities [{mobileEmulationEnabled=false, timeouts={implicit=0, pageLoad=300000, script=30000}, hasTouchScreen=false, platform=XP, acceptSslCerts=false, goog:chromeOptions={debuggerAddress=localhost:50156}, acceptInsecureCerts=false, webStorageEnabled=true, browserName=chrome, takesScreenshot=true, javascriptEnabled=true, setWindowRect=true, webauthn:extension:largeBlob=true, unexpectedAlertBehaviour=ignore, applicationCacheEnabled=false, rotatable=false, networkConnectionEnabled=false, chrome={chromedriverVersion=88.0.4324.96 (68dba2d8a0b149a1d3afac56fa74648032bcf46b-refs/branch-heads/4324@{#1784}), userDataDir=C:\Users\yulei\AppData\Local\Temp\scoped_dir7996_876316333}, takesHeapSnapshot=true, pageLoadStrategy=normal, strictFileInteractability=false, databaseEnabled=false, handlesAlerts=true, version=88.0.4324.96, browserConnectionEnabled=false, proxy={}, nativeEvents=true, locationContextEnabled=true, cssSelectorsEnabled=true, webauthn:virtualAuthenticators=true}]
Session ID: 342e27968fbe578c07a832fd5458ba8b gui_end
	at org.testng.asserts.SoftAssert.assertAll(SoftAssert.java:43)
	at testcases.APP_GUI.APP_GUI_04_Data_Information(APP_GUI.java:772)
	at sun.reflect.NativeMethodAccessorImpl.invoke0(Native Method)
	at sun.reflect.NativeMethodAccessorImpl.invoke(NativeMethodAccessorImpl.java:62)
	at sun.reflect.DelegatingMethodAccessorImpl.invoke(DelegatingMethodAccessorImpl.java:43)
	at java.lang.reflect.Method.invoke(Method.java:498)
	at org.testng.internal.MethodInvocationHelper.invokeMethod(MethodInvocationHelper.java:85)
	at org.testng.internal.Invoker.invokeMethod(Invoker.java:639)
	at org.testng.internal.Invoker.invokeTestMethod(Invoker.java:816)
	at org.testng.internal.Invoker.invokeTestMethods(Invoker.java:1124)
	at org.testng.internal.TestMethodWorker.invokeTestMethods(TestMethodWorker.java:125)
	at org.testng.internal.TestMethodWorker.run(TestMethodWorker.java:108)
	at java.util.concurrent.ThreadPoolExecutor.runWorker(ThreadPoolExecutor.java:1149)
	at java.util.concurrent.ThreadPoolExecutor$Worker.run(ThreadPoolExecutor.java:624)
	at java.lang.Thread.run(Thread.java:748)
]]>
            </full-stacktrace>
          </exception> <!-- java.lang.AssertionError -->
          <reporter-output>
          </reporter-output>
        </test-method> <!-- APP_GUI_04_Data_Information -->
        <test-method status="PASS" signature="afterMethod()[pri:0, instance:testcases.APP_GUI@1810399e]" name="afterMethod" is-config="true" duration-ms="1" started-at="2021-04-05T20:49:49Z" finished-at="2021-04-05T20:49:49Z">
          <reporter-output>
          </reporter-output>
        </test-method> <!-- afterMethod -->
        <test-method status="PASS" signature="beforeMethod()[pri:0, instance:testcases.APP_GUI@1810399e]" name="beforeMethod" is-config="true" duration-ms="12197" started-at="2021-04-05T20:49:49Z" finished-at="2021-04-05T20:50:01Z">
          <reporter-output>
          </reporter-output>
        </test-method> <!-- beforeMethod -->
        <test-method status="FAIL" signature="APP_GUI_05_Data_Menu_list()[pri:0, instance:testcases.APP_GUI@1810399e]" name="APP_GUI_05_Data_Menu_list" duration-ms="255236" started-at="2021-04-05T20:50:01Z" finished-at="2021-04-05T20:54:16Z">
          <exception class="java.lang.AssertionError">
            <message>
              <![CDATA[The following asserts failed:
	@@line_start [857] line_end; expected [Not found] but found [trained spreadsheet doc [uitest_cyberobject_com_cn/ui_app_test/Data/UI_Data_test_file.xlsx]]gui_start  gui_end]]>
            </message>
            <full-stacktrace>
              <![CDATA[java.lang.AssertionError: The following asserts failed:
	@@line_start [857] line_end; expected [Not found] but found [trained spreadsheet doc [uitest_cyberobject_com_cn/ui_app_test/Data/UI_Data_test_file.xlsx]]gui_start  gui_end
	at org.testng.asserts.SoftAssert.assertAll(SoftAssert.java:43)
	at testcases.APP_GUI.APP_GUI_05_Data_Menu_list(APP_GUI.java:974)
	at sun.reflect.NativeMethodAccessorImpl.invoke0(Native Method)
	at sun.reflect.NativeMethodAccessorImpl.invoke(NativeMethodAccessorImpl.java:62)
	at sun.reflect.DelegatingMethodAccessorImpl.invoke(DelegatingMethodAccessorImpl.java:43)
	at java.lang.reflect.Method.invoke(Method.java:498)
	at org.testng.internal.MethodInvocationHelper.invokeMethod(MethodInvocationHelper.java:85)
	at org.testng.internal.Invoker.invokeMethod(Invoker.java:639)
	at org.testng.internal.Invoker.invokeTestMethod(Invoker.java:816)
	at org.testng.internal.Invoker.invokeTestMethods(Invoker.java:1124)
	at org.testng.internal.TestMethodWorker.invokeTestMethods(TestMethodWorker.java:125)
	at org.testng.internal.TestMethodWorker.run(TestMethodWorker.java:108)
	at java.util.concurrent.ThreadPoolExecutor.runWorker(ThreadPoolExecutor.java:1149)
	at java.util.concurrent.ThreadPoolExecutor$Worker.run(ThreadPoolExecutor.java:624)
	at java.lang.Thread.run(Thread.java:748)
]]>
            </full-stacktrace>
          </exception> <!-- java.lang.AssertionError -->
          <reporter-output>
          </reporter-output>
        </test-method> <!-- APP_GUI_05_Data_Menu_list -->
        <test-method status="PASS" signature="afterMethod()[pri:0, instance:testcases.APP_GUI@1810399e]" name="afterMethod" is-config="true" duration-ms="1" started-at="2021-04-05T20:54:16Z" finished-at="2021-04-05T20:54:16Z">
          <reporter-output>
          </reporter-output>
        </test-method> <!-- afterMethod -->
        <test-method status="PASS" signature="beforeMethod()[pri:0, instance:testcases.APP_GUI@1810399e]" name="beforeMethod" is-config="true" duration-ms="12164" started-at="2021-04-05T20:54:16Z" finished-at="2021-04-05T20:54:28Z">
          <reporter-output>
          </reporter-output>
        </test-method> <!-- beforeMethod -->
        <test-method status="FAIL" signature="APP_GUI_06_Data_folder_Information()[pri:0, instance:testcases.APP_GUI@1810399e]" name="APP_GUI_06_Data_folder_Information" duration-ms="114732" started-at="2021-04-05T20:54:28Z" finished-at="2021-04-05T20:56:23Z">
          <exception class="java.lang.AssertionError">
            <message>
              <![CDATA[The following asserts failed:
	@@line_start [1010] line_end; expected [uitest] but found [migrate],
	@@line_start [1021] line_end; expected [uitest] but found [migrate],
	@@line_start [1050] line_end;gui_start org.openqa.selenium.NoSuchElementException: no such element: Unable to locate element: {"method":"xpath","selector":".//li[-1]"}
  (Session info: chrome=88.0.4324.96)
  (Driver info: chromedriver=88.0.4324.96 (68dba2d8a0b149a1d3afac56fa74648032bcf46b-refs/branch-heads/4324@{#1784}),platform=Windows NT 6.1.7601 SP1 x86_64) (WARNING: The server did not provide any stacktrace information)
Command duration or timeout: 5.02 seconds
For documentation on this error, please visit: http://seleniumhq.org/exceptions/no_such_element.html
Build info: version: '2.53.0', revision: '35ae25b', time: '2016-03-15 16:57:40'
System info: host: 'FTR3COF93BK8A76', ip: '192.168.0.201', os.name: 'Windows 7', os.arch: 'amd64', os.version: '6.1', java.version: '1.8.0_144'
Driver info: org.openqa.selenium.chrome.ChromeDriver
Capabilities [{mobileEmulationEnabled=false, timeouts={implicit=0, pageLoad=300000, script=30000}, hasTouchScreen=false, platform=XP, acceptSslCerts=false, goog:chromeOptions={debuggerAddress=localhost:50156}, acceptInsecureCerts=false, webStorageEnabled=true, browserName=chrome, takesScreenshot=true, javascriptEnabled=true, setWindowRect=true, webauthn:extension:largeBlob=true, unexpectedAlertBehaviour=ignore, applicationCacheEnabled=false, rotatable=false, networkConnectionEnabled=false, chrome={chromedriverVersion=88.0.4324.96 (68dba2d8a0b149a1d3afac56fa74648032bcf46b-refs/branch-heads/4324@{#1784}), userDataDir=C:\Users\yulei\AppData\Local\Temp\scoped_dir7996_876316333}, takesHeapSnapshot=true, pageLoadStrategy=normal, strictFileInteractability=false, databaseEnabled=false, handlesAlerts=true, version=88.0.4324.96, browserConnectionEnabled=false, proxy={}, nativeEvents=true, locationContextEnabled=true, cssSelectorsEnabled=true, webauthn:virtualAuthenticators=true}]
Session ID: 342e27968fbe578c07a832fd5458ba8b
*** Element info: {Using=xpath, value=.//li[-1]} gui_end]]>
            </message>
            <full-stacktrace>
              <![CDATA[java.lang.AssertionError: The following asserts failed:
	@@line_start [1010] line_end; expected [uitest] but found [migrate],
	@@line_start [1021] line_end; expected [uitest] but found [migrate],
	@@line_start [1050] line_end;gui_start org.openqa.selenium.NoSuchElementException: no such element: Unable to locate element: {"method":"xpath","selector":".//li[-1]"}
  (Session info: chrome=88.0.4324.96)
  (Driver info: chromedriver=88.0.4324.96 (68dba2d8a0b149a1d3afac56fa74648032bcf46b-refs/branch-heads/4324@{#1784}),platform=Windows NT 6.1.7601 SP1 x86_64) (WARNING: The server did not provide any stacktrace information)
Command duration or timeout: 5.02 seconds
For documentation on this error, please visit: http://seleniumhq.org/exceptions/no_such_element.html
Build info: version: '2.53.0', revision: '35ae25b', time: '2016-03-15 16:57:40'
System info: host: 'FTR3COF93BK8A76', ip: '192.168.0.201', os.name: 'Windows 7', os.arch: 'amd64', os.version: '6.1', java.version: '1.8.0_144'
Driver info: org.openqa.selenium.chrome.ChromeDriver
Capabilities [{mobileEmulationEnabled=false, timeouts={implicit=0, pageLoad=300000, script=30000}, hasTouchScreen=false, platform=XP, acceptSslCerts=false, goog:chromeOptions={debuggerAddress=localhost:50156}, acceptInsecureCerts=false, webStorageEnabled=true, browserName=chrome, takesScreenshot=true, javascriptEnabled=true, setWindowRect=true, webauthn:extension:largeBlob=true, unexpectedAlertBehaviour=ignore, applicationCacheEnabled=false, rotatable=false, networkConnectionEnabled=false, chrome={chromedriverVersion=88.0.4324.96 (68dba2d8a0b149a1d3afac56fa74648032bcf46b-refs/branch-heads/4324@{#1784}), userDataDir=C:\Users\yulei\AppData\Local\Temp\scoped_dir7996_876316333}, takesHeapSnapshot=true, pageLoadStrategy=normal, strictFileInteractability=false, databaseEnabled=false, handlesAlerts=true, version=88.0.4324.96, browserConnectionEnabled=false, proxy={}, nativeEvents=true, locationContextEnabled=true, cssSelectorsEnabled=true, webauthn:virtualAuthenticators=true}]
Session ID: 342e27968fbe578c07a832fd5458ba8b
*** Element info: {Using=xpath, value=.//li[-1]} gui_end
	at org.testng.asserts.SoftAssert.assertAll(SoftAssert.java:43)
	at testcases.APP_GUI.APP_GUI_06_Data_folder_Information(APP_GUI.java:1078)
	at sun.reflect.NativeMethodAccessorImpl.invoke0(Native Method)
	at sun.reflect.NativeMethodAccessorImpl.invoke(NativeMethodAccessorImpl.java:62)
	at sun.reflect.DelegatingMethodAccessorImpl.invoke(DelegatingMethodAccessorImpl.java:43)
	at java.lang.reflect.Method.invoke(Method.java:498)
	at org.testng.internal.MethodInvocationHelper.invokeMethod(MethodInvocationHelper.java:85)
	at org.testng.internal.Invoker.invokeMethod(Invoker.java:639)
	at org.testng.internal.Invoker.invokeTestMethod(Invoker.java:816)
	at org.testng.internal.Invoker.invokeTestMethods(Invoker.java:1124)
	at org.testng.internal.TestMethodWorker.invokeTestMethods(TestMethodWorker.java:125)
	at org.testng.internal.TestMethodWorker.run(TestMethodWorker.java:108)
	at java.util.concurrent.ThreadPoolExecutor.runWorker(ThreadPoolExecutor.java:1149)
	at java.util.concurrent.ThreadPoolExecutor$Worker.run(ThreadPoolExecutor.java:624)
	at java.lang.Thread.run(Thread.java:748)
]]>
            </full-stacktrace>
          </exception> <!-- java.lang.AssertionError -->
          <reporter-output>
          </reporter-output>
        </test-method> <!-- APP_GUI_06_Data_folder_Information -->
        <test-method status="PASS" signature="afterMethod()[pri:0, instance:testcases.APP_GUI@1810399e]" name="afterMethod" is-config="true" duration-ms="0" started-at="2021-04-05T20:56:23Z" finished-at="2021-04-05T20:56:23Z">
          <reporter-output>
          </reporter-output>
        </test-method> <!-- afterMethod -->
        <test-method status="PASS" signature="beforeMethod()[pri:0, instance:testcases.APP_GUI@1810399e]" name="beforeMethod" is-config="true" duration-ms="12213" started-at="2021-04-05T20:56:23Z" finished-at="2021-04-05T20:56:35Z">
          <reporter-output>
          </reporter-output>
        </test-method> <!-- beforeMethod -->
        <test-method status="FAIL" signature="APP_GUI_07_Data_folder_Menu_list()[pri:0, instance:testcases.APP_GUI@1810399e]" name="APP_GUI_07_Data_folder_Menu_list" duration-ms="472226" started-at="2021-04-05T20:56:35Z" finished-at="2021-04-05T21:04:27Z">
          <exception class="java.lang.AssertionError">
            <message>
              <![CDATA[The following asserts failed:
	@@line_start [1158] line_end; expected [Not found] but found [Training uitest_cyberobject_com_cn/ui_app_test/data/UI_Data_folder_01/UI_Data_file_employee.xlsx success]gui_start  gui_end,
	@@line_start [1160] line_end; expected [Not found] but found [trained spreadsheet doc [uitest_cyberobject_com_cn/ui_app_test/Data/UI_Data_folder_01/UI_Data_file_employee.xlsx]]gui_start  gui_end,
	@@line_start [1179] line_end; expected [2] but found [3] expected [2] but found [3],
	@@line_start [62] line_end; expected [] but found [MouseRightClick failed!]gui_start  gui_end,
	@@line_start [1278] line_end;gui_start org.openqa.selenium.ElementNotVisibleException: element not interactable
  (Session info: chrome=88.0.4324.96)
  (Driver info: chromedriver=88.0.4324.96 (68dba2d8a0b149a1d3afac56fa74648032bcf46b-refs/branch-heads/4324@{#1784}),platform=Windows NT 6.1.7601 SP1 x86_64) (WARNING: The server did not provide any stacktrace information)
Command duration or timeout: 5.05 seconds
Build info: version: '2.53.0', revision: '35ae25b', time: '2016-03-15 16:57:40'
System info: host: 'FTR3COF93BK8A76', ip: '192.168.0.201', os.name: 'Windows 7', os.arch: 'amd64', os.version: '6.1', java.version: '1.8.0_144'
Driver info: org.openqa.selenium.chrome.ChromeDriver
Capabilities [{mobileEmulationEnabled=false, timeouts={implicit=0, pageLoad=300000, script=30000}, hasTouchScreen=false, platform=XP, acceptSslCerts=false, goog:chromeOptions={debuggerAddress=localhost:50156}, acceptInsecureCerts=false, webStorageEnabled=true, browserName=chrome, takesScreenshot=true, javascriptEnabled=true, setWindowRect=true, webauthn:extension:largeBlob=true, unexpectedAlertBehaviour=ignore, applicationCacheEnabled=false, rotatable=false, networkConnectionEnabled=false, chrome={chromedriverVersion=88.0.4324.96 (68dba2d8a0b149a1d3afac56fa74648032bcf46b-refs/branch-heads/4324@{#1784}), userDataDir=C:\Users\yulei\AppData\Local\Temp\scoped_dir7996_876316333}, takesHeapSnapshot=true, pageLoadStrategy=normal, strictFileInteractability=false, databaseEnabled=false, handlesAlerts=true, version=88.0.4324.96, browserConnectionEnabled=false, proxy={}, nativeEvents=true, locationContextEnabled=true, cssSelectorsEnabled=true, webauthn:virtualAuthenticators=true}]
Session ID: 342e27968fbe578c07a832fd5458ba8b gui_end]]>
            </message>
            <full-stacktrace>
              <![CDATA[java.lang.AssertionError: The following asserts failed:
	@@line_start [1158] line_end; expected [Not found] but found [Training uitest_cyberobject_com_cn/ui_app_test/data/UI_Data_folder_01/UI_Data_file_employee.xlsx success]gui_start  gui_end,
	@@line_start [1160] line_end; expected [Not found] but found [trained spreadsheet doc [uitest_cyberobject_com_cn/ui_app_test/Data/UI_Data_folder_01/UI_Data_file_employee.xlsx]]gui_start  gui_end,
	@@line_start [1179] line_end; expected [2] but found [3] expected [2] but found [3],
	@@line_start [62] line_end; expected [] but found [MouseRightClick failed!]gui_start  gui_end,
	@@line_start [1278] line_end;gui_start org.openqa.selenium.ElementNotVisibleException: element not interactable
  (Session info: chrome=88.0.4324.96)
  (Driver info: chromedriver=88.0.4324.96 (68dba2d8a0b149a1d3afac56fa74648032bcf46b-refs/branch-heads/4324@{#1784}),platform=Windows NT 6.1.7601 SP1 x86_64) (WARNING: The server did not provide any stacktrace information)
Command duration or timeout: 5.05 seconds
Build info: version: '2.53.0', revision: '35ae25b', time: '2016-03-15 16:57:40'
System info: host: 'FTR3COF93BK8A76', ip: '192.168.0.201', os.name: 'Windows 7', os.arch: 'amd64', os.version: '6.1', java.version: '1.8.0_144'
Driver info: org.openqa.selenium.chrome.ChromeDriver
Capabilities [{mobileEmulationEnabled=false, timeouts={implicit=0, pageLoad=300000, script=30000}, hasTouchScreen=false, platform=XP, acceptSslCerts=false, goog:chromeOptions={debuggerAddress=localhost:50156}, acceptInsecureCerts=false, webStorageEnabled=true, browserName=chrome, takesScreenshot=true, javascriptEnabled=true, setWindowRect=true, webauthn:extension:largeBlob=true, unexpectedAlertBehaviour=ignore, applicationCacheEnabled=false, rotatable=false, networkConnectionEnabled=false, chrome={chromedriverVersion=88.0.4324.96 (68dba2d8a0b149a1d3afac56fa74648032bcf46b-refs/branch-heads/4324@{#1784}), userDataDir=C:\Users\yulei\AppData\Local\Temp\scoped_dir7996_876316333}, takesHeapSnapshot=true, pageLoadStrategy=normal, strictFileInteractability=false, databaseEnabled=false, handlesAlerts=true, version=88.0.4324.96, browserConnectionEnabled=false, proxy={}, nativeEvents=true, locationContextEnabled=true, cssSelectorsEnabled=true, webauthn:virtualAuthenticators=true}]
Session ID: 342e27968fbe578c07a832fd5458ba8b gui_end
	at org.testng.asserts.SoftAssert.assertAll(SoftAssert.java:43)
	at testcases.APP_GUI.APP_GUI_07_Data_folder_Menu_list(APP_GUI.java:1530)
	at sun.reflect.NativeMethodAccessorImpl.invoke0(Native Method)
	at sun.reflect.NativeMethodAccessorImpl.invoke(NativeMethodAccessorImpl.java:62)
	at sun.reflect.DelegatingMethodAccessorImpl.invoke(DelegatingMethodAccessorImpl.java:43)
	at java.lang.reflect.Method.invoke(Method.java:498)
	at org.testng.internal.MethodInvocationHelper.invokeMethod(MethodInvocationHelper.java:85)
	at org.testng.internal.Invoker.invokeMethod(Invoker.java:639)
	at org.testng.internal.Invoker.invokeTestMethod(Invoker.java:816)
	at org.testng.internal.Invoker.invokeTestMethods(Invoker.java:1124)
	at org.testng.internal.TestMethodWorker.invokeTestMethods(TestMethodWorker.java:125)
	at org.testng.internal.TestMethodWorker.run(TestMethodWorker.java:108)
	at java.util.concurrent.ThreadPoolExecutor.runWorker(ThreadPoolExecutor.java:1149)
	at java.util.concurrent.ThreadPoolExecutor$Worker.run(ThreadPoolExecutor.java:624)
	at java.lang.Thread.run(Thread.java:748)
]]>
            </full-stacktrace>
          </exception> <!-- java.lang.AssertionError -->
          <reporter-output>
          </reporter-output>
        </test-method> <!-- APP_GUI_07_Data_folder_Menu_list -->
        <test-method status="PASS" signature="afterMethod()[pri:0, instance:testcases.APP_GUI@1810399e]" name="afterMethod" is-config="true" duration-ms="1" started-at="2021-04-05T21:04:27Z" finished-at="2021-04-05T21:04:27Z">
          <reporter-output>
          </reporter-output>
        </test-method> <!-- afterMethod -->
        <test-method status="PASS" signature="beforeMethod()[pri:0, instance:testcases.APP_GUI@1810399e]" name="beforeMethod" is-config="true" duration-ms="12194" started-at="2021-04-05T21:04:27Z" finished-at="2021-04-05T21:04:40Z">
          <reporter-output>
          </reporter-output>
        </test-method> <!-- beforeMethod -->
        <test-method status="PASS" signature="APP_GUI_08_app_Menu_bar()[pri:0, instance:testcases.APP_GUI@1810399e]" name="APP_GUI_08_app_Menu_bar" duration-ms="115885" started-at="2021-04-05T21:04:40Z" finished-at="2021-04-05T21:06:36Z">
          <reporter-output>
          </reporter-output>
        </test-method> <!-- APP_GUI_08_app_Menu_bar -->
        <test-method status="PASS" signature="beforeMethod()[pri:0, instance:testcases.APP_GUI@1810399e]" name="beforeMethod" is-config="true" duration-ms="12178" started-at="2021-04-05T21:06:36Z" finished-at="2021-04-05T21:06:48Z">
          <reporter-output>
          </reporter-output>
        </test-method> <!-- beforeMethod -->
        <test-method status="PASS" signature="afterMethod()[pri:0, instance:testcases.APP_GUI@1810399e]" name="afterMethod" is-config="true" duration-ms="0" started-at="2021-04-05T21:06:36Z" finished-at="2021-04-05T21:06:36Z">
          <reporter-output>
          </reporter-output>
        </test-method> <!-- afterMethod -->
        <test-method status="FAIL" signature="APP_GUI_09A_Data_file_Database_Menu_list()[pri:0, instance:testcases.APP_GUI@1810399e]" name="APP_GUI_09A_Data_file_Database_Menu_list" duration-ms="482287" started-at="2021-04-05T21:06:48Z" finished-at="2021-04-05T21:14:50Z">
          <exception class="java.lang.AssertionError">
            <message>
              <![CDATA[The following asserts failed:
	@@line_start [2066] line_end; expected [Not found] but found [Training uitest_cyberobject_com_cn/ui_app_test/Service/Database/Testing/QHIST]gui_start  gui_end,
	@@line_start [2067] line_end; expected [Not found] but found [trained spreadsheet doc [uitest_cyberobject_com_cn/ui_app_test/Service/Database/Testing/QHIST]]gui_start  gui_end,
	@@line_start [2121] line_end; expected [Displayed] but found [NotFound]gui_start By.xpath: //div[@id='history_div']//span[text()='Version History'] gui_end,
	@@line_start [2122] line_end; expected [Displayed] but found [NotFound]gui_start By.xpath: //div[@id='history_div']//div[@class='title_close']/img[2] gui_end,
	@@line_start [2129] line_end; expected [Displayed] but found [NotFound]gui_start By.xpath: //table[@class='hi_table']//td[text()='Id'] gui_end,
	@@line_start [2141] line_end;gui_start org.openqa.selenium.ElementNotVisibleException: element not interactable
  (Session info: chrome=88.0.4324.96)
  (Driver info: chromedriver=88.0.4324.96 (68dba2d8a0b149a1d3afac56fa74648032bcf46b-refs/branch-heads/4324@{#1784}),platform=Windows NT 6.1.7601 SP1 x86_64) (WARNING: The server did not provide any stacktrace information)
Command duration or timeout: 5.05 seconds
Build info: version: '2.53.0', revision: '35ae25b', time: '2016-03-15 16:57:40'
System info: host: 'FTR3COF93BK8A76', ip: '192.168.0.201', os.name: 'Windows 7', os.arch: 'amd64', os.version: '6.1', java.version: '1.8.0_144'
Driver info: org.openqa.selenium.chrome.ChromeDriver
Capabilities [{mobileEmulationEnabled=false, timeouts={implicit=0, pageLoad=300000, script=30000}, hasTouchScreen=false, platform=XP, acceptSslCerts=false, goog:chromeOptions={debuggerAddress=localhost:50156}, acceptInsecureCerts=false, webStorageEnabled=true, browserName=chrome, takesScreenshot=true, javascriptEnabled=true, setWindowRect=true, webauthn:extension:largeBlob=true, unexpectedAlertBehaviour=ignore, applicationCacheEnabled=false, rotatable=false, networkConnectionEnabled=false, chrome={chromedriverVersion=88.0.4324.96 (68dba2d8a0b149a1d3afac56fa74648032bcf46b-refs/branch-heads/4324@{#1784}), userDataDir=C:\Users\yulei\AppData\Local\Temp\scoped_dir7996_876316333}, takesHeapSnapshot=true, pageLoadStrategy=normal, strictFileInteractability=false, databaseEnabled=false, handlesAlerts=true, version=88.0.4324.96, browserConnectionEnabled=false, proxy={}, nativeEvents=true, locationContextEnabled=true, cssSelectorsEnabled=true, webauthn:virtualAuthenticators=true}]
Session ID: 342e27968fbe578c07a832fd5458ba8b gui_end]]>
            </message>
            <full-stacktrace>
              <![CDATA[java.lang.AssertionError: The following asserts failed:
	@@line_start [2066] line_end; expected [Not found] but found [Training uitest_cyberobject_com_cn/ui_app_test/Service/Database/Testing/QHIST]gui_start  gui_end,
	@@line_start [2067] line_end; expected [Not found] but found [trained spreadsheet doc [uitest_cyberobject_com_cn/ui_app_test/Service/Database/Testing/QHIST]]gui_start  gui_end,
	@@line_start [2121] line_end; expected [Displayed] but found [NotFound]gui_start By.xpath: //div[@id='history_div']//span[text()='Version History'] gui_end,
	@@line_start [2122] line_end; expected [Displayed] but found [NotFound]gui_start By.xpath: //div[@id='history_div']//div[@class='title_close']/img[2] gui_end,
	@@line_start [2129] line_end; expected [Displayed] but found [NotFound]gui_start By.xpath: //table[@class='hi_table']//td[text()='Id'] gui_end,
	@@line_start [2141] line_end;gui_start org.openqa.selenium.ElementNotVisibleException: element not interactable
  (Session info: chrome=88.0.4324.96)
  (Driver info: chromedriver=88.0.4324.96 (68dba2d8a0b149a1d3afac56fa74648032bcf46b-refs/branch-heads/4324@{#1784}),platform=Windows NT 6.1.7601 SP1 x86_64) (WARNING: The server did not provide any stacktrace information)
Command duration or timeout: 5.05 seconds
Build info: version: '2.53.0', revision: '35ae25b', time: '2016-03-15 16:57:40'
System info: host: 'FTR3COF93BK8A76', ip: '192.168.0.201', os.name: 'Windows 7', os.arch: 'amd64', os.version: '6.1', java.version: '1.8.0_144'
Driver info: org.openqa.selenium.chrome.ChromeDriver
Capabilities [{mobileEmulationEnabled=false, timeouts={implicit=0, pageLoad=300000, script=30000}, hasTouchScreen=false, platform=XP, acceptSslCerts=false, goog:chromeOptions={debuggerAddress=localhost:50156}, acceptInsecureCerts=false, webStorageEnabled=true, browserName=chrome, takesScreenshot=true, javascriptEnabled=true, setWindowRect=true, webauthn:extension:largeBlob=true, unexpectedAlertBehaviour=ignore, applicationCacheEnabled=false, rotatable=false, networkConnectionEnabled=false, chrome={chromedriverVersion=88.0.4324.96 (68dba2d8a0b149a1d3afac56fa74648032bcf46b-refs/branch-heads/4324@{#1784}), userDataDir=C:\Users\yulei\AppData\Local\Temp\scoped_dir7996_876316333}, takesHeapSnapshot=true, pageLoadStrategy=normal, strictFileInteractability=false, databaseEnabled=false, handlesAlerts=true, version=88.0.4324.96, browserConnectionEnabled=false, proxy={}, nativeEvents=true, locationContextEnabled=true, cssSelectorsEnabled=true, webauthn:virtualAuthenticators=true}]
Session ID: 342e27968fbe578c07a832fd5458ba8b gui_end
	at org.testng.asserts.SoftAssert.assertAll(SoftAssert.java:43)
	at testcases.APP_GUI.APP_GUI_09A_Data_file_Database_Menu_list(APP_GUI.java:2159)
	at sun.reflect.NativeMethodAccessorImpl.invoke0(Native Method)
	at sun.reflect.NativeMethodAccessorImpl.invoke(NativeMethodAccessorImpl.java:62)
	at sun.reflect.DelegatingMethodAccessorImpl.invoke(DelegatingMethodAccessorImpl.java:43)
	at java.lang.reflect.Method.invoke(Method.java:498)
	at org.testng.internal.MethodInvocationHelper.invokeMethod(MethodInvocationHelper.java:85)
	at org.testng.internal.Invoker.invokeMethod(Invoker.java:639)
	at org.testng.internal.Invoker.invokeTestMethod(Invoker.java:816)
	at org.testng.internal.Invoker.invokeTestMethods(Invoker.java:1124)
	at org.testng.internal.TestMethodWorker.invokeTestMethods(TestMethodWorker.java:125)
	at org.testng.internal.TestMethodWorker.run(TestMethodWorker.java:108)
	at java.util.concurrent.ThreadPoolExecutor.runWorker(ThreadPoolExecutor.java:1149)
	at java.util.concurrent.ThreadPoolExecutor$Worker.run(ThreadPoolExecutor.java:624)
	at java.lang.Thread.run(Thread.java:748)
]]>
            </full-stacktrace>
          </exception> <!-- java.lang.AssertionError -->
          <reporter-output>
          </reporter-output>
        </test-method> <!-- APP_GUI_09A_Data_file_Database_Menu_list -->
        <test-method status="PASS" signature="afterMethod()[pri:0, instance:testcases.APP_GUI@1810399e]" name="afterMethod" is-config="true" duration-ms="0" started-at="2021-04-05T21:14:50Z" finished-at="2021-04-05T21:14:50Z">
          <reporter-output>
          </reporter-output>
        </test-method> <!-- afterMethod -->
        <test-method status="PASS" signature="beforeMethod()[pri:0, instance:testcases.APP_GUI@1810399e]" name="beforeMethod" is-config="true" duration-ms="12193" started-at="2021-04-05T21:14:50Z" finished-at="2021-04-05T21:15:02Z">
          <reporter-output>
          </reporter-output>
        </test-method> <!-- beforeMethod -->
        <test-method status="FAIL" signature="APP_GUI_09B_Data_file_Sheet_Menu_list()[pri:0, instance:testcases.APP_GUI@1810399e]" name="APP_GUI_09B_Data_file_Sheet_Menu_list" duration-ms="146380" started-at="2021-04-05T21:15:02Z" finished-at="2021-04-05T21:17:29Z">
          <exception class="java.lang.AssertionError">
            <message>
              <![CDATA[The following asserts failed:
	@@line_start [2202] line_end;gui_start java.lang.NullPointerException gui_end]]>
            </message>
            <full-stacktrace>
              <![CDATA[java.lang.AssertionError: The following asserts failed:
	@@line_start [2202] line_end;gui_start java.lang.NullPointerException gui_end
	at org.testng.asserts.SoftAssert.assertAll(SoftAssert.java:43)
	at testcases.APP_GUI.APP_GUI_09B_Data_file_Sheet_Menu_list(APP_GUI.java:2284)
	at sun.reflect.NativeMethodAccessorImpl.invoke0(Native Method)
	at sun.reflect.NativeMethodAccessorImpl.invoke(NativeMethodAccessorImpl.java:62)
	at sun.reflect.DelegatingMethodAccessorImpl.invoke(DelegatingMethodAccessorImpl.java:43)
	at java.lang.reflect.Method.invoke(Method.java:498)
	at org.testng.internal.MethodInvocationHelper.invokeMethod(MethodInvocationHelper.java:85)
	at org.testng.internal.Invoker.invokeMethod(Invoker.java:639)
	at org.testng.internal.Invoker.invokeTestMethod(Invoker.java:816)
	at org.testng.internal.Invoker.invokeTestMethods(Invoker.java:1124)
	at org.testng.internal.TestMethodWorker.invokeTestMethods(TestMethodWorker.java:125)
	at org.testng.internal.TestMethodWorker.run(TestMethodWorker.java:108)
	at java.util.concurrent.ThreadPoolExecutor.runWorker(ThreadPoolExecutor.java:1149)
	at java.util.concurrent.ThreadPoolExecutor$Worker.run(ThreadPoolExecutor.java:624)
	at java.lang.Thread.run(Thread.java:748)
]]>
            </full-stacktrace>
          </exception> <!-- java.lang.AssertionError -->
          <reporter-output>
          </reporter-output>
        </test-method> <!-- APP_GUI_09B_Data_file_Sheet_Menu_list -->
        <test-method status="PASS" signature="afterMethod()[pri:0, instance:testcases.APP_GUI@1810399e]" name="afterMethod" is-config="true" duration-ms="1" started-at="2021-04-05T21:17:29Z" finished-at="2021-04-05T21:17:29Z">
          <reporter-output>
          </reporter-output>
        </test-method> <!-- afterMethod -->
        <test-method status="PASS" signature="beforeMethod()[pri:0, instance:testcases.APP_GUI@1810399e]" name="beforeMethod" is-config="true" duration-ms="12167" started-at="2021-04-05T21:17:29Z" finished-at="2021-04-05T21:17:41Z">
          <reporter-output>
          </reporter-output>
        </test-method> <!-- beforeMethod -->
        <test-method status="PASS" signature="APP_GUI_09C_Data_file_HTTP_Services_Menu_list()[pri:0, instance:testcases.APP_GUI@1810399e]" name="APP_GUI_09C_Data_file_HTTP_Services_Menu_list" duration-ms="116970" started-at="2021-04-05T21:17:41Z" finished-at="2021-04-05T21:19:38Z">
          <reporter-output>
          </reporter-output>
        </test-method> <!-- APP_GUI_09C_Data_file_HTTP_Services_Menu_list -->
        <test-method status="PASS" signature="beforeMethod()[pri:0, instance:testcases.APP_GUI@1810399e]" name="beforeMethod" is-config="true" duration-ms="12206" started-at="2021-04-05T21:19:38Z" finished-at="2021-04-05T21:19:50Z">
          <reporter-output>
          </reporter-output>
        </test-method> <!-- beforeMethod -->
        <test-method status="PASS" signature="afterMethod()[pri:0, instance:testcases.APP_GUI@1810399e]" name="afterMethod" is-config="true" duration-ms="0" started-at="2021-04-05T21:19:38Z" finished-at="2021-04-05T21:19:38Z">
          <reporter-output>
          </reporter-output>
        </test-method> <!-- afterMethod -->
        <test-method status="FAIL" signature="APP_GUI_09_Data_file_Spreadsheet_Menu_list()[pri:0, instance:testcases.APP_GUI@1810399e]" name="APP_GUI_09_Data_file_Spreadsheet_Menu_list" duration-ms="461977" started-at="2021-04-05T21:19:50Z" finished-at="2021-04-05T21:27:32Z">
          <exception class="java.lang.AssertionError">
            <message>
              <![CDATA[The following asserts failed:
	@@line_start [1755] line_end; expected [Not found] but found [Training uitest_cyberobject_com_cn/ui_app_test/data/UI_Data_folder_02/UI_Data_file_termdef.xlsx]gui_start  gui_end,
	@@line_start [1757] line_end; expected [Not found] but found [trained spreadsheet doc [uitest_cyberobject_com_cn/ui_app_test/Data/UI_Data_folder_02/UI_Data_file_termdef.xlsx]]gui_start  gui_end]]>
            </message>
            <full-stacktrace>
              <![CDATA[java.lang.AssertionError: The following asserts failed:
	@@line_start [1755] line_end; expected [Not found] but found [Training uitest_cyberobject_com_cn/ui_app_test/data/UI_Data_folder_02/UI_Data_file_termdef.xlsx]gui_start  gui_end,
	@@line_start [1757] line_end; expected [Not found] but found [trained spreadsheet doc [uitest_cyberobject_com_cn/ui_app_test/Data/UI_Data_folder_02/UI_Data_file_termdef.xlsx]]gui_start  gui_end
	at org.testng.asserts.SoftAssert.assertAll(SoftAssert.java:43)
	at testcases.APP_GUI.APP_GUI_09_Data_file_Spreadsheet_Menu_list(APP_GUI.java:1986)
	at sun.reflect.NativeMethodAccessorImpl.invoke0(Native Method)
	at sun.reflect.NativeMethodAccessorImpl.invoke(NativeMethodAccessorImpl.java:62)
	at sun.reflect.DelegatingMethodAccessorImpl.invoke(DelegatingMethodAccessorImpl.java:43)
	at java.lang.reflect.Method.invoke(Method.java:498)
	at org.testng.internal.MethodInvocationHelper.invokeMethod(MethodInvocationHelper.java:85)
	at org.testng.internal.Invoker.invokeMethod(Invoker.java:639)
	at org.testng.internal.Invoker.invokeTestMethod(Invoker.java:816)
	at org.testng.internal.Invoker.invokeTestMethods(Invoker.java:1124)
	at org.testng.internal.TestMethodWorker.invokeTestMethods(TestMethodWorker.java:125)
	at org.testng.internal.TestMethodWorker.run(TestMethodWorker.java:108)
	at java.util.concurrent.ThreadPoolExecutor.runWorker(ThreadPoolExecutor.java:1149)
	at java.util.concurrent.ThreadPoolExecutor$Worker.run(ThreadPoolExecutor.java:624)
	at java.lang.Thread.run(Thread.java:748)
]]>
            </full-stacktrace>
          </exception> <!-- java.lang.AssertionError -->
          <reporter-output>
          </reporter-output>
        </test-method> <!-- APP_GUI_09_Data_file_Spreadsheet_Menu_list -->
        <test-method status="PASS" signature="afterMethod()[pri:0, instance:testcases.APP_GUI@1810399e]" name="afterMethod" is-config="true" duration-ms="0" started-at="2021-04-05T21:27:32Z" finished-at="2021-04-05T21:27:32Z">
          <reporter-output>
          </reporter-output>
        </test-method> <!-- afterMethod -->
        <test-method status="PASS" signature="beforeMethod()[pri:0, instance:testcases.APP_GUI@1810399e]" name="beforeMethod" is-config="true" duration-ms="12234" started-at="2021-04-05T21:27:32Z" finished-at="2021-04-05T21:27:44Z">
          <reporter-output>
          </reporter-output>
        </test-method> <!-- beforeMethod -->
        <test-method status="PASS" signature="APP_GUI_10_Document_Information()[pri:0, instance:testcases.APP_GUI@1810399e]" name="APP_GUI_10_Document_Information" duration-ms="89799" started-at="2021-04-05T21:27:44Z" finished-at="2021-04-05T21:29:14Z">
          <reporter-output>
          </reporter-output>
        </test-method> <!-- APP_GUI_10_Document_Information -->
        <test-method status="PASS" signature="afterMethod()[pri:0, instance:testcases.APP_GUI@1810399e]" name="afterMethod" is-config="true" duration-ms="0" started-at="2021-04-05T21:29:14Z" finished-at="2021-04-05T21:29:14Z">
          <reporter-output>
          </reporter-output>
        </test-method> <!-- afterMethod -->
        <test-method status="PASS" signature="beforeMethod()[pri:0, instance:testcases.APP_GUI@1810399e]" name="beforeMethod" is-config="true" duration-ms="12174" started-at="2021-04-05T21:29:14Z" finished-at="2021-04-05T21:29:26Z">
          <reporter-output>
          </reporter-output>
        </test-method> <!-- beforeMethod -->
        <test-method status="FAIL" signature="APP_GUI_11_Document_Menu_list()[pri:0, instance:testcases.APP_GUI@1810399e]" name="APP_GUI_11_Document_Menu_list" duration-ms="250391" started-at="2021-04-05T21:29:26Z" finished-at="2021-04-05T21:33:37Z">
          <exception class="java.lang.AssertionError">
            <message>
              <![CDATA[The following asserts failed:
	@@line_start [62] line_end; expected [] but found [MouseRightClick failed!]gui_start  gui_end,
	@@line_start [2456] line_end; expected [Not found] but found [Start training doc UI_Doc_folder_01/UI_Doc_file_JumpFlowOne.rex]gui_start  gui_end]]>
            </message>
            <full-stacktrace>
              <![CDATA[java.lang.AssertionError: The following asserts failed:
	@@line_start [62] line_end; expected [] but found [MouseRightClick failed!]gui_start  gui_end,
	@@line_start [2456] line_end; expected [Not found] but found [Start training doc UI_Doc_folder_01/UI_Doc_file_JumpFlowOne.rex]gui_start  gui_end
	at org.testng.asserts.SoftAssert.assertAll(SoftAssert.java:43)
	at testcases.APP_GUI.APP_GUI_11_Document_Menu_list(APP_GUI.java:2588)
	at sun.reflect.NativeMethodAccessorImpl.invoke0(Native Method)
	at sun.reflect.NativeMethodAccessorImpl.invoke(NativeMethodAccessorImpl.java:62)
	at sun.reflect.DelegatingMethodAccessorImpl.invoke(DelegatingMethodAccessorImpl.java:43)
	at java.lang.reflect.Method.invoke(Method.java:498)
	at org.testng.internal.MethodInvocationHelper.invokeMethod(MethodInvocationHelper.java:85)
	at org.testng.internal.Invoker.invokeMethod(Invoker.java:639)
	at org.testng.internal.Invoker.invokeTestMethod(Invoker.java:816)
	at org.testng.internal.Invoker.invokeTestMethods(Invoker.java:1124)
	at org.testng.internal.TestMethodWorker.invokeTestMethods(TestMethodWorker.java:125)
	at org.testng.internal.TestMethodWorker.run(TestMethodWorker.java:108)
	at java.util.concurrent.ThreadPoolExecutor.runWorker(ThreadPoolExecutor.java:1149)
	at java.util.concurrent.ThreadPoolExecutor$Worker.run(ThreadPoolExecutor.java:624)
	at java.lang.Thread.run(Thread.java:748)
]]>
            </full-stacktrace>
          </exception> <!-- java.lang.AssertionError -->
          <reporter-output>
          </reporter-output>
        </test-method> <!-- APP_GUI_11_Document_Menu_list -->
        <test-method status="PASS" signature="afterMethod()[pri:0, instance:testcases.APP_GUI@1810399e]" name="afterMethod" is-config="true" duration-ms="0" started-at="2021-04-05T21:33:37Z" finished-at="2021-04-05T21:33:37Z">
          <reporter-output>
          </reporter-output>
        </test-method> <!-- afterMethod -->
        <test-method status="PASS" signature="beforeMethod()[pri:0, instance:testcases.APP_GUI@1810399e]" name="beforeMethod" is-config="true" duration-ms="12195" started-at="2021-04-05T21:33:37Z" finished-at="2021-04-05T21:33:49Z">
          <reporter-output>
          </reporter-output>
        </test-method> <!-- beforeMethod -->
        <test-method status="PASS" signature="APP_GUI_12_Document_folder_Information()[pri:0, instance:testcases.APP_GUI@1810399e]" name="APP_GUI_12_Document_folder_Information" duration-ms="87252" started-at="2021-04-05T21:33:49Z" finished-at="2021-04-05T21:35:16Z">
          <reporter-output>
          </reporter-output>
        </test-method> <!-- APP_GUI_12_Document_folder_Information -->
        <test-method status="PASS" signature="afterMethod()[pri:0, instance:testcases.APP_GUI@1810399e]" name="afterMethod" is-config="true" duration-ms="1" started-at="2021-04-05T21:35:16Z" finished-at="2021-04-05T21:35:16Z">
          <reporter-output>
          </reporter-output>
        </test-method> <!-- afterMethod -->
        <test-method status="PASS" signature="beforeMethod()[pri:0, instance:testcases.APP_GUI@1810399e]" name="beforeMethod" is-config="true" duration-ms="12208" started-at="2021-04-05T21:35:16Z" finished-at="2021-04-05T21:35:28Z">
          <reporter-output>
          </reporter-output>
        </test-method> <!-- beforeMethod -->
        <test-method status="FAIL" signature="APP_GUI_13_Document_folder_Menu_list()[pri:0, instance:testcases.APP_GUI@1810399e]" name="APP_GUI_13_Document_folder_Menu_list" duration-ms="589914" started-at="2021-04-05T21:35:28Z" finished-at="2021-04-05T21:45:18Z">
          <exception class="java.lang.AssertionError">
            <message>
              <![CDATA[The following asserts failed:
	@@line_start [62] line_end; expected [] but found [MouseRightClick failed!]gui_start  gui_end,
	@@line_start [2665] line_end; expected [Not found] but found [Start training doc UI_Doc_folder_01/UI_Doc_file_JumpFlowOne.rex]gui_start  gui_end,
	@@line_start [2668] line_end; expected [Not found] but found [Start training doc UI_Doc_folder_01/UI_Doc_file_JumpFlowOne.rex]gui_start  gui_end,
	@@line_start [2856] line_end;gui_start java.lang.NullPointerException gui_end]]>
            </message>
            <full-stacktrace>
              <![CDATA[java.lang.AssertionError: The following asserts failed:
	@@line_start [62] line_end; expected [] but found [MouseRightClick failed!]gui_start  gui_end,
	@@line_start [2665] line_end; expected [Not found] but found [Start training doc UI_Doc_folder_01/UI_Doc_file_JumpFlowOne.rex]gui_start  gui_end,
	@@line_start [2668] line_end; expected [Not found] but found [Start training doc UI_Doc_folder_01/UI_Doc_file_JumpFlowOne.rex]gui_start  gui_end,
	@@line_start [2856] line_end;gui_start java.lang.NullPointerException gui_end
	at org.testng.asserts.SoftAssert.assertAll(SoftAssert.java:43)
	at testcases.APP_GUI.APP_GUI_13_Document_folder_Menu_list(APP_GUI.java:2986)
	at sun.reflect.NativeMethodAccessorImpl.invoke0(Native Method)
	at sun.reflect.NativeMethodAccessorImpl.invoke(NativeMethodAccessorImpl.java:62)
	at sun.reflect.DelegatingMethodAccessorImpl.invoke(DelegatingMethodAccessorImpl.java:43)
	at java.lang.reflect.Method.invoke(Method.java:498)
	at org.testng.internal.MethodInvocationHelper.invokeMethod(MethodInvocationHelper.java:85)
	at org.testng.internal.Invoker.invokeMethod(Invoker.java:639)
	at org.testng.internal.Invoker.invokeTestMethod(Invoker.java:816)
	at org.testng.internal.Invoker.invokeTestMethods(Invoker.java:1124)
	at org.testng.internal.TestMethodWorker.invokeTestMethods(TestMethodWorker.java:125)
	at org.testng.internal.TestMethodWorker.run(TestMethodWorker.java:108)
	at java.util.concurrent.ThreadPoolExecutor.runWorker(ThreadPoolExecutor.java:1149)
	at java.util.concurrent.ThreadPoolExecutor$Worker.run(ThreadPoolExecutor.java:624)
	at java.lang.Thread.run(Thread.java:748)
]]>
            </full-stacktrace>
          </exception> <!-- java.lang.AssertionError -->
          <reporter-output>
          </reporter-output>
        </test-method> <!-- APP_GUI_13_Document_folder_Menu_list -->
        <test-method status="PASS" signature="afterMethod()[pri:0, instance:testcases.APP_GUI@1810399e]" name="afterMethod" is-config="true" duration-ms="14" started-at="2021-04-05T21:45:18Z" finished-at="2021-04-05T21:45:18Z">
          <reporter-output>
          </reporter-output>
        </test-method> <!-- afterMethod -->
        <test-method status="PASS" signature="beforeMethod()[pri:0, instance:testcases.APP_GUI@1810399e]" name="beforeMethod" is-config="true" duration-ms="12163" started-at="2021-04-05T21:45:18Z" finished-at="2021-04-05T21:45:30Z">
          <reporter-output>
          </reporter-output>
        </test-method> <!-- beforeMethod -->
        <test-method status="PASS" signature="APP_GUI_14_Document_file_Information()[pri:0, instance:testcases.APP_GUI@1810399e]" name="APP_GUI_14_Document_file_Information" duration-ms="66528" started-at="2021-04-05T21:45:30Z" finished-at="2021-04-05T21:46:37Z">
          <reporter-output>
          </reporter-output>
        </test-method> <!-- APP_GUI_14_Document_file_Information -->
        <test-method status="PASS" signature="afterMethod()[pri:0, instance:testcases.APP_GUI@1810399e]" name="afterMethod" is-config="true" duration-ms="1" started-at="2021-04-05T21:46:37Z" finished-at="2021-04-05T21:46:37Z">
          <reporter-output>
          </reporter-output>
        </test-method> <!-- afterMethod -->
        <test-method status="PASS" signature="beforeMethod()[pri:0, instance:testcases.APP_GUI@1810399e]" name="beforeMethod" is-config="true" duration-ms="12211" started-at="2021-04-05T21:46:37Z" finished-at="2021-04-05T21:46:49Z">
          <reporter-output>
          </reporter-output>
        </test-method> <!-- beforeMethod -->
        <test-method status="FAIL" signature="APP_GUI_15_Document_file_Menu_list()[pri:0, instance:testcases.APP_GUI@1810399e]" name="APP_GUI_15_Document_file_Menu_list" duration-ms="300183" started-at="2021-04-05T21:46:49Z" finished-at="2021-04-05T21:51:49Z">
          <exception class="java.lang.AssertionError">
            <message>
              <![CDATA[The following asserts failed:
	@@line_start [3140] line_end; expected [Not found] but found [Start training UI_Doc_file_testrex.rex]gui_start  gui_end]]>
            </message>
            <full-stacktrace>
              <![CDATA[java.lang.AssertionError: The following asserts failed:
	@@line_start [3140] line_end; expected [Not found] but found [Start training UI_Doc_file_testrex.rex]gui_start  gui_end
	at org.testng.asserts.SoftAssert.assertAll(SoftAssert.java:43)
	at testcases.APP_GUI.APP_GUI_15_Document_file_Menu_list(APP_GUI.java:3357)
	at sun.reflect.NativeMethodAccessorImpl.invoke0(Native Method)
	at sun.reflect.NativeMethodAccessorImpl.invoke(NativeMethodAccessorImpl.java:62)
	at sun.reflect.DelegatingMethodAccessorImpl.invoke(DelegatingMethodAccessorImpl.java:43)
	at java.lang.reflect.Method.invoke(Method.java:498)
	at org.testng.internal.MethodInvocationHelper.invokeMethod(MethodInvocationHelper.java:85)
	at org.testng.internal.Invoker.invokeMethod(Invoker.java:639)
	at org.testng.internal.Invoker.invokeTestMethod(Invoker.java:816)
	at org.testng.internal.Invoker.invokeTestMethods(Invoker.java:1124)
	at org.testng.internal.TestMethodWorker.invokeTestMethods(TestMethodWorker.java:125)
	at org.testng.internal.TestMethodWorker.run(TestMethodWorker.java:108)
	at java.util.concurrent.ThreadPoolExecutor.runWorker(ThreadPoolExecutor.java:1149)
	at java.util.concurrent.ThreadPoolExecutor$Worker.run(ThreadPoolExecutor.java:624)
	at java.lang.Thread.run(Thread.java:748)
]]>
            </full-stacktrace>
          </exception> <!-- java.lang.AssertionError -->
          <reporter-output>
          </reporter-output>
        </test-method> <!-- APP_GUI_15_Document_file_Menu_list -->
        <test-method status="PASS" signature="beforeMethod()[pri:0, instance:testcases.APP_GUI@1810399e]" name="beforeMethod" is-config="true" duration-ms="12156" started-at="2021-04-05T21:51:49Z" finished-at="2021-04-05T21:52:01Z">
          <reporter-output>
          </reporter-output>
        </test-method> <!-- beforeMethod -->
        <test-method status="PASS" signature="afterMethod()[pri:0, instance:testcases.APP_GUI@1810399e]" name="afterMethod" is-config="true" duration-ms="0" started-at="2021-04-05T21:51:49Z" finished-at="2021-04-05T21:51:49Z">
          <reporter-output>
          </reporter-output>
        </test-method> <!-- afterMethod -->
        <test-method status="FAIL" signature="APP_GUI_20_Channel_Information()[pri:0, instance:testcases.APP_GUI@1810399e]" name="APP_GUI_20_Channel_Information" duration-ms="257799" started-at="2021-04-05T21:52:01Z" finished-at="2021-04-05T21:56:19Z">
          <exception class="java.lang.AssertionError">
            <message>
              <![CDATA[The following asserts failed:
	@@line_start [3885] line_end; expected [Displayed] but found [NotFound]gui_start By.xpath: //div[@class='text-center ng-binding'][text()='Amazon Alexa Voice']/parent::div/preceding-sibling::img gui_end,
	@@line_start [3886] line_end; expected [Displayed] but found [NotFound]gui_start By.xpath: //div[@class='text-center ng-binding'][text()='Amazon Alexa Voice'] gui_end,
	@@line_start [3887] line_end; expected [Displayed] but found [NotFound]gui_start By.xpath: //div[@class='text-center ng-binding'][text()='Amazon Alexa Voice']/parent::div//label gui_end,
	@@line_start [3885] line_end; expected [Displayed] but found [NotFound]gui_start By.xpath: //div[@class='text-center ng-binding'][text()='Facebook Messenger']/parent::div/preceding-sibling::img gui_end,
	@@line_start [3886] line_end; expected [Displayed] but found [NotFound]gui_start By.xpath: //div[@class='text-center ng-binding'][text()='Facebook Messenger'] gui_end,
	@@line_start [3887] line_end; expected [Displayed] but found [NotFound]gui_start By.xpath: //div[@class='text-center ng-binding'][text()='Facebook Messenger']/parent::div//label gui_end,
	@@line_start [3885] line_end; expected [Displayed] but found [NotFound]gui_start By.xpath: //div[@class='text-center ng-binding'][text()='iOS']/parent::div/preceding-sibling::img gui_end,
	@@line_start [3886] line_end; expected [Displayed] but found [NotFound]gui_start By.xpath: //div[@class='text-center ng-binding'][text()='iOS'] gui_end,
	@@line_start [3887] line_end; expected [Displayed] but found [NotFound]gui_start By.xpath: //div[@class='text-center ng-binding'][text()='iOS']/parent::div//label gui_end,
	@@line_start [3885] line_end; expected [Displayed] but found [NotFound]gui_start By.xpath: //div[@class='text-center ng-binding'][text()='Mattermost']/parent::div/preceding-sibling::img gui_end,
	@@line_start [3886] line_end; expected [Displayed] but found [NotFound]gui_start By.xpath: //div[@class='text-center ng-binding'][text()='Mattermost'] gui_end,
	@@line_start [3887] line_end; expected [Displayed] but found [NotFound]gui_start By.xpath: //div[@class='text-center ng-binding'][text()='Mattermost']/parent::div//label gui_end,
	@@line_start [3885] line_end; expected [Displayed] but found [NotFound]gui_start By.xpath: //div[@class='text-center ng-binding'][text()='Microsoft Skype']/parent::div/preceding-sibling::img gui_end,
	@@line_start [3886] line_end; expected [Displayed] but found [NotFound]gui_start By.xpath: //div[@class='text-center ng-binding'][text()='Microsoft Skype'] gui_end,
	@@line_start [3887] line_end; expected [Displayed] but found [NotFound]gui_start By.xpath: //div[@class='text-center ng-binding'][text()='Microsoft Skype']/parent::div//label gui_end,
	@@line_start [3885] line_end; expected [Displayed] but found [NotFound]gui_start By.xpath: //div[@class='text-center ng-binding'][text()='Tropo SMS']/parent::div/preceding-sibling::img gui_end,
	@@line_start [3886] line_end; expected [Displayed] but found [NotFound]gui_start By.xpath: //div[@class='text-center ng-binding'][text()='Tropo SMS'] gui_end,
	@@line_start [3887] line_end; expected [Displayed] but found [NotFound]gui_start By.xpath: //div[@class='text-center ng-binding'][text()='Tropo SMS']/parent::div//label gui_end,
	@@line_start [3885] line_end; expected [Displayed] but found [NotFound]gui_start By.xpath: //div[@class='text-center ng-binding'][text()='Tropo Voice']/parent::div/preceding-sibling::img gui_end,
	@@line_start [3886] line_end; expected [Displayed] but found [NotFound]gui_start By.xpath: //div[@class='text-center ng-binding'][text()='Tropo Voice'] gui_end,
	@@line_start [3887] line_end; expected [Displayed] but found [NotFound]gui_start By.xpath: //div[@class='text-center ng-binding'][text()='Tropo Voice']/parent::div//label gui_end,
	@@line_start [3906] line_end;gui_start org.openqa.selenium.NoSuchElementException: no such element: Unable to locate element: {"method":"xpath","selector":"//div[@class='text-center ng-binding'][text()='iOS']/parent::div//label"}
  (Session info: chrome=88.0.4324.96)
  (Driver info: chromedriver=88.0.4324.96 (68dba2d8a0b149a1d3afac56fa74648032bcf46b-refs/branch-heads/4324@{#1784}),platform=Windows NT 6.1.7601 SP1 x86_64) (WARNING: The server did not provide any stacktrace information)
Command duration or timeout: 5.06 seconds
For documentation on this error, please visit: http://seleniumhq.org/exceptions/no_such_element.html
Build info: version: '2.53.0', revision: '35ae25b', time: '2016-03-15 16:57:40'
System info: host: 'FTR3COF93BK8A76', ip: '192.168.0.201', os.name: 'Windows 7', os.arch: 'amd64', os.version: '6.1', java.version: '1.8.0_144'
Driver info: org.openqa.selenium.chrome.ChromeDriver
Capabilities [{mobileEmulationEnabled=false, timeouts={implicit=0, pageLoad=300000, script=30000}, hasTouchScreen=false, platform=XP, acceptSslCerts=false, goog:chromeOptions={debuggerAddress=localhost:50156}, acceptInsecureCerts=false, webStorageEnabled=true, browserName=chrome, takesScreenshot=true, javascriptEnabled=true, setWindowRect=true, webauthn:extension:largeBlob=true, unexpectedAlertBehaviour=ignore, applicationCacheEnabled=false, rotatable=false, networkConnectionEnabled=false, chrome={chromedriverVersion=88.0.4324.96 (68dba2d8a0b149a1d3afac56fa74648032bcf46b-refs/branch-heads/4324@{#1784}), userDataDir=C:\Users\yulei\AppData\Local\Temp\scoped_dir7996_876316333}, takesHeapSnapshot=true, pageLoadStrategy=normal, strictFileInteractability=false, databaseEnabled=false, handlesAlerts=true, version=88.0.4324.96, browserConnectionEnabled=false, proxy={}, nativeEvents=true, locationContextEnabled=true, cssSelectorsEnabled=true, webauthn:virtualAuthenticators=true}]
Session ID: 342e27968fbe578c07a832fd5458ba8b
*** Element info: {Using=xpath, value=//div[@class='text-center ng-binding'][text()='iOS']/parent::div//label} gui_end]]>
            </message>
            <full-stacktrace>
              <![CDATA[java.lang.AssertionError: The following asserts failed:
	@@line_start [3885] line_end; expected [Displayed] but found [NotFound]gui_start By.xpath: //div[@class='text-center ng-binding'][text()='Amazon Alexa Voice']/parent::div/preceding-sibling::img gui_end,
	@@line_start [3886] line_end; expected [Displayed] but found [NotFound]gui_start By.xpath: //div[@class='text-center ng-binding'][text()='Amazon Alexa Voice'] gui_end,
	@@line_start [3887] line_end; expected [Displayed] but found [NotFound]gui_start By.xpath: //div[@class='text-center ng-binding'][text()='Amazon Alexa Voice']/parent::div//label gui_end,
	@@line_start [3885] line_end; expected [Displayed] but found [NotFound]gui_start By.xpath: //div[@class='text-center ng-binding'][text()='Facebook Messenger']/parent::div/preceding-sibling::img gui_end,
	@@line_start [3886] line_end; expected [Displayed] but found [NotFound]gui_start By.xpath: //div[@class='text-center ng-binding'][text()='Facebook Messenger'] gui_end,
	@@line_start [3887] line_end; expected [Displayed] but found [NotFound]gui_start By.xpath: //div[@class='text-center ng-binding'][text()='Facebook Messenger']/parent::div//label gui_end,
	@@line_start [3885] line_end; expected [Displayed] but found [NotFound]gui_start By.xpath: //div[@class='text-center ng-binding'][text()='iOS']/parent::div/preceding-sibling::img gui_end,
	@@line_start [3886] line_end; expected [Displayed] but found [NotFound]gui_start By.xpath: //div[@class='text-center ng-binding'][text()='iOS'] gui_end,
	@@line_start [3887] line_end; expected [Displayed] but found [NotFound]gui_start By.xpath: //div[@class='text-center ng-binding'][text()='iOS']/parent::div//label gui_end,
	@@line_start [3885] line_end; expected [Displayed] but found [NotFound]gui_start By.xpath: //div[@class='text-center ng-binding'][text()='Mattermost']/parent::div/preceding-sibling::img gui_end,
	@@line_start [3886] line_end; expected [Displayed] but found [NotFound]gui_start By.xpath: //div[@class='text-center ng-binding'][text()='Mattermost'] gui_end,
	@@line_start [3887] line_end; expected [Displayed] but found [NotFound]gui_start By.xpath: //div[@class='text-center ng-binding'][text()='Mattermost']/parent::div//label gui_end,
	@@line_start [3885] line_end; expected [Displayed] but found [NotFound]gui_start By.xpath: //div[@class='text-center ng-binding'][text()='Microsoft Skype']/parent::div/preceding-sibling::img gui_end,
	@@line_start [3886] line_end; expected [Displayed] but found [NotFound]gui_start By.xpath: //div[@class='text-center ng-binding'][text()='Microsoft Skype'] gui_end,
	@@line_start [3887] line_end; expected [Displayed] but found [NotFound]gui_start By.xpath: //div[@class='text-center ng-binding'][text()='Microsoft Skype']/parent::div//label gui_end,
	@@line_start [3885] line_end; expected [Displayed] but found [NotFound]gui_start By.xpath: //div[@class='text-center ng-binding'][text()='Tropo SMS']/parent::div/preceding-sibling::img gui_end,
	@@line_start [3886] line_end; expected [Displayed] but found [NotFound]gui_start By.xpath: //div[@class='text-center ng-binding'][text()='Tropo SMS'] gui_end,
	@@line_start [3887] line_end; expected [Displayed] but found [NotFound]gui_start By.xpath: //div[@class='text-center ng-binding'][text()='Tropo SMS']/parent::div//label gui_end,
	@@line_start [3885] line_end; expected [Displayed] but found [NotFound]gui_start By.xpath: //div[@class='text-center ng-binding'][text()='Tropo Voice']/parent::div/preceding-sibling::img gui_end,
	@@line_start [3886] line_end; expected [Displayed] but found [NotFound]gui_start By.xpath: //div[@class='text-center ng-binding'][text()='Tropo Voice'] gui_end,
	@@line_start [3887] line_end; expected [Displayed] but found [NotFound]gui_start By.xpath: //div[@class='text-center ng-binding'][text()='Tropo Voice']/parent::div//label gui_end,
	@@line_start [3906] line_end;gui_start org.openqa.selenium.NoSuchElementException: no such element: Unable to locate element: {"method":"xpath","selector":"//div[@class='text-center ng-binding'][text()='iOS']/parent::div//label"}
  (Session info: chrome=88.0.4324.96)
  (Driver info: chromedriver=88.0.4324.96 (68dba2d8a0b149a1d3afac56fa74648032bcf46b-refs/branch-heads/4324@{#1784}),platform=Windows NT 6.1.7601 SP1 x86_64) (WARNING: The server did not provide any stacktrace information)
Command duration or timeout: 5.06 seconds
For documentation on this error, please visit: http://seleniumhq.org/exceptions/no_such_element.html
Build info: version: '2.53.0', revision: '35ae25b', time: '2016-03-15 16:57:40'
System info: host: 'FTR3COF93BK8A76', ip: '192.168.0.201', os.name: 'Windows 7', os.arch: 'amd64', os.version: '6.1', java.version: '1.8.0_144'
Driver info: org.openqa.selenium.chrome.ChromeDriver
Capabilities [{mobileEmulationEnabled=false, timeouts={implicit=0, pageLoad=300000, script=30000}, hasTouchScreen=false, platform=XP, acceptSslCerts=false, goog:chromeOptions={debuggerAddress=localhost:50156}, acceptInsecureCerts=false, webStorageEnabled=true, browserName=chrome, takesScreenshot=true, javascriptEnabled=true, setWindowRect=true, webauthn:extension:largeBlob=true, unexpectedAlertBehaviour=ignore, applicationCacheEnabled=false, rotatable=false, networkConnectionEnabled=false, chrome={chromedriverVersion=88.0.4324.96 (68dba2d8a0b149a1d3afac56fa74648032bcf46b-refs/branch-heads/4324@{#1784}), userDataDir=C:\Users\yulei\AppData\Local\Temp\scoped_dir7996_876316333}, takesHeapSnapshot=true, pageLoadStrategy=normal, strictFileInteractability=false, databaseEnabled=false, handlesAlerts=true, version=88.0.4324.96, browserConnectionEnabled=false, proxy={}, nativeEvents=true, locationContextEnabled=true, cssSelectorsEnabled=true, webauthn:virtualAuthenticators=true}]
Session ID: 342e27968fbe578c07a832fd5458ba8b
*** Element info: {Using=xpath, value=//div[@class='text-center ng-binding'][text()='iOS']/parent::div//label} gui_end
	at org.testng.asserts.SoftAssert.assertAll(SoftAssert.java:43)
	at testcases.APP_GUI.APP_GUI_20_Channel_Information(APP_GUI.java:3932)
	at sun.reflect.NativeMethodAccessorImpl.invoke0(Native Method)
	at sun.reflect.NativeMethodAccessorImpl.invoke(NativeMethodAccessorImpl.java:62)
	at sun.reflect.DelegatingMethodAccessorImpl.invoke(DelegatingMethodAccessorImpl.java:43)
	at java.lang.reflect.Method.invoke(Method.java:498)
	at org.testng.internal.MethodInvocationHelper.invokeMethod(MethodInvocationHelper.java:85)
	at org.testng.internal.Invoker.invokeMethod(Invoker.java:639)
	at org.testng.internal.Invoker.invokeTestMethod(Invoker.java:816)
	at org.testng.internal.Invoker.invokeTestMethods(Invoker.java:1124)
	at org.testng.internal.TestMethodWorker.invokeTestMethods(TestMethodWorker.java:125)
	at org.testng.internal.TestMethodWorker.run(TestMethodWorker.java:108)
	at java.util.concurrent.ThreadPoolExecutor.runWorker(ThreadPoolExecutor.java:1149)
	at java.util.concurrent.ThreadPoolExecutor$Worker.run(ThreadPoolExecutor.java:624)
	at java.lang.Thread.run(Thread.java:748)
]]>
            </full-stacktrace>
          </exception> <!-- java.lang.AssertionError -->
          <reporter-output>
          </reporter-output>
        </test-method> <!-- APP_GUI_20_Channel_Information -->
        <test-method status="PASS" signature="afterMethod()[pri:0, instance:testcases.APP_GUI@1810399e]" name="afterMethod" is-config="true" duration-ms="0" started-at="2021-04-05T21:56:19Z" finished-at="2021-04-05T21:56:19Z">
          <reporter-output>
          </reporter-output>
        </test-method> <!-- afterMethod -->
        <test-method status="PASS" signature="beforeMethod()[pri:0, instance:testcases.APP_GUI@1810399e]" name="beforeMethod" is-config="true" duration-ms="12155" started-at="2021-04-05T21:56:19Z" finished-at="2021-04-05T21:56:31Z">
          <reporter-output>
          </reporter-output>
        </test-method> <!-- beforeMethod -->
        <test-method status="FAIL" signature="APP_GUI_21_Mattermost_Test()[pri:0, instance:testcases.APP_GUI@1810399e]" name="APP_GUI_21_Mattermost_Test" duration-ms="52024" started-at="2021-04-05T21:56:31Z" finished-at="2021-04-05T21:57:23Z">
          <exception class="java.lang.AssertionError">
            <message>
              <![CDATA[The following asserts failed:
	@@line_start [3952] line_end; expected [UI_app_testLogic is start.
Are you 18?
1. Yes
2. No] but found [A glass of wine
] expected [true] but found [false],
	@@line_start [3956] line_end; expected [UI_app_testLogic is start.
Of course, will be soon.] but found [Yes!
] expected [true] but found [false]]]>
            </message>
            <full-stacktrace>
              <![CDATA[java.lang.AssertionError: The following asserts failed:
	@@line_start [3952] line_end; expected [UI_app_testLogic is start.
Are you 18?
1. Yes
2. No] but found [A glass of wine
] expected [true] but found [false],
	@@line_start [3956] line_end; expected [UI_app_testLogic is start.
Of course, will be soon.] but found [Yes!
] expected [true] but found [false]
	at org.testng.asserts.SoftAssert.assertAll(SoftAssert.java:43)
	at testcases.APP_GUI.APP_GUI_21_Mattermost_Test(APP_GUI.java:3971)
	at sun.reflect.NativeMethodAccessorImpl.invoke0(Native Method)
	at sun.reflect.NativeMethodAccessorImpl.invoke(NativeMethodAccessorImpl.java:62)
	at sun.reflect.DelegatingMethodAccessorImpl.invoke(DelegatingMethodAccessorImpl.java:43)
	at java.lang.reflect.Method.invoke(Method.java:498)
	at org.testng.internal.MethodInvocationHelper.invokeMethod(MethodInvocationHelper.java:85)
	at org.testng.internal.Invoker.invokeMethod(Invoker.java:639)
	at org.testng.internal.Invoker.invokeTestMethod(Invoker.java:816)
	at org.testng.internal.Invoker.invokeTestMethods(Invoker.java:1124)
	at org.testng.internal.TestMethodWorker.invokeTestMethods(TestMethodWorker.java:125)
	at org.testng.internal.TestMethodWorker.run(TestMethodWorker.java:108)
	at java.util.concurrent.ThreadPoolExecutor.runWorker(ThreadPoolExecutor.java:1149)
	at java.util.concurrent.ThreadPoolExecutor$Worker.run(ThreadPoolExecutor.java:624)
	at java.lang.Thread.run(Thread.java:748)
]]>
            </full-stacktrace>
          </exception> <!-- java.lang.AssertionError -->
          <reporter-output>
          </reporter-output>
        </test-method> <!-- APP_GUI_21_Mattermost_Test -->
        <test-method status="PASS" signature="afterMethod()[pri:0, instance:testcases.APP_GUI@1810399e]" name="afterMethod" is-config="true" duration-ms="0" started-at="2021-04-05T21:57:23Z" finished-at="2021-04-05T21:57:23Z">
          <reporter-output>
          </reporter-output>
        </test-method> <!-- afterMethod -->
        <test-method status="PASS" signature="afterClass()[pri:0, instance:testcases.APP_GUI@1810399e]" name="afterClass" is-config="true" duration-ms="17" started-at="2021-04-05T21:57:23Z" finished-at="2021-04-05T21:57:23Z">
          <reporter-output>
          </reporter-output>
        </test-method> <!-- afterClass -->
      </class> <!-- testcases.APP_GUI -->
    </test> <!-- Default test -->
  </suite> <!-- Batch_1 -->
</testng-results>
