<html>
<head>
<title>TestNG:  Default test</title>
<link href="../testng.css" rel="stylesheet" type="text/css" />
<link href="../my-testng.css" rel="stylesheet" type="text/css" />

<style type="text/css">
.log { display: none;} 
.stack-trace { display: none;} 
</style>
<script type="text/javascript">
<!--
function flip(e) {
  current = e.style.display;
  if (current == 'block') {
    e.style.display = 'none';
    return 0;
  }
  else {
    e.style.display = 'block';
    return 1;
  }
}

function toggleBox(szDivId, elem, msg1, msg2)
{
  var res = -1;  if (document.getElementById) {
    res = flip(document.getElementById(szDivId));
  }
  else if (document.all) {
    // this is the way old msie versions work
    res = flip(document.all[szDivId]);
  }
  if(elem) {
    if(res == 0) elem.innerHTML = msg1; else elem.innerHTML = msg2;
  }

}

function toggleAllBoxes() {
  if (document.getElementsByTagName) {
    d = document.getElementsByTagName('div');
    for (i = 0; i < d.length; i++) {
      if (d[i].className == 'log') {
        flip(d[i]);
      }
    }
  }
}

// -->
</script>

</head>
<body>
<h2 align='center'>Default test</h2><table border='1' align="center">
<tr>
<td>Tests passed/Failed/Skipped:</td><td>5/21/0</td>
</tr><tr>
<td>Started on:</td><td>Sun Mar 28 21:44:44 EDT 2021</td>
</tr>
<tr><td>Total time:</td><td>6161 seconds (6161221 ms)</td>
</tr><tr>
<td>Included groups:</td><td></td>
</tr><tr>
<td>Excluded groups:</td><td></td>
</tr>
</table><p/>
<small><i>(Hover the method name to see the test class name)</i></small><p/>
<table width='100%' border='1' class='invocation-failed'>
<tr><td colspan='4' align='center'><b>FAILED TESTS</b></td></tr>
<tr><td><b>Test method</b></td>
<td width="30%"><b>Exception</b></td>
<td width="10%"><b>Time (seconds)</b></td>
<td><b>Instance</b></td>
</tr>
<tr>
<td title='testcases.UI_Data_file_termdef.IntelliSense_01_Term_Filter_Rex()'><b>IntelliSense_01_Term_Filter_Rex</b><br>Test class: testcases.UI_Data_file_termdef</td>
<td><div><pre>java.lang.AssertionError: The following asserts failed:
	@@line_start [201] line_end; expected [Use] but found [User]gui_start [[[[ChromeDriver: chrome on XP (aa8b00c2be41d7ad3ed8a045461ba8b8)] -&gt; xpath: //ul[@id=&apos;AutoCompleteMenu&apos;]/li//strong]] -&gt; xpath: .//span[@style=&apos;color:red;&apos;]] gui_end,
	@@line_start [202] line_end; expected [use] but found [user]gui_start [[[[ChromeDriver: chrome on XP (aa8b00c2be41d7ad3ed8a045461ba8b8)] -&gt; xpath: //ul[@id=&apos;AutoCompleteMenu&apos;]/li//strong]] -&gt; xpath: .//span[@style=&apos;color:red;&apos;]] gui_end,
	@@line_start [203] line_end; expected [use] but found [user]gui_start [[[[ChromeDriver: chrome on XP (aa8b00c2be41d7ad3ed8a045461ba8b8)] -&gt; xpath: //ul[@id=&apos;AutoCompleteMenu&apos;]/li//strong]] -&gt; xpath: .//span[@style=&apos;color:red;&apos;]] gui_end,
	@@line_start [207] line_end; expected [NotFound] but found [Displayed]gui_start  gui_end,
	@@line_start [208] line_end; expected [NotFound] but found [Displayed]gui_start  gui_end,
	@@line_start [209] line_end; expected [NotFound] but found [Displayed]gui_start  gui_end,
	@@line_start [210] line_end; expected [NotFound] but found [Displayed]gui_start  gui_end,
	@@line_start [211] line_end;gui_start java.lang.NullPointerException gui_end
	at org.testng.asserts.SoftAssert.assertAll(SoftAssert.java:43)
	at testcases.UI_Data_file_termdef.IntelliSense_01_Term_Filter_Rex(UI_Data_file_termdef.java:272)
	at sun.reflect.NativeMethodAccessorImpl.invoke0(Native Method)
	at sun.reflect.NativeMethodAccessorImpl.invoke(NativeMethodAccessorImpl.java:62)
	at sun.reflect.DelegatingMethodAccessorImpl.invoke(DelegatingMethodAccessorImpl.java:43)
	at java.lang.reflect.Method.invoke(Method.java:498)
	at org.testng.internal.MethodInvocationHelper.invokeMethod(MethodInvocationHelper.java:85)
	at org.testng.internal.Invoker.invokeMethod(Invoker.java:639)
	at org.testng.internal.Invoker.invokeTestMethod(Invoker.java:816)
	at org.testng.internal.Invoker.invokeTestMethods(Invoker.java:1124)
	at org.testng.internal.TestMethodWorker.invokeTestMethods(TestMethodWorker.java:125)
	at org.testng.internal.TestMethodWorker.run(TestMethodWorker.java:108)
	at java.util.concurrent.ThreadPoolExecutor.runWorker(ThreadPoolExecutor.java:1149)
	at java.util.concurrent.ThreadPoolExecutor$Worker.run(ThreadPoolExecutor.java:624)
	at java.lang.Thread.run(Thread.java:748)
</pre></div><a href='#' onClick='toggleBox("stack-trace236609785", this, "Click to show all stack frames", "Click to hide stack frames")'>Click to show all stack frames</a>
<div class='stack-trace' id='stack-trace236609785'><pre>java.lang.AssertionError: The following asserts failed:
	@@line_start [201] line_end; expected [Use] but found [User]gui_start [[[[ChromeDriver: chrome on XP (aa8b00c2be41d7ad3ed8a045461ba8b8)] -&gt; xpath: //ul[@id=&apos;AutoCompleteMenu&apos;]/li//strong]] -&gt; xpath: .//span[@style=&apos;color:red;&apos;]] gui_end,
	@@line_start [202] line_end; expected [use] but found [user]gui_start [[[[ChromeDriver: chrome on XP (aa8b00c2be41d7ad3ed8a045461ba8b8)] -&gt; xpath: //ul[@id=&apos;AutoCompleteMenu&apos;]/li//strong]] -&gt; xpath: .//span[@style=&apos;color:red;&apos;]] gui_end,
	@@line_start [203] line_end; expected [use] but found [user]gui_start [[[[ChromeDriver: chrome on XP (aa8b00c2be41d7ad3ed8a045461ba8b8)] -&gt; xpath: //ul[@id=&apos;AutoCompleteMenu&apos;]/li//strong]] -&gt; xpath: .//span[@style=&apos;color:red;&apos;]] gui_end,
	@@line_start [207] line_end; expected [NotFound] but found [Displayed]gui_start  gui_end,
	@@line_start [208] line_end; expected [NotFound] but found [Displayed]gui_start  gui_end,
	@@line_start [209] line_end; expected [NotFound] but found [Displayed]gui_start  gui_end,
	@@line_start [210] line_end; expected [NotFound] but found [Displayed]gui_start  gui_end,
	@@line_start [211] line_end;gui_start java.lang.NullPointerException gui_end
	at org.testng.asserts.SoftAssert.assertAll(SoftAssert.java:43)
	at testcases.UI_Data_file_termdef.IntelliSense_01_Term_Filter_Rex(UI_Data_file_termdef.java:272)
	at sun.reflect.NativeMethodAccessorImpl.invoke0(Native Method)
	at sun.reflect.NativeMethodAccessorImpl.invoke(NativeMethodAccessorImpl.java:62)
	at sun.reflect.DelegatingMethodAccessorImpl.invoke(DelegatingMethodAccessorImpl.java:43)
	at java.lang.reflect.Method.invoke(Method.java:498)
	at org.testng.internal.MethodInvocationHelper.invokeMethod(MethodInvocationHelper.java:85)
	at org.testng.internal.Invoker.invokeMethod(Invoker.java:639)
	at org.testng.internal.Invoker.invokeTestMethod(Invoker.java:816)
	at org.testng.internal.Invoker.invokeTestMethods(Invoker.java:1124)
	at org.testng.internal.TestMethodWorker.invokeTestMethods(TestMethodWorker.java:125)
	at org.testng.internal.TestMethodWorker.run(TestMethodWorker.java:108)
	at java.util.concurrent.ThreadPoolExecutor.runWorker(ThreadPoolExecutor.java:1149)
	at java.util.concurrent.ThreadPoolExecutor$Worker.run(ThreadPoolExecutor.java:624)
	at java.lang.Thread.run(Thread.java:748)
</pre></div></td>
<td>259</td>
<td>testcases.UI_Data_file_termdef@2ef5e5e3</td></tr>
<tr>
<td title='testcases.UI_Data_file_termdef.IntelliSense_04_Term_Orange_Rex()'><b>IntelliSense_04_Term_Orange_Rex</b><br>Test class: testcases.UI_Data_file_termdef</td>
<td><div><pre>java.lang.AssertionError: The following asserts failed:
	@@line_start [515] line_end; expected [Displayed] but found [NoSuchElement]gui_start element is null gui_end,
	@@line_start [516] line_end; expected [Displayed] but found [NoSuchElement]gui_start element is null gui_end,
	@@line_start [537] line_end;gui_start java.lang.NullPointerException gui_end
	at org.testng.asserts.SoftAssert.assertAll(SoftAssert.java:43)
	at testcases.UI_Data_file_termdef.IntelliSense_04_Term_Orange_Rex(UI_Data_file_termdef.java:642)
	at sun.reflect.NativeMethodAccessorImpl.invoke0(Native Method)
	at sun.reflect.NativeMethodAccessorImpl.invoke(NativeMethodAccessorImpl.java:62)
	at sun.reflect.DelegatingMethodAccessorImpl.invoke(DelegatingMethodAccessorImpl.java:43)
	at java.lang.reflect.Method.invoke(Method.java:498)
	at org.testng.internal.MethodInvocationHelper.invokeMethod(MethodInvocationHelper.java:85)
	at org.testng.internal.Invoker.invokeMethod(Invoker.java:639)
	at org.testng.internal.Invoker.invokeTestMethod(Invoker.java:816)
	at org.testng.internal.Invoker.invokeTestMethods(Invoker.java:1124)
	at org.testng.internal.TestMethodWorker.invokeTestMethods(TestMethodWorker.java:125)
	at org.testng.internal.TestMethodWorker.run(TestMethodWorker.java:108)
	at java.util.concurrent.ThreadPoolExecutor.runWorker(ThreadPoolExecutor.java:1149)
	at java.util.concurrent.ThreadPoolExecutor$Worker.run(ThreadPoolExecutor.java:624)
	at java.lang.Thread.run(Thread.java:748)
</pre></div><a href='#' onClick='toggleBox("stack-trace1745447838", this, "Click to show all stack frames", "Click to hide stack frames")'>Click to show all stack frames</a>
<div class='stack-trace' id='stack-trace1745447838'><pre>java.lang.AssertionError: The following asserts failed:
	@@line_start [515] line_end; expected [Displayed] but found [NoSuchElement]gui_start element is null gui_end,
	@@line_start [516] line_end; expected [Displayed] but found [NoSuchElement]gui_start element is null gui_end,
	@@line_start [537] line_end;gui_start java.lang.NullPointerException gui_end
	at org.testng.asserts.SoftAssert.assertAll(SoftAssert.java:43)
	at testcases.UI_Data_file_termdef.IntelliSense_04_Term_Orange_Rex(UI_Data_file_termdef.java:642)
	at sun.reflect.NativeMethodAccessorImpl.invoke0(Native Method)
	at sun.reflect.NativeMethodAccessorImpl.invoke(NativeMethodAccessorImpl.java:62)
	at sun.reflect.DelegatingMethodAccessorImpl.invoke(DelegatingMethodAccessorImpl.java:43)
	at java.lang.reflect.Method.invoke(Method.java:498)
	at org.testng.internal.MethodInvocationHelper.invokeMethod(MethodInvocationHelper.java:85)
	at org.testng.internal.Invoker.invokeMethod(Invoker.java:639)
	at org.testng.internal.Invoker.invokeTestMethod(Invoker.java:816)
	at org.testng.internal.Invoker.invokeTestMethods(Invoker.java:1124)
	at org.testng.internal.TestMethodWorker.invokeTestMethods(TestMethodWorker.java:125)
	at org.testng.internal.TestMethodWorker.run(TestMethodWorker.java:108)
	at java.util.concurrent.ThreadPoolExecutor.runWorker(ThreadPoolExecutor.java:1149)
	at java.util.concurrent.ThreadPoolExecutor$Worker.run(ThreadPoolExecutor.java:624)
	at java.lang.Thread.run(Thread.java:748)
</pre></div></td>
<td>210</td>
<td>testcases.UI_Data_file_termdef@2ef5e5e3</td></tr>
<tr>
<td title='testcases.UI_Data_file_termdef.IntelliSense_06_Term_Highlight_SingleMulti_use_Rex()'><b>IntelliSense_06_Term_Highlight_SingleMulti_use_Rex</b><br>Test class: testcases.UI_Data_file_termdef</td>
<td><div><pre>java.lang.AssertionError: The following asserts failed:
	@@line_start [788] line_end; expected [NotFound] but found [Displayed]gui_start  gui_end
	at org.testng.asserts.SoftAssert.assertAll(SoftAssert.java:43)
	at testcases.UI_Data_file_termdef.IntelliSense_06_Term_Highlight_SingleMulti_use_Rex(UI_Data_file_termdef.java:808)
	at sun.reflect.NativeMethodAccessorImpl.invoke0(Native Method)
	at sun.reflect.NativeMethodAccessorImpl.invoke(NativeMethodAccessorImpl.java:62)
	at sun.reflect.DelegatingMethodAccessorImpl.invoke(DelegatingMethodAccessorImpl.java:43)
	at java.lang.reflect.Method.invoke(Method.java:498)
	at org.testng.internal.MethodInvocationHelper.invokeMethod(MethodInvocationHelper.java:85)
	at org.testng.internal.Invoker.invokeMethod(Invoker.java:639)
	at org.testng.internal.Invoker.invokeTestMethod(Invoker.java:816)
	at org.testng.internal.Invoker.invokeTestMethods(Invoker.java:1124)
	at org.testng.internal.TestMethodWorker.invokeTestMethods(TestMethodWorker.java:125)
	at org.testng.internal.TestMethodWorker.run(TestMethodWorker.java:108)
	at java.util.concurrent.ThreadPoolExecutor.runWorker(ThreadPoolExecutor.java:1149)
	at java.util.concurrent.ThreadPoolExecutor$Worker.run(ThreadPoolExecutor.java:624)
	at java.lang.Thread.run(Thread.java:748)
</pre></div><a href='#' onClick='toggleBox("stack-trace1126490830", this, "Click to show all stack frames", "Click to hide stack frames")'>Click to show all stack frames</a>
<div class='stack-trace' id='stack-trace1126490830'><pre>java.lang.AssertionError: The following asserts failed:
	@@line_start [788] line_end; expected [NotFound] but found [Displayed]gui_start  gui_end
	at org.testng.asserts.SoftAssert.assertAll(SoftAssert.java:43)
	at testcases.UI_Data_file_termdef.IntelliSense_06_Term_Highlight_SingleMulti_use_Rex(UI_Data_file_termdef.java:808)
	at sun.reflect.NativeMethodAccessorImpl.invoke0(Native Method)
	at sun.reflect.NativeMethodAccessorImpl.invoke(NativeMethodAccessorImpl.java:62)
	at sun.reflect.DelegatingMethodAccessorImpl.invoke(DelegatingMethodAccessorImpl.java:43)
	at java.lang.reflect.Method.invoke(Method.java:498)
	at org.testng.internal.MethodInvocationHelper.invokeMethod(MethodInvocationHelper.java:85)
	at org.testng.internal.Invoker.invokeMethod(Invoker.java:639)
	at org.testng.internal.Invoker.invokeTestMethod(Invoker.java:816)
	at org.testng.internal.Invoker.invokeTestMethods(Invoker.java:1124)
	at org.testng.internal.TestMethodWorker.invokeTestMethods(TestMethodWorker.java:125)
	at org.testng.internal.TestMethodWorker.run(TestMethodWorker.java:108)
	at java.util.concurrent.ThreadPoolExecutor.runWorker(ThreadPoolExecutor.java:1149)
	at java.util.concurrent.ThreadPoolExecutor$Worker.run(ThreadPoolExecutor.java:624)
	at java.lang.Thread.run(Thread.java:748)
</pre></div></td>
<td>97</td>
<td>testcases.UI_Data_file_termdef@2ef5e5e3</td></tr>
<tr>
<td title='testcases.UI_Data_file_termdef.IntelliSense_07_Term_Highlight_EditEffects_Rex()'><b>IntelliSense_07_Term_Highlight_EditEffects_Rex</b><br>Test class: testcases.UI_Data_file_termdef</td>
<td><div><pre>java.lang.AssertionError: The following asserts failed:
	@@line_start [846] line_end; expected [NotFound] but found [Displayed]gui_start  gui_end,
	@@line_start [847] line_end; expected [NotFound] but found [Displayed]gui_start  gui_end,
	@@line_start [848] line_end; expected [NotFound] but found [Displayed]gui_start  gui_end,
	@@line_start [849] line_end; expected [NotFound] but found [Displayed]gui_start  gui_end
	at org.testng.asserts.SoftAssert.assertAll(SoftAssert.java:43)
	at testcases.UI_Data_file_termdef.IntelliSense_07_Term_Highlight_EditEffects_Rex(UI_Data_file_termdef.java:951)
	at sun.reflect.NativeMethodAccessorImpl.invoke0(Native Method)
	at sun.reflect.NativeMethodAccessorImpl.invoke(NativeMethodAccessorImpl.java:62)
	at sun.reflect.DelegatingMethodAccessorImpl.invoke(DelegatingMethodAccessorImpl.java:43)
	at java.lang.reflect.Method.invoke(Method.java:498)
	at org.testng.internal.MethodInvocationHelper.invokeMethod(MethodInvocationHelper.java:85)
	at org.testng.internal.Invoker.invokeMethod(Invoker.java:639)
	at org.testng.internal.Invoker.invokeTestMethod(Invoker.java:816)
	at org.testng.internal.Invoker.invokeTestMethods(Invoker.java:1124)
	at org.testng.internal.TestMethodWorker.invokeTestMethods(TestMethodWorker.java:125)
	at org.testng.internal.TestMethodWorker.run(TestMethodWorker.java:108)
	at java.util.concurrent.ThreadPoolExecutor.runWorker(ThreadPoolExecutor.java:1149)
	at java.util.concurrent.ThreadPoolExecutor$Worker.run(ThreadPoolExecutor.java:624)
	at java.lang.Thread.run(Thread.java:748)
</pre></div><a href='#' onClick='toggleBox("stack-trace1769516662", this, "Click to show all stack frames", "Click to hide stack frames")'>Click to show all stack frames</a>
<div class='stack-trace' id='stack-trace1769516662'><pre>java.lang.AssertionError: The following asserts failed:
	@@line_start [846] line_end; expected [NotFound] but found [Displayed]gui_start  gui_end,
	@@line_start [847] line_end; expected [NotFound] but found [Displayed]gui_start  gui_end,
	@@line_start [848] line_end; expected [NotFound] but found [Displayed]gui_start  gui_end,
	@@line_start [849] line_end; expected [NotFound] but found [Displayed]gui_start  gui_end
	at org.testng.asserts.SoftAssert.assertAll(SoftAssert.java:43)
	at testcases.UI_Data_file_termdef.IntelliSense_07_Term_Highlight_EditEffects_Rex(UI_Data_file_termdef.java:951)
	at sun.reflect.NativeMethodAccessorImpl.invoke0(Native Method)
	at sun.reflect.NativeMethodAccessorImpl.invoke(NativeMethodAccessorImpl.java:62)
	at sun.reflect.DelegatingMethodAccessorImpl.invoke(DelegatingMethodAccessorImpl.java:43)
	at java.lang.reflect.Method.invoke(Method.java:498)
	at org.testng.internal.MethodInvocationHelper.invokeMethod(MethodInvocationHelper.java:85)
	at org.testng.internal.Invoker.invokeMethod(Invoker.java:639)
	at org.testng.internal.Invoker.invokeTestMethod(Invoker.java:816)
	at org.testng.internal.Invoker.invokeTestMethods(Invoker.java:1124)
	at org.testng.internal.TestMethodWorker.invokeTestMethods(TestMethodWorker.java:125)
	at org.testng.internal.TestMethodWorker.run(TestMethodWorker.java:108)
	at java.util.concurrent.ThreadPoolExecutor.runWorker(ThreadPoolExecutor.java:1149)
	at java.util.concurrent.ThreadPoolExecutor$Worker.run(ThreadPoolExecutor.java:624)
	at java.lang.Thread.run(Thread.java:748)
</pre></div></td>
<td>154</td>
<td>testcases.UI_Data_file_termdef@2ef5e5e3</td></tr>
<tr>
<td title='testcases.UI_Data_file_termdef.IntelliSense_08_Term_Replace_Rex()'><b>IntelliSense_08_Term_Replace_Rex</b><br>Test class: testcases.UI_Data_file_termdef</td>
<td><div><pre>java.lang.AssertionError: The following asserts failed:
	@@line_start [986] line_end;gui_start java.lang.NullPointerException gui_end
	at org.testng.asserts.SoftAssert.assertAll(SoftAssert.java:43)
	at testcases.UI_Data_file_termdef.IntelliSense_08_Term_Replace_Rex(UI_Data_file_termdef.java:1169)
	at sun.reflect.NativeMethodAccessorImpl.invoke0(Native Method)
	at sun.reflect.NativeMethodAccessorImpl.invoke(NativeMethodAccessorImpl.java:62)
	at sun.reflect.DelegatingMethodAccessorImpl.invoke(DelegatingMethodAccessorImpl.java:43)
	at java.lang.reflect.Method.invoke(Method.java:498)
	at org.testng.internal.MethodInvocationHelper.invokeMethod(MethodInvocationHelper.java:85)
	at org.testng.internal.Invoker.invokeMethod(Invoker.java:639)
	at org.testng.internal.Invoker.invokeTestMethod(Invoker.java:816)
	at org.testng.internal.Invoker.invokeTestMethods(Invoker.java:1124)
	at org.testng.internal.TestMethodWorker.invokeTestMethods(TestMethodWorker.java:125)
	at org.testng.internal.TestMethodWorker.run(TestMethodWorker.java:108)
	at java.util.concurrent.ThreadPoolExecutor.runWorker(ThreadPoolExecutor.java:1149)
	at java.util.concurrent.ThreadPoolExecutor$Worker.run(ThreadPoolExecutor.java:624)
	at java.lang.Thread.run(Thread.java:748)
</pre></div><a href='#' onClick='toggleBox("stack-trace683127463", this, "Click to show all stack frames", "Click to hide stack frames")'>Click to show all stack frames</a>
<div class='stack-trace' id='stack-trace683127463'><pre>java.lang.AssertionError: The following asserts failed:
	@@line_start [986] line_end;gui_start java.lang.NullPointerException gui_end
	at org.testng.asserts.SoftAssert.assertAll(SoftAssert.java:43)
	at testcases.UI_Data_file_termdef.IntelliSense_08_Term_Replace_Rex(UI_Data_file_termdef.java:1169)
	at sun.reflect.NativeMethodAccessorImpl.invoke0(Native Method)
	at sun.reflect.NativeMethodAccessorImpl.invoke(NativeMethodAccessorImpl.java:62)
	at sun.reflect.DelegatingMethodAccessorImpl.invoke(DelegatingMethodAccessorImpl.java:43)
	at java.lang.reflect.Method.invoke(Method.java:498)
	at org.testng.internal.MethodInvocationHelper.invokeMethod(MethodInvocationHelper.java:85)
	at org.testng.internal.Invoker.invokeMethod(Invoker.java:639)
	at org.testng.internal.Invoker.invokeTestMethod(Invoker.java:816)
	at org.testng.internal.Invoker.invokeTestMethods(Invoker.java:1124)
	at org.testng.internal.TestMethodWorker.invokeTestMethods(TestMethodWorker.java:125)
	at org.testng.internal.TestMethodWorker.run(TestMethodWorker.java:108)
	at java.util.concurrent.ThreadPoolExecutor.runWorker(ThreadPoolExecutor.java:1149)
	at java.util.concurrent.ThreadPoolExecutor$Worker.run(ThreadPoolExecutor.java:624)
	at java.lang.Thread.run(Thread.java:748)
</pre></div></td>
<td>196</td>
<td>testcases.UI_Data_file_termdef@2ef5e5e3</td></tr>
<tr>
<td title='testcases.UI_Data_file_termdef.IntelliSense_09_Term_Nest_Rex()'><b>IntelliSense_09_Term_Nest_Rex</b><br>Test class: testcases.UI_Data_file_termdef</td>
<td><div><pre>java.lang.AssertionError: The following asserts failed:
	@@line_start [1192] line_end; expected [NotFound] but found [Displayed]gui_start  gui_end,
	@@line_start [1193] line_end; expected [NotFound] but found [Displayed]gui_start  gui_end,
	@@line_start [1195] line_end; expected [NotFound] but found [Displayed]gui_start  gui_end,
	@@line_start [1197] line_end; expected [NotFound] but found [Displayed]gui_start  gui_end,
	@@line_start [1200] line_end;gui_start java.lang.NullPointerException gui_end
	at org.testng.asserts.SoftAssert.assertAll(SoftAssert.java:43)
	at testcases.UI_Data_file_termdef.IntelliSense_09_Term_Nest_Rex(UI_Data_file_termdef.java:1301)
	at sun.reflect.NativeMethodAccessorImpl.invoke0(Native Method)
	at sun.reflect.NativeMethodAccessorImpl.invoke(NativeMethodAccessorImpl.java:62)
	at sun.reflect.DelegatingMethodAccessorImpl.invoke(DelegatingMethodAccessorImpl.java:43)
	at java.lang.reflect.Method.invoke(Method.java:498)
	at org.testng.internal.MethodInvocationHelper.invokeMethod(MethodInvocationHelper.java:85)
	at org.testng.internal.Invoker.invokeMethod(Invoker.java:639)
	at org.testng.internal.Invoker.invokeTestMethod(Invoker.java:816)
	at org.testng.internal.Invoker.invokeTestMethods(Invoker.java:1124)
	at org.testng.internal.TestMethodWorker.invokeTestMethods(TestMethodWorker.java:125)
	at org.testng.internal.TestMethodWorker.run(TestMethodWorker.java:108)
	at java.util.concurrent.ThreadPoolExecutor.runWorker(ThreadPoolExecutor.java:1149)
	at java.util.concurrent.ThreadPoolExecutor$Worker.run(ThreadPoolExecutor.java:624)
	at java.lang.Thread.run(Thread.java:748)
</pre></div><a href='#' onClick='toggleBox("stack-trace326355519", this, "Click to show all stack frames", "Click to hide stack frames")'>Click to show all stack frames</a>
<div class='stack-trace' id='stack-trace326355519'><pre>java.lang.AssertionError: The following asserts failed:
	@@line_start [1192] line_end; expected [NotFound] but found [Displayed]gui_start  gui_end,
	@@line_start [1193] line_end; expected [NotFound] but found [Displayed]gui_start  gui_end,
	@@line_start [1195] line_end; expected [NotFound] but found [Displayed]gui_start  gui_end,
	@@line_start [1197] line_end; expected [NotFound] but found [Displayed]gui_start  gui_end,
	@@line_start [1200] line_end;gui_start java.lang.NullPointerException gui_end
	at org.testng.asserts.SoftAssert.assertAll(SoftAssert.java:43)
	at testcases.UI_Data_file_termdef.IntelliSense_09_Term_Nest_Rex(UI_Data_file_termdef.java:1301)
	at sun.reflect.NativeMethodAccessorImpl.invoke0(Native Method)
	at sun.reflect.NativeMethodAccessorImpl.invoke(NativeMethodAccessorImpl.java:62)
	at sun.reflect.DelegatingMethodAccessorImpl.invoke(DelegatingMethodAccessorImpl.java:43)
	at java.lang.reflect.Method.invoke(Method.java:498)
	at org.testng.internal.MethodInvocationHelper.invokeMethod(MethodInvocationHelper.java:85)
	at org.testng.internal.Invoker.invokeMethod(Invoker.java:639)
	at org.testng.internal.Invoker.invokeTestMethod(Invoker.java:816)
	at org.testng.internal.Invoker.invokeTestMethods(Invoker.java:1124)
	at org.testng.internal.TestMethodWorker.invokeTestMethods(TestMethodWorker.java:125)
	at org.testng.internal.TestMethodWorker.run(TestMethodWorker.java:108)
	at java.util.concurrent.ThreadPoolExecutor.runWorker(ThreadPoolExecutor.java:1149)
	at java.util.concurrent.ThreadPoolExecutor$Worker.run(ThreadPoolExecutor.java:624)
	at java.lang.Thread.run(Thread.java:748)
</pre></div></td>
<td>240</td>
<td>testcases.UI_Data_file_termdef@2ef5e5e3</td></tr>
<tr>
<td title='testcases.UI_Data_file_termdef.IntelliSense_10_Term_Filter_Ucx()'><b>IntelliSense_10_Term_Filter_Ucx</b><br>Test class: testcases.UI_Data_file_termdef</td>
<td><div><pre>java.lang.AssertionError: The following asserts failed:
	@@line_start [1344] line_end; expected [NotFound] but found [Displayed]gui_start  gui_end,
	@@line_start [1345] line_end; expected [NotFound] but found [Displayed]gui_start  gui_end,
	@@line_start [1375] line_end; expected [Displayed] but found [NoSuchElement]gui_start element is null gui_end
	at org.testng.asserts.SoftAssert.assertAll(SoftAssert.java:43)
	at testcases.UI_Data_file_termdef.IntelliSense_10_Term_Filter_Ucx(UI_Data_file_termdef.java:1419)
	at sun.reflect.NativeMethodAccessorImpl.invoke0(Native Method)
	at sun.reflect.NativeMethodAccessorImpl.invoke(NativeMethodAccessorImpl.java:62)
	at sun.reflect.DelegatingMethodAccessorImpl.invoke(DelegatingMethodAccessorImpl.java:43)
	at java.lang.reflect.Method.invoke(Method.java:498)
	at org.testng.internal.MethodInvocationHelper.invokeMethod(MethodInvocationHelper.java:85)
	at org.testng.internal.Invoker.invokeMethod(Invoker.java:639)
	at org.testng.internal.Invoker.invokeTestMethod(Invoker.java:816)
	at org.testng.internal.Invoker.invokeTestMethods(Invoker.java:1124)
	at org.testng.internal.TestMethodWorker.invokeTestMethods(TestMethodWorker.java:125)
	at org.testng.internal.TestMethodWorker.run(TestMethodWorker.java:108)
	at java.util.concurrent.ThreadPoolExecutor.runWorker(ThreadPoolExecutor.java:1149)
	at java.util.concurrent.ThreadPoolExecutor$Worker.run(ThreadPoolExecutor.java:624)
	at java.lang.Thread.run(Thread.java:748)
</pre></div><a href='#' onClick='toggleBox("stack-trace688618150", this, "Click to show all stack frames", "Click to hide stack frames")'>Click to show all stack frames</a>
<div class='stack-trace' id='stack-trace688618150'><pre>java.lang.AssertionError: The following asserts failed:
	@@line_start [1344] line_end; expected [NotFound] but found [Displayed]gui_start  gui_end,
	@@line_start [1345] line_end; expected [NotFound] but found [Displayed]gui_start  gui_end,
	@@line_start [1375] line_end; expected [Displayed] but found [NoSuchElement]gui_start element is null gui_end
	at org.testng.asserts.SoftAssert.assertAll(SoftAssert.java:43)
	at testcases.UI_Data_file_termdef.IntelliSense_10_Term_Filter_Ucx(UI_Data_file_termdef.java:1419)
	at sun.reflect.NativeMethodAccessorImpl.invoke0(Native Method)
	at sun.reflect.NativeMethodAccessorImpl.invoke(NativeMethodAccessorImpl.java:62)
	at sun.reflect.DelegatingMethodAccessorImpl.invoke(DelegatingMethodAccessorImpl.java:43)
	at java.lang.reflect.Method.invoke(Method.java:498)
	at org.testng.internal.MethodInvocationHelper.invokeMethod(MethodInvocationHelper.java:85)
	at org.testng.internal.Invoker.invokeMethod(Invoker.java:639)
	at org.testng.internal.Invoker.invokeTestMethod(Invoker.java:816)
	at org.testng.internal.Invoker.invokeTestMethods(Invoker.java:1124)
	at org.testng.internal.TestMethodWorker.invokeTestMethods(TestMethodWorker.java:125)
	at org.testng.internal.TestMethodWorker.run(TestMethodWorker.java:108)
	at java.util.concurrent.ThreadPoolExecutor.runWorker(ThreadPoolExecutor.java:1149)
	at java.util.concurrent.ThreadPoolExecutor$Worker.run(ThreadPoolExecutor.java:624)
	at java.lang.Thread.run(Thread.java:748)
</pre></div></td>
<td>175</td>
<td>testcases.UI_Data_file_termdef@2ef5e5e3</td></tr>
<tr>
<td title='testcases.UI_Data_file_termdef.IntelliSense_11_Term_Operations_Ucx()'><b>IntelliSense_11_Term_Operations_Ucx</b><br>Test class: testcases.UI_Data_file_termdef</td>
<td><div><pre>java.lang.AssertionError: The following asserts failed:
	@@line_start [1455] line_end; expected [NotFound] but found [Displayed]gui_start  gui_end,
	@@line_start [1456] line_end; expected [NotFound] but found [Displayed]gui_start  gui_end,
	@@line_start [1457] line_end; expected [NotFound] but found [Displayed]gui_start  gui_end,
	@@line_start [1458] line_end; expected [NotFound] but found [Displayed]gui_start  gui_end,
	@@line_start [1459] line_end; expected [NotFound] but found [Displayed]gui_start  gui_end,
	@@line_start [1462] line_end;gui_start java.lang.NullPointerException gui_end
	at org.testng.asserts.SoftAssert.assertAll(SoftAssert.java:43)
	at testcases.UI_Data_file_termdef.IntelliSense_11_Term_Operations_Ucx(UI_Data_file_termdef.java:1554)
	at sun.reflect.NativeMethodAccessorImpl.invoke0(Native Method)
	at sun.reflect.NativeMethodAccessorImpl.invoke(NativeMethodAccessorImpl.java:62)
	at sun.reflect.DelegatingMethodAccessorImpl.invoke(DelegatingMethodAccessorImpl.java:43)
	at java.lang.reflect.Method.invoke(Method.java:498)
	at org.testng.internal.MethodInvocationHelper.invokeMethod(MethodInvocationHelper.java:85)
	at org.testng.internal.Invoker.invokeMethod(Invoker.java:639)
	at org.testng.internal.Invoker.invokeTestMethod(Invoker.java:816)
	at org.testng.internal.Invoker.invokeTestMethods(Invoker.java:1124)
	at org.testng.internal.TestMethodWorker.invokeTestMethods(TestMethodWorker.java:125)
	at org.testng.internal.TestMethodWorker.run(TestMethodWorker.java:108)
	at java.util.concurrent.ThreadPoolExecutor.runWorker(ThreadPoolExecutor.java:1149)
	at java.util.concurrent.ThreadPoolExecutor$Worker.run(ThreadPoolExecutor.java:624)
	at java.lang.Thread.run(Thread.java:748)
</pre></div><a href='#' onClick='toggleBox("stack-trace1738667145", this, "Click to show all stack frames", "Click to hide stack frames")'>Click to show all stack frames</a>
<div class='stack-trace' id='stack-trace1738667145'><pre>java.lang.AssertionError: The following asserts failed:
	@@line_start [1455] line_end; expected [NotFound] but found [Displayed]gui_start  gui_end,
	@@line_start [1456] line_end; expected [NotFound] but found [Displayed]gui_start  gui_end,
	@@line_start [1457] line_end; expected [NotFound] but found [Displayed]gui_start  gui_end,
	@@line_start [1458] line_end; expected [NotFound] but found [Displayed]gui_start  gui_end,
	@@line_start [1459] line_end; expected [NotFound] but found [Displayed]gui_start  gui_end,
	@@line_start [1462] line_end;gui_start java.lang.NullPointerException gui_end
	at org.testng.asserts.SoftAssert.assertAll(SoftAssert.java:43)
	at testcases.UI_Data_file_termdef.IntelliSense_11_Term_Operations_Ucx(UI_Data_file_termdef.java:1554)
	at sun.reflect.NativeMethodAccessorImpl.invoke0(Native Method)
	at sun.reflect.NativeMethodAccessorImpl.invoke(NativeMethodAccessorImpl.java:62)
	at sun.reflect.DelegatingMethodAccessorImpl.invoke(DelegatingMethodAccessorImpl.java:43)
	at java.lang.reflect.Method.invoke(Method.java:498)
	at org.testng.internal.MethodInvocationHelper.invokeMethod(MethodInvocationHelper.java:85)
	at org.testng.internal.Invoker.invokeMethod(Invoker.java:639)
	at org.testng.internal.Invoker.invokeTestMethod(Invoker.java:816)
	at org.testng.internal.Invoker.invokeTestMethods(Invoker.java:1124)
	at org.testng.internal.TestMethodWorker.invokeTestMethods(TestMethodWorker.java:125)
	at org.testng.internal.TestMethodWorker.run(TestMethodWorker.java:108)
	at java.util.concurrent.ThreadPoolExecutor.runWorker(ThreadPoolExecutor.java:1149)
	at java.util.concurrent.ThreadPoolExecutor$Worker.run(ThreadPoolExecutor.java:624)
	at java.lang.Thread.run(Thread.java:748)
</pre></div></td>
<td>239</td>
<td>testcases.UI_Data_file_termdef@2ef5e5e3</td></tr>
<tr>
<td title='testcases.UI_Data_file_termdef.IntelliSense_13_Term_Orange_Ucx()'><b>IntelliSense_13_Term_Orange_Ucx</b><br>Test class: testcases.UI_Data_file_termdef</td>
<td><div><pre>java.lang.AssertionError: The following asserts failed:
	@@line_start [1688] line_end; expected [NotFound] but found [Displayed]gui_start  gui_end,
	@@line_start [1689] line_end; expected [NotFound] but found [Displayed]gui_start  gui_end,
	@@line_start [1703] line_end;gui_start java.lang.NullPointerException gui_end
	at org.testng.asserts.SoftAssert.assertAll(SoftAssert.java:43)
	at testcases.UI_Data_file_termdef.IntelliSense_13_Term_Orange_Ucx(UI_Data_file_termdef.java:1768)
	at sun.reflect.NativeMethodAccessorImpl.invoke0(Native Method)
	at sun.reflect.NativeMethodAccessorImpl.invoke(NativeMethodAccessorImpl.java:62)
	at sun.reflect.DelegatingMethodAccessorImpl.invoke(DelegatingMethodAccessorImpl.java:43)
	at java.lang.reflect.Method.invoke(Method.java:498)
	at org.testng.internal.MethodInvocationHelper.invokeMethod(MethodInvocationHelper.java:85)
	at org.testng.internal.Invoker.invokeMethod(Invoker.java:639)
	at org.testng.internal.Invoker.invokeTestMethod(Invoker.java:816)
	at org.testng.internal.Invoker.invokeTestMethods(Invoker.java:1124)
	at org.testng.internal.TestMethodWorker.invokeTestMethods(TestMethodWorker.java:125)
	at org.testng.internal.TestMethodWorker.run(TestMethodWorker.java:108)
	at java.util.concurrent.ThreadPoolExecutor.runWorker(ThreadPoolExecutor.java:1149)
	at java.util.concurrent.ThreadPoolExecutor$Worker.run(ThreadPoolExecutor.java:624)
	at java.lang.Thread.run(Thread.java:748)
</pre></div><a href='#' onClick='toggleBox("stack-trace1233294972", this, "Click to show all stack frames", "Click to hide stack frames")'>Click to show all stack frames</a>
<div class='stack-trace' id='stack-trace1233294972'><pre>java.lang.AssertionError: The following asserts failed:
	@@line_start [1688] line_end; expected [NotFound] but found [Displayed]gui_start  gui_end,
	@@line_start [1689] line_end; expected [NotFound] but found [Displayed]gui_start  gui_end,
	@@line_start [1703] line_end;gui_start java.lang.NullPointerException gui_end
	at org.testng.asserts.SoftAssert.assertAll(SoftAssert.java:43)
	at testcases.UI_Data_file_termdef.IntelliSense_13_Term_Orange_Ucx(UI_Data_file_termdef.java:1768)
	at sun.reflect.NativeMethodAccessorImpl.invoke0(Native Method)
	at sun.reflect.NativeMethodAccessorImpl.invoke(NativeMethodAccessorImpl.java:62)
	at sun.reflect.DelegatingMethodAccessorImpl.invoke(DelegatingMethodAccessorImpl.java:43)
	at java.lang.reflect.Method.invoke(Method.java:498)
	at org.testng.internal.MethodInvocationHelper.invokeMethod(MethodInvocationHelper.java:85)
	at org.testng.internal.Invoker.invokeMethod(Invoker.java:639)
	at org.testng.internal.Invoker.invokeTestMethod(Invoker.java:816)
	at org.testng.internal.Invoker.invokeTestMethods(Invoker.java:1124)
	at org.testng.internal.TestMethodWorker.invokeTestMethods(TestMethodWorker.java:125)
	at org.testng.internal.TestMethodWorker.run(TestMethodWorker.java:108)
	at java.util.concurrent.ThreadPoolExecutor.runWorker(ThreadPoolExecutor.java:1149)
	at java.util.concurrent.ThreadPoolExecutor$Worker.run(ThreadPoolExecutor.java:624)
	at java.lang.Thread.run(Thread.java:748)
</pre></div></td>
<td>172</td>
<td>testcases.UI_Data_file_termdef@2ef5e5e3</td></tr>
<tr>
<td title='testcases.UI_Data_file_termdef.IntelliSense_14_Term_Highlight_Realtime_Ucx()'><b>IntelliSense_14_Term_Highlight_Realtime_Ucx</b><br>Test class: testcases.UI_Data_file_termdef</td>
<td><div><pre>java.lang.AssertionError: The following asserts failed:
	@@line_start [1785] line_end; expected [rgba(0, 128, 0, 1)] but found [rgba(255, 0, 0, 1)],
	@@line_start [1786] line_end; expected [rgba(255, 165, 0, 1)] but found [rgba(0, 128, 0, 1)],
	@@line_start [1803] line_end; expected [Not found] but found [Training cyberobject/uitest_cyberobject_com_cn/intellisensetest/data/IntelliSense/termhighlight_domain.xlsx success !]gui_start  gui_end,
	@@line_start [1832] line_end;gui_start java.lang.NullPointerException gui_end
	at org.testng.asserts.SoftAssert.assertAll(SoftAssert.java:43)
	at testcases.UI_Data_file_termdef.IntelliSense_14_Term_Highlight_Realtime_Ucx(UI_Data_file_termdef.java:1910)
	at sun.reflect.NativeMethodAccessorImpl.invoke0(Native Method)
	at sun.reflect.NativeMethodAccessorImpl.invoke(NativeMethodAccessorImpl.java:62)
	at sun.reflect.DelegatingMethodAccessorImpl.invoke(DelegatingMethodAccessorImpl.java:43)
	at java.lang.reflect.Method.invoke(Method.java:498)
	at org.testng.internal.MethodInvocationHelper.invokeMethod(MethodInvocationHelper.java:85)
	at org.testng.internal.Invoker.invokeMethod(Invoker.java:639)
	at org.testng.internal.Invoker.invokeTestMethod(Invoker.java:816)
	at org.testng.internal.Invoker.invokeTestMethods(Invoker.java:1124)
	at org.testng.internal.TestMethodWorker.invokeTestMethods(TestMethodWorker.java:125)
	at org.testng.internal.TestMethodWorker.run(TestMethodWorker.java:108)
	at java.util.concurrent.ThreadPoolExecutor.runWorker(ThreadPoolExecutor.java:1149)
	at java.util.concurrent.ThreadPoolExecutor$Worker.run(ThreadPoolExecutor.java:624)
	at java.lang.Thread.run(Thread.java:748)
</pre></div><a href='#' onClick='toggleBox("stack-trace238076122", this, "Click to show all stack frames", "Click to hide stack frames")'>Click to show all stack frames</a>
<div class='stack-trace' id='stack-trace238076122'><pre>java.lang.AssertionError: The following asserts failed:
	@@line_start [1785] line_end; expected [rgba(0, 128, 0, 1)] but found [rgba(255, 0, 0, 1)],
	@@line_start [1786] line_end; expected [rgba(255, 165, 0, 1)] but found [rgba(0, 128, 0, 1)],
	@@line_start [1803] line_end; expected [Not found] but found [Training cyberobject/uitest_cyberobject_com_cn/intellisensetest/data/IntelliSense/termhighlight_domain.xlsx success !]gui_start  gui_end,
	@@line_start [1832] line_end;gui_start java.lang.NullPointerException gui_end
	at org.testng.asserts.SoftAssert.assertAll(SoftAssert.java:43)
	at testcases.UI_Data_file_termdef.IntelliSense_14_Term_Highlight_Realtime_Ucx(UI_Data_file_termdef.java:1910)
	at sun.reflect.NativeMethodAccessorImpl.invoke0(Native Method)
	at sun.reflect.NativeMethodAccessorImpl.invoke(NativeMethodAccessorImpl.java:62)
	at sun.reflect.DelegatingMethodAccessorImpl.invoke(DelegatingMethodAccessorImpl.java:43)
	at java.lang.reflect.Method.invoke(Method.java:498)
	at org.testng.internal.MethodInvocationHelper.invokeMethod(MethodInvocationHelper.java:85)
	at org.testng.internal.Invoker.invokeMethod(Invoker.java:639)
	at org.testng.internal.Invoker.invokeTestMethod(Invoker.java:816)
	at org.testng.internal.Invoker.invokeTestMethods(Invoker.java:1124)
	at org.testng.internal.TestMethodWorker.invokeTestMethods(TestMethodWorker.java:125)
	at org.testng.internal.TestMethodWorker.run(TestMethodWorker.java:108)
	at java.util.concurrent.ThreadPoolExecutor.runWorker(ThreadPoolExecutor.java:1149)
	at java.util.concurrent.ThreadPoolExecutor$Worker.run(ThreadPoolExecutor.java:624)
	at java.lang.Thread.run(Thread.java:748)
</pre></div></td>
<td>543</td>
<td>testcases.UI_Data_file_termdef@2ef5e5e3</td></tr>
<tr>
<td title='testcases.UI_Data_file_termdef.IntelliSense_15_Term_Highlight_Single_Multi_use_Ucx()'><b>IntelliSense_15_Term_Highlight_Single_Multi_use_Ucx</b><br>Test class: testcases.UI_Data_file_termdef</td>
<td><div><pre>java.lang.AssertionError: The following asserts failed:
	@@line_start [1973] line_end; expected [rgba(0, 0, 0, 1)] but found [rgba(255, 0, 0, 1)]
	at org.testng.asserts.SoftAssert.assertAll(SoftAssert.java:43)
	at testcases.UI_Data_file_termdef.IntelliSense_15_Term_Highlight_Single_Multi_use_Ucx(UI_Data_file_termdef.java:2001)
	at sun.reflect.NativeMethodAccessorImpl.invoke0(Native Method)
	at sun.reflect.NativeMethodAccessorImpl.invoke(NativeMethodAccessorImpl.java:62)
	at sun.reflect.DelegatingMethodAccessorImpl.invoke(DelegatingMethodAccessorImpl.java:43)
	at java.lang.reflect.Method.invoke(Method.java:498)
	at org.testng.internal.MethodInvocationHelper.invokeMethod(MethodInvocationHelper.java:85)
	at org.testng.internal.Invoker.invokeMethod(Invoker.java:639)
	at org.testng.internal.Invoker.invokeTestMethod(Invoker.java:816)
	at org.testng.internal.Invoker.invokeTestMethods(Invoker.java:1124)
	at org.testng.internal.TestMethodWorker.invokeTestMethods(TestMethodWorker.java:125)
	at org.testng.internal.TestMethodWorker.run(TestMethodWorker.java:108)
	at java.util.concurrent.ThreadPoolExecutor.runWorker(ThreadPoolExecutor.java:1149)
	at java.util.concurrent.ThreadPoolExecutor$Worker.run(ThreadPoolExecutor.java:624)
	at java.lang.Thread.run(Thread.java:748)
</pre></div><a href='#' onClick='toggleBox("stack-trace20726457", this, "Click to show all stack frames", "Click to hide stack frames")'>Click to show all stack frames</a>
<div class='stack-trace' id='stack-trace20726457'><pre>java.lang.AssertionError: The following asserts failed:
	@@line_start [1973] line_end; expected [rgba(0, 0, 0, 1)] but found [rgba(255, 0, 0, 1)]
	at org.testng.asserts.SoftAssert.assertAll(SoftAssert.java:43)
	at testcases.UI_Data_file_termdef.IntelliSense_15_Term_Highlight_Single_Multi_use_Ucx(UI_Data_file_termdef.java:2001)
	at sun.reflect.NativeMethodAccessorImpl.invoke0(Native Method)
	at sun.reflect.NativeMethodAccessorImpl.invoke(NativeMethodAccessorImpl.java:62)
	at sun.reflect.DelegatingMethodAccessorImpl.invoke(DelegatingMethodAccessorImpl.java:43)
	at java.lang.reflect.Method.invoke(Method.java:498)
	at org.testng.internal.MethodInvocationHelper.invokeMethod(MethodInvocationHelper.java:85)
	at org.testng.internal.Invoker.invokeMethod(Invoker.java:639)
	at org.testng.internal.Invoker.invokeTestMethod(Invoker.java:816)
	at org.testng.internal.Invoker.invokeTestMethods(Invoker.java:1124)
	at org.testng.internal.TestMethodWorker.invokeTestMethods(TestMethodWorker.java:125)
	at org.testng.internal.TestMethodWorker.run(TestMethodWorker.java:108)
	at java.util.concurrent.ThreadPoolExecutor.runWorker(ThreadPoolExecutor.java:1149)
	at java.util.concurrent.ThreadPoolExecutor$Worker.run(ThreadPoolExecutor.java:624)
	at java.lang.Thread.run(Thread.java:748)
</pre></div></td>
<td>170</td>
<td>testcases.UI_Data_file_termdef@2ef5e5e3</td></tr>
<tr>
<td title='testcases.UI_Data_file_termdef.IntelliSense_17_Term_Replace_Ucx()'><b>IntelliSense_17_Term_Replace_Ucx</b><br>Test class: testcases.UI_Data_file_termdef</td>
<td><div><pre>java.lang.AssertionError: The following asserts failed:
	@@line_start [2164] line_end;gui_start java.lang.NullPointerException gui_end
	at org.testng.asserts.SoftAssert.assertAll(SoftAssert.java:43)
	at testcases.UI_Data_file_termdef.IntelliSense_17_Term_Replace_Ucx(UI_Data_file_termdef.java:2249)
	at sun.reflect.NativeMethodAccessorImpl.invoke0(Native Method)
	at sun.reflect.NativeMethodAccessorImpl.invoke(NativeMethodAccessorImpl.java:62)
	at sun.reflect.DelegatingMethodAccessorImpl.invoke(DelegatingMethodAccessorImpl.java:43)
	at java.lang.reflect.Method.invoke(Method.java:498)
	at org.testng.internal.MethodInvocationHelper.invokeMethod(MethodInvocationHelper.java:85)
	at org.testng.internal.Invoker.invokeMethod(Invoker.java:639)
	at org.testng.internal.Invoker.invokeTestMethod(Invoker.java:816)
	at org.testng.internal.Invoker.invokeTestMethods(Invoker.java:1124)
	at org.testng.internal.TestMethodWorker.invokeTestMethods(TestMethodWorker.java:125)
	at org.testng.internal.TestMethodWorker.run(TestMethodWorker.java:108)
	at java.util.concurrent.ThreadPoolExecutor.runWorker(ThreadPoolExecutor.java:1149)
	at java.util.concurrent.ThreadPoolExecutor$Worker.run(ThreadPoolExecutor.java:624)
	at java.lang.Thread.run(Thread.java:748)
</pre></div><a href='#' onClick='toggleBox("stack-trace738475307", this, "Click to show all stack frames", "Click to hide stack frames")'>Click to show all stack frames</a>
<div class='stack-trace' id='stack-trace738475307'><pre>java.lang.AssertionError: The following asserts failed:
	@@line_start [2164] line_end;gui_start java.lang.NullPointerException gui_end
	at org.testng.asserts.SoftAssert.assertAll(SoftAssert.java:43)
	at testcases.UI_Data_file_termdef.IntelliSense_17_Term_Replace_Ucx(UI_Data_file_termdef.java:2249)
	at sun.reflect.NativeMethodAccessorImpl.invoke0(Native Method)
	at sun.reflect.NativeMethodAccessorImpl.invoke(NativeMethodAccessorImpl.java:62)
	at sun.reflect.DelegatingMethodAccessorImpl.invoke(DelegatingMethodAccessorImpl.java:43)
	at java.lang.reflect.Method.invoke(Method.java:498)
	at org.testng.internal.MethodInvocationHelper.invokeMethod(MethodInvocationHelper.java:85)
	at org.testng.internal.Invoker.invokeMethod(Invoker.java:639)
	at org.testng.internal.Invoker.invokeTestMethod(Invoker.java:816)
	at org.testng.internal.Invoker.invokeTestMethods(Invoker.java:1124)
	at org.testng.internal.TestMethodWorker.invokeTestMethods(TestMethodWorker.java:125)
	at org.testng.internal.TestMethodWorker.run(TestMethodWorker.java:108)
	at java.util.concurrent.ThreadPoolExecutor.runWorker(ThreadPoolExecutor.java:1149)
	at java.util.concurrent.ThreadPoolExecutor$Worker.run(ThreadPoolExecutor.java:624)
	at java.lang.Thread.run(Thread.java:748)
</pre></div></td>
<td>237</td>
<td>testcases.UI_Data_file_termdef@2ef5e5e3</td></tr>
<tr>
<td title='testcases.UI_Data_file_termdef.IntelliSense_18_Term_Nest_Ucx()'><b>IntelliSense_18_Term_Nest_Ucx</b><br>Test class: testcases.UI_Data_file_termdef</td>
<td><div><pre>java.lang.AssertionError: The following asserts failed:
	@@line_start [2279] line_end;gui_start java.lang.NullPointerException gui_end
	at org.testng.asserts.SoftAssert.assertAll(SoftAssert.java:43)
	at testcases.UI_Data_file_termdef.IntelliSense_18_Term_Nest_Ucx(UI_Data_file_termdef.java:2337)
	at sun.reflect.NativeMethodAccessorImpl.invoke0(Native Method)
	at sun.reflect.NativeMethodAccessorImpl.invoke(NativeMethodAccessorImpl.java:62)
	at sun.reflect.DelegatingMethodAccessorImpl.invoke(DelegatingMethodAccessorImpl.java:43)
	at java.lang.reflect.Method.invoke(Method.java:498)
	at org.testng.internal.MethodInvocationHelper.invokeMethod(MethodInvocationHelper.java:85)
	at org.testng.internal.Invoker.invokeMethod(Invoker.java:639)
	at org.testng.internal.Invoker.invokeTestMethod(Invoker.java:816)
	at org.testng.internal.Invoker.invokeTestMethods(Invoker.java:1124)
	at org.testng.internal.TestMethodWorker.invokeTestMethods(TestMethodWorker.java:125)
	at org.testng.internal.TestMethodWorker.run(TestMethodWorker.java:108)
	at java.util.concurrent.ThreadPoolExecutor.runWorker(ThreadPoolExecutor.java:1149)
	at java.util.concurrent.ThreadPoolExecutor$Worker.run(ThreadPoolExecutor.java:624)
	at java.lang.Thread.run(Thread.java:748)
</pre></div><a href='#' onClick='toggleBox("stack-trace1390079290", this, "Click to show all stack frames", "Click to hide stack frames")'>Click to show all stack frames</a>
<div class='stack-trace' id='stack-trace1390079290'><pre>java.lang.AssertionError: The following asserts failed:
	@@line_start [2279] line_end;gui_start java.lang.NullPointerException gui_end
	at org.testng.asserts.SoftAssert.assertAll(SoftAssert.java:43)
	at testcases.UI_Data_file_termdef.IntelliSense_18_Term_Nest_Ucx(UI_Data_file_termdef.java:2337)
	at sun.reflect.NativeMethodAccessorImpl.invoke0(Native Method)
	at sun.reflect.NativeMethodAccessorImpl.invoke(NativeMethodAccessorImpl.java:62)
	at sun.reflect.DelegatingMethodAccessorImpl.invoke(DelegatingMethodAccessorImpl.java:43)
	at java.lang.reflect.Method.invoke(Method.java:498)
	at org.testng.internal.MethodInvocationHelper.invokeMethod(MethodInvocationHelper.java:85)
	at org.testng.internal.Invoker.invokeMethod(Invoker.java:639)
	at org.testng.internal.Invoker.invokeTestMethod(Invoker.java:816)
	at org.testng.internal.Invoker.invokeTestMethods(Invoker.java:1124)
	at org.testng.internal.TestMethodWorker.invokeTestMethods(TestMethodWorker.java:125)
	at org.testng.internal.TestMethodWorker.run(TestMethodWorker.java:108)
	at java.util.concurrent.ThreadPoolExecutor.runWorker(ThreadPoolExecutor.java:1149)
	at java.util.concurrent.ThreadPoolExecutor$Worker.run(ThreadPoolExecutor.java:624)
	at java.lang.Thread.run(Thread.java:748)
</pre></div></td>
<td>222</td>
<td>testcases.UI_Data_file_termdef@2ef5e5e3</td></tr>
<tr>
<td title='testcases.UI_Data_file_termdef.IntelliSense_32_Term_TopLevelTerm_TableTerm()'><b>IntelliSense_32_Term_TopLevelTerm_TableTerm</b><br>Test class: testcases.UI_Data_file_termdef</td>
<td><div><pre>java.lang.AssertionError: The following asserts failed:
	@@line_start [2397] line_end; expected [NotFound] but found [Displayed]gui_start By.xpath: //ul[@id=&apos;AutoCompleteMenu&apos; and contains(@style,&apos;display: block&apos;)] gui_end,
	@@line_start [2401] line_end; expected [NotFound] but found [Displayed]gui_start  gui_end,
	@@line_start [2410] line_end; expected [NotFound] but found [Displayed]gui_start  gui_end,
	@@line_start [2411] line_end; expected [NotFound] but found [Displayed]gui_start  gui_end,
	@@line_start [2412] line_end; expected [NotFound] but found [Displayed]gui_start  gui_end,
	@@line_start [2432] line_end; expected [NotFound] but found [Displayed]gui_start  gui_end,
	@@line_start [2433] line_end; expected [NotFound] but found [Displayed]gui_start  gui_end,
	@@line_start [2456] line_end; expected [NotFound] but found [Displayed]gui_start  gui_end,
	@@line_start [2465] line_end; expected [NotFound] but found [Displayed]gui_start  gui_end,
	@@line_start [2466] line_end;gui_start java.lang.NullPointerException gui_end
	at org.testng.asserts.SoftAssert.assertAll(SoftAssert.java:43)
	at testcases.UI_Data_file_termdef.IntelliSense_32_Term_TopLevelTerm_TableTerm(UI_Data_file_termdef.java:2491)
	at sun.reflect.NativeMethodAccessorImpl.invoke0(Native Method)
	at sun.reflect.NativeMethodAccessorImpl.invoke(NativeMethodAccessorImpl.java:62)
	at sun.reflect.DelegatingMethodAccessorImpl.invoke(DelegatingMethodAccessorImpl.java:43)
	at java.lang.reflect.Method.invoke(Method.java:498)
	at org.testng.internal.MethodInvocationHelper.invokeMethod(MethodInvocationHelper.java:85)
	at org.testng.internal.Invoker.invokeMethod(Invoker.java:639)
	at org.testng.internal.Invoker.invokeTestMethod(Invoker.java:816)
	at org.testng.internal.Invoker.invokeTestMethods(Invoker.java:1124)
	at org.testng.internal.TestMethodWorker.invokeTestMethods(TestMethodWorker.java:125)
	at org.testng.internal.TestMethodWorker.run(TestMethodWorker.java:108)
	at java.util.concurrent.ThreadPoolExecutor.runWorker(ThreadPoolExecutor.java:1149)
	at java.util.concurrent.ThreadPoolExecutor$Worker.run(ThreadPoolExecutor.java:624)
	at java.lang.Thread.run(Thread.java:748)
</pre></div><a href='#' onClick='toggleBox("stack-trace1180359607", this, "Click to show all stack frames", "Click to hide stack frames")'>Click to show all stack frames</a>
<div class='stack-trace' id='stack-trace1180359607'><pre>java.lang.AssertionError: The following asserts failed:
	@@line_start [2397] line_end; expected [NotFound] but found [Displayed]gui_start By.xpath: //ul[@id=&apos;AutoCompleteMenu&apos; and contains(@style,&apos;display: block&apos;)] gui_end,
	@@line_start [2401] line_end; expected [NotFound] but found [Displayed]gui_start  gui_end,
	@@line_start [2410] line_end; expected [NotFound] but found [Displayed]gui_start  gui_end,
	@@line_start [2411] line_end; expected [NotFound] but found [Displayed]gui_start  gui_end,
	@@line_start [2412] line_end; expected [NotFound] but found [Displayed]gui_start  gui_end,
	@@line_start [2432] line_end; expected [NotFound] but found [Displayed]gui_start  gui_end,
	@@line_start [2433] line_end; expected [NotFound] but found [Displayed]gui_start  gui_end,
	@@line_start [2456] line_end; expected [NotFound] but found [Displayed]gui_start  gui_end,
	@@line_start [2465] line_end; expected [NotFound] but found [Displayed]gui_start  gui_end,
	@@line_start [2466] line_end;gui_start java.lang.NullPointerException gui_end
	at org.testng.asserts.SoftAssert.assertAll(SoftAssert.java:43)
	at testcases.UI_Data_file_termdef.IntelliSense_32_Term_TopLevelTerm_TableTerm(UI_Data_file_termdef.java:2491)
	at sun.reflect.NativeMethodAccessorImpl.invoke0(Native Method)
	at sun.reflect.NativeMethodAccessorImpl.invoke(NativeMethodAccessorImpl.java:62)
	at sun.reflect.DelegatingMethodAccessorImpl.invoke(DelegatingMethodAccessorImpl.java:43)
	at java.lang.reflect.Method.invoke(Method.java:498)
	at org.testng.internal.MethodInvocationHelper.invokeMethod(MethodInvocationHelper.java:85)
	at org.testng.internal.Invoker.invokeMethod(Invoker.java:639)
	at org.testng.internal.Invoker.invokeTestMethod(Invoker.java:816)
	at org.testng.internal.Invoker.invokeTestMethods(Invoker.java:1124)
	at org.testng.internal.TestMethodWorker.invokeTestMethods(TestMethodWorker.java:125)
	at org.testng.internal.TestMethodWorker.run(TestMethodWorker.java:108)
	at java.util.concurrent.ThreadPoolExecutor.runWorker(ThreadPoolExecutor.java:1149)
	at java.util.concurrent.ThreadPoolExecutor$Worker.run(ThreadPoolExecutor.java:624)
	at java.lang.Thread.run(Thread.java:748)
</pre></div></td>
<td>284</td>
<td>testcases.UI_Data_file_termdef@2ef5e5e3</td></tr>
<tr>
<td title='testcases.UI_Data_file_termdef.IntelliSense_33_Resource_Filter_Rex()'><b>IntelliSense_33_Resource_Filter_Rex</b><br>Test class: testcases.UI_Data_file_termdef</td>
<td><div><pre>java.lang.AssertionError: The following asserts failed:
	@@line_start [2554] line_end; expected [File/User ] but found [Fi]gui_start [[[[ChromeDriver: chrome on XP (aa8b00c2be41d7ad3ed8a045461ba8b8)] -&gt; xpath: //ul[@id=&apos;AutoCompleteMenu&apos;]/li[1]//strong]] -&gt; xpath: .//span[@style=&apos;color:red;&apos;]] gui_end,
	@@line_start [2562] line_end; expected [NotFound] but found [Displayed]gui_start  gui_end,
	@@line_start [2563] line_end; expected [File/User] but found [File/User ]gui_start [[[[ChromeDriver: chrome on XP (aa8b00c2be41d7ad3ed8a045461ba8b8)] -&gt; xpath: //ul[@id=&apos;AutoCompleteMenu&apos;]/li//strong]] -&gt; xpath: .//span[@style=&apos;color:red;&apos;]] gui_end,
	@@line_start [2564] line_end; expected [Displayed] but found [NoSuchElement]gui_start element is null gui_end,
	@@line_start [2571] line_end; expected [NotFound] but found [Displayed]gui_start  gui_end
	at org.testng.asserts.SoftAssert.assertAll(SoftAssert.java:43)
	at testcases.UI_Data_file_termdef.IntelliSense_33_Resource_Filter_Rex(UI_Data_file_termdef.java:2583)
	at sun.reflect.NativeMethodAccessorImpl.invoke0(Native Method)
	at sun.reflect.NativeMethodAccessorImpl.invoke(NativeMethodAccessorImpl.java:62)
	at sun.reflect.DelegatingMethodAccessorImpl.invoke(DelegatingMethodAccessorImpl.java:43)
	at java.lang.reflect.Method.invoke(Method.java:498)
	at org.testng.internal.MethodInvocationHelper.invokeMethod(MethodInvocationHelper.java:85)
	at org.testng.internal.Invoker.invokeMethod(Invoker.java:639)
	at org.testng.internal.Invoker.invokeTestMethod(Invoker.java:816)
	at org.testng.internal.Invoker.invokeTestMethods(Invoker.java:1124)
	at org.testng.internal.TestMethodWorker.invokeTestMethods(TestMethodWorker.java:125)
	at org.testng.internal.TestMethodWorker.run(TestMethodWorker.java:108)
	at java.util.concurrent.ThreadPoolExecutor.runWorker(ThreadPoolExecutor.java:1149)
	at java.util.concurrent.ThreadPoolExecutor$Worker.run(ThreadPoolExecutor.java:624)
	at java.lang.Thread.run(Thread.java:748)
</pre></div><a href='#' onClick='toggleBox("stack-trace1960398208", this, "Click to show all stack frames", "Click to hide stack frames")'>Click to show all stack frames</a>
<div class='stack-trace' id='stack-trace1960398208'><pre>java.lang.AssertionError: The following asserts failed:
	@@line_start [2554] line_end; expected [File/User ] but found [Fi]gui_start [[[[ChromeDriver: chrome on XP (aa8b00c2be41d7ad3ed8a045461ba8b8)] -&gt; xpath: //ul[@id=&apos;AutoCompleteMenu&apos;]/li[1]//strong]] -&gt; xpath: .//span[@style=&apos;color:red;&apos;]] gui_end,
	@@line_start [2562] line_end; expected [NotFound] but found [Displayed]gui_start  gui_end,
	@@line_start [2563] line_end; expected [File/User] but found [File/User ]gui_start [[[[ChromeDriver: chrome on XP (aa8b00c2be41d7ad3ed8a045461ba8b8)] -&gt; xpath: //ul[@id=&apos;AutoCompleteMenu&apos;]/li//strong]] -&gt; xpath: .//span[@style=&apos;color:red;&apos;]] gui_end,
	@@line_start [2564] line_end; expected [Displayed] but found [NoSuchElement]gui_start element is null gui_end,
	@@line_start [2571] line_end; expected [NotFound] but found [Displayed]gui_start  gui_end
	at org.testng.asserts.SoftAssert.assertAll(SoftAssert.java:43)
	at testcases.UI_Data_file_termdef.IntelliSense_33_Resource_Filter_Rex(UI_Data_file_termdef.java:2583)
	at sun.reflect.NativeMethodAccessorImpl.invoke0(Native Method)
	at sun.reflect.NativeMethodAccessorImpl.invoke(NativeMethodAccessorImpl.java:62)
	at sun.reflect.DelegatingMethodAccessorImpl.invoke(DelegatingMethodAccessorImpl.java:43)
	at java.lang.reflect.Method.invoke(Method.java:498)
	at org.testng.internal.MethodInvocationHelper.invokeMethod(MethodInvocationHelper.java:85)
	at org.testng.internal.Invoker.invokeMethod(Invoker.java:639)
	at org.testng.internal.Invoker.invokeTestMethod(Invoker.java:816)
	at org.testng.internal.Invoker.invokeTestMethods(Invoker.java:1124)
	at org.testng.internal.TestMethodWorker.invokeTestMethods(TestMethodWorker.java:125)
	at org.testng.internal.TestMethodWorker.run(TestMethodWorker.java:108)
	at java.util.concurrent.ThreadPoolExecutor.runWorker(ThreadPoolExecutor.java:1149)
	at java.util.concurrent.ThreadPoolExecutor$Worker.run(ThreadPoolExecutor.java:624)
	at java.lang.Thread.run(Thread.java:748)
</pre></div></td>
<td>109</td>
<td>testcases.UI_Data_file_termdef@2ef5e5e3</td></tr>
<tr>
<td title='testcases.UI_Data_file_termdef.IntelliSense_34_Resource_Operations_Rex()'><b>IntelliSense_34_Resource_Operations_Rex</b><br>Test class: testcases.UI_Data_file_termdef</td>
<td><div><pre>java.lang.AssertionError: The following asserts failed:
	@@line_start [2668] line_end; expected [NotFound] but found [Displayed]gui_start  gui_end,
	@@line_start [2669] line_end; expected [NotFound] but found [Displayed]gui_start  gui_end,
	@@line_start [2670] line_end; expected [NotFound] but found [Displayed]gui_start  gui_end
	at org.testng.asserts.SoftAssert.assertAll(SoftAssert.java:43)
	at testcases.UI_Data_file_termdef.IntelliSense_34_Resource_Operations_Rex(UI_Data_file_termdef.java:2698)
	at sun.reflect.NativeMethodAccessorImpl.invoke0(Native Method)
	at sun.reflect.NativeMethodAccessorImpl.invoke(NativeMethodAccessorImpl.java:62)
	at sun.reflect.DelegatingMethodAccessorImpl.invoke(DelegatingMethodAccessorImpl.java:43)
	at java.lang.reflect.Method.invoke(Method.java:498)
	at org.testng.internal.MethodInvocationHelper.invokeMethod(MethodInvocationHelper.java:85)
	at org.testng.internal.Invoker.invokeMethod(Invoker.java:639)
	at org.testng.internal.Invoker.invokeTestMethod(Invoker.java:816)
	at org.testng.internal.Invoker.invokeTestMethods(Invoker.java:1124)
	at org.testng.internal.TestMethodWorker.invokeTestMethods(TestMethodWorker.java:125)
	at org.testng.internal.TestMethodWorker.run(TestMethodWorker.java:108)
	at java.util.concurrent.ThreadPoolExecutor.runWorker(ThreadPoolExecutor.java:1149)
	at java.util.concurrent.ThreadPoolExecutor$Worker.run(ThreadPoolExecutor.java:624)
	at java.lang.Thread.run(Thread.java:748)
</pre></div><a href='#' onClick='toggleBox("stack-trace50878722", this, "Click to show all stack frames", "Click to hide stack frames")'>Click to show all stack frames</a>
<div class='stack-trace' id='stack-trace50878722'><pre>java.lang.AssertionError: The following asserts failed:
	@@line_start [2668] line_end; expected [NotFound] but found [Displayed]gui_start  gui_end,
	@@line_start [2669] line_end; expected [NotFound] but found [Displayed]gui_start  gui_end,
	@@line_start [2670] line_end; expected [NotFound] but found [Displayed]gui_start  gui_end
	at org.testng.asserts.SoftAssert.assertAll(SoftAssert.java:43)
	at testcases.UI_Data_file_termdef.IntelliSense_34_Resource_Operations_Rex(UI_Data_file_termdef.java:2698)
	at sun.reflect.NativeMethodAccessorImpl.invoke0(Native Method)
	at sun.reflect.NativeMethodAccessorImpl.invoke(NativeMethodAccessorImpl.java:62)
	at sun.reflect.DelegatingMethodAccessorImpl.invoke(DelegatingMethodAccessorImpl.java:43)
	at java.lang.reflect.Method.invoke(Method.java:498)
	at org.testng.internal.MethodInvocationHelper.invokeMethod(MethodInvocationHelper.java:85)
	at org.testng.internal.Invoker.invokeMethod(Invoker.java:639)
	at org.testng.internal.Invoker.invokeTestMethod(Invoker.java:816)
	at org.testng.internal.Invoker.invokeTestMethods(Invoker.java:1124)
	at org.testng.internal.TestMethodWorker.invokeTestMethods(TestMethodWorker.java:125)
	at org.testng.internal.TestMethodWorker.run(TestMethodWorker.java:108)
	at java.util.concurrent.ThreadPoolExecutor.runWorker(ThreadPoolExecutor.java:1149)
	at java.util.concurrent.ThreadPoolExecutor$Worker.run(ThreadPoolExecutor.java:624)
	at java.lang.Thread.run(Thread.java:748)
</pre></div></td>
<td>127</td>
<td>testcases.UI_Data_file_termdef@2ef5e5e3</td></tr>
<tr>
<td title='testcases.UI_Data_file_termdef.IntelliSense_37_Resource_Highlight_EditEffects_Rex()'><b>IntelliSense_37_Resource_Highlight_EditEffects_Rex</b><br>Test class: testcases.UI_Data_file_termdef</td>
<td><div><pre>java.lang.AssertionError: The following asserts failed:
	@@line_start [2989] line_end; expected [NotFound] but found [Displayed]gui_start  gui_end,
	@@line_start [2990] line_end; expected [NotFound] but found [Displayed]gui_start  gui_end
	at org.testng.asserts.SoftAssert.assertAll(SoftAssert.java:43)
	at testcases.UI_Data_file_termdef.IntelliSense_37_Resource_Highlight_EditEffects_Rex(UI_Data_file_termdef.java:3034)
	at sun.reflect.NativeMethodAccessorImpl.invoke0(Native Method)
	at sun.reflect.NativeMethodAccessorImpl.invoke(NativeMethodAccessorImpl.java:62)
	at sun.reflect.DelegatingMethodAccessorImpl.invoke(DelegatingMethodAccessorImpl.java:43)
	at java.lang.reflect.Method.invoke(Method.java:498)
	at org.testng.internal.MethodInvocationHelper.invokeMethod(MethodInvocationHelper.java:85)
	at org.testng.internal.Invoker.invokeMethod(Invoker.java:639)
	at org.testng.internal.Invoker.invokeTestMethod(Invoker.java:816)
	at org.testng.internal.Invoker.invokeTestMethods(Invoker.java:1124)
	at org.testng.internal.TestMethodWorker.invokeTestMethods(TestMethodWorker.java:125)
	at org.testng.internal.TestMethodWorker.run(TestMethodWorker.java:108)
	at java.util.concurrent.ThreadPoolExecutor.runWorker(ThreadPoolExecutor.java:1149)
	at java.util.concurrent.ThreadPoolExecutor$Worker.run(ThreadPoolExecutor.java:624)
	at java.lang.Thread.run(Thread.java:748)
</pre></div><a href='#' onClick='toggleBox("stack-trace638872057", this, "Click to show all stack frames", "Click to hide stack frames")'>Click to show all stack frames</a>
<div class='stack-trace' id='stack-trace638872057'><pre>java.lang.AssertionError: The following asserts failed:
	@@line_start [2989] line_end; expected [NotFound] but found [Displayed]gui_start  gui_end,
	@@line_start [2990] line_end; expected [NotFound] but found [Displayed]gui_start  gui_end
	at org.testng.asserts.SoftAssert.assertAll(SoftAssert.java:43)
	at testcases.UI_Data_file_termdef.IntelliSense_37_Resource_Highlight_EditEffects_Rex(UI_Data_file_termdef.java:3034)
	at sun.reflect.NativeMethodAccessorImpl.invoke0(Native Method)
	at sun.reflect.NativeMethodAccessorImpl.invoke(NativeMethodAccessorImpl.java:62)
	at sun.reflect.DelegatingMethodAccessorImpl.invoke(DelegatingMethodAccessorImpl.java:43)
	at java.lang.reflect.Method.invoke(Method.java:498)
	at org.testng.internal.MethodInvocationHelper.invokeMethod(MethodInvocationHelper.java:85)
	at org.testng.internal.Invoker.invokeMethod(Invoker.java:639)
	at org.testng.internal.Invoker.invokeTestMethod(Invoker.java:816)
	at org.testng.internal.Invoker.invokeTestMethods(Invoker.java:1124)
	at org.testng.internal.TestMethodWorker.invokeTestMethods(TestMethodWorker.java:125)
	at org.testng.internal.TestMethodWorker.run(TestMethodWorker.java:108)
	at java.util.concurrent.ThreadPoolExecutor.runWorker(ThreadPoolExecutor.java:1149)
	at java.util.concurrent.ThreadPoolExecutor$Worker.run(ThreadPoolExecutor.java:624)
	at java.lang.Thread.run(Thread.java:748)
</pre></div></td>
<td>151</td>
<td>testcases.UI_Data_file_termdef@2ef5e5e3</td></tr>
<tr>
<td title='testcases.UI_Data_file_termdef.IntelliSense_38_Resource_Filter_Ucx()'><b>IntelliSense_38_Resource_Filter_Ucx</b><br>Test class: testcases.UI_Data_file_termdef</td>
<td><div><pre>java.lang.AssertionError: The following asserts failed:
	@@line_start [3071] line_end; expected [NotFound] but found [Displayed]gui_start  gui_end,
	@@line_start [3072] line_end; expected [NotFound] but found [Displayed]gui_start  gui_end,
	@@line_start [3073] line_end; expected [NotFound] but found [Displayed]gui_start  gui_end,
	@@line_start [3074] line_end; expected [NotFound] but found [Displayed]gui_start  gui_end,
	@@line_start [3121] line_end; expected [NotFound] but found [Displayed]gui_start  gui_end,
	@@line_start [3122] line_end; expected [NotFound] but found [Displayed]gui_start  gui_end,
	@@line_start [3123] line_end; expected [NotFound] but found [Displayed]gui_start  gui_end,
	@@line_start [3124] line_end; expected [NotFound] but found [Displayed]gui_start  gui_end,
	@@line_start [3138] line_end; expected [NotFound] but found [Displayed]gui_start  gui_end
	at org.testng.asserts.SoftAssert.assertAll(SoftAssert.java:43)
	at testcases.UI_Data_file_termdef.IntelliSense_38_Resource_Filter_Ucx(UI_Data_file_termdef.java:3148)
	at sun.reflect.NativeMethodAccessorImpl.invoke0(Native Method)
	at sun.reflect.NativeMethodAccessorImpl.invoke(NativeMethodAccessorImpl.java:62)
	at sun.reflect.DelegatingMethodAccessorImpl.invoke(DelegatingMethodAccessorImpl.java:43)
	at java.lang.reflect.Method.invoke(Method.java:498)
	at org.testng.internal.MethodInvocationHelper.invokeMethod(MethodInvocationHelper.java:85)
	at org.testng.internal.Invoker.invokeMethod(Invoker.java:639)
	at org.testng.internal.Invoker.invokeTestMethod(Invoker.java:816)
	at org.testng.internal.Invoker.invokeTestMethods(Invoker.java:1124)
	at org.testng.internal.TestMethodWorker.invokeTestMethods(TestMethodWorker.java:125)
	at org.testng.internal.TestMethodWorker.run(TestMethodWorker.java:108)
	at java.util.concurrent.ThreadPoolExecutor.runWorker(ThreadPoolExecutor.java:1149)
	at java.util.concurrent.ThreadPoolExecutor$Worker.run(ThreadPoolExecutor.java:624)
	at java.lang.Thread.run(Thread.java:748)
</pre></div><a href='#' onClick='toggleBox("stack-trace486107351", this, "Click to show all stack frames", "Click to hide stack frames")'>Click to show all stack frames</a>
<div class='stack-trace' id='stack-trace486107351'><pre>java.lang.AssertionError: The following asserts failed:
	@@line_start [3071] line_end; expected [NotFound] but found [Displayed]gui_start  gui_end,
	@@line_start [3072] line_end; expected [NotFound] but found [Displayed]gui_start  gui_end,
	@@line_start [3073] line_end; expected [NotFound] but found [Displayed]gui_start  gui_end,
	@@line_start [3074] line_end; expected [NotFound] but found [Displayed]gui_start  gui_end,
	@@line_start [3121] line_end; expected [NotFound] but found [Displayed]gui_start  gui_end,
	@@line_start [3122] line_end; expected [NotFound] but found [Displayed]gui_start  gui_end,
	@@line_start [3123] line_end; expected [NotFound] but found [Displayed]gui_start  gui_end,
	@@line_start [3124] line_end; expected [NotFound] but found [Displayed]gui_start  gui_end,
	@@line_start [3138] line_end; expected [NotFound] but found [Displayed]gui_start  gui_end
	at org.testng.asserts.SoftAssert.assertAll(SoftAssert.java:43)
	at testcases.UI_Data_file_termdef.IntelliSense_38_Resource_Filter_Ucx(UI_Data_file_termdef.java:3148)
	at sun.reflect.NativeMethodAccessorImpl.invoke0(Native Method)
	at sun.reflect.NativeMethodAccessorImpl.invoke(NativeMethodAccessorImpl.java:62)
	at sun.reflect.DelegatingMethodAccessorImpl.invoke(DelegatingMethodAccessorImpl.java:43)
	at java.lang.reflect.Method.invoke(Method.java:498)
	at org.testng.internal.MethodInvocationHelper.invokeMethod(MethodInvocationHelper.java:85)
	at org.testng.internal.Invoker.invokeMethod(Invoker.java:639)
	at org.testng.internal.Invoker.invokeTestMethod(Invoker.java:816)
	at org.testng.internal.Invoker.invokeTestMethods(Invoker.java:1124)
	at org.testng.internal.TestMethodWorker.invokeTestMethods(TestMethodWorker.java:125)
	at org.testng.internal.TestMethodWorker.run(TestMethodWorker.java:108)
	at java.util.concurrent.ThreadPoolExecutor.runWorker(ThreadPoolExecutor.java:1149)
	at java.util.concurrent.ThreadPoolExecutor$Worker.run(ThreadPoolExecutor.java:624)
	at java.lang.Thread.run(Thread.java:748)
</pre></div></td>
<td>204</td>
<td>testcases.UI_Data_file_termdef@2ef5e5e3</td></tr>
<tr>
<td title='testcases.UI_Data_file_termdef.IntelliSense_39_Resource_Operations_Ucx()'><b>IntelliSense_39_Resource_Operations_Ucx</b><br>Test class: testcases.UI_Data_file_termdef</td>
<td><div><pre>java.lang.AssertionError: The following asserts failed:
	@@line_start [3201] line_end; expected [NotFound] but found [Displayed]gui_start  gui_end,
	@@line_start [3233] line_end;gui_start java.lang.NullPointerException gui_end
	at org.testng.asserts.SoftAssert.assertAll(SoftAssert.java:43)
	at testcases.UI_Data_file_termdef.IntelliSense_39_Resource_Operations_Ucx(UI_Data_file_termdef.java:3301)
	at sun.reflect.NativeMethodAccessorImpl.invoke0(Native Method)
	at sun.reflect.NativeMethodAccessorImpl.invoke(NativeMethodAccessorImpl.java:62)
	at sun.reflect.DelegatingMethodAccessorImpl.invoke(DelegatingMethodAccessorImpl.java:43)
	at java.lang.reflect.Method.invoke(Method.java:498)
	at org.testng.internal.MethodInvocationHelper.invokeMethod(MethodInvocationHelper.java:85)
	at org.testng.internal.Invoker.invokeMethod(Invoker.java:639)
	at org.testng.internal.Invoker.invokeTestMethod(Invoker.java:816)
	at org.testng.internal.Invoker.invokeTestMethods(Invoker.java:1124)
	at org.testng.internal.TestMethodWorker.invokeTestMethods(TestMethodWorker.java:125)
	at org.testng.internal.TestMethodWorker.run(TestMethodWorker.java:108)
	at java.util.concurrent.ThreadPoolExecutor.runWorker(ThreadPoolExecutor.java:1149)
	at java.util.concurrent.ThreadPoolExecutor$Worker.run(ThreadPoolExecutor.java:624)
	at java.lang.Thread.run(Thread.java:748)
</pre></div><a href='#' onClick='toggleBox("stack-trace1922201116", this, "Click to show all stack frames", "Click to hide stack frames")'>Click to show all stack frames</a>
<div class='stack-trace' id='stack-trace1922201116'><pre>java.lang.AssertionError: The following asserts failed:
	@@line_start [3201] line_end; expected [NotFound] but found [Displayed]gui_start  gui_end,
	@@line_start [3233] line_end;gui_start java.lang.NullPointerException gui_end
	at org.testng.asserts.SoftAssert.assertAll(SoftAssert.java:43)
	at testcases.UI_Data_file_termdef.IntelliSense_39_Resource_Operations_Ucx(UI_Data_file_termdef.java:3301)
	at sun.reflect.NativeMethodAccessorImpl.invoke0(Native Method)
	at sun.reflect.NativeMethodAccessorImpl.invoke(NativeMethodAccessorImpl.java:62)
	at sun.reflect.DelegatingMethodAccessorImpl.invoke(DelegatingMethodAccessorImpl.java:43)
	at java.lang.reflect.Method.invoke(Method.java:498)
	at org.testng.internal.MethodInvocationHelper.invokeMethod(MethodInvocationHelper.java:85)
	at org.testng.internal.Invoker.invokeMethod(Invoker.java:639)
	at org.testng.internal.Invoker.invokeTestMethod(Invoker.java:816)
	at org.testng.internal.Invoker.invokeTestMethods(Invoker.java:1124)
	at org.testng.internal.TestMethodWorker.invokeTestMethods(TestMethodWorker.java:125)
	at org.testng.internal.TestMethodWorker.run(TestMethodWorker.java:108)
	at java.util.concurrent.ThreadPoolExecutor.runWorker(ThreadPoolExecutor.java:1149)
	at java.util.concurrent.ThreadPoolExecutor$Worker.run(ThreadPoolExecutor.java:624)
	at java.lang.Thread.run(Thread.java:748)
</pre></div></td>
<td>157</td>
<td>testcases.UI_Data_file_termdef@2ef5e5e3</td></tr>
<tr>
<td title='testcases.UI_Data_file_termdef.IntelliSense_40_Resource_Triggers_Ucx()'><b>IntelliSense_40_Resource_Triggers_Ucx</b><br>Test class: testcases.UI_Data_file_termdef</td>
<td><div><pre>java.lang.AssertionError: The following asserts failed:
	@@line_start [3345] line_end; expected [NotFound] but found [Displayed]gui_start  gui_end,
	@@line_start [3346] line_end; expected [NotFound] but found [Displayed]gui_start  gui_end,
	@@line_start [3347] line_end; expected [NotFound] but found [Displayed]gui_start  gui_end,
	@@line_start [3348] line_end; expected [NotFound] but found [Displayed]gui_start  gui_end,
	@@line_start [3354] line_end; expected [NotFound] but found [Displayed]gui_start  gui_end,
	@@line_start [3366] line_end; expected [NotFound] but found [Displayed]gui_start  gui_end,
	@@line_start [3367] line_end; expected [NotFound] but found [Displayed]gui_start  gui_end,
	@@line_start [3368] line_end; expected [NotFound] but found [Displayed]gui_start  gui_end,
	@@line_start [3380] line_end; expected [NotFound] but found [Displayed]gui_start  gui_end,
	@@line_start [3386] line_end;gui_start java.lang.NullPointerException gui_end
	at org.testng.asserts.SoftAssert.assertAll(SoftAssert.java:43)
	at testcases.UI_Data_file_termdef.IntelliSense_40_Resource_Triggers_Ucx(UI_Data_file_termdef.java:3397)
	at sun.reflect.NativeMethodAccessorImpl.invoke0(Native Method)
	at sun.reflect.NativeMethodAccessorImpl.invoke(NativeMethodAccessorImpl.java:62)
	at sun.reflect.DelegatingMethodAccessorImpl.invoke(DelegatingMethodAccessorImpl.java:43)
	at java.lang.reflect.Method.invoke(Method.java:498)
	at org.testng.internal.MethodInvocationHelper.invokeMethod(MethodInvocationHelper.java:85)
	at org.testng.internal.Invoker.invokeMethod(Invoker.java:639)
	at org.testng.internal.Invoker.invokeTestMethod(Invoker.java:816)
	at org.testng.internal.Invoker.invokeTestMethods(Invoker.java:1124)
	at org.testng.internal.TestMethodWorker.invokeTestMethods(TestMethodWorker.java:125)
	at org.testng.internal.TestMethodWorker.run(TestMethodWorker.java:108)
	at java.util.concurrent.ThreadPoolExecutor.runWorker(ThreadPoolExecutor.java:1149)
	at java.util.concurrent.ThreadPoolExecutor$Worker.run(ThreadPoolExecutor.java:624)
	at java.lang.Thread.run(Thread.java:748)
</pre></div><a href='#' onClick='toggleBox("stack-trace959614993", this, "Click to show all stack frames", "Click to hide stack frames")'>Click to show all stack frames</a>
<div class='stack-trace' id='stack-trace959614993'><pre>java.lang.AssertionError: The following asserts failed:
	@@line_start [3345] line_end; expected [NotFound] but found [Displayed]gui_start  gui_end,
	@@line_start [3346] line_end; expected [NotFound] but found [Displayed]gui_start  gui_end,
	@@line_start [3347] line_end; expected [NotFound] but found [Displayed]gui_start  gui_end,
	@@line_start [3348] line_end; expected [NotFound] but found [Displayed]gui_start  gui_end,
	@@line_start [3354] line_end; expected [NotFound] but found [Displayed]gui_start  gui_end,
	@@line_start [3366] line_end; expected [NotFound] but found [Displayed]gui_start  gui_end,
	@@line_start [3367] line_end; expected [NotFound] but found [Displayed]gui_start  gui_end,
	@@line_start [3368] line_end; expected [NotFound] but found [Displayed]gui_start  gui_end,
	@@line_start [3380] line_end; expected [NotFound] but found [Displayed]gui_start  gui_end,
	@@line_start [3386] line_end;gui_start java.lang.NullPointerException gui_end
	at org.testng.asserts.SoftAssert.assertAll(SoftAssert.java:43)
	at testcases.UI_Data_file_termdef.IntelliSense_40_Resource_Triggers_Ucx(UI_Data_file_termdef.java:3397)
	at sun.reflect.NativeMethodAccessorImpl.invoke0(Native Method)
	at sun.reflect.NativeMethodAccessorImpl.invoke(NativeMethodAccessorImpl.java:62)
	at sun.reflect.DelegatingMethodAccessorImpl.invoke(DelegatingMethodAccessorImpl.java:43)
	at java.lang.reflect.Method.invoke(Method.java:498)
	at org.testng.internal.MethodInvocationHelper.invokeMethod(MethodInvocationHelper.java:85)
	at org.testng.internal.Invoker.invokeMethod(Invoker.java:639)
	at org.testng.internal.Invoker.invokeTestMethod(Invoker.java:816)
	at org.testng.internal.Invoker.invokeTestMethods(Invoker.java:1124)
	at org.testng.internal.TestMethodWorker.invokeTestMethods(TestMethodWorker.java:125)
	at org.testng.internal.TestMethodWorker.run(TestMethodWorker.java:108)
	at java.util.concurrent.ThreadPoolExecutor.runWorker(ThreadPoolExecutor.java:1149)
	at java.util.concurrent.ThreadPoolExecutor$Worker.run(ThreadPoolExecutor.java:624)
	at java.lang.Thread.run(Thread.java:748)
</pre></div></td>
<td>288</td>
<td>testcases.UI_Data_file_termdef@2ef5e5e3</td></tr>
<tr>
<td title='testcases.UI_Data_file_termdef.IntelliSense_41_Resource_Highlight_Realtime_Ucx()'><b>IntelliSense_41_Resource_Highlight_Realtime_Ucx</b><br>Test class: testcases.UI_Data_file_termdef</td>
<td><div><pre>java.lang.AssertionError: The following asserts failed:
	@@line_start [2557] line_end; expected [] but found [MouseRightClick failed!]gui_start  gui_end,
	@@line_start [3404] line_end;gui_start java.lang.NullPointerException gui_end
	at org.testng.asserts.SoftAssert.assertAll(SoftAssert.java:43)
	at testcases.UI_Data_file_termdef.IntelliSense_41_Resource_Highlight_Realtime_Ucx(UI_Data_file_termdef.java:3423)
	at sun.reflect.NativeMethodAccessorImpl.invoke0(Native Method)
	at sun.reflect.NativeMethodAccessorImpl.invoke(NativeMethodAccessorImpl.java:62)
	at sun.reflect.DelegatingMethodAccessorImpl.invoke(DelegatingMethodAccessorImpl.java:43)
	at java.lang.reflect.Method.invoke(Method.java:498)
	at org.testng.internal.MethodInvocationHelper.invokeMethod(MethodInvocationHelper.java:85)
	at org.testng.internal.Invoker.invokeMethod(Invoker.java:639)
	at org.testng.internal.Invoker.invokeTestMethod(Invoker.java:816)
	at org.testng.internal.Invoker.invokeTestMethods(Invoker.java:1124)
	at org.testng.internal.TestMethodWorker.invokeTestMethods(TestMethodWorker.java:125)
	at org.testng.internal.TestMethodWorker.run(TestMethodWorker.java:108)
	at java.util.concurrent.ThreadPoolExecutor.runWorker(ThreadPoolExecutor.java:1149)
	at java.util.concurrent.ThreadPoolExecutor$Worker.run(ThreadPoolExecutor.java:624)
	at java.lang.Thread.run(Thread.java:748)
</pre></div><a href='#' onClick='toggleBox("stack-trace496052949", this, "Click to show all stack frames", "Click to hide stack frames")'>Click to show all stack frames</a>
<div class='stack-trace' id='stack-trace496052949'><pre>java.lang.AssertionError: The following asserts failed:
	@@line_start [2557] line_end; expected [] but found [MouseRightClick failed!]gui_start  gui_end,
	@@line_start [3404] line_end;gui_start java.lang.NullPointerException gui_end
	at org.testng.asserts.SoftAssert.assertAll(SoftAssert.java:43)
	at testcases.UI_Data_file_termdef.IntelliSense_41_Resource_Highlight_Realtime_Ucx(UI_Data_file_termdef.java:3423)
	at sun.reflect.NativeMethodAccessorImpl.invoke0(Native Method)
	at sun.reflect.NativeMethodAccessorImpl.invoke(NativeMethodAccessorImpl.java:62)
	at sun.reflect.DelegatingMethodAccessorImpl.invoke(DelegatingMethodAccessorImpl.java:43)
	at java.lang.reflect.Method.invoke(Method.java:498)
	at org.testng.internal.MethodInvocationHelper.invokeMethod(MethodInvocationHelper.java:85)
	at org.testng.internal.Invoker.invokeMethod(Invoker.java:639)
	at org.testng.internal.Invoker.invokeTestMethod(Invoker.java:816)
	at org.testng.internal.Invoker.invokeTestMethods(Invoker.java:1124)
	at org.testng.internal.TestMethodWorker.invokeTestMethods(TestMethodWorker.java:125)
	at org.testng.internal.TestMethodWorker.run(TestMethodWorker.java:108)
	at java.util.concurrent.ThreadPoolExecutor.runWorker(ThreadPoolExecutor.java:1149)
	at java.util.concurrent.ThreadPoolExecutor$Worker.run(ThreadPoolExecutor.java:624)
	at java.lang.Thread.run(Thread.java:748)
</pre></div></td>
<td>128</td>
<td>testcases.UI_Data_file_termdef@2ef5e5e3</td></tr>
</table><p>
<table width='100%' border='1' class='invocation-passed'>
<tr><td colspan='4' align='center'><b>PASSED TESTS</b></td></tr>
<tr><td><b>Test method</b></td>
<td width="30%"><b>Exception</b></td>
<td width="10%"><b>Time (seconds)</b></td>
<td><b>Instance</b></td>
</tr>
<tr>
<td title='testcases.UI_Data_file_termdef.IntelliSense_02_Term_Oprations_Rex()'><b>IntelliSense_02_Term_Oprations_Rex</b><br>Test class: testcases.UI_Data_file_termdef</td>
<td></td>
<td>144</td>
<td>testcases.UI_Data_file_termdef@2ef5e5e3</td></tr>
<tr>
<td title='testcases.UI_Data_file_termdef.IntelliSense_03_Term_Triggers_Rex()'><b>IntelliSense_03_Term_Triggers_Rex</b><br>Test class: testcases.UI_Data_file_termdef</td>
<td></td>
<td>218</td>
<td>testcases.UI_Data_file_termdef@2ef5e5e3</td></tr>
<tr>
<td title='testcases.UI_Data_file_termdef.IntelliSense_12_Term_Triggers_Ucx()'><b>IntelliSense_12_Term_Triggers_Ucx</b><br>Test class: testcases.UI_Data_file_termdef</td>
<td></td>
<td>145</td>
<td>testcases.UI_Data_file_termdef@2ef5e5e3</td></tr>
<tr>
<td title='testcases.UI_Data_file_termdef.IntelliSense_35_Resource_Triggers_Rex()'><b>IntelliSense_35_Resource_Triggers_Rex</b><br>Test class: testcases.UI_Data_file_termdef</td>
<td></td>
<td>169</td>
<td>testcases.UI_Data_file_termdef@2ef5e5e3</td></tr>
<tr>
<td title='testcases.UI_Data_file_termdef.IntelliSense_36_Resource_Highlight_Realtime_Rex()'><b>IntelliSense_36_Resource_Highlight_Realtime_Rex</b><br>Test class: testcases.UI_Data_file_termdef</td>
<td></td>
<td>519</td>
<td>testcases.UI_Data_file_termdef@2ef5e5e3</td></tr>
</table><p>
</body>
</html>