<?xml version="1.0" encoding="UTF-8"?>
<!-- Generated by org.testng.reporters.JUnitReportReporter -->
<testsuite hostname="FTR3COF93BK8A76" name="testcases.UI_Data_file_termdef" tests="1" failures="1" timestamp="18 Mar 2021 05:47:04 GMT" time="300.581" errors="0">
  <testcase name="IntelliSense_40_Resource_Triggers_Ucx" time="300.581" classname="testcases.UI_Data_file_termdef">
    <failure type="java.lang.AssertionError" message="The following asserts failed:
	@@line_start [3328] line_end; expected [NotFound] but found [Displayed]gui_start  gui_end,
	@@line_start [3329] line_end; expected [NotFound] but found [Displayed]gui_start  gui_end,
	@@line_start [3330] line_end; expected [NotFound] but found [Displayed]gui_start  gui_end,
	@@line_start [3331] line_end; expected [NotFound] but found [Displayed]gui_start  gui_end,
	@@line_start [3356] line_end; expected [Hel] but found [He],
	@@line_start [3366] line_end; expected [NotFound] but found [Displayed]gui_start  gui_end,
	@@line_start [3380] line_end; expected [NotFound] but found [Displayed]gui_start  gui_end,
	@@line_start [3386] line_end;gui_start java.lang.NullPointerException gui_end">
      <![CDATA[java.lang.AssertionError: The following asserts failed:
	@@line_start [3328] line_end; expected [NotFound] but found [Displayed]gui_start  gui_end,
	@@line_start [3329] line_end; expected [NotFound] but found [Displayed]gui_start  gui_end,
	@@line_start [3330] line_end; expected [NotFound] but found [Displayed]gui_start  gui_end,
	@@line_start [3331] line_end; expected [NotFound] but found [Displayed]gui_start  gui_end,
	@@line_start [3356] line_end; expected [Hel] but found [He],
	@@line_start [3366] line_end; expected [NotFound] but found [Displayed]gui_start  gui_end,
	@@line_start [3380] line_end; expected [NotFound] but found [Displayed]gui_start  gui_end,
	@@line_start [3386] line_end;gui_start java.lang.NullPointerException gui_end
	at org.testng.asserts.SoftAssert.assertAll(SoftAssert.java:43)
	at testcases.UI_Data_file_termdef.IntelliSense_40_Resource_Triggers_Ucx(UI_Data_file_termdef.java:3397)
	at sun.reflect.NativeMethodAccessorImpl.invoke0(Native Method)
	at sun.reflect.NativeMethodAccessorImpl.invoke(NativeMethodAccessorImpl.java:62)
	at sun.reflect.DelegatingMethodAccessorImpl.invoke(DelegatingMethodAccessorImpl.java:43)
	at java.lang.reflect.Method.invoke(Method.java:498)
	at org.testng.internal.MethodInvocationHelper.invokeMethod(MethodInvocationHelper.java:85)
	at org.testng.internal.Invoker.invokeMethod(Invoker.java:639)
	at org.testng.internal.Invoker.invokeTestMethod(Invoker.java:816)
	at org.testng.internal.Invoker.invokeTestMethods(Invoker.java:1124)
	at org.testng.internal.TestMethodWorker.invokeTestMethods(TestMethodWorker.java:125)
	at org.testng.internal.TestMethodWorker.run(TestMethodWorker.java:108)
	at java.util.concurrent.ThreadPoolExecutor.runWorker(ThreadPoolExecutor.java:1149)
	at java.util.concurrent.ThreadPoolExecutor$Worker.run(ThreadPoolExecutor.java:624)
	at java.lang.Thread.run(Thread.java:748)
]]>
    </failure>
  </testcase> <!-- IntelliSense_40_Resource_Triggers_Ucx -->
</testsuite> <!-- testcases.UI_Data_file_termdef -->
